[07:39:53] [main/DEBUG] [FML/]: Injecting tracing printstreams for STDOUT/STDERR.
[07:39:53] [main/INFO] [FML/]: Forge Mod Loader version 13.20.1.2386 for Minecraft 1.11.2 loading
[07:39:53] [main/INFO] [FML/]: Java is Java HotSpot(TM) 64-Bit Server VM, version 1.8.0_25, running on Windows 10:amd64:10.0, installed at C:\Program Files (x86)\Minecraft\runtime\jre-x64\1.8.0_25
[07:39:53] [main/DEBUG] [FML/]: Java classpath at launch is C:\Users\20378\AppData\Roaming\.minecraft\libraries\net\minecraftforge\forge\1.11.2-13.20.1.2386\forge-1.11.2-13.20.1.2386.jar;C:\Users\20378\AppData\Roaming\.minecraft\libraries\net\minecraft\launchwrapper\1.12\launchwrapper-1.12.jar;C:\Users\20378\AppData\Roaming\.minecraft\libraries\org\ow2\asm\asm-all\5.0.3\asm-all-5.0.3.jar;C:\Users\20378\AppData\Roaming\.minecraft\libraries\jline\jline\2.13\jline-2.13.jar;C:\Users\20378\AppData\Roaming\.minecraft\libraries\com\typesafe\akka\akka-actor_2.11\2.3.3\akka-actor_2.11-2.3.3.jar;C:\Users\20378\AppData\Roaming\.minecraft\libraries\com\typesafe\config\1.2.1\config-1.2.1.jar;C:\Users\20378\AppData\Roaming\.minecraft\libraries\org\scala-lang\scala-actors-migration_2.11\1.1.0\scala-actors-migration_2.11-1.1.0.jar;C:\Users\20378\AppData\Roaming\.minecraft\libraries\org\scala-lang\scala-compiler\2.11.1\scala-compiler-2.11.1.jar;C:\Users\20378\AppData\Roaming\.minecraft\libraries\org\scala-lang\plugins\scala-continuations-library_2.11\1.0.2\scala-continuations-library_2.11-1.0.2.jar;C:\Users\20378\AppData\Roaming\.minecraft\libraries\org\scala-lang\plugins\scala-continuations-plugin_2.11.1\1.0.2\scala-continuations-plugin_2.11.1-1.0.2.jar;C:\Users\20378\AppData\Roaming\.minecraft\libraries\org\scala-lang\scala-library\2.11.1\scala-library-2.11.1.jar;C:\Users\20378\AppData\Roaming\.minecraft\libraries\org\scala-lang\scala-parser-combinators_2.11\1.0.1\scala-parser-combinators_2.11-1.0.1.jar;C:\Users\20378\AppData\Roaming\.minecraft\libraries\org\scala-lang\scala-reflect\2.11.1\scala-reflect-2.11.1.jar;C:\Users\20378\AppData\Roaming\.minecraft\libraries\org\scala-lang\scala-swing_2.11\1.0.1\scala-swing_2.11-1.0.1.jar;C:\Users\20378\AppData\Roaming\.minecraft\libraries\org\scala-lang\scala-xml_2.11\1.0.2\scala-xml_2.11-1.0.2.jar;C:\Users\20378\AppData\Roaming\.minecraft\libraries\lzma\lzma\0.0.1\lzma-0.0.1.jar;C:\Users\20378\AppData\Roaming\.minecraft\libraries\net\sf\jopt-simple\jopt-simple\4.6\jopt-simple-4.6.jar;C:\Users\20378\AppData\Roaming\.minecraft\libraries\java3d\vecmath\1.5.2\vecmath-1.5.2.jar;C:\Users\20378\AppData\Roaming\.minecraft\libraries\net\sf\trove4j\trove4j\3.0.3\trove4j-3.0.3.jar;C:\Users\20378\AppData\Roaming\.minecraft\libraries\net\minecraftforge\MercuriusUpdater\1.11.2\MercuriusUpdater-1.11.2.jar;C:\Users\20378\AppData\Roaming\.minecraft\libraries\com\mojang\netty\1.6\netty-1.6.jar;C:\Users\20378\AppData\Roaming\.minecraft\libraries\oshi-project\oshi-core\1.1\oshi-core-1.1.jar;C:\Users\20378\AppData\Roaming\.minecraft\libraries\net\java\dev\jna\jna\3.4.0\jna-3.4.0.jar;C:\Users\20378\AppData\Roaming\.minecraft\libraries\net\java\dev\jna\platform\3.4.0\platform-3.4.0.jar;C:\Users\20378\AppData\Roaming\.minecraft\libraries\com\ibm\icu\icu4j-core-mojang\51.2\icu4j-core-mojang-51.2.jar;C:\Users\20378\AppData\Roaming\.minecraft\libraries\net\sf\jopt-simple\jopt-simple\4.6\jopt-simple-4.6.jar;C:\Users\20378\AppData\Roaming\.minecraft\libraries\com\paulscode\codecjorbis\20101023\codecjorbis-20101023.jar;C:\Users\20378\AppData\Roaming\.minecraft\libraries\com\paulscode\codecwav\20101023\codecwav-20101023.jar;C:\Users\20378\AppData\Roaming\.minecraft\libraries\com\paulscode\libraryjavasound\20101123\libraryjavasound-20101123.jar;C:\Users\20378\AppData\Roaming\.minecraft\libraries\com\paulscode\librarylwjglopenal\20100824\librarylwjglopenal-20100824.jar;C:\Users\20378\AppData\Roaming\.minecraft\libraries\com\paulscode\soundsystem\20120107\soundsystem-20120107.jar;C:\Users\20378\AppData\Roaming\.minecraft\libraries\io\netty\netty-all\4.0.23.Final\netty-all-4.0.23.Final.jar;C:\Users\20378\AppData\Roaming\.minecraft\libraries\com\google\guava\guava\17.0\guava-17.0.jar;C:\Users\20378\AppData\Roaming\.minecraft\libraries\org\apache\commons\commons-lang3\3.3.2\commons-lang3-3.3.2.jar;C:\Users\20378\AppData\Roaming\.minecraft\libraries\commons-io\commons-io\2.4\commons-io-2.4.jar;C:\Users\20378\AppData\Roaming\.minecraft\libraries\commons-codec\commons-codec\1.9\commons-codec-1.9.jar;C:\Users\20378\AppData\Roaming\.minecraft\libraries\net\java\jinput\jinput\2.0.5\jinput-2.0.5.jar;C:\Users\20378\AppData\Roaming\.minecraft\libraries\net\java\jutils\jutils\1.0.0\jutils-1.0.0.jar;C:\Users\20378\AppData\Roaming\.minecraft\libraries\com\google\code\gson\gson\2.2.4\gson-2.2.4.jar;C:\Users\20378\AppData\Roaming\.minecraft\libraries\com\mojang\authlib\1.5.24\authlib-1.5.24.jar;C:\Users\20378\AppData\Roaming\.minecraft\libraries\com\mojang\realms\1.10.16\realms-1.10.16.jar;C:\Users\20378\AppData\Roaming\.minecraft\libraries\org\apache\commons\commons-compress\1.8.1\commons-compress-1.8.1.jar;C:\Users\20378\AppData\Roaming\.minecraft\libraries\org\apache\httpcomponents\httpclient\4.3.3\httpclient-4.3.3.jar;C:\Users\20378\AppData\Roaming\.minecraft\libraries\commons-logging\commons-logging\1.1.3\commons-logging-1.1.3.jar;C:\Users\20378\AppData\Roaming\.minecraft\libraries\org\apache\httpcomponents\httpcore\4.3.2\httpcore-4.3.2.jar;C:\Users\20378\AppData\Roaming\.minecraft\libraries\it\unimi\dsi\fastutil\7.0.12_mojang\fastutil-7.0.12_mojang.jar;C:\Users\20378\AppData\Roaming\.minecraft\libraries\org\apache\logging\log4j\log4j-api\2.0-beta9\log4j-api-2.0-beta9.jar;C:\Users\20378\AppData\Roaming\.minecraft\libraries\org\apache\logging\log4j\log4j-core\2.0-beta9\log4j-core-2.0-beta9.jar;C:\Users\20378\AppData\Roaming\.minecraft\libraries\org\lwjgl\lwjgl\lwjgl\2.9.4-nightly-20150209\lwjgl-2.9.4-nightly-20150209.jar;C:\Users\20378\AppData\Roaming\.minecraft\libraries\org\lwjgl\lwjgl\lwjgl_util\2.9.4-nightly-20150209\lwjgl_util-2.9.4-nightly-20150209.jar;C:\Users\20378\AppData\Roaming\.minecraft\versions\1.11.2\1.11.2.jar
[07:39:53] [main/DEBUG] [FML/]: Java library path at launch is C:\Users\20378\AppData\Local\Temp\8d69-ce80-cb83-ebde
[07:39:53] [main/DEBUG] [FML/]: Enabling runtime deobfuscation
[07:39:53] [main/DEBUG] [FML/]: Instantiating coremod class FMLCorePlugin
[07:39:53] [main/DEBUG] [FML/]: Added access transformer class net.minecraftforge.fml.common.asm.transformers.AccessTransformer to enqueued access transformers
[07:39:54] [main/DEBUG] [FML/]: Enqueued coremod FMLCorePlugin
[07:39:54] [main/DEBUG] [FML/]: Instantiating coremod class FMLForgePlugin
[07:39:54] [main/DEBUG] [FML/]: Enqueued coremod FMLForgePlugin
[07:39:54] [main/DEBUG] [FML/]: All fundamental core mods are successfully located
[07:39:54] [main/DEBUG] [FML/]: Attempting to load commandline specified mods, relative to C:\Users\20378\AppData\Roaming\.minecraft
[07:39:54] [main/DEBUG] [FML/]: Discovering coremods
[07:39:54] [main/DEBUG] [FML/]: Examining for coremod candidacy cfm-4.1.2-mc1.11.2.jar
[07:39:54] [main/DEBUG] [FML/]: Not found coremod data in cfm-4.1.2-mc1.11.2.jar
[07:39:54] [main/DEBUG] [FML/]: Examining for coremod candidacy Modern-Warfare-1.11.2.jar
[07:39:54] [main/DEBUG] [FML/]: Not found coremod data in Modern-Warfare-1.11.2.jar
[07:39:54] [main/DEBUG] [FML/]: Examining for coremod candidacy Not-Enough-Items-1.11.2-Recommended.jar
[07:39:54] [main/TRACE] [FML/]: Found FMLCorePluginContainsFMLMod marker in Not-Enough-Items-1.11.2-Recommended.jar, it will be examined later for regular @Mod instances
[07:39:54] [main/DEBUG] [FML/]: Instantiating coremod class NEICorePlugin
[07:39:54] [main/WARN] [FML/]: The coremod codechicken.nei.asm.NEICorePlugin does not have a MCVersion annotation, it may cause issues with this version of Minecraft
[07:39:54] [main/INFO] [STDERR/]: [codechicken.nei.asm.NEICorePlugin:cclCheck:64]: java.lang.ClassNotFoundException: codechicken.lib.asm.ASMHelper
[07:39:54] [main/INFO] [STDERR/]: [codechicken.nei.asm.NEICorePlugin:cclCheck:64]: 	at net.minecraft.launchwrapper.LaunchClassLoader.findClass(LaunchClassLoader.java:191)
[07:39:54] [main/INFO] [STDERR/]: [codechicken.nei.asm.NEICorePlugin:cclCheck:64]: 	at java.lang.ClassLoader.loadClass(ClassLoader.java:424)
[07:39:54] [main/INFO] [STDERR/]: [codechicken.nei.asm.NEICorePlugin:cclCheck:64]: 	at java.lang.ClassLoader.loadClass(ClassLoader.java:357)
[07:39:54] [main/INFO] [STDERR/]: [codechicken.nei.asm.NEICorePlugin:cclCheck:64]: 	at java.lang.Class.forName0(Native Method)
[07:39:54] [main/INFO] [STDERR/]: [codechicken.nei.asm.NEICorePlugin:cclCheck:64]: 	at java.lang.Class.forName(Class.java:344)
[07:39:54] [main/INFO] [STDERR/]: [codechicken.nei.asm.NEICorePlugin:cclCheck:64]: 	at codechicken.nei.asm.NEICorePlugin.cclCheck(NEICorePlugin.java:61)
[07:39:54] [main/INFO] [STDERR/]: [codechicken.nei.asm.NEICorePlugin:cclCheck:64]: 	at codechicken.nei.asm.NEICorePlugin.<init>(NEICorePlugin.java:19)
[07:39:54] [main/INFO] [STDERR/]: [codechicken.nei.asm.NEICorePlugin:cclCheck:64]: 	at sun.reflect.NativeConstructorAccessorImpl.newInstance0(Native Method)
[07:39:54] [main/INFO] [STDERR/]: [codechicken.nei.asm.NEICorePlugin:cclCheck:64]: 	at sun.reflect.NativeConstructorAccessorImpl.newInstance(NativeConstructorAccessorImpl.java:62)
[07:39:54] [main/INFO] [STDERR/]: [codechicken.nei.asm.NEICorePlugin:cclCheck:64]: 	at sun.reflect.DelegatingConstructorAccessorImpl.newInstance(DelegatingConstructorAccessorImpl.java:45)
[07:39:54] [main/INFO] [STDERR/]: [codechicken.nei.asm.NEICorePlugin:cclCheck:64]: 	at java.lang.reflect.Constructor.newInstance(Constructor.java:408)
[07:39:54] [main/INFO] [STDERR/]: [codechicken.nei.asm.NEICorePlugin:cclCheck:64]: 	at java.lang.Class.newInstance(Class.java:438)
[07:39:54] [main/INFO] [STDERR/]: [codechicken.nei.asm.NEICorePlugin:cclCheck:64]: 	at net.minecraftforge.fml.relauncher.CoreModManager.loadCoreMod(CoreModManager.java:605)
[07:39:54] [main/INFO] [STDERR/]: [codechicken.nei.asm.NEICorePlugin:cclCheck:64]: 	at net.minecraftforge.fml.relauncher.CoreModManager.discoverCoreMods(CoreModManager.java:425)
[07:39:54] [main/INFO] [STDERR/]: [codechicken.nei.asm.NEICorePlugin:cclCheck:64]: 	at net.minecraftforge.fml.relauncher.CoreModManager.handleLaunch(CoreModManager.java:255)
[07:39:54] [main/INFO] [STDERR/]: [codechicken.nei.asm.NEICorePlugin:cclCheck:64]: 	at net.minecraftforge.fml.relauncher.FMLLaunchHandler.setupHome(FMLLaunchHandler.java:100)
[07:39:54] [main/INFO] [STDERR/]: [codechicken.nei.asm.NEICorePlugin:cclCheck:64]: 	at net.minecraftforge.fml.relauncher.FMLLaunchHandler.setupClient(FMLLaunchHandler.java:79)
[07:39:54] [main/INFO] [STDERR/]: [codechicken.nei.asm.NEICorePlugin:cclCheck:64]: 	at net.minecraftforge.fml.relauncher.FMLLaunchHandler.configureForClientLaunch(FMLLaunchHandler.java:42)
[07:39:54] [main/INFO] [STDERR/]: [codechicken.nei.asm.NEICorePlugin:cclCheck:64]: 	at net.minecraftforge.fml.common.launcher.FMLTweaker.injectIntoClassLoader(FMLTweaker.java:138)
[07:39:54] [main/INFO] [STDERR/]: [codechicken.nei.asm.NEICorePlugin:cclCheck:64]: 	at net.minecraft.launchwrapper.Launch.launch(Launch.java:115)
[07:39:54] [main/INFO] [STDERR/]: [codechicken.nei.asm.NEICorePlugin:cclCheck:64]: 	at net.minecraft.launchwrapper.Launch.main(Launch.java:28)
[07:39:54] [main/INFO] [STDERR/]: [java.lang.Throwable:printStackTrace:634]: Caused by: java.lang.NullPointerException
[07:39:54] [main/INFO] [STDERR/]: [java.lang.Throwable:printStackTrace:634]: 	at net.minecraft.launchwrapper.LaunchClassLoader.findClass(LaunchClassLoader.java:182)
[07:39:54] [main/INFO] [STDERR/]: [java.lang.Throwable:printStackTrace:634]: 	... 20 more
[07:39:54] [main/DEBUG] [FML/]: Enqueued coremod NEICorePlugin
[07:39:54] [main/INFO] [LaunchWrapper/]: Loading tweak class name net.minecraftforge.fml.common.launcher.FMLInjectionAndSortingTweaker
[07:39:54] [main/INFO] [LaunchWrapper/]: Loading tweak class name net.minecraftforge.fml.common.launcher.FMLDeobfTweaker
[07:39:54] [main/INFO] [LaunchWrapper/]: Calling tweak class net.minecraftforge.fml.common.launcher.FMLInjectionAndSortingTweaker
[07:39:54] [main/INFO] [LaunchWrapper/]: Calling tweak class net.minecraftforge.fml.common.launcher.FMLInjectionAndSortingTweaker
[07:39:54] [main/INFO] [LaunchWrapper/]: Calling tweak class net.minecraftforge.fml.relauncher.CoreModManager$FMLPluginWrapper
[07:39:54] [main/DEBUG] [FML/]: Injecting coremod FMLCorePlugin \{net.minecraftforge.fml.relauncher.FMLCorePlugin\} class transformers
[07:39:54] [main/TRACE] [FML/]: Registering transformer net.minecraftforge.fml.common.asm.transformers.BlamingTransformer
[07:39:54] [main/TRACE] [FML/]: Registering transformer net.minecraftforge.fml.common.asm.transformers.SideTransformer
[07:39:54] [main/TRACE] [FML/]: Registering transformer net.minecraftforge.fml.common.asm.transformers.EventSubscriptionTransformer
[07:39:54] [main/TRACE] [FML/]: Registering transformer net.minecraftforge.fml.common.asm.transformers.EventSubscriberTransformer
[07:39:54] [main/DEBUG] [FML/]: Injection complete
[07:39:54] [main/DEBUG] [FML/]: Running coremod plugin for FMLCorePlugin \{net.minecraftforge.fml.relauncher.FMLCorePlugin\}
[07:39:54] [main/DEBUG] [FML/]: Running coremod plugin FMLCorePlugin
[07:39:54] [main/DEBUG] [FML/]: Injecting tracing printstreams for STDOUT/STDERR.
[07:39:54] [main/DEBUG] [FML/]: Read 985 binary patches
[07:39:55] [main/DEBUG] [FML/]: Loading deobfuscation resource /deobfuscation_data-1.11.2.lzma with 33539 records
[07:39:55] [main/INFO] [FML/]: Found valid fingerprint for Minecraft Forge. Certificate fingerprint e3c3d50c7c986df74c645c0ac54639741c90a557
[07:39:55] [main/INFO] [FML/]: Found valid fingerprint for Minecraft. Certificate fingerprint cd99959656f753dc28d863b46769f7f8fbaefcfc
[07:39:55] [main/DEBUG] [FML/]: Coremod plugin class FMLCorePlugin run successfully
[07:39:55] [main/INFO] [LaunchWrapper/]: Calling tweak class net.minecraftforge.fml.relauncher.CoreModManager$FMLPluginWrapper
[07:39:55] [main/DEBUG] [FML/]: Injecting coremod FMLForgePlugin \{net.minecraftforge.classloading.FMLForgePlugin\} class transformers
[07:39:55] [main/DEBUG] [FML/]: Injection complete
[07:39:55] [main/DEBUG] [FML/]: Running coremod plugin for FMLForgePlugin \{net.minecraftforge.classloading.FMLForgePlugin\}
[07:39:55] [main/DEBUG] [FML/]: Running coremod plugin FMLForgePlugin
[07:39:55] [main/DEBUG] [FML/]: Coremod plugin class FMLForgePlugin run successfully
[07:39:55] [main/INFO] [LaunchWrapper/]: Calling tweak class net.minecraftforge.fml.relauncher.CoreModManager$FMLPluginWrapper
[07:39:55] [main/DEBUG] [FML/]: Injecting coremod NEICorePlugin \{codechicken.nei.asm.NEICorePlugin\} class transformers
[07:39:55] [main/FATAL] [NotEnoughItems/]: Missing CCL! not registering class transformer.
[07:39:55] [main/FATAL] [NotEnoughItems/]: Missing CCL! not registering class transformer.
[07:39:55] [main/DEBUG] [FML/]: Injection complete
[07:39:55] [main/DEBUG] [FML/]: Running coremod plugin for NEICorePlugin \{codechicken.nei.asm.NEICorePlugin\}
[07:39:55] [main/DEBUG] [FML/]: Running coremod plugin NEICorePlugin
[07:39:55] [main/INFO] [STDERR/]: [codechicken.nei.asm.NEICorePlugin:cclCheck:64]: java.lang.ClassNotFoundException: codechicken.lib.asm.ASMHelper
[07:39:55] [main/INFO] [STDERR/]: [codechicken.nei.asm.NEICorePlugin:cclCheck:64]: 	at net.minecraft.launchwrapper.LaunchClassLoader.findClass(LaunchClassLoader.java:101)
[07:39:55] [main/INFO] [STDERR/]: [codechicken.nei.asm.NEICorePlugin:cclCheck:64]: 	at java.lang.ClassLoader.loadClass(ClassLoader.java:424)
[07:39:55] [main/INFO] [STDERR/]: [codechicken.nei.asm.NEICorePlugin:cclCheck:64]: 	at java.lang.ClassLoader.loadClass(ClassLoader.java:357)
[07:39:55] [main/INFO] [STDERR/]: [codechicken.nei.asm.NEICorePlugin:cclCheck:64]: 	at java.lang.Class.forName0(Native Method)
[07:39:55] [main/INFO] [STDERR/]: [codechicken.nei.asm.NEICorePlugin:cclCheck:64]: 	at java.lang.Class.forName(Class.java:344)
[07:39:55] [main/INFO] [STDERR/]: [codechicken.nei.asm.NEICorePlugin:cclCheck:64]: 	at codechicken.nei.asm.NEICorePlugin.cclCheck(NEICorePlugin.java:61)
[07:39:55] [main/INFO] [STDERR/]: [codechicken.nei.asm.NEICorePlugin:cclCheck:64]: 	at codechicken.nei.asm.NEICorePlugin.<init>(NEICorePlugin.java:19)
[07:39:55] [main/INFO] [STDERR/]: [codechicken.nei.asm.NEICorePlugin:cclCheck:64]: 	at sun.reflect.NativeConstructorAccessorImpl.newInstance0(Native Method)
[07:39:55] [main/INFO] [STDERR/]: [codechicken.nei.asm.NEICorePlugin:cclCheck:64]: 	at sun.reflect.NativeConstructorAccessorImpl.newInstance(NativeConstructorAccessorImpl.java:62)
[07:39:55] [main/INFO] [STDERR/]: [codechicken.nei.asm.NEICorePlugin:cclCheck:64]: 	at sun.reflect.DelegatingConstructorAccessorImpl.newInstance(DelegatingConstructorAccessorImpl.java:45)
[07:39:55] [main/INFO] [STDERR/]: [codechicken.nei.asm.NEICorePlugin:cclCheck:64]: 	at java.lang.reflect.Constructor.newInstance(Constructor.java:408)
[07:39:55] [main/INFO] [STDERR/]: [codechicken.nei.asm.NEICorePlugin:cclCheck:64]: 	at java.lang.Class.newInstance(Class.java:438)
[07:39:55] [main/INFO] [STDERR/]: [codechicken.nei.asm.NEICorePlugin:cclCheck:64]: 	at net.minecraftforge.fml.relauncher.CoreModManager$FMLPluginWrapper.injectIntoClassLoader(CoreModManager.java:158)
[07:39:55] [main/INFO] [STDERR/]: [codechicken.nei.asm.NEICorePlugin:cclCheck:64]: 	at net.minecraft.launchwrapper.Launch.launch(Launch.java:115)
[07:39:55] [main/INFO] [STDERR/]: [codechicken.nei.asm.NEICorePlugin:cclCheck:64]: 	at net.minecraft.launchwrapper.Launch.main(Launch.java:28)
[07:39:55] [main/DEBUG] [FML/]: Coremod plugin class NEICorePlugin run successfully
[07:39:55] [main/INFO] [LaunchWrapper/]: Calling tweak class net.minecraftforge.fml.common.launcher.FMLDeobfTweaker
[07:39:55] [main/DEBUG] [FML/]: Loaded 203 rules from AccessTransformer config file forge_at.cfg
[07:39:55] [main/DEBUG] [FML/]: Loaded 27 rules from AccessTransformer mod jar file C:\Users\20378\AppData\Roaming\.minecraft\mods\Not-Enough-Items-1.11.2-Recommended.jar!META-INF/nei_at.cfg

[07:39:55] [main/DEBUG] [FML/]: Validating minecraft
[07:39:56] [main/DEBUG] [FML/]: Minecraft validated, launching...
[07:39:56] [main/INFO] [LaunchWrapper/]: Loading tweak class name net.minecraftforge.fml.common.launcher.TerminalTweaker
[07:39:56] [main/INFO] [LaunchWrapper/]: Calling tweak class net.minecraftforge.fml.common.launcher.TerminalTweaker
[07:39:56] [main/INFO] [LaunchWrapper/]: Launching wrapped minecraft {net.minecraft.client.main.Main}
[07:40:00] [Client thread/DEBUG] [FML/]: Creating vanilla freeze snapshot
[07:40:00] [Client thread/DEBUG] [FML/]: Vanilla freeze snapshot created
[07:40:01] [Client thread/DEBUG] [FML/]: Bar Finished: Loading Resource - LanguageManager took 0.002s
[07:40:01] [Client thread/INFO] [FML/]: Could not load splash.properties, will create a default one
[07:40:01] [Client thread/INFO] [FML/]: -- System Details --
Details:
	Minecraft Version: 1.11.2
	Operating System: Windows 10 (amd64) version 10.0
	Java Version: 1.8.0_25, Oracle Corporation
	Java VM Version: Java HotSpot(TM) 64-Bit Server VM (mixed mode), Oracle Corporation
	Memory: 477177608 bytes (455 MB) / 654311424 bytes (624 MB) up to 1073741824 bytes (1024 MB)
	JVM Flags: 8 total; -XX:HeapDumpPath=MojangTricksIntelDriversForPerformance_javaw.exe_minecraft.exe.heapdump -Xmx1G -XX:+UnlockExperimentalVMOptions -XX:+UseG1GC -XX:G1NewSizePercent=20 -XX:G1ReservePercent=20 -XX:MaxGCPauseMillis=50 -XX:G1HeapRegionSize=16M
	IntCache: cache: 0, tcache: 0, allocated: 0, tallocated: 0
	FML: 
	Loaded coremods (and transformers): 
NEICorePlugin (Not-Enough-Items-1.11.2-Recommended.jar)
  
	GL info: ' Vendor: 'Intel' Version: '4.3.0 - Build 20.19.15.4531' Renderer: 'Intel(R) HD Graphics 4600'
[07:40:01] [Client thread/INFO] [FML/]: MinecraftForge v13.20.1.2386 Initialized
[07:40:01] [Client thread/INFO] [FML/]: Replaced 232 ore recipes
[07:40:01] [Client thread/DEBUG] [FML/]: File C:\Users\20378\AppData\Roaming\.minecraft\config\injectedDependencies.json not found. No dependencies injected
[07:40:01] [Client thread/DEBUG] [FML/]: Building injected Mod Containers [net.minecraftforge.fml.common.FMLContainer, net.minecraftforge.common.ForgeModContainer]
[07:40:01] [Client thread/DEBUG] [FML/]: Attempting to load mods contained in the minecraft jar file and associated classes
[07:40:01] [Client thread/DEBUG] [FML/]: Found a minecraft related file at C:\Users\20378\AppData\Roaming\.minecraft\libraries\net\minecraftforge\forge\1.11.2-13.20.1.2386\forge-1.11.2-13.20.1.2386.jar, examining for mod candidates
[07:40:01] [Client thread/TRACE] [FML/]: Skipping known library file C:\Users\20378\AppData\Roaming\.minecraft\libraries\net\minecraft\launchwrapper\1.12\launchwrapper-1.12.jar
[07:40:01] [Client thread/TRACE] [FML/]: Skipping known library file C:\Users\20378\AppData\Roaming\.minecraft\libraries\org\ow2\asm\asm-all\5.0.3\asm-all-5.0.3.jar
[07:40:01] [Client thread/TRACE] [FML/]: Skipping known library file C:\Users\20378\AppData\Roaming\.minecraft\libraries\jline\jline\2.13\jline-2.13.jar
[07:40:01] [Client thread/TRACE] [FML/]: Skipping known library file C:\Users\20378\AppData\Roaming\.minecraft\libraries\com\typesafe\akka\akka-actor_2.11\2.3.3\akka-actor_2.11-2.3.3.jar
[07:40:01] [Client thread/TRACE] [FML/]: Skipping known library file C:\Users\20378\AppData\Roaming\.minecraft\libraries\com\typesafe\config\1.2.1\config-1.2.1.jar
[07:40:01] [Client thread/TRACE] [FML/]: Skipping known library file C:\Users\20378\AppData\Roaming\.minecraft\libraries\org\scala-lang\scala-actors-migration_2.11\1.1.0\scala-actors-migration_2.11-1.1.0.jar
[07:40:01] [Client thread/TRACE] [FML/]: Skipping known library file C:\Users\20378\AppData\Roaming\.minecraft\libraries\org\scala-lang\scala-compiler\2.11.1\scala-compiler-2.11.1.jar
[07:40:01] [Client thread/TRACE] [FML/]: Skipping known library file C:\Users\20378\AppData\Roaming\.minecraft\libraries\org\scala-lang\plugins\scala-continuations-library_2.11\1.0.2\scala-continuations-library_2.11-1.0.2.jar
[07:40:01] [Client thread/TRACE] [FML/]: Skipping known library file C:\Users\20378\AppData\Roaming\.minecraft\libraries\org\scala-lang\plugins\scala-continuations-plugin_2.11.1\1.0.2\scala-continuations-plugin_2.11.1-1.0.2.jar
[07:40:01] [Client thread/TRACE] [FML/]: Skipping known library file C:\Users\20378\AppData\Roaming\.minecraft\libraries\org\scala-lang\scala-library\2.11.1\scala-library-2.11.1.jar
[07:40:01] [Client thread/TRACE] [FML/]: Skipping known library file C:\Users\20378\AppData\Roaming\.minecraft\libraries\org\scala-lang\scala-parser-combinators_2.11\1.0.1\scala-parser-combinators_2.11-1.0.1.jar
[07:40:01] [Client thread/TRACE] [FML/]: Skipping known library file C:\Users\20378\AppData\Roaming\.minecraft\libraries\org\scala-lang\scala-reflect\2.11.1\scala-reflect-2.11.1.jar
[07:40:01] [Client thread/TRACE] [FML/]: Skipping known library file C:\Users\20378\AppData\Roaming\.minecraft\libraries\org\scala-lang\scala-swing_2.11\1.0.1\scala-swing_2.11-1.0.1.jar
[07:40:01] [Client thread/TRACE] [FML/]: Skipping known library file C:\Users\20378\AppData\Roaming\.minecraft\libraries\org\scala-lang\scala-xml_2.11\1.0.2\scala-xml_2.11-1.0.2.jar
[07:40:01] [Client thread/TRACE] [FML/]: Skipping known library file C:\Users\20378\AppData\Roaming\.minecraft\libraries\lzma\lzma\0.0.1\lzma-0.0.1.jar
[07:40:01] [Client thread/TRACE] [FML/]: Skipping known library file C:\Users\20378\AppData\Roaming\.minecraft\libraries\net\sf\jopt-simple\jopt-simple\4.6\jopt-simple-4.6.jar
[07:40:01] [Client thread/TRACE] [FML/]: Skipping known library file C:\Users\20378\AppData\Roaming\.minecraft\libraries\java3d\vecmath\1.5.2\vecmath-1.5.2.jar
[07:40:01] [Client thread/TRACE] [FML/]: Skipping known library file C:\Users\20378\AppData\Roaming\.minecraft\libraries\net\sf\trove4j\trove4j\3.0.3\trove4j-3.0.3.jar
[07:40:01] [Client thread/DEBUG] [FML/]: Found a minecraft related file at C:\Users\20378\AppData\Roaming\.minecraft\libraries\net\minecraftforge\MercuriusUpdater\1.11.2\MercuriusUpdater-1.11.2.jar, examining for mod candidates
[07:40:01] [Client thread/TRACE] [FML/]: Skipping known library file C:\Users\20378\AppData\Roaming\.minecraft\libraries\com\mojang\netty\1.6\netty-1.6.jar
[07:40:01] [Client thread/TRACE] [FML/]: Skipping known library file C:\Users\20378\AppData\Roaming\.minecraft\libraries\oshi-project\oshi-core\1.1\oshi-core-1.1.jar
[07:40:01] [Client thread/TRACE] [FML/]: Skipping known library file C:\Users\20378\AppData\Roaming\.minecraft\libraries\net\java\dev\jna\jna\3.4.0\jna-3.4.0.jar
[07:40:01] [Client thread/TRACE] [FML/]: Skipping known library file C:\Users\20378\AppData\Roaming\.minecraft\libraries\net\java\dev\jna\platform\3.4.0\platform-3.4.0.jar
[07:40:01] [Client thread/TRACE] [FML/]: Skipping known library file C:\Users\20378\AppData\Roaming\.minecraft\libraries\com\ibm\icu\icu4j-core-mojang\51.2\icu4j-core-mojang-51.2.jar
[07:40:01] [Client thread/TRACE] [FML/]: Skipping known library file C:\Users\20378\AppData\Roaming\.minecraft\libraries\net\sf\jopt-simple\jopt-simple\4.6\jopt-simple-4.6.jar
[07:40:01] [Client thread/TRACE] [FML/]: Skipping known library file C:\Users\20378\AppData\Roaming\.minecraft\libraries\com\paulscode\codecjorbis\20101023\codecjorbis-20101023.jar
[07:40:01] [Client thread/TRACE] [FML/]: Skipping known library file C:\Users\20378\AppData\Roaming\.minecraft\libraries\com\paulscode\codecwav\20101023\codecwav-20101023.jar
[07:40:01] [Client thread/TRACE] [FML/]: Skipping known library file C:\Users\20378\AppData\Roaming\.minecraft\libraries\com\paulscode\libraryjavasound\20101123\libraryjavasound-20101123.jar
[07:40:01] [Client thread/TRACE] [FML/]: Skipping known library file C:\Users\20378\AppData\Roaming\.minecraft\libraries\com\paulscode\librarylwjglopenal\20100824\librarylwjglopenal-20100824.jar
[07:40:01] [Client thread/TRACE] [FML/]: Skipping known library file C:\Users\20378\AppData\Roaming\.minecraft\libraries\com\paulscode\soundsystem\20120107\soundsystem-20120107.jar
[07:40:01] [Client thread/TRACE] [FML/]: Skipping known library file C:\Users\20378\AppData\Roaming\.minecraft\libraries\io\netty\netty-all\4.0.23.Final\netty-all-4.0.23.Final.jar
[07:40:01] [Client thread/TRACE] [FML/]: Skipping known library file C:\Users\20378\AppData\Roaming\.minecraft\libraries\com\google\guava\guava\17.0\guava-17.0.jar
[07:40:01] [Client thread/TRACE] [FML/]: Skipping known library file C:\Users\20378\AppData\Roaming\.minecraft\libraries\org\apache\commons\commons-lang3\3.3.2\commons-lang3-3.3.2.jar
[07:40:01] [Client thread/TRACE] [FML/]: Skipping known library file C:\Users\20378\AppData\Roaming\.minecraft\libraries\commons-io\commons-io\2.4\commons-io-2.4.jar
[07:40:01] [Client thread/TRACE] [FML/]: Skipping known library file C:\Users\20378\AppData\Roaming\.minecraft\libraries\commons-codec\commons-codec\1.9\commons-codec-1.9.jar
[07:40:01] [Client thread/TRACE] [FML/]: Skipping known library file C:\Users\20378\AppData\Roaming\.minecraft\libraries\net\java\jinput\jinput\2.0.5\jinput-2.0.5.jar
[07:40:01] [Client thread/TRACE] [FML/]: Skipping known library file C:\Users\20378\AppData\Roaming\.minecraft\libraries\net\java\jutils\jutils\1.0.0\jutils-1.0.0.jar
[07:40:01] [Client thread/TRACE] [FML/]: Skipping known library file C:\Users\20378\AppData\Roaming\.minecraft\libraries\com\google\code\gson\gson\2.2.4\gson-2.2.4.jar
[07:40:01] [Client thread/TRACE] [FML/]: Skipping known library file C:\Users\20378\AppData\Roaming\.minecraft\libraries\com\mojang\authlib\1.5.24\authlib-1.5.24.jar
[07:40:01] [Client thread/TRACE] [FML/]: Skipping known library file C:\Users\20378\AppData\Roaming\.minecraft\libraries\com\mojang\realms\1.10.16\realms-1.10.16.jar
[07:40:01] [Client thread/TRACE] [FML/]: Skipping known library file C:\Users\20378\AppData\Roaming\.minecraft\libraries\org\apache\commons\commons-compress\1.8.1\commons-compress-1.8.1.jar
[07:40:01] [Client thread/TRACE] [FML/]: Skipping known library file C:\Users\20378\AppData\Roaming\.minecraft\libraries\org\apache\httpcomponents\httpclient\4.3.3\httpclient-4.3.3.jar
[07:40:01] [Client thread/TRACE] [FML/]: Skipping known library file C:\Users\20378\AppData\Roaming\.minecraft\libraries\commons-logging\commons-logging\1.1.3\commons-logging-1.1.3.jar
[07:40:01] [Client thread/TRACE] [FML/]: Skipping known library file C:\Users\20378\AppData\Roaming\.minecraft\libraries\org\apache\httpcomponents\httpcore\4.3.2\httpcore-4.3.2.jar
[07:40:01] [Client thread/TRACE] [FML/]: Skipping known library file C:\Users\20378\AppData\Roaming\.minecraft\libraries\it\unimi\dsi\fastutil\7.0.12_mojang\fastutil-7.0.12_mojang.jar
[07:40:01] [Client thread/TRACE] [FML/]: Skipping known library file C:\Users\20378\AppData\Roaming\.minecraft\libraries\org\apache\logging\log4j\log4j-api\2.0-beta9\log4j-api-2.0-beta9.jar
[07:40:01] [Client thread/TRACE] [FML/]: Skipping known library file C:\Users\20378\AppData\Roaming\.minecraft\libraries\org\apache\logging\log4j\log4j-core\2.0-beta9\log4j-core-2.0-beta9.jar
[07:40:01] [Client thread/TRACE] [FML/]: Skipping known library file C:\Users\20378\AppData\Roaming\.minecraft\libraries\org\lwjgl\lwjgl\lwjgl\2.9.4-nightly-20150209\lwjgl-2.9.4-nightly-20150209.jar
[07:40:01] [Client thread/TRACE] [FML/]: Skipping known library file C:\Users\20378\AppData\Roaming\.minecraft\libraries\org\lwjgl\lwjgl\lwjgl_util\2.9.4-nightly-20150209\lwjgl_util-2.9.4-nightly-20150209.jar
[07:40:01] [Client thread/DEBUG] [FML/]: Found a minecraft related file at C:\Users\20378\AppData\Roaming\.minecraft\versions\1.11.2\1.11.2.jar, examining for mod candidates
[07:40:01] [Client thread/TRACE] [FML/]: Skipping known library file C:\Users\20378\AppData\Roaming\.minecraft\mods\Not-Enough-Items-1.11.2-Recommended.jar
[07:40:01] [Client thread/DEBUG] [FML/]: Minecraft jar mods loaded successfully
[07:40:01] [Client thread/INFO] [FML/]: Found 0 mods from the command line. Injecting into mod discoverer
[07:40:01] [Client thread/INFO] [FML/]: Searching C:\Users\20378\AppData\Roaming\.minecraft\mods for mods
[07:40:01] [Client thread/DEBUG] [FML/]: Found a candidate zip or jar file cfm-4.1.2-mc1.11.2.jar
[07:40:01] [Client thread/DEBUG] [FML/]: Found a candidate zip or jar file Modern-Warfare-1.11.2.jar
[07:40:01] [Client thread/DEBUG] [FML/]: Found a candidate zip or jar file Not-Enough-Items-1.11.2-Recommended.jar
[07:40:01] [Client thread/DEBUG] [FML/]: Examining file forge-1.11.2-13.20.1.2386.jar for potential mods
[07:40:01] [Client thread/DEBUG] [FML/]: The mod container forge-1.11.2-13.20.1.2386.jar appears to be missing an mcmod.info file
[07:40:02] [Client thread/DEBUG] [FML/]: Examining file MercuriusUpdater-1.11.2.jar for potential mods
[07:40:02] [Client thread/TRACE] [FML/]: Located mcmod.info file in file MercuriusUpdater-1.11.2.jar
[07:40:02] [Client thread/DEBUG] [FML/]: Identified a mod of type Lnet/minecraftforge/fml/common/Mod; (net.minecraftforge.mercurius.updater.MercuriusUpdaterMod) - loading
[07:40:02] [Client thread/TRACE] [mercurius_updater/]: Parsed dependency info : [] [] []
[07:40:02] [Client thread/INFO] [mercurius_updater/]: Mod mercurius_updater is missing the required element 'name'. Substituting mercurius_updater
[07:40:02] [Client thread/DEBUG] [FML/]: Examining file 1.11.2.jar for potential mods
[07:40:02] [Client thread/DEBUG] [FML/]: The mod container 1.11.2.jar appears to be missing an mcmod.info file
[07:40:02] [Client thread/DEBUG] [FML/]: Examining file cfm-4.1.2-mc1.11.2.jar for potential mods
[07:40:02] [Client thread/TRACE] [FML/]: Located mcmod.info file in file cfm-4.1.2-mc1.11.2.jar
[07:40:02] [Client thread/DEBUG] [FML/]: Identified a mod of type Lnet/minecraftforge/fml/common/Mod; (com.mrcrayfish.furniture.MrCrayfishFurnitureMod) - loading
[07:40:02] [Client thread/TRACE] [cfm/]: Parsed dependency info : [] [] []
[07:40:03] [Client thread/DEBUG] [FML/]: Examining file Modern-Warfare-1.11.2.jar for potential mods
[07:40:03] [Client thread/TRACE] [FML/]: Located mcmod.info file in file Modern-Warfare-1.11.2.jar
[07:40:03] [Client thread/DEBUG] [FML/]: Identified a mod of type Lnet/minecraftforge/fml/common/Mod; (com.vicmatskiv.mw.ModernWarfareMod) - loading
[07:40:03] [Client thread/TRACE] [mw/]: Parsed dependency info : [] [] []
[07:40:03] [Client thread/DEBUG] [FML/]: Examining file Not-Enough-Items-1.11.2-Recommended.jar for potential mods
[07:40:03] [Client thread/TRACE] [FML/]: Located mcmod.info file in file Not-Enough-Items-1.11.2-Recommended.jar
[07:40:03] [Client thread/DEBUG] [FML/]: Identified a mod of type Lnet/minecraftforge/fml/common/Mod; (codechicken.nei.NotEnoughItems) - loading
[07:40:03] [Client thread/TRACE] [nei/]: Parsed dependency info : [codechickenlib@[2.6.0,), jei@[4.3.1.,)] [codechickenlib@[2.6.0,), jei@[4.3.1.,)] []
[07:40:03] [Client thread/INFO] [FML/]: Forge Mod Loader has identified 8 mods to load
[07:40:03] [Client thread/TRACE] [FML/]: Received a system property request ''
[07:40:03] [Client thread/TRACE] [FML/]: System property request managing the state of 0 mods
[07:40:03] [Client thread/DEBUG] [FML/]: After merging, found state information for 0 mods
[07:40:03] [Client thread/DEBUG] [Forge Mod Loader/]: Mod Forge Mod Loader is missing a pack.mcmeta file, substituting a dummy one
[07:40:03] [Client thread/DEBUG] [Minecraft Forge/]: Mod Minecraft Forge is missing a pack.mcmeta file, substituting a dummy one
[07:40:03] [Client thread/DEBUG] [mercurius_updater/]: Enabling mod mercurius_updater
[07:40:03] [Client thread/DEBUG] [mercurius_updater/]: Mod mercurius_updater is missing a pack.mcmeta file, substituting a dummy one
[07:40:03] [Client thread/DEBUG] [cfm/]: Enabling mod cfm
[07:40:03] [Client thread/DEBUG] [MrCrayfish's Furniture Mod/]: Mod MrCrayfish's Furniture Mod is missing a pack.mcmeta file, substituting a dummy one
[07:40:03] [Client thread/DEBUG] [mw/]: Enabling mod mw
[07:40:03] [Client thread/DEBUG] [Modern Warfare/]: Mod Modern Warfare is missing a pack.mcmeta file, substituting a dummy one
[07:40:03] [Client thread/DEBUG] [nei/]: Enabling mod nei
[07:40:03] [Client thread/DEBUG] [Not Enough Items/]: Mod Not Enough Items is missing a pack.mcmeta file, substituting a dummy one
[07:40:03] [Client thread/TRACE] [FML/]: Verifying mod requirements are satisfied
[07:40:03] [Client thread/FATAL] [FML/]: The mod nei (Not Enough Items) requires mods [codechickenlib, jei] to be available
[07:40:03] [Client thread/FATAL] [FML/]: Mod nei (Not Enough Items) requires [codechickenlib@[2.6.0,), jei@[4.3.1.,)]
[07:40:03] [Client thread/DEBUG] [FML/]: Mod sorting data
[07:40:03] [Client thread/DEBUG] [FML/]: 	mercurius_updater(mercurius_updater:1.0): MercuriusUpdater-1.11.2.jar ()
[07:40:03] [Client thread/DEBUG] [FML/]: 	cfm(MrCrayfish's Furniture Mod:4.1.2): cfm-4.1.2-mc1.11.2.jar ()
[07:40:03] [Client thread/DEBUG] [FML/]: 	mw(Modern Warfare:1.10.3): Modern-Warfare-1.11.2.jar ()
[07:40:03] [Client thread/DEBUG] [FML/]: 	nei(Not Enough Items:${mod_version}): Not-Enough-Items-1.11.2-Recommended.jar (required-after:codechickenlib@[2.6.0,);required-after:jei@[4.3.1.,))
[07:40:03] [Client thread/DEBUG] [FML/]: Bar Step: Loading Resources - Default took 0.014s
[07:40:03] [Client thread/DEBUG] [FML/]: Bar Step: Loading Resources - FMLFileResourcePack:Forge Mod Loader took 0.004s
[07:40:03] [Client thread/DEBUG] [FML/]: Bar Step: Loading Resources - FMLFileResourcePack:Minecraft Forge took 0.003s
[07:40:03] [Client thread/DEBUG] [FML/]: Bar Step: Loading Resources - FMLFileResourcePack:mercurius_updater took 0.000s
[07:40:03] [Client thread/DEBUG] [FML/]: Bar Step: Loading Resources - FMLFileResourcePack:MrCrayfish's Furniture Mod took 0.004s
[07:40:03] [Client thread/DEBUG] [FML/]: Bar Step: Loading Resources - FMLFileResourcePack:Modern Warfare took 0.003s
[07:40:03] [Client thread/DEBUG] [FML/]: Bar Step: Loading Resources - FMLFileResourcePack:Not Enough Items took 0.001s
[07:40:03] [Client thread/DEBUG] [FML/]: Bar Finished: Reloading - LanguageManager took 0.034s
[07:40:03] [Client thread/DEBUG] [FML/]: Bar Step: Loading Resources - Reloading listeners took 0.035s
[07:40:03] [Client thread/DEBUG] [FML/]: Bar Finished: Loading Resources took 0.064s
[07:40:03] [Client thread/DEBUG] [Forge Mod Loader/]: Mod Forge Mod Loader is missing a pack.mcmeta file, substituting a dummy one
[07:40:03] [Client thread/DEBUG] [Minecraft Forge/]: Mod Minecraft Forge is missing a pack.mcmeta file, substituting a dummy one
[07:40:03] [Client thread/DEBUG] [mercurius_updater/]: Mod mercurius_updater is missing a pack.mcmeta file, substituting a dummy one
[07:40:03] [Client thread/DEBUG] [MrCrayfish's Furniture Mod/]: Mod MrCrayfish's Furniture Mod is missing a pack.mcmeta file, substituting a dummy one
[07:40:03] [Client thread/DEBUG] [Modern Warfare/]: Mod Modern Warfare is missing a pack.mcmeta file, substituting a dummy one
[07:40:03] [Client thread/DEBUG] [Not Enough Items/]: Mod Not Enough Items is missing a pack.mcmeta file, substituting a dummy one
[07:40:03] [Client thread/WARN] [FML/]: There were errors previously. Not beginning mod initialization phase
[07:40:03] [Client thread/DEBUG] [FML/]: Bar Finished: Loading Resource - TextureManager took 0.000s
[07:40:03] [Thread-5/INFO] [FML/]: Using sync timing. 200 frames of Display.update took 91303433 nanos
[07:40:04] [Client thread/DEBUG] [FML/]: Bar Finished: Loading Resource - SoundHandler took 0.956s
[07:40:04] [Client thread/DEBUG] [FML/]: Bar Finished: Loading Resource - FontRenderer took 0.009s
[07:40:04] [Client thread/DEBUG] [FML/]: Bar Finished: Loading Resource - FontRenderer took 0.007s
[07:40:04] [Client thread/DEBUG] [FML/]: Bar Finished: Loading Resource - GrassColorReloadListener took 0.016s
[07:40:04] [Client thread/DEBUG] [FML/]: Bar Finished: Loading Resource - FoliageColorReloadListener took 0.011s
[07:40:04] [Client thread/DEBUG] [FML/]: Bar Step: Rendering Setup - GL Setup took 0.001s
[07:40:04] [Client thread/DEBUG] [FML/]: Bar Step: Rendering Setup - Loading Texture Map took 0.008s
[07:40:04] [Client thread/DEBUG] [FML/]: Bar Finished: Loading Resource - B3DLoader took 0.000s
[07:40:04] [Client thread/DEBUG] [FML/]: Bar Finished: Loading Resource - OBJLoader took 0.000s
[07:40:04] [Client thread/DEBUG] [FML/]: Bar Finished: Loading Resource - ModelFluid$FluidLoader took 0.000s
[07:40:04] [Client thread/DEBUG] [FML/]: Bar Finished: Loading Resource - ItemLayerModel$Loader took 0.000s
[07:40:04] [Client thread/DEBUG] [FML/]: Bar Finished: Loading Resource - MultiLayerModel$Loader took 0.000s
[07:40:04] [Client thread/DEBUG] [FML/]: Bar Finished: Loading Resource - ModelDynBucket$LoaderDynBucket took 0.000s
[07:40:04] [Client thread/DEBUG] [FML/]: Bar Finished: Loading Resource - ModelManager took 0.262s
[07:40:04] [Client thread/DEBUG] [FML/]: Bar Step: Rendering Setup - Loading Model Manager took 0.349s
[07:40:05] [Client thread/DEBUG] [FML/]: Bar Finished: Loading Resource - RenderItem took 0.003s
[07:40:05] [Client thread/DEBUG] [FML/]: Bar Step: Rendering Setup - Loading Item Renderer took 0.245s
[07:40:05] [Client thread/DEBUG] [FML/]: Bar Finished: Loading Resource - EntityRenderer took 0.000s
[07:40:05] [Client thread/DEBUG] [FML/]: Bar Finished: Loading Resource - BlockRendererDispatcher took 0.000s
[07:40:05] [Client thread/DEBUG] [FML/]: Bar Finished: Loading Resource - RenderGlobal took 0.001s
[07:40:05] [Client thread/DEBUG] [FML/]: Bar Step: Rendering Setup - Loading Entity Renderer took 0.242s
[07:40:05] [Client thread/DEBUG] [FML/]: Bar Finished: Rendering Setup took 0.846s
