[11:21:04] [Server thread/INFO]: Starting minecraft server version 1.8.8
[11:21:04] [Server thread/INFO]: Loading properties
[11:21:04] [Server thread/INFO]: Default game type: SURVIVAL
[11:21:04] [Server thread/INFO]: This server is running CraftBukkit version git-Spigot-db6de12-18fbb24 (MC: 1.8.8) (Implementing API version 1.8.8-R0.1-SNAPSHOT)
[11:21:05] [Server thread/INFO]: Debug logging is disabled
[11:21:05] [Server thread/INFO]: Using 4 threads for Netty based IO
[11:21:05] [Server thread/INFO]: Server Ping Player Sample Count: 12
[11:21:05] [Server thread/INFO]: Generating keypair
[11:21:05] [Server thread/INFO]: Starting Minecraft server on *:42069
[11:21:05] [Server thread/INFO]: Using default channel type
[11:21:06] [Server thread/INFO]: Set PluginClassLoader as parallel capable
[11:21:06] [Server thread/ERROR]: ebean.properties not found
[11:21:06] [Server thread/INFO]: DataSourcePool [LoginSecurity] autoCommit[false] transIsolation[SERIALIZABLE] min[2] max[20]
[11:21:07] [Server thread/INFO]: SubClassFactory parent ClassLoader [org.bukkit.plugin.java.PluginClassLoader]
[11:21:07] [Server thread/INFO]: Explicit Identity on com.lenis0012.bukkit.loginsecurity.storage.PlayerProfile but not supported by DB Platform - ignored
[11:21:07] [Server thread/INFO]: Explicit Identity on com.lenis0012.bukkit.loginsecurity.storage.PlayerInventory but not supported by DB Platform - ignored
[11:21:07] [Server thread/INFO]: Explicit Identity on com.lenis0012.bukkit.loginsecurity.storage.ActionEntry but not supported by DB Platform - ignored
[11:21:07] [Server thread/INFO]: Explicit Identity on com.lenis0012.bukkit.loginsecurity.storage.Migration but not supported by DB Platform - ignored
[11:21:07] [Server thread/INFO]: Explicit Identity on com.lenis0012.bukkit.loginsecurity.storage.PlayerLocation but not supported by DB Platform - ignored
[11:21:07] [Server thread/INFO]: Entities enhanced[0] subclassed[5]
[11:21:08] [Server thread/INFO]: [WorldEdit] Loading WorldEdit v6.1;no_git_id
[11:21:08] [Server thread/INFO]: [LoginSecurity] Loading LoginSecurity v2.1.7
[11:21:08] [Server thread/INFO]: [ClearLag] Loading ClearLag v2.9.7
[11:21:08] [Server thread/INFO]: [PermissionsEx] Loading PermissionsEx v1.23.4
[11:21:08] [Server thread/WARN]: [PermissionsEx] This server is in offline mode. Unless this server is configured to integrate with a supported proxy (see http://dft.ba/-8ous), UUIDs *may not be stable*!
[11:21:08] [Server thread/INFO]: [mcMMO] Loading mcMMO v1.5.04-SNAPSHOT-b${BUILD_NUMBER}
[11:21:08] [Server thread/INFO]: [ViaVersion] Loading ViaVersion v1.3.0
[11:21:08] [Server thread/INFO]: [ViaVersion] ViaVersion 1.3.0 is now loaded, injecting!
[11:21:08] [Server thread/INFO]: [Vault] Loading Vault v1.5.6-b49
[11:21:08] [Server thread/INFO]: [EasyBackup] Loading EasyBackup v1.1.4
[11:21:08] [Server thread/INFO]: [WorldGuard] Loading WorldGuard v6.1
[11:21:08] [Server thread/INFO]: [LockettePro] Loading LockettePro v2.9.0
[11:21:08] [Server thread/INFO]: [Essentials] Loading Essentials v2.0.1-b496
[11:21:08] [Server thread/INFO]: [EssentialsProtect] Loading EssentialsProtect v2.0.1-b496
[11:21:08] [Server thread/INFO]: [EssentialsChat] Loading EssentialsChat v2.0.1-b496
[11:21:08] [Server thread/INFO]: [EssentialsGeoIP] Loading EssentialsGeoIP v2.0.1-b496
[11:21:08] [Server thread/INFO]: [SuperVanish] Loading SuperVanish v5.4.1
[11:21:08] [Server thread/INFO]: [EssentialsSpawn] Loading EssentialsSpawn v2.0.1-b496
[11:21:08] [Server thread/INFO]: [EssentialsXMPP] Loading EssentialsXMPP v2.0.1-b496
[11:21:08] [Server thread/INFO]: [mcMMO] Enabling mcMMO v1.5.04-SNAPSHOT-b${BUILD_NUMBER}
[11:21:10] [Server thread/INFO]: [Vault] Enabling Vault v1.5.6-b49
[11:21:10] [Server thread/INFO]: [Vault] [Economy] Essentials Economy found: Waiting
[11:21:10] [Server thread/INFO]: [Vault] [Permission] PermissionsEx found: Waiting
[11:21:10] [Server thread/INFO]: [Vault] [Permission] SuperPermissions loaded as backup permission system.
[11:21:10] [Server thread/INFO]: [Vault] [Chat] PermissionsEx found: Waiting
[11:21:10] [Server thread/INFO]: [Vault] Enabled Version 1.5.6-b49
[11:21:10] [Server thread/WARN]: **** SERVER IS RUNNING IN OFFLINE/INSECURE MODE!
[11:21:10] [Server thread/WARN]: The server will make no attempt to authenticate usernames. Beware.
[11:21:10] [Server thread/WARN]: While this makes the game possible to play without internet access, it also opens up the ability for hackers to connect with any username they choose.
[11:21:10] [Server thread/WARN]: To change this, set "online-mode" to "true" in the server.properties file.
[11:21:10] [Server thread/INFO]: **** Beginning UUID conversion, this may take A LONG time ****
[11:21:10] [Server thread/INFO]: Preparing level "world"
[11:21:10] [Server thread/INFO]: -------- World Settings For [world] --------
[11:21:10] [Server thread/INFO]: Item Despawn Rate: 6000
[11:21:10] [Server thread/INFO]: Item Merge Radius: 2.5
[11:21:10] [Server thread/INFO]: Arrow Despawn Rate: 1200
[11:21:10] [Server thread/INFO]: Allow Zombie Pigmen to spawn from portal blocks: true
[11:21:10] [Server thread/INFO]: View Distance: 10
[11:21:10] [Server thread/INFO]: Zombie Aggressive Towards Villager: true
[11:21:10] [Server thread/INFO]: Experience Merge Radius: 3.0
[11:21:10] [Server thread/INFO]: Chunks to Grow per Tick: 650
[11:21:10] [Server thread/INFO]: Clear tick list: false
[11:21:10] [Server thread/INFO]: Anti X-Ray: true
[11:21:10] [Server thread/INFO]: 	Engine Mode: 1
[11:21:10] [Server thread/INFO]: 	Hidden Blocks: [14, 15, 16, 21, 48, 49, 54, 56, 73, 74, 82, 129, 130]
[11:21:10] [Server thread/INFO]: 	Replace Blocks: [1, 5]
[11:21:10] [Server thread/INFO]: Hopper Transfer: 8 Hopper Check: 8 Hopper Amount: 1
[11:21:10] [Server thread/INFO]: Mob Spawn Range: 4
[11:21:10] [Server thread/INFO]: Entity Activation Range: An 32 / Mo 32 / Mi 16
[11:21:10] [Server thread/INFO]: Random Lighting Updates: false
[11:21:10] [Server thread/INFO]: Nerfing mobs spawned from spawners: false
[11:21:10] [Server thread/INFO]: Sending up to 10 chunks per packet
[11:21:10] [Server thread/INFO]: Structure Info Saving: true
[11:21:10] [Server thread/INFO]: Cactus Growth Modifier: 100%
[11:21:10] [Server thread/INFO]: Cane Growth Modifier: 100%
[11:21:10] [Server thread/INFO]: Melon Growth Modifier: 100%
[11:21:10] [Server thread/INFO]: Mushroom Growth Modifier: 100%
[11:21:10] [Server thread/INFO]: Pumpkin Growth Modifier: 100%
[11:21:10] [Server thread/INFO]: Sapling Growth Modifier: 100%
[11:21:10] [Server thread/INFO]: Wheat Growth Modifier: 100%
[11:21:10] [Server thread/INFO]: NetherWart Growth Modifier: 100%
[11:21:10] [Server thread/INFO]: Entity Tracking Range: Pl 48 / An 48 / Mo 48 / Mi 32 / Other 64
[11:21:10] [Server thread/INFO]: Max TNT Explosions: 100
[11:21:10] [Server thread/INFO]: Tile Max Tick Time: 50ms Entity max Tick Time: 50ms
[11:21:10] [Server thread/INFO]: Max Entity Collisions: 8
[11:21:10] [Server thread/INFO]: Custom Map Seeds:  Village: 10387312 Feature: 14357617
[11:21:11] [Server thread/INFO]: -------- World Settings For [world_nether] --------
[11:21:11] [Server thread/INFO]: Item Despawn Rate: 6000
[11:21:11] [Server thread/INFO]: Item Merge Radius: 2.5
[11:21:11] [Server thread/INFO]: Arrow Despawn Rate: 1200
[11:21:11] [Server thread/INFO]: Allow Zombie Pigmen to spawn from portal blocks: true
[11:21:11] [Server thread/INFO]: View Distance: 10
[11:21:11] [Server thread/INFO]: Zombie Aggressive Towards Villager: true
[11:21:11] [Server thread/INFO]: Experience Merge Radius: 3.0
[11:21:11] [Server thread/INFO]: Chunks to Grow per Tick: 650
[11:21:11] [Server thread/INFO]: Clear tick list: false
[11:21:11] [Server thread/INFO]: Anti X-Ray: true
[11:21:11] [Server thread/INFO]: 	Engine Mode: 1
[11:21:11] [Server thread/INFO]: 	Hidden Blocks: [14, 15, 16, 21, 48, 49, 54, 56, 73, 74, 82, 129, 130]
[11:21:11] [Server thread/INFO]: 	Replace Blocks: [1, 5]
[11:21:11] [Server thread/INFO]: Hopper Transfer: 8 Hopper Check: 8 Hopper Amount: 1
[11:21:11] [Server thread/INFO]: Mob Spawn Range: 4
[11:21:11] [Server thread/INFO]: Entity Activation Range: An 32 / Mo 32 / Mi 16
[11:21:11] [Server thread/INFO]: Random Lighting Updates: false
[11:21:11] [Server thread/INFO]: Nerfing mobs spawned from spawners: false
[11:21:11] [Server thread/INFO]: Sending up to 10 chunks per packet
[11:21:11] [Server thread/INFO]: Structure Info Saving: true
[11:21:11] [Server thread/INFO]: Cactus Growth Modifier: 100%
[11:21:11] [Server thread/INFO]: Cane Growth Modifier: 100%
[11:21:11] [Server thread/INFO]: Melon Growth Modifier: 100%
[11:21:11] [Server thread/INFO]: Mushroom Growth Modifier: 100%
[11:21:11] [Server thread/INFO]: Pumpkin Growth Modifier: 100%
[11:21:11] [Server thread/INFO]: Sapling Growth Modifier: 100%
[11:21:11] [Server thread/INFO]: Wheat Growth Modifier: 100%
[11:21:11] [Server thread/INFO]: NetherWart Growth Modifier: 100%
[11:21:11] [Server thread/INFO]: Entity Tracking Range: Pl 48 / An 48 / Mo 48 / Mi 32 / Other 64
[11:21:11] [Server thread/INFO]: Max TNT Explosions: 100
[11:21:11] [Server thread/INFO]: Tile Max Tick Time: 50ms Entity max Tick Time: 50ms
[11:21:11] [Server thread/INFO]: Max Entity Collisions: 8
[11:21:11] [Server thread/INFO]: Custom Map Seeds:  Village: 10387312 Feature: 14357617
[11:21:11] [Server thread/INFO]: -------- World Settings For [world_the_end] --------
[11:21:11] [Server thread/INFO]: Item Despawn Rate: 6000
[11:21:11] [Server thread/INFO]: Item Merge Radius: 2.5
[11:21:11] [Server thread/INFO]: Arrow Despawn Rate: 1200
[11:21:11] [Server thread/INFO]: Allow Zombie Pigmen to spawn from portal blocks: true
[11:21:11] [Server thread/INFO]: View Distance: 10
[11:21:11] [Server thread/INFO]: Zombie Aggressive Towards Villager: true
[11:21:11] [Server thread/INFO]: Experience Merge Radius: 3.0
[11:21:11] [Server thread/INFO]: Chunks to Grow per Tick: 650
[11:21:11] [Server thread/INFO]: Clear tick list: false
[11:21:11] [Server thread/INFO]: Anti X-Ray: true
[11:21:11] [Server thread/INFO]: 	Engine Mode: 1
[11:21:11] [Server thread/INFO]: 	Hidden Blocks: [14, 15, 16, 21, 48, 49, 54, 56, 73, 74, 82, 129, 130]
[11:21:11] [Server thread/INFO]: 	Replace Blocks: [1, 5]
[11:21:11] [Server thread/INFO]: Hopper Transfer: 8 Hopper Check: 8 Hopper Amount: 1
[11:21:11] [Server thread/INFO]: Mob Spawn Range: 4
[11:21:11] [Server thread/INFO]: Entity Activation Range: An 32 / Mo 32 / Mi 16
[11:21:11] [Server thread/INFO]: Random Lighting Updates: false
[11:21:11] [Server thread/INFO]: Nerfing mobs spawned from spawners: false
[11:21:11] [Server thread/INFO]: Sending up to 10 chunks per packet
[11:21:11] [Server thread/INFO]: Structure Info Saving: true
[11:21:11] [Server thread/INFO]: Cactus Growth Modifier: 100%
[11:21:11] [Server thread/INFO]: Cane Growth Modifier: 100%
[11:21:11] [Server thread/INFO]: Melon Growth Modifier: 100%
[11:21:11] [Server thread/INFO]: Mushroom Growth Modifier: 100%
[11:21:11] [Server thread/INFO]: Pumpkin Growth Modifier: 100%
[11:21:11] [Server thread/INFO]: Sapling Growth Modifier: 100%
[11:21:11] [Server thread/INFO]: Wheat Growth Modifier: 100%
[11:21:11] [Server thread/INFO]: NetherWart Growth Modifier: 100%
[11:21:11] [Server thread/INFO]: Entity Tracking Range: Pl 48 / An 48 / Mo 48 / Mi 32 / Other 64
[11:21:11] [Server thread/INFO]: Max TNT Explosions: 100
[11:21:11] [Server thread/INFO]: Tile Max Tick Time: 50ms Entity max Tick Time: 50ms
[11:21:11] [Server thread/INFO]: Max Entity Collisions: 8
[11:21:11] [Server thread/INFO]: Custom Map Seeds:  Village: 10387312 Feature: 14357617
[11:21:11] [Server thread/INFO]: Preparing start region for level 0 (Seed: 376786508)
[11:21:12] [Server thread/INFO]: Preparing spawn area: 20%
[11:21:13] [Server thread/INFO]: Preparing spawn area: 56%
[11:21:14] [Server thread/INFO]: Preparing spawn area: 98%
[11:21:14] [Server thread/INFO]: Preparing start region for level 1 (Seed: 4664712093828578505)
[11:21:15] [Server thread/INFO]: Preparing spawn area: 38%
[11:21:16] [Server thread/INFO]: Preparing spawn area: 71%
[11:21:16] [Server thread/INFO]: Preparing start region for level 2 (Seed: 4664712093828578505)
[11:21:17] [Server thread/INFO]: [WorldEdit] Enabling WorldEdit v6.1;no_git_id
[11:21:18] [Server thread/INFO]: WEPIF: Using the Bukkit Permissions API.
[11:21:18] [Server thread/INFO]: [WorldEdit] Using com.sk89q.worldedit.bukkit.adapter.impl.Spigot_v1_8_R3 as the Bukkit adapter
[11:21:18] [Server thread/INFO]: [LoginSecurity] Enabling LoginSecurity v2.1.7
[11:21:18] [Server thread/INFO]: [LoginSecurity] Loading base translations from "en_us"
[11:21:18] [Server thread/INFO]: [LoginSecurity] Loading specified translations from "en_us"
[11:21:18] [Server thread/INFO]: [LoginSecurity] Connection to database....
[11:21:18] [Server thread/INFO]: DataSourcePool [LoginSecurityDB] autoCommit[false] transIsolation[SERIALIZABLE] min[2] max[20]
[11:21:18] [Server thread/INFO]: SubClassFactory parent ClassLoader [org.bukkit.plugin.java.PluginClassLoader]
[11:21:18] [Server thread/INFO]: Explicit Identity on com.lenis0012.bukkit.loginsecurity.storage.PlayerProfile but not supported by DB Platform - ignored
[11:21:18] [Server thread/INFO]: Explicit Identity on com.lenis0012.bukkit.loginsecurity.storage.PlayerInventory but not supported by DB Platform - ignored
[11:21:18] [Server thread/INFO]: Explicit Identity on com.lenis0012.bukkit.loginsecurity.storage.ActionEntry but not supported by DB Platform - ignored
[11:21:18] [Server thread/INFO]: Explicit Identity on com.lenis0012.bukkit.loginsecurity.storage.Migration but not supported by DB Platform - ignored
[11:21:18] [Server thread/INFO]: Explicit Identity on com.lenis0012.bukkit.loginsecurity.storage.PlayerLocation but not supported by DB Platform - ignored
[11:21:18] [Server thread/INFO]: Entities enhanced[0] subclassed[5]
[11:21:18] [Server thread/INFO]: [LoginSecurity] Checking database version...
[11:21:18] [Server thread/INFO]: [LoginSecurity] Applied 0 missing database upgrades.
[11:21:18] [Server thread/INFO]: [LoginSecurity] Registering commands...
[11:21:18] [Server thread/INFO]: [LoginSecurity] Registering listeners...
[11:21:18] [Server thread/INFO]: [ClearLag] Enabling ClearLag v2.9.7
[11:21:19] [Server thread/INFO]: [ClearLag] Loading modules...
[11:21:19] [Server thread/INFO]: [ClearLag] Modules enabed, loading config values
[11:21:19] [Server thread/INFO]: [ClearLag] Modules have been loaded!
[11:21:19] [Server thread/INFO]: [ClearLag] Clearlag is now enabled!
[11:21:19] [Thread-15/INFO]: [ClearLag] Checking for updates compatible with your bukkit version [1.8]...
[11:21:19] [Server thread/INFO]: [PermissionsEx] Enabling PermissionsEx v1.23.4
[11:21:19] [Server thread/INFO]: [PermissionsEx] Initializing file backend
[11:21:19] [Server thread/INFO]: [PermissionsEx] Permissions file successfully reloaded
[11:21:19] [Server thread/INFO]: WEPIF: PermissionsEx detected! Using PermissionsEx for permissions.
[11:21:19] [Server thread/INFO]: [Vault][Permission] PermissionsEx hooked.
[11:21:19] [Server thread/INFO]: [Vault][Chat] PermissionsEx_Chat hooked.
[11:21:19] [Server thread/INFO]: [ViaVersion] Enabling ViaVersion v1.3.0
[11:21:19] [Server thread/INFO]: [EasyBackup] Enabling EasyBackup v1.1.4
[11:21:19] [Server thread/INFO]: [WorldGuard] Enabling WorldGuard v6.1
[11:21:19] [Server thread/INFO]: [WorldGuard] (world) TNT ignition is PERMITTED.
[11:21:19] [Server thread/INFO]: [WorldGuard] (world) Lighters are PERMITTED.
[11:21:19] [Server thread/INFO]: [WorldGuard] (world) Lava fire is blocked.
[11:21:19] [Server thread/INFO]: [WorldGuard] (world) Fire spread is UNRESTRICTED.
[11:21:19] [Server thread/INFO]: [WorldGuard] Loaded configuration for world 'world'
[11:21:19] [Server thread/INFO]: [WorldGuard] (world_nether) TNT ignition is PERMITTED.
[11:21:19] [Server thread/INFO]: [WorldGuard] (world_nether) Lighters are PERMITTED.
[11:21:19] [Server thread/INFO]: [WorldGuard] (world_nether) Lava fire is blocked.
[11:21:19] [Server thread/INFO]: [WorldGuard] (world_nether) Fire spread is UNRESTRICTED.
[11:21:19] [Server thread/INFO]: [WorldGuard] Loaded configuration for world 'world_nether'
[11:21:19] [Server thread/INFO]: [WorldGuard] (world_the_end) TNT ignition is PERMITTED.
[11:21:19] [Server thread/INFO]: [WorldGuard] (world_the_end) Lighters are PERMITTED.
[11:21:19] [Server thread/INFO]: [WorldGuard] (world_the_end) Lava fire is blocked.
[11:21:19] [Server thread/INFO]: [WorldGuard] (world_the_end) Fire spread is UNRESTRICTED.
[11:21:19] [Server thread/INFO]: [WorldGuard] Loaded configuration for world 'world_the_end'
[11:21:19] [Server thread/INFO]: [WorldGuard] Loading region data...
[11:21:20] [Server thread/INFO]: [LockettePro] Enabling LockettePro v2.9.0
[11:21:20] [Thread-15/WARN]: [ClearLag] Clearlag failed to check for updates - bukkit may be down
[11:21:20] [Thread-16/ERROR]: [PermissionsEx] The updater could not contact dev.bukkit.org for updating.
[11:21:20] [Thread-16/ERROR]: [PermissionsEx] If you have not recently modified your configuration and this is the first time you are seeing this message, the site may be experiencing temporary downtime.
[11:21:20] [Thread-16/ERROR]: [PermissionsEx] null
java.net.SocketException: Connection reset
	at java.net.SocketInputStream.read(Unknown Source) ~[?:1.8.0_191]
	at java.net.SocketInputStream.read(Unknown Source) ~[?:1.8.0_191]
	at sun.security.ssl.InputRecord.readFully(Unknown Source) ~[?:1.8.0_191]
	at sun.security.ssl.InputRecord.read(Unknown Source) ~[?:1.8.0_191]
	at sun.security.ssl.SSLSocketImpl.readRecord(Unknown Source) ~[?:1.8.0_191]
	at sun.security.ssl.SSLSocketImpl.performInitialHandshake(Unknown Source) ~[?:1.8.0_191]
	at sun.security.ssl.SSLSocketImpl.startHandshake(Unknown Source) ~[?:1.8.0_191]
	at sun.security.ssl.SSLSocketImpl.startHandshake(Unknown Source) ~[?:1.8.0_191]
	at sun.net.www.protocol.https.HttpsClient.afterConnect(Unknown Source) ~[?:1.8.0_191]
	at sun.net.www.protocol.https.AbstractDelegateHttpsURLConnection.connect(Unknown Source) ~[?:1.8.0_191]
	at sun.net.www.protocol.http.HttpURLConnection.getInputStream0(Unknown Source) ~[?:1.8.0_191]
	at sun.net.www.protocol.http.HttpURLConnection.getInputStream(Unknown Source) ~[?:1.8.0_191]
	at sun.net.www.protocol.https.HttpsURLConnectionImpl.getInputStream(Unknown Source) ~[?:1.8.0_191]
	at ru.tehkode.libs.net.gravitydevelopment.updater.Updater.read(Updater.java:643) [PermissionsEx-1.23.4.jar:?]
	at ru.tehkode.libs.net.gravitydevelopment.updater.Updater.runUpdater(Updater.java:718) [PermissionsEx-1.23.4.jar:?]
	at ru.tehkode.libs.net.gravitydevelopment.updater.Updater.access$100(Updater.java:36) [PermissionsEx-1.23.4.jar:?]
	at ru.tehkode.libs.net.gravitydevelopment.updater.Updater$UpdateRunnable.run(Updater.java:713) [PermissionsEx-1.23.4.jar:?]
	at java.lang.Thread.run(Unknown Source) [?:1.8.0_191]
[11:21:20] [Server thread/INFO]: [Essentials] Enabling Essentials v2.0.1-b496
[11:21:20] [Server thread/INFO]: [Essentials] Using 1.8.3+ BlockStateMeta provider as mob spawner provider.
[11:21:20] [Server thread/INFO]: [Essentials] Using legacy item data provider as spawn egg provider.
[11:21:20] [Server thread/INFO]: [Essentials] Using legacy potion meta provider as potion meta provider.
[11:21:20] [Server thread/INFO]: Using locale en_US
[11:21:20] [Server thread/INFO]: [Essentials] Starting Metrics. Opt-out using the global bStats config.
[11:21:20] [Server thread/INFO]: [Vault][Economy] Essentials Economy hooked.
[11:21:20] [Server thread/INFO]: [Essentials] Using Vault based permissions (PermissionsEx)
[11:21:21] [Server thread/INFO]: [EssentialsProtect] Enabling EssentialsProtect v2.0.1-b496
[11:21:21] [Server thread/INFO]: [EssentialsChat] Enabling EssentialsChat v2.0.1-b496
[11:21:21] [Server thread/INFO]: [EssentialsGeoIP] Enabling EssentialsGeoIP v2.0.1-b496
[11:21:21] [Server thread/INFO]: [EssentialsGeoIP] This product includes GeoLite data created by MaxMind, available from http://www.maxmind.com/.
[11:21:21] [Server thread/INFO]: [SuperVanish] Enabling SuperVanish v5.4.1
[11:21:21] [Server thread/INFO]: [EssentialsSpawn] Enabling EssentialsSpawn v2.0.1-b496
[11:21:21] [Server thread/INFO]: [EssentialsXMPP] Enabling EssentialsXMPP v2.0.1-b496
[11:21:21] [Server thread/WARN]: config broken for xmpp
[11:21:21] [Server thread/INFO]: Server permissions file permissions.yml is empty, ignoring it
[11:21:21] [Server thread/INFO]: Done (11.084s)! For help, type "help" or "?"
[11:21:21] [Server thread/INFO]: Starting remote control listener
[11:21:21] [RCON Listener #1/INFO]: RCON running on 0.0.0.0:42079
[11:21:21] [Server thread/INFO]: [ViaVersion] ViaVersion detected server version: 1.8.x(47)
[11:21:21] [Thread-19/WARN]: [mcMMO] The updater could not contact dev.bukkit.org for updating.
[11:21:21] [Thread-19/WARN]: [mcMMO] If you have not recently modified your configuration and this is the first time you are seeing this message, the site may be experiencing temporary downtime.
[11:21:21] [Craft Scheduler Thread - 5/WARN]: java.io.IOException: Server returned HTTP response code: 500 for URL: http://coremod.com/pluginMetrics/pluginMetrics.php?plugin=EasyBackup&ip=42069&players=0
[11:21:21] [Craft Scheduler Thread - 5/WARN]: 	at sun.net.www.protocol.http.HttpURLConnection.getInputStream0(Unknown Source)
[11:21:21] [Craft Scheduler Thread - 5/WARN]: 	at sun.net.www.protocol.http.HttpURLConnection.getInputStream(Unknown Source)
[11:21:21] [Craft Scheduler Thread - 5/WARN]: 	at me.forseth11.EasyBackup.PluginMetrics.update(PluginMetrics.java:32)
[11:21:21] [Craft Scheduler Thread - 5/WARN]: 	at me.forseth11.EasyBackup.PluginMetrics$1.run(PluginMetrics.java:51)
[11:21:21] [Craft Scheduler Thread - 5/WARN]: 	at org.bukkit.craftbukkit.v1_8_R3.scheduler.CraftTask.run(CraftTask.java:71)
[11:21:21] [Craft Scheduler Thread - 5/WARN]: 	at org.bukkit.craftbukkit.v1_8_R3.scheduler.CraftAsyncTask.run(CraftAsyncTask.java:53)
[11:21:21] [Craft Scheduler Thread - 5/WARN]: 	at java.util.concurrent.ThreadPoolExecutor.runWorker(Unknown Source)
[11:21:21] [Craft Scheduler Thread - 5/WARN]: 	at java.util.concurrent.ThreadPoolExecutor$Worker.run(Unknown Source)
[11:21:21] [Craft Scheduler Thread - 5/WARN]: 	at java.lang.Thread.run(Unknown Source)
[11:21:21] [Craft Scheduler Thread - 5/INFO]: [Vault] Checking for Updates ... 
[11:21:21] [Craft Scheduler Thread - 5/INFO]: [Vault] There was an issue attempting to check for the latest version.
[11:21:21] [Craft Scheduler Thread - 5/INFO]: [Vault] No new version available
[11:21:22] [Server thread/WARN]: [ViaVersion] There is a newer version available: 1.6.0, you're on: 1.3.0
[11:21:46] [Thread-20/INFO]: [0;32;1m[EasyBackup] Starting server backup from: C:\Users\qthuynh\Desktop\dd\.[m
[11:21:47] [Thread-20/INFO]: [0;32;1m[EasyBackup] Backup: 0% 0/103 MB Saved.[m
[11:21:47] [Thread-20/INFO]: [0;32;1m[EasyBackup] Backup: 2% 2/103 MB Saved.[m
[11:21:47] [Thread-20/INFO]: [0;32;1m[EasyBackup] Backup: 3% 3/103 MB Saved.[m
[11:21:48] [Thread-20/INFO]: [0;32;1m[EasyBackup] Backup: 4% 4/103 MB Saved.[m
[11:21:48] [Thread-20/INFO]: [0;32;1m[EasyBackup] Backup: 5% 5/103 MB Saved.[m
[11:21:48] [Thread-20/INFO]: [0;32;1m[EasyBackup] Backup: 10% 11/103 MB Saved.[m
[11:21:49] [Thread-20/INFO]: [0;32;1m[EasyBackup] Backup: 11% 11/103 MB Saved.[m
[11:21:49] [Thread-20/INFO]: [0;32;1m[EasyBackup] Backup: 12% 12/103 MB Saved.[m
[11:21:49] [Thread-20/INFO]: [0;32;1m[EasyBackup] Backup: 13% 13/103 MB Saved.[m
[11:21:49] [Thread-20/INFO]: [0;32;1m[EasyBackup] Backup: 15% 15/103 MB Saved.[m
[11:21:50] [Thread-20/INFO]: [0;32;1m[EasyBackup] Backup: 16% 17/103 MB Saved.[m
[11:21:50] [Thread-20/INFO]: [0;32;1m[EasyBackup] Backup: 17% 18/103 MB Saved.[m
[11:21:50] [Thread-20/INFO]: [0;32;1m[EasyBackup] Backup: 36% 37/103 MB Saved.[m
[11:21:54] [Thread-20/INFO]: [0;32;1m[EasyBackup] Backup: 38% 40/103 MB Saved.[m
[11:21:54] [Thread-20/INFO]: [0;32;1m[EasyBackup] Backup: 39% 41/103 MB Saved.[m
[11:21:54] [Thread-20/INFO]: [0;32;1m[EasyBackup] Backup: 42% 43/103 MB Saved.[m
[11:21:54] [Thread-20/INFO]: [0;32;1m[EasyBackup] Backup: 45% 46/103 MB Saved.[m
[11:21:55] [Thread-20/INFO]: [0;32;1m[EasyBackup] Backup: 48% 49/103 MB Saved.[m
[11:21:55] [Thread-20/INFO]: [0;32;1m[EasyBackup] Backup: 51% 52/103 MB Saved.[m
[11:21:55] [Thread-20/INFO]: [0;32;1m[EasyBackup] Backup: 54% 56/103 MB Saved.[m
[11:21:56] [Thread-20/INFO]: [0;32;1m[EasyBackup] Backup: 55% 57/103 MB Saved.[m
[11:21:56] [Thread-20/INFO]: [0;32;1m[EasyBackup] Backup: 57% 59/103 MB Saved.[m
[11:21:56] [Thread-20/INFO]: [0;32;1m[EasyBackup] Backup: 60% 61/103 MB Saved.[m
[11:21:57] [Thread-20/INFO]: [0;32;1m[EasyBackup] Backup: 61% 63/103 MB Saved.[m
[11:21:57] [Thread-20/INFO]: [0;32;1m[EasyBackup] Backup: 62% 64/103 MB Saved.[m
[11:21:57] [Thread-20/INFO]: [0;32;1m[EasyBackup] Backup: 66% 68/103 MB Saved.[m
[11:21:58] [Thread-20/INFO]: [0;32;1m[EasyBackup] Backup: 71% 73/103 MB Saved.[m
[11:21:58] [Thread-20/INFO]: [0;32;1m[EasyBackup] Backup: 76% 79/103 MB Saved.[m
[11:21:59] [Thread-20/INFO]: [0;32;1m[EasyBackup] Backup: 77% 79/103 MB Saved.[m
[11:21:59] [Thread-20/INFO]: [0;32;1m[EasyBackup] Backup: 79% 82/103 MB Saved.[m
[11:21:59] [Thread-20/INFO]: [0;32;1m[EasyBackup] Backup: 80% 82/103 MB Saved.[m
[11:21:59] [Thread-20/INFO]: [0;32;1m[EasyBackup] Backup: 81% 83/103 MB Saved.[m
[11:22:00] [Thread-20/INFO]: [0;32;1m[EasyBackup] Backup: 82% 85/103 MB Saved.[m
[11:22:00] [Thread-20/INFO]: [0;32;1m[EasyBackup] Backup: 83% 85/103 MB Saved.[m
[11:22:00] [Thread-20/INFO]: [0;32;1m[EasyBackup] Backup: 84% 87/103 MB Saved.[m
[11:22:00] [Thread-20/INFO]: [0;32;1m[EasyBackup] Backup: 85% 88/103 MB Saved.[m
[11:22:00] [Thread-20/INFO]: [0;32;1m[EasyBackup] Backup: 86% 89/103 MB Saved.[m
[11:22:00] [Thread-20/INFO]: [0;32;1m[EasyBackup] Backup: 87% 89/103 MB Saved.[m
[11:22:00] [Thread-20/INFO]: [0;32;1m[EasyBackup] Backup: 88% 91/103 MB Saved.[m
[11:22:00] [Thread-20/INFO]: [0;32;1m[EasyBackup] Backup: 89% 92/103 MB Saved.[m
[11:22:01] [Thread-20/INFO]: [0;32;1m[EasyBackup] Backup: 90% 93/103 MB Saved.[m
[11:22:01] [Thread-20/INFO]: [0;32;1m[EasyBackup] Backup: 91% 94/103 MB Saved.[m
[11:22:01] [Thread-20/INFO]: [0;32;1m[EasyBackup] Backup: 92% 95/103 MB Saved.[m
[11:22:01] [Thread-20/INFO]: [0;32;1m[EasyBackup] Backup: 93% 96/103 MB Saved.[m
[11:22:01] [Thread-20/INFO]: [0;32;1m[EasyBackup] Backup: 94% 97/103 MB Saved.[m
[11:22:01] [Thread-20/INFO]: [0;32;1m[EasyBackup] Backup: 95% 98/103 MB Saved.[m
[11:22:01] [Thread-20/INFO]: [0;32;1m[EasyBackup] Backup: 96% 99/103 MB Saved.[m
[11:22:02] [Thread-20/INFO]: [0;32;1m[EasyBackup] Backup: 97% 100/103 MB Saved.[m
[11:22:02] [Thread-20/INFO]: [0;32;1m[EasyBackup] Backup: 98% 101/103 MB Saved.[m
[11:22:02] [Thread-20/INFO]: [0;32;1m[EasyBackup] Backup: 99% 102/103 MB Saved.[m
[11:22:02] [Thread-20/INFO]: [0;32;1m[EasyBackup] Backup: 100% 103/103 MB Saved.[m
[11:22:02] [Thread-20/INFO]: [0;32;1m[EasyBackup] Backup saved![m
[11:23:09] [Thread-21/INFO]: UUID of player SpudGamer168 is 4d714c40-3e16-35cc-b032-f6b8bd7b1115
[11:23:10] [Server thread/INFO]: SpudGamer168[/10.146.67.47:59692] logged in with entity id 398 at ([world]-1.1750904667865876, 73.0, 245.0854038225219)
[11:23:10] [Server thread/WARN]: [Essentials] Task #37 for Essentials v2.0.1-b496 generated an exception
java.lang.NullPointerException
	at com.earth2me.essentials.xmpp.XMPPManager.updatePresence(XMPPManager.java:148) ~[?:?]
	at com.earth2me.essentials.xmpp.EssentialsXMPP.updatePresence(EssentialsXMPP.java:109) ~[?:?]
	at com.earth2me.essentials.xmpp.EssentialsXMPPPlayerListener$1.run(EssentialsXMPPPlayerListener.java:31) ~[?:?]
	at org.bukkit.craftbukkit.v1_8_R3.scheduler.CraftTask.run(CraftTask.java:71) ~[server.jar:git-Spigot-db6de12-18fbb24]
	at org.bukkit.craftbukkit.v1_8_R3.scheduler.CraftScheduler.mainThreadHeartbeat(CraftScheduler.java:350) [server.jar:git-Spigot-db6de12-18fbb24]
	at net.minecraft.server.v1_8_R3.MinecraftServer.B(MinecraftServer.java:723) [server.jar:git-Spigot-db6de12-18fbb24]
	at net.minecraft.server.v1_8_R3.DedicatedServer.B(DedicatedServer.java:374) [server.jar:git-Spigot-db6de12-18fbb24]
	at net.minecraft.server.v1_8_R3.MinecraftServer.A(MinecraftServer.java:654) [server.jar:git-Spigot-db6de12-18fbb24]
	at net.minecraft.server.v1_8_R3.MinecraftServer.run(MinecraftServer.java:557) [server.jar:git-Spigot-db6de12-18fbb24]
	at java.lang.Thread.run(Unknown Source) [?:1.8.0_191]
[11:28:04] [Server thread/INFO]: [0;30;1m[[0;32;1mLagYeeter[0;30;1m] [0;31;1mWarning: Ground items will be removed in [0;32;1m60 [0;31;1mseconds![m
[11:28:31] [Async Chat Thread - #0/INFO]: [m<SpudGamer168[m> im gay[m
[11:28:32] [Async Chat Thread - #0/INFO]: [m<SpudGamer168[m> im gay[m
[11:28:32] [Async Chat Thread - #0/INFO]: [m<SpudGamer168[m> im gay[m
[11:28:32] [Async Chat Thread - #0/INFO]: [m<SpudGamer168[m> im gay[m
[11:28:33] [Async Chat Thread - #0/INFO]: [m<SpudGamer168[m> im gay[m
[11:28:33] [Async Chat Thread - #0/INFO]: [m<SpudGamer168[m> im gay[m
[11:28:34] [Async Chat Thread - #0/INFO]: [m<SpudGamer168[m> im gay[m
[11:28:34] [Async Chat Thread - #0/INFO]: [m<SpudGamer168[m> im gay[m
[11:28:34] [Async Chat Thread - #0/INFO]: [m<SpudGamer168[m> im gay[m
[11:28:35] [Async Chat Thread - #0/INFO]: [m<SpudGamer168[m> im gay[m
[11:28:35] [Async Chat Thread - #0/INFO]: [m<SpudGamer168[m> im gay[m
[11:28:35] [Async Chat Thread - #0/INFO]: [m<SpudGamer168[m> im gay[m
[11:28:36] [Async Chat Thread - #0/INFO]: [m<SpudGamer168[m> im gay[m
[11:28:36] [Async Chat Thread - #0/INFO]: [m<SpudGamer168[m> im gay[m
[11:28:37] [Async Chat Thread - #0/INFO]: [m<SpudGamer168[m> im gay[m
[11:28:37] [Async Chat Thread - #0/INFO]: [m<SpudGamer168[m> im gay[m
[11:28:37] [Server thread/INFO]: SpudGamer168 lost connection: disconnect.spam
[11:28:37] [Server thread/INFO]: SpudGamer168 left the game.
[11:28:38] [Server thread/WARN]: handleDisconnection() called twice
[11:28:38] [Server thread/WARN]: [Essentials] Task #45 for Essentials v2.0.1-b496 generated an exception
java.lang.NullPointerException
	at com.earth2me.essentials.xmpp.XMPPManager.updatePresence(XMPPManager.java:144) ~[?:?]
	at com.earth2me.essentials.xmpp.EssentialsXMPP.updatePresence(EssentialsXMPP.java:109) ~[?:?]
	at com.earth2me.essentials.xmpp.EssentialsXMPPPlayerListener$2.run(EssentialsXMPPPlayerListener.java:51) ~[?:?]
	at org.bukkit.craftbukkit.v1_8_R3.scheduler.CraftTask.run(CraftTask.java:71) ~[server.jar:git-Spigot-db6de12-18fbb24]
	at org.bukkit.craftbukkit.v1_8_R3.scheduler.CraftScheduler.mainThreadHeartbeat(CraftScheduler.java:350) [server.jar:git-Spigot-db6de12-18fbb24]
	at net.minecraft.server.v1_8_R3.MinecraftServer.B(MinecraftServer.java:723) [server.jar:git-Spigot-db6de12-18fbb24]
	at net.minecraft.server.v1_8_R3.DedicatedServer.B(DedicatedServer.java:374) [server.jar:git-Spigot-db6de12-18fbb24]
	at net.minecraft.server.v1_8_R3.MinecraftServer.A(MinecraftServer.java:654) [server.jar:git-Spigot-db6de12-18fbb24]
	at net.minecraft.server.v1_8_R3.MinecraftServer.run(MinecraftServer.java:557) [server.jar:git-Spigot-db6de12-18fbb24]
	at java.lang.Thread.run(Unknown Source) [?:1.8.0_191]
[11:28:41] [Thread-23/INFO]: UUID of player SpudGamer168 is 4d714c40-3e16-35cc-b032-f6b8bd7b1115
[11:28:41] [Server thread/INFO]: SpudGamer168[/10.146.67.47:59706] logged in with entity id 616 at ([world]-1.1750904667865876, 73.0, 245.0854038225219)
[11:28:41] [Server thread/WARN]: [Essentials] Task #50 for Essentials v2.0.1-b496 generated an exception
java.lang.NullPointerException
	at com.earth2me.essentials.xmpp.XMPPManager.updatePresence(XMPPManager.java:148) ~[?:?]
	at com.earth2me.essentials.xmpp.EssentialsXMPP.updatePresence(EssentialsXMPP.java:109) ~[?:?]
	at com.earth2me.essentials.xmpp.EssentialsXMPPPlayerListener$1.run(EssentialsXMPPPlayerListener.java:31) ~[?:?]
	at org.bukkit.craftbukkit.v1_8_R3.scheduler.CraftTask.run(CraftTask.java:71) ~[server.jar:git-Spigot-db6de12-18fbb24]
	at org.bukkit.craftbukkit.v1_8_R3.scheduler.CraftScheduler.mainThreadHeartbeat(CraftScheduler.java:350) [server.jar:git-Spigot-db6de12-18fbb24]
	at net.minecraft.server.v1_8_R3.MinecraftServer.B(MinecraftServer.java:723) [server.jar:git-Spigot-db6de12-18fbb24]
	at net.minecraft.server.v1_8_R3.DedicatedServer.B(DedicatedServer.java:374) [server.jar:git-Spigot-db6de12-18fbb24]
	at net.minecraft.server.v1_8_R3.MinecraftServer.A(MinecraftServer.java:654) [server.jar:git-Spigot-db6de12-18fbb24]
	at net.minecraft.server.v1_8_R3.MinecraftServer.run(MinecraftServer.java:557) [server.jar:git-Spigot-db6de12-18fbb24]
	at java.lang.Thread.run(Unknown Source) [?:1.8.0_191]
[11:28:44] [Server thread/INFO]: [0;30;1m[[0;32;1mLagYeeter[0;30;1m] [0;31;1mWarning: Ground items will be removed in [0;32;1m20 [0;31;1mseconds![m
[11:29:04] [Server thread/INFO]: [0;30;1m[[0;32;1mLagYeeter[0;30;1m] [0;32;1mRemoved 3 Entities![m
[11:31:26] [Thread-24/INFO]: UUID of player Jevaco is afdbc47f-fb48-3ee6-bbe9-9be012e87e0a
[11:31:26] [Server thread/INFO]: Jevaco[/10.146.68.1:65502] logged in with entity id 768 at ([world]72.07843030735859, 105.0, 275.69999998807907)
[11:31:26] [Server thread/WARN]: [Essentials] Task #58 for Essentials v2.0.1-b496 generated an exception
java.lang.NullPointerException
	at com.earth2me.essentials.xmpp.XMPPManager.updatePresence(XMPPManager.java:152) ~[?:?]
	at com.earth2me.essentials.xmpp.EssentialsXMPP.updatePresence(EssentialsXMPP.java:109) ~[?:?]
	at com.earth2me.essentials.xmpp.EssentialsXMPPPlayerListener$1.run(EssentialsXMPPPlayerListener.java:31) ~[?:?]
	at org.bukkit.craftbukkit.v1_8_R3.scheduler.CraftTask.run(CraftTask.java:71) ~[server.jar:git-Spigot-db6de12-18fbb24]
	at org.bukkit.craftbukkit.v1_8_R3.scheduler.CraftScheduler.mainThreadHeartbeat(CraftScheduler.java:350) [server.jar:git-Spigot-db6de12-18fbb24]
	at net.minecraft.server.v1_8_R3.MinecraftServer.B(MinecraftServer.java:723) [server.jar:git-Spigot-db6de12-18fbb24]
	at net.minecraft.server.v1_8_R3.DedicatedServer.B(DedicatedServer.java:374) [server.jar:git-Spigot-db6de12-18fbb24]
	at net.minecraft.server.v1_8_R3.MinecraftServer.A(MinecraftServer.java:654) [server.jar:git-Spigot-db6de12-18fbb24]
	at net.minecraft.server.v1_8_R3.MinecraftServer.run(MinecraftServer.java:557) [server.jar:git-Spigot-db6de12-18fbb24]
	at java.lang.Thread.run(Unknown Source) [?:1.8.0_191]
[11:31:57] [pool-4-thread-6/WARN]: [LoginSecurity] Failed to read json from url https://api.curseforge.com/servermods/files?projectIds=41702
[11:35:52] [Server thread/INFO]: [0;30;1m[[0;32;1mLagYeeter[0;30;1m] [0;31;1mWarning: Ground items will be removed in [0;32;1m60 [0;31;1mseconds![m
[11:36:32] [Server thread/INFO]: [0;30;1m[[0;32;1mLagYeeter[0;30;1m] [0;31;1mWarning: Ground items will be removed in [0;32;1m20 [0;31;1mseconds![m
[11:36:53] [Server thread/INFO]: [0;30;1m[[0;32;1mLagYeeter[0;30;1m] [0;32;1mRemoved 11 Entities![m
[11:43:38] [Server thread/INFO]: [0;30;1m[[0;32;1mLagYeeter[0;30;1m] [0;31;1mWarning: Ground items will be removed in [0;32;1m60 [0;31;1mseconds![m
[11:44:18] [Server thread/INFO]: [0;30;1m[[0;32;1mLagYeeter[0;30;1m] [0;31;1mWarning: Ground items will be removed in [0;32;1m20 [0;31;1mseconds![m
[11:44:26] [Server thread/INFO]: Jevaco lost connection: Internal Exception: java.io.IOException: An existing connection was forcibly closed by the remote host
[11:44:26] [Server thread/INFO]: Jevaco left the game.
[11:44:26] [Server thread/WARN]: [Essentials] Task #79 for Essentials v2.0.1-b496 generated an exception
java.lang.NullPointerException
	at com.earth2me.essentials.xmpp.XMPPManager.updatePresence(XMPPManager.java:148) ~[?:?]
	at com.earth2me.essentials.xmpp.EssentialsXMPP.updatePresence(EssentialsXMPP.java:109) ~[?:?]
	at com.earth2me.essentials.xmpp.EssentialsXMPPPlayerListener$2.run(EssentialsXMPPPlayerListener.java:51) ~[?:?]
	at org.bukkit.craftbukkit.v1_8_R3.scheduler.CraftTask.run(CraftTask.java:71) ~[server.jar:git-Spigot-db6de12-18fbb24]
	at org.bukkit.craftbukkit.v1_8_R3.scheduler.CraftScheduler.mainThreadHeartbeat(CraftScheduler.java:350) [server.jar:git-Spigot-db6de12-18fbb24]
	at net.minecraft.server.v1_8_R3.MinecraftServer.B(MinecraftServer.java:723) [server.jar:git-Spigot-db6de12-18fbb24]
	at net.minecraft.server.v1_8_R3.DedicatedServer.B(DedicatedServer.java:374) [server.jar:git-Spigot-db6de12-18fbb24]
	at net.minecraft.server.v1_8_R3.MinecraftServer.A(MinecraftServer.java:654) [server.jar:git-Spigot-db6de12-18fbb24]
	at net.minecraft.server.v1_8_R3.MinecraftServer.run(MinecraftServer.java:557) [server.jar:git-Spigot-db6de12-18fbb24]
	at java.lang.Thread.run(Unknown Source) [?:1.8.0_191]
[11:44:39] [Server thread/INFO]: [0;30;1m[[0;32;1mLagYeeter[0;30;1m] [0;32;1mRemoved 11 Entities![m
[11:51:24] [Server thread/INFO]: [0;30;1m[[0;32;1mLagYeeter[0;30;1m] [0;31;1mWarning: Ground items will be removed in [0;32;1m60 [0;31;1mseconds![m
[11:51:45] [Craft Scheduler Thread - 25/WARN]: java.io.IOException: Server returned HTTP response code: 500 for URL: http://coremod.com/pluginMetrics/pluginMetrics.php?plugin=EasyBackup&ip=42069&players=1
[11:51:45] [Craft Scheduler Thread - 25/WARN]: 	at sun.net.www.protocol.http.HttpURLConnection.getInputStream0(Unknown Source)
[11:51:45] [Craft Scheduler Thread - 25/WARN]: 	at sun.net.www.protocol.http.HttpURLConnection.getInputStream(Unknown Source)
[11:51:45] [Craft Scheduler Thread - 25/WARN]: 	at me.forseth11.EasyBackup.PluginMetrics.update(PluginMetrics.java:32)
[11:51:45] [Craft Scheduler Thread - 25/WARN]: 	at me.forseth11.EasyBackup.PluginMetrics$1.run(PluginMetrics.java:51)
[11:51:45] [Craft Scheduler Thread - 25/WARN]: 	at org.bukkit.craftbukkit.v1_8_R3.scheduler.CraftTask.run(CraftTask.java:71)
[11:51:45] [Craft Scheduler Thread - 25/WARN]: 	at org.bukkit.craftbukkit.v1_8_R3.scheduler.CraftAsyncTask.run(CraftAsyncTask.java:53)
[11:51:45] [Craft Scheduler Thread - 25/WARN]: 	at java.util.concurrent.ThreadPoolExecutor.runWorker(Unknown Source)
[11:51:45] [Craft Scheduler Thread - 25/WARN]: 	at java.util.concurrent.ThreadPoolExecutor$Worker.run(Unknown Source)
[11:51:45] [Craft Scheduler Thread - 25/WARN]: 	at java.lang.Thread.run(Unknown Source)
[11:52:05] [Server thread/INFO]: [0;30;1m[[0;32;1mLagYeeter[0;30;1m] [0;31;1mWarning: Ground items will be removed in [0;32;1m20 [0;31;1mseconds![m
[11:52:25] [Server thread/INFO]: [0;30;1m[[0;32;1mLagYeeter[0;30;1m] [0;32;1mRemoved 9 Entities![m
[11:59:09] [Server thread/INFO]: [0;30;1m[[0;32;1mLagYeeter[0;30;1m] [0;31;1mWarning: Ground items will be removed in [0;32;1m60 [0;31;1mseconds![m
[11:59:50] [Server thread/INFO]: [0;30;1m[[0;32;1mLagYeeter[0;30;1m] [0;31;1mWarning: Ground items will be removed in [0;32;1m20 [0;31;1mseconds![m
[12:00:11] [Server thread/INFO]: [0;30;1m[[0;32;1mLagYeeter[0;30;1m] [0;32;1mRemoved 7 Entities![m
[12:02:06] [Server thread/INFO]: SpudGamer168 lost connection: Internal Exception: java.io.IOException: An existing connection was forcibly closed by the remote host
[12:02:06] [Server thread/INFO]: SpudGamer168 left the game.
[12:02:06] [Server thread/WARN]: [Essentials] Task #85 for Essentials v2.0.1-b496 generated an exception
java.lang.NullPointerException
	at com.earth2me.essentials.xmpp.XMPPManager.updatePresence(XMPPManager.java:144) ~[?:?]
	at com.earth2me.essentials.xmpp.EssentialsXMPP.updatePresence(EssentialsXMPP.java:109) ~[?:?]
	at com.earth2me.essentials.xmpp.EssentialsXMPPPlayerListener$2.run(EssentialsXMPPPlayerListener.java:51) ~[?:?]
	at org.bukkit.craftbukkit.v1_8_R3.scheduler.CraftTask.run(CraftTask.java:71) ~[server.jar:git-Spigot-db6de12-18fbb24]
	at org.bukkit.craftbukkit.v1_8_R3.scheduler.CraftScheduler.mainThreadHeartbeat(CraftScheduler.java:350) [server.jar:git-Spigot-db6de12-18fbb24]
	at net.minecraft.server.v1_8_R3.MinecraftServer.B(MinecraftServer.java:723) [server.jar:git-Spigot-db6de12-18fbb24]
	at net.minecraft.server.v1_8_R3.DedicatedServer.B(DedicatedServer.java:374) [server.jar:git-Spigot-db6de12-18fbb24]
	at net.minecraft.server.v1_8_R3.MinecraftServer.A(MinecraftServer.java:654) [server.jar:git-Spigot-db6de12-18fbb24]
	at net.minecraft.server.v1_8_R3.MinecraftServer.run(MinecraftServer.java:557) [server.jar:git-Spigot-db6de12-18fbb24]
	at java.lang.Thread.run(Unknown Source) [?:1.8.0_191]
[12:07:01] [Server thread/INFO]: [0;30;1m[[0;32;1mLagYeeter[0;30;1m] [0;31;1mWarning: Ground items will be removed in [0;32;1m60 [0;31;1mseconds![m
[12:07:42] [Server thread/INFO]: [0;30;1m[[0;32;1mLagYeeter[0;30;1m] [0;31;1mWarning: Ground items will be removed in [0;32;1m20 [0;31;1mseconds![m
[12:08:02] [Server thread/INFO]: [0;30;1m[[0;32;1mLagYeeter[0;30;1m] [0;32;1mRemoved 3 Entities![m
[12:14:45] [Server thread/INFO]: [0;30;1m[[0;32;1mLagYeeter[0;30;1m] [0;31;1mWarning: Ground items will be removed in [0;32;1m60 [0;31;1mseconds![m
[12:15:25] [Server thread/INFO]: [0;30;1m[[0;32;1mLagYeeter[0;30;1m] [0;31;1mWarning: Ground items will be removed in [0;32;1m20 [0;31;1mseconds![m
[12:15:45] [Server thread/INFO]: [0;30;1m[[0;32;1mLagYeeter[0;30;1m] [0;32;1mRemoved 2 Entities![m
[12:22:08] [Craft Scheduler Thread - 32/WARN]: java.io.IOException: Server returned HTTP response code: 500 for URL: http://coremod.com/pluginMetrics/pluginMetrics.php?plugin=EasyBackup&ip=42069&players=0
[12:22:08] [Craft Scheduler Thread - 32/WARN]: 	at sun.net.www.protocol.http.HttpURLConnection.getInputStream0(Unknown Source)
[12:22:08] [Craft Scheduler Thread - 32/WARN]: 	at sun.net.www.protocol.http.HttpURLConnection.getInputStream(Unknown Source)
[12:22:08] [Craft Scheduler Thread - 32/WARN]: 	at me.forseth11.EasyBackup.PluginMetrics.update(PluginMetrics.java:32)
[12:22:08] [Craft Scheduler Thread - 32/WARN]: 	at me.forseth11.EasyBackup.PluginMetrics$1.run(PluginMetrics.java:51)
[12:22:08] [Craft Scheduler Thread - 32/WARN]: 	at org.bukkit.craftbukkit.v1_8_R3.scheduler.CraftTask.run(CraftTask.java:71)
[12:22:08] [Craft Scheduler Thread - 32/WARN]: 	at org.bukkit.craftbukkit.v1_8_R3.scheduler.CraftAsyncTask.run(CraftAsyncTask.java:53)
[12:22:08] [Craft Scheduler Thread - 32/WARN]: 	at java.util.concurrent.ThreadPoolExecutor.runWorker(Unknown Source)
[12:22:08] [Craft Scheduler Thread - 32/WARN]: 	at java.util.concurrent.ThreadPoolExecutor$Worker.run(Unknown Source)
[12:22:08] [Craft Scheduler Thread - 32/WARN]: 	at java.lang.Thread.run(Unknown Source)
[12:22:28] [Server thread/INFO]: [0;30;1m[[0;32;1mLagYeeter[0;30;1m] [0;31;1mWarning: Ground items will be removed in [0;32;1m60 [0;31;1mseconds![m
[12:22:33] [Thread-26/INFO]: [0;32;1m[EasyBackup] Starting server backup from: C:\Users\qthuynh\Desktop\dd\.[m
[12:22:33] [Thread-26/INFO]: [0;32;1m[EasyBackup] Backup: 0% 0/103 MB Saved.[m
[12:22:34] [Thread-26/INFO]: [0;32;1m[EasyBackup] Backup: 2% 2/103 MB Saved.[m
[12:22:34] [Thread-26/INFO]: [0;32;1m[EasyBackup] Backup: 3% 3/103 MB Saved.[m
[12:22:34] [Thread-26/INFO]: [0;32;1m[EasyBackup] Backup: 4% 4/103 MB Saved.[m
[12:22:34] [Thread-26/INFO]: [0;32;1m[EasyBackup] Backup: 5% 5/103 MB Saved.[m
[12:22:34] [Thread-26/INFO]: [0;32;1m[EasyBackup] Backup: 10% 11/103 MB Saved.[m
[12:22:35] [Thread-26/INFO]: [0;32;1m[EasyBackup] Backup: 11% 11/103 MB Saved.[m
[12:22:35] [Thread-26/INFO]: [0;32;1m[EasyBackup] Backup: 12% 12/103 MB Saved.[m
[12:22:36] [Thread-26/INFO]: [0;32;1m[EasyBackup] Backup: 13% 13/103 MB Saved.[m
[12:22:36] [Thread-26/INFO]: [0;32;1m[EasyBackup] Backup: 15% 15/103 MB Saved.[m
[12:22:36] [Thread-26/INFO]: [0;32;1m[EasyBackup] Backup: 16% 17/103 MB Saved.[m
[12:22:36] [Thread-26/INFO]: [0;32;1m[EasyBackup] Backup: 17% 18/103 MB Saved.[m
[12:22:37] [Thread-26/INFO]: [0;32;1m[EasyBackup] Backup: 36% 37/103 MB Saved.[m
[12:22:40] [Thread-26/INFO]: [0;32;1m[EasyBackup] Backup: 38% 40/103 MB Saved.[m
[12:22:41] [Thread-26/INFO]: [0;32;1m[EasyBackup] Backup: 39% 41/103 MB Saved.[m
[12:22:41] [Thread-26/INFO]: [0;32;1m[EasyBackup] Backup: 42% 43/103 MB Saved.[m
[12:22:41] [Thread-26/INFO]: [0;32;1m[EasyBackup] Backup: 45% 46/103 MB Saved.[m
[12:22:42] [Thread-26/INFO]: [0;32;1m[EasyBackup] Backup: 48% 49/103 MB Saved.[m
[12:22:42] [Thread-26/INFO]: [0;32;1m[EasyBackup] Backup: 51% 52/103 MB Saved.[m
[12:22:42] [Thread-26/INFO]: [0;32;1m[EasyBackup] Backup: 54% 56/103 MB Saved.[m
[12:22:43] [Thread-26/INFO]: [0;32;1m[EasyBackup] Backup: 55% 57/103 MB Saved.[m
[12:22:43] [Thread-26/INFO]: [0;32;1m[EasyBackup] Backup: 57% 59/103 MB Saved.[m
[12:22:43] [Thread-26/INFO]: [0;32;1m[EasyBackup] Backup: 60% 61/103 MB Saved.[m
[12:22:44] [Thread-26/INFO]: [0;32;1m[EasyBackup] Backup: 61% 63/103 MB Saved.[m
[12:22:44] [Thread-26/INFO]: [0;32;1m[EasyBackup] Backup: 62% 64/103 MB Saved.[m
[12:22:44] [Thread-26/INFO]: [0;32;1m[EasyBackup] Backup: 66% 68/103 MB Saved.[m
[12:22:45] [Thread-26/INFO]: [0;32;1m[EasyBackup] Backup: 71% 73/103 MB Saved.[m
[12:22:45] [Thread-26/INFO]: [0;32;1m[EasyBackup] Backup: 76% 79/103 MB Saved.[m
[12:22:46] [Thread-26/INFO]: [0;32;1m[EasyBackup] Backup: 77% 79/103 MB Saved.[m
[12:22:46] [Thread-26/INFO]: [0;32;1m[EasyBackup] Backup: 79% 82/103 MB Saved.[m
[12:22:47] [Thread-26/INFO]: [0;32;1m[EasyBackup] Backup: 80% 82/103 MB Saved.[m
[12:22:47] [Thread-26/INFO]: [0;32;1m[EasyBackup] Backup: 81% 83/103 MB Saved.[m
[12:22:47] [Thread-26/INFO]: [0;32;1m[EasyBackup] Backup: 82% 85/103 MB Saved.[m
[12:22:47] [Thread-26/INFO]: [0;32;1m[EasyBackup] Backup: 83% 85/103 MB Saved.[m
[12:22:47] [Thread-26/INFO]: [0;32;1m[EasyBackup] Backup: 84% 87/103 MB Saved.[m
[12:22:47] [Thread-26/INFO]: [0;32;1m[EasyBackup] Backup: 85% 88/103 MB Saved.[m
[12:22:47] [Thread-26/INFO]: [0;32;1m[EasyBackup] Backup: 86% 89/103 MB Saved.[m
[12:22:47] [Thread-26/INFO]: [0;32;1m[EasyBackup] Backup: 87% 89/103 MB Saved.[m
[12:22:48] [Thread-26/INFO]: [0;32;1m[EasyBackup] Backup: 88% 91/103 MB Saved.[m
[12:22:48] [Thread-26/INFO]: [0;32;1m[EasyBackup] Backup: 89% 92/103 MB Saved.[m
[12:22:48] [Thread-26/INFO]: [0;32;1m[EasyBackup] Backup: 90% 93/103 MB Saved.[m
[12:22:48] [Thread-26/INFO]: [0;32;1m[EasyBackup] Backup: 91% 94/103 MB Saved.[m
[12:22:48] [Thread-26/INFO]: [0;32;1m[EasyBackup] Backup: 92% 95/103 MB Saved.[m
[12:22:48] [Thread-26/INFO]: [0;32;1m[EasyBackup] Backup: 93% 96/103 MB Saved.[m
[12:22:48] [Thread-26/INFO]: [0;32;1m[EasyBackup] Backup: 94% 97/103 MB Saved.[m
[12:22:48] [Thread-26/INFO]: [0;32;1m[EasyBackup] Backup: 95% 98/103 MB Saved.[m
[12:22:48] [Thread-26/INFO]: [0;32;1m[EasyBackup] Backup: 96% 99/103 MB Saved.[m
[12:22:48] [Thread-26/INFO]: [0;32;1m[EasyBackup] Backup: 97% 100/103 MB Saved.[m
[12:22:48] [Thread-26/INFO]: [0;32;1m[EasyBackup] Backup: 98% 101/103 MB Saved.[m
[12:22:48] [Thread-26/INFO]: [0;32;1m[EasyBackup] Backup: 99% 102/103 MB Saved.[m
[12:22:49] [Thread-26/INFO]: [0;32;1m[EasyBackup] Backup: 100% 103/103 MB Saved.[m
[12:22:49] [Thread-26/INFO]: [0;32;1m[EasyBackup] Backup saved![m
[12:23:08] [Server thread/INFO]: [0;30;1m[[0;32;1mLagYeeter[0;30;1m] [0;31;1mWarning: Ground items will be removed in [0;32;1m20 [0;31;1mseconds![m
[12:23:28] [Server thread/INFO]: [0;30;1m[[0;32;1mLagYeeter[0;30;1m] [0;32;1mRemoved 4 Entities![m
[12:30:11] [Server thread/INFO]: [0;30;1m[[0;32;1mLagYeeter[0;30;1m] [0;31;1mWarning: Ground items will be removed in [0;32;1m60 [0;31;1mseconds![m
[12:30:51] [Server thread/INFO]: [0;30;1m[[0;32;1mLagYeeter[0;30;1m] [0;31;1mWarning: Ground items will be removed in [0;32;1m20 [0;31;1mseconds![m
[12:31:11] [Server thread/INFO]: [0;30;1m[[0;32;1mLagYeeter[0;30;1m] [0;32;1mRemoved 2 Entities![m
[12:31:37] [Thread-28/INFO]: UUID of player SirElbow420 is 6c846a0f-b552-3771-a161-b9d315ff38b7
[12:31:37] [Server thread/INFO]: SirElbow420[/10.146.65.48:49745] logged in with entity id 6661 at ([world]6.521354528106172, 66.0, 274.43437521694386)
[12:31:37] [Server thread/WARN]: [Essentials] Task #91 for Essentials v2.0.1-b496 generated an exception
java.lang.NullPointerException
	at com.earth2me.essentials.xmpp.XMPPManager.updatePresence(XMPPManager.java:148) ~[?:?]
	at com.earth2me.essentials.xmpp.EssentialsXMPP.updatePresence(EssentialsXMPP.java:109) ~[?:?]
	at com.earth2me.essentials.xmpp.EssentialsXMPPPlayerListener$1.run(EssentialsXMPPPlayerListener.java:31) ~[?:?]
	at org.bukkit.craftbukkit.v1_8_R3.scheduler.CraftTask.run(CraftTask.java:71) ~[server.jar:git-Spigot-db6de12-18fbb24]
	at org.bukkit.craftbukkit.v1_8_R3.scheduler.CraftScheduler.mainThreadHeartbeat(CraftScheduler.java:350) [server.jar:git-Spigot-db6de12-18fbb24]
	at net.minecraft.server.v1_8_R3.MinecraftServer.B(MinecraftServer.java:723) [server.jar:git-Spigot-db6de12-18fbb24]
	at net.minecraft.server.v1_8_R3.DedicatedServer.B(DedicatedServer.java:374) [server.jar:git-Spigot-db6de12-18fbb24]
	at net.minecraft.server.v1_8_R3.MinecraftServer.A(MinecraftServer.java:654) [server.jar:git-Spigot-db6de12-18fbb24]
	at net.minecraft.server.v1_8_R3.MinecraftServer.run(MinecraftServer.java:557) [server.jar:git-Spigot-db6de12-18fbb24]
	at java.lang.Thread.run(Unknown Source) [?:1.8.0_191]
[12:32:55] [Server thread/INFO]: SirElbow420 lost connection: Disconnected
[12:32:55] [Server thread/INFO]: SirElbow420 left the game.
[12:32:55] [Server thread/WARN]: [Essentials] Task #101 for Essentials v2.0.1-b496 generated an exception
java.lang.NullPointerException
	at com.earth2me.essentials.xmpp.XMPPManager.updatePresence(XMPPManager.java:144) ~[?:?]
	at com.earth2me.essentials.xmpp.EssentialsXMPP.updatePresence(EssentialsXMPP.java:109) ~[?:?]
	at com.earth2me.essentials.xmpp.EssentialsXMPPPlayerListener$2.run(EssentialsXMPPPlayerListener.java:51) ~[?:?]
	at org.bukkit.craftbukkit.v1_8_R3.scheduler.CraftTask.run(CraftTask.java:71) ~[server.jar:git-Spigot-db6de12-18fbb24]
	at org.bukkit.craftbukkit.v1_8_R3.scheduler.CraftScheduler.mainThreadHeartbeat(CraftScheduler.java:350) [server.jar:git-Spigot-db6de12-18fbb24]
	at net.minecraft.server.v1_8_R3.MinecraftServer.B(MinecraftServer.java:723) [server.jar:git-Spigot-db6de12-18fbb24]
	at net.minecraft.server.v1_8_R3.DedicatedServer.B(DedicatedServer.java:374) [server.jar:git-Spigot-db6de12-18fbb24]
	at net.minecraft.server.v1_8_R3.MinecraftServer.A(MinecraftServer.java:654) [server.jar:git-Spigot-db6de12-18fbb24]
	at net.minecraft.server.v1_8_R3.MinecraftServer.run(MinecraftServer.java:557) [server.jar:git-Spigot-db6de12-18fbb24]
	at java.lang.Thread.run(Unknown Source) [?:1.8.0_191]
[12:33:00] [Thread-29/INFO]: UUID of player SirElbow420 is 6c846a0f-b552-3771-a161-b9d315ff38b7
[12:33:00] [Server thread/INFO]: SirElbow420[/10.146.65.48:49753] logged in with entity id 7502 at ([world]3.2431128090484664, 67.5, 254.35165049975893)
[12:33:00] [Server thread/WARN]: [Essentials] Task #106 for Essentials v2.0.1-b496 generated an exception
java.lang.NullPointerException
	at com.earth2me.essentials.xmpp.XMPPManager.updatePresence(XMPPManager.java:148) ~[?:?]
	at com.earth2me.essentials.xmpp.EssentialsXMPP.updatePresence(EssentialsXMPP.java:109) ~[?:?]
	at com.earth2me.essentials.xmpp.EssentialsXMPPPlayerListener$1.run(EssentialsXMPPPlayerListener.java:31) ~[?:?]
	at org.bukkit.craftbukkit.v1_8_R3.scheduler.CraftTask.run(CraftTask.java:71) ~[server.jar:git-Spigot-db6de12-18fbb24]
	at org.bukkit.craftbukkit.v1_8_R3.scheduler.CraftScheduler.mainThreadHeartbeat(CraftScheduler.java:350) [server.jar:git-Spigot-db6de12-18fbb24]
	at net.minecraft.server.v1_8_R3.MinecraftServer.B(MinecraftServer.java:723) [server.jar:git-Spigot-db6de12-18fbb24]
	at net.minecraft.server.v1_8_R3.DedicatedServer.B(DedicatedServer.java:374) [server.jar:git-Spigot-db6de12-18fbb24]
	at net.minecraft.server.v1_8_R3.MinecraftServer.A(MinecraftServer.java:654) [server.jar:git-Spigot-db6de12-18fbb24]
	at net.minecraft.server.v1_8_R3.MinecraftServer.run(MinecraftServer.java:557) [server.jar:git-Spigot-db6de12-18fbb24]
	at java.lang.Thread.run(Unknown Source) [?:1.8.0_191]
