18/04/2019 17:54:33 [INFO] Loading placeholder [JavaInfo 1.0.1] ...
18/04/2019 17:54:24 [INFO] Loading placeholders and event triggers ...
18/04/2019 17:54:27 [DEBUG] Loaded placeholder: command
18/04/2019 17:54:43 [DEBUG] Refreshing group 'benchmark' for new custom placeholder 'envoy_time_left'
18/04/2019 17:54:43 [DEBUG] Refreshing group 'mcmmo-levelup' for new custom placeholder 'envoy_crates_left'
18/04/2019 17:54:27 [DEBUG] Output file is: C:\Users\user\Desktop\Niveus ($)\plugins\FeatherBoard\modules\compass placeholders.jar
18/04/2019 17:54:33 [DEBUG] Output file is: C:\Users\user\Desktop\Niveus ($)\plugins\FeatherBoard\modules\memory.jar
18/04/2019 17:54:24 [INFO] Loading internal placeholders ...
18/04/2019 17:54:40 [INFO] Loading scoreboard 'benchmark' ...
18/04/2019 17:54:43 [DEBUG] Refreshing group 'default' for new custom placeholder 'envoy_crates_left'
18/04/2019 17:54:43 [DEBUG] Refreshing group 'benchmark' for new custom placeholder 'envoy_crates_left'
18/04/2019 17:54:41 [DEBUG] 	Line: line2 Static: false
18/04/2019 17:54:43 [DEBUG] Refreshing group 'towny-town-example' for new custom placeholder 'envoy_cooldown'
18/04/2019 17:54:43 [DEBUG] Refreshing group 'towny-town-example' for new custom placeholder 'envoy_time_left'
18/04/2019 17:54:43 [DEBUG] Refreshing group 'combat-scoreboard-example' for new custom placeholder 'envoy_time_left'
18/04/2019 17:54:42 [DEBUG] 	Line: skilllevel-label Static: true
18/04/2019 17:54:42 [DEBUG] 	Line: skill Static: false
18/04/2019 17:54:42 [DEBUG] 	Line: spacer2 Static: true
18/04/2019 17:54:42 [DEBUG] 	Line: skill-label Static: true
18/04/2019 17:54:42 [DEBUG] 	Line: skilllevel Static: false
18/04/2019 17:54:42 [DEBUG] 	Line: line11 Static: false
18/04/2019 17:54:42 [DEBUG] 	Line: footer Static: true
18/04/2019 17:54:42 [DEBUG] 	Line: town-data Static: true
18/04/2019 17:54:42 [INFO] Loading scoreboard 'towny-town-example' ...
18/04/2019 17:54:42 [DEBUG] 	Line: spacer2 Static: false
18/04/2019 17:54:42 [DEBUG] 	Line: poplulation-data Static: true
18/04/2019 17:54:42 [DEBUG] 	Line: population-label Static: true
18/04/2019 17:54:42 [DEBUG] 	combat-scoreboard-example - 0
18/04/2019 17:54:27 [DEBUG] Downloaded file to: C:\Users\user\Desktop\Niveus ($)\plugins\FeatherBoard\modules\compass placeholders.jar
18/04/2019 17:54:42 [DEBUG] 	default - 10
18/04/2019 17:54:41 [DEBUG] 	Line: line9 Static: false
18/04/2019 17:54:42 [DEBUG] 	mcmmo-levelup - 0
18/04/2019 17:54:42 [INFO] Added 'PERMISSION' as the default scoreboard assign method
18/04/2019 17:54:41 [DEBUG] 	Line: line10 Static: false
18/04/2019 17:54:42 [INFO] Adding command 'featherboard'
18/04/2019 17:54:42 [INFO] Toggle persistence is disabled!
18/04/2019 17:54:42 [DEBUG] 	Adding sub command 'toggle'
18/04/2019 17:54:42 [DEBUG] 	Adding sub command 'on'
18/04/2019 17:54:42 [DEBUG] 	Adding sub command 'off'
18/04/2019 17:54:42 [DEBUG] 	Adding sub command 'reload'
18/04/2019 17:54:42 [DEBUG] 	Adding sub command 'about'
18/04/2019 17:54:42 [DEBUG] 	Adding sub command 'debug'
18/04/2019 17:54:42 [DEBUG] 	Adding sub command 'placeholders'
18/04/2019 17:54:42 [DEBUG] 	Adding sub command 'gui'
18/04/2019 17:54:42 [DEBUG] 	Adding sub command 'permissions'
18/04/2019 17:54:42 [DEBUG] 	Adding sub command 'help'
18/04/2019 17:54:42 [DEBUG] 	Adding sub command 'reload'
18/04/2019 17:54:42 [DEBUG] 	Adding sub command 'generatebbcode'
18/04/2019 17:54:42 [DEBUG] 	Adding sub command 'hide'
18/04/2019 17:54:33 [INFO] Loading placeholder [Memory 1.0.1] ...
18/04/2019 17:54:41 [DEBUG] 	Line: line6 Static: false
18/04/2019 17:54:42 [DEBUG] 	Adding sub command 'show'
18/04/2019 17:54:43 [DEBUG] Refreshing group 'towny-town-example' for new custom placeholder 'envoy_crates_left'
18/04/2019 17:54:42 [DEBUG] 	Adding sub command 'editsetting'
18/04/2019 17:54:43 [DEBUG] Refreshing group 'default' for new custom placeholder 'envoy_time_left'
18/04/2019 17:54:43 [DEBUG] Refreshing group 'mcmmo-levelup' for new custom placeholder 'envoy_time_left'
18/04/2019 17:54:42 [DEBUG] 	Adding sub command 'createscoreboard'
18/04/2019 17:54:41 [DEBUG] 	Line: line8 Static: false
18/04/2019 17:54:41 [DEBUG] 	Line: line7 Static: false
18/04/2019 17:54:42 [DEBUG] 	Adding sub command 'remove'
18/04/2019 17:54:42 [DEBUG] 	Line: townboard Static: false
18/04/2019 17:54:43 [DEBUG] Refreshing group 'combat-scoreboard-example' for new custom placeholder 'envoy_crates_left'
18/04/2019 17:54:42 [DEBUG] 	towny-town-example - 0
18/04/2019 17:54:42 [DEBUG] 	Adding sub command 'info'
18/04/2019 17:54:43 [DEBUG] Refreshing group 'combat-scoreboard-example' for new custom placeholder 'envoy_cooldown'
18/04/2019 17:54:43 [DEBUG] Refreshing group 'benchmark' for new custom placeholder 'envoy_cooldown'
18/04/2019 17:54:42 [DEBUG] 	Adding sub command 'removescoreboard'
18/04/2019 17:54:33 [DEBUG] Loaded placeholder: java
18/04/2019 17:54:40 [DEBUG] 	Line: title Static: false
18/04/2019 17:54:27 [INFO] Downloading placeholder [Compass placeholders 1.0.1] ...
18/04/2019 17:54:42 [DEBUG] 	Adding sub command 'modules'
18/04/2019 17:54:41 [DEBUG] 	Line: line3 Static: false
18/04/2019 17:54:40 [DEBUG] 	Line: line1 Static: false
18/04/2019 17:54:41 [DEBUG] 	Line: line5 Static: false
18/04/2019 17:54:33 [INFO] Downloading placeholder [Memory 1.0.1] ...
18/04/2019 17:54:41 [DEBUG] 	Line: line4 Static: false
18/04/2019 17:54:42 [DEBUG] 	Line: town-label Static: true
18/04/2019 17:54:42 [DEBUG] 	Adding sub command 'module'
18/04/2019 17:54:33 [DEBUG] Loaded placeholder: memory
18/04/2019 17:54:33 [DEBUG] Downloaded file to: C:\Users\user\Desktop\Niveus ($)\plugins\FeatherBoard\modules\memory.jar
18/04/2019 17:54:42 [DEBUG] 	Line: spacer1 Static: true
18/04/2019 17:54:43 [DEBUG] Refreshing group 'default' for new custom placeholder 'envoy_cooldown'
18/04/2019 17:54:42 [DEBUG] 	Line: header Static: true
18/04/2019 17:54:42 [DEBUG] 	Line: title Static: false
18/04/2019 17:54:42 [DEBUG] 	Line: title Static: false
18/04/2019 17:54:42 [DEBUG] 	benchmark - 0
18/04/2019 17:54:42 [DEBUG] 	Line: header Static: true
18/04/2019 17:54:42 [DEBUG] Scoreboards groups sorted by priority:
18/04/2019 17:54:42 [DEBUG] 	Line: footer Static: true
18/04/2019 17:54:42 [DEBUG] 	Line: townboard-label Static: true
18/04/2019 17:54:42 [DEBUG] 	Line: spacer1 Static: false
18/04/2019 17:54:42 [DEBUG] 	Line: player-line2 Static: false
18/04/2019 17:54:42 [DEBUG] 	Line: footer Static: false
18/04/2019 17:54:42 [DEBUG] 	Line: player-line1 Static: false
18/04/2019 17:54:42 [DEBUG] 	Line: line13 Static: false
18/04/2019 17:54:27 [DEBUG] Loaded placeholder: compass
18/04/2019 17:54:42 [DEBUG] 	Line: player-label Static: true
18/04/2019 17:54:42 [INFO] Loading scoreboard 'default' ...
18/04/2019 17:54:42 [DEBUG] 	Line: footer Static: true
18/04/2019 17:54:42 [DEBUG] 	Line: health-data-2 Static: false
18/04/2019 17:54:42 [DEBUG] 	Line: health-data-1 Static: false
18/04/2019 17:54:42 [DEBUG] 	Line: spacer1 Static: false
18/04/2019 17:54:42 [DEBUG] 	Line: header Static: true
18/04/2019 17:54:42 [DEBUG] 	Line: combat-data Static: false
18/04/2019 17:54:42 [DEBUG] 	Line: line14 Static: false
18/04/2019 17:54:27 [INFO] Loading placeholder [Compass placeholders 1.0.1] ...
18/04/2019 17:54:24 [DEBUG] Loaded placeholder: CustomPlaceholders
18/04/2019 17:54:33 [DEBUG] Loaded placeholder: permissions
18/04/2019 17:54:24 [DEBUG] Loaded placeholder: MySQL
18/04/2019 17:54:42 [DEBUG] 	Line: line15 Static: false
18/04/2019 17:54:33 [INFO] Downloading placeholder [Player 1.0.11] ...
18/04/2019 17:54:33 [DEBUG] Output file is: C:\Users\user\Desktop\Niveus ($)\plugins\FeatherBoard\modules\player.jar
18/04/2019 17:54:34 [DEBUG] Downloaded file to: C:\Users\user\Desktop\Niveus ($)\plugins\FeatherBoard\modules\player.jar
18/04/2019 17:54:42 [DEBUG] 	Line: header Static: false
18/04/2019 17:54:34 [INFO] Loading placeholder [Player 1.0.11] ...
18/04/2019 17:54:33 [DEBUG] Downloaded file to: C:\Users\user\Desktop\Niveus ($)\plugins\FeatherBoard\modules\permissions.jar
18/04/2019 17:54:33 [INFO] Loading placeholder [Permissions 1.0.1] ...
18/04/2019 17:54:42 [DEBUG] 	Line: news-info Static: true
18/04/2019 17:54:42 [DEBUG] 	Line: news Static: false
18/04/2019 17:54:42 [DEBUG] 	Line: spacer2 Static: false
18/04/2019 17:54:42 [DEBUG] 	Line: timesplayed Static: false
18/04/2019 17:54:33 [INFO] Downloading placeholder [Permissions 1.0.1] ...
18/04/2019 17:54:42 [DEBUG] 	Line: server-line2 Static: false
18/04/2019 17:54:42 [DEBUG] 	Line: server-line1 Static: false
18/04/2019 17:54:42 [DEBUG] 	Line: line12 Static: false
18/04/2019 17:54:42 [DEBUG] 	Line: title Static: false
18/04/2019 17:54:42 [DEBUG] 	Line: health-label Static: true
18/04/2019 17:54:42 [DEBUG] 	Line: title Static: false
18/04/2019 17:54:42 [INFO] Loading scoreboard 'combat-scoreboard-example' ...
18/04/2019 17:54:42 [DEBUG] 	Line: combat-label Static: true
18/04/2019 17:54:33 [DEBUG] Output file is: C:\Users\user\Desktop\Niveus ($)\plugins\FeatherBoard\modules\permissions.jar
18/04/2019 17:54:27 [INFO] Downloading placeholder [Economy 1.0.1] ...
18/04/2019 17:54:27 [DEBUG] Output file is: C:\Users\user\Desktop\Niveus ($)\plugins\FeatherBoard\modules\economy.jar
18/04/2019 17:54:42 [DEBUG] 	Line: timesplayed-label Static: false
18/04/2019 17:54:42 [INFO] Loading scoreboard 'mcmmo-levelup' ...
18/04/2019 17:54:42 [DEBUG] 	Line: spacer3 Static: false
18/04/2019 17:54:42 [DEBUG] 	Line: info-label Static: false
18/04/2019 17:54:38 [INFO] Loading event hook: Vanilla Death hook ...
18/04/2019 17:54:36 [INFO] Loading placeholder [Statistics 1.0.3] ...
18/04/2019 17:54:42 [INFO] Generating metrics information ...
18/04/2019 17:54:35 [DEBUG] Downloaded file to: C:\Users\user\Desktop\Niveus ($)\plugins\FeatherBoard\modules\sound effects.jar
18/04/2019 17:54:40 [INFO] Using OPTIMAL as the update strategy
18/04/2019 17:54:40 [INFO] Copying default scoreboards ...
18/04/2019 17:54:39 [INFO] Loaded 2962 of the 2962 placholders
18/04/2019 17:54:34 [DEBUG] Output file is: C:\Users\user\Desktop\Niveus ($)\plugins\FeatherBoard\modules\previous names.jar
18/04/2019 17:54:37 [INFO] Downloading placeholder [Unicode Characters 1.0.1] ...
18/04/2019 17:54:39 [INFO] Downloading placeholder [mcMMO 1.0.2] ...
18/04/2019 17:54:36 [DEBUG] Downloaded file to: C:\Users\user\Desktop\Niveus ($)\plugins\FeatherBoard\modules\statistics.jar
18/04/2019 17:54:40 [INFO] Loading custom effect 'example3' ...
18/04/2019 17:54:38 [INFO] Downloading placeholder [WorldBorder 1.0.1] ...
18/04/2019 17:54:40 [DEBUG]  - Server supports Team entries
18/04/2019 17:54:40 [INFO] Creating new custom effect: example3
18/04/2019 17:54:40 [INFO] Loading custom effect 'example2' ...
18/04/2019 17:54:40 [INFO] Creating new custom effect: example1
18/04/2019 17:54:40 [INFO] Copying default custom effects ...
18/04/2019 17:54:39 [INFO] Checking for placeholder updates ...
18/04/2019 17:54:27 [DEBUG] Downloaded file to: C:\Users\user\Desktop\Niveus ($)\plugins\FeatherBoard\modules\economy.jar
18/04/2019 17:54:39 [INFO] Loading event hook: mcMMO Party Level up ...
18/04/2019 17:54:38 [DEBUG] Output file is: C:\Users\user\Desktop\Niveus ($)\plugins\FeatherBoard\modules\worldguard.jar
18/04/2019 17:54:39 [DEBUG] Downloaded file to: C:\Users\user\Desktop\Niveus ($)\plugins\FeatherBoard\modules\worldguard.jar
18/04/2019 17:54:38 [INFO] Loading placeholder [WorldBorder 1.0.1] ...
18/04/2019 17:54:38 [DEBUG] Loaded placeholder: world
18/04/2019 17:54:38 [DEBUG] Output file is: C:\Users\user\Desktop\Niveus ($)\plugins\FeatherBoard\modules\world.jar
18/04/2019 17:54:38 [INFO] Loading event hook: Vanilla Create portal hook ...
18/04/2019 17:54:38 [INFO] Loading event hook: Vanilla player rejoin ...
18/04/2019 17:54:38 [INFO] Loading event hook: Vanilla player join ...
18/04/2019 17:54:38 [INFO] Loading event hook: Vanilla Death hook ...
18/04/2019 17:54:37 [INFO] Loading event hook: Vanilla Combat hook ...
18/04/2019 17:54:37 [DEBUG] Loaded placeholder: vanillaevents
18/04/2019 17:54:37 [INFO] Downloading placeholder [VanillaEvents 1.0.5] ...
18/04/2019 17:54:37 [DEBUG] Output file is: C:\Users\user\Desktop\Niveus ($)\plugins\FeatherBoard\modules\unicode characters.jar
18/04/2019 17:54:37 [INFO] Loading placeholder [Unicode Characters 1.0.1] ...
18/04/2019 17:54:37 [DEBUG] Loaded placeholder: twitter
18/04/2019 17:54:43 [DEBUG] Refreshing group 'mcmmo-levelup' for new custom placeholder 'envoy_cooldown'
18/04/2019 17:54:36 [INFO] Downloading placeholder [Twitter 1.0.2] ...
18/04/2019 17:54:42 [DEBUG] 	Adding sub command 'add'
18/04/2019 17:54:36 [DEBUG] Output file is: C:\Users\user\Desktop\Niveus ($)\plugins\FeatherBoard\modules\tickspersecond.jar
18/04/2019 17:54:42 [DEBUG] 	Adding sub command 'parse'
18/04/2019 17:54:36 [DEBUG] Output file is: C:\Users\user\Desktop\Niveus ($)\plugins\FeatherBoard\modules\superbvote.jar
18/04/2019 17:54:36 [DEBUG] Loaded placeholder: statistics
18/04/2019 17:54:36 [INFO] Downloading placeholder [SuperbVote 1.1.0] ...
18/04/2019 17:54:36 [DEBUG] Loaded placeholder: superbvote
18/04/2019 17:54:36 [INFO] Downloading placeholder [TicksPerSecond 1.0.2] ...
18/04/2019 17:54:36 [INFO] Loading placeholder [TicksPerSecond 1.0.2] ...
18/04/2019 17:54:36 [DEBUG] Loaded placeholder: tickspersecond
18/04/2019 17:54:37 [DEBUG] Downloaded file to: C:\Users\user\Desktop\Niveus ($)\plugins\FeatherBoard\modules\twitter.jar
18/04/2019 17:54:37 [INFO] Loading placeholder [Twitter 1.0.2] ...
18/04/2019 17:54:40 [DEBUG] Using SCOREBOARD v7
18/04/2019 17:54:37 [DEBUG] Downloaded file to: C:\Users\user\Desktop\Niveus ($)\plugins\FeatherBoard\modules\vanillaevents.jar
18/04/2019 17:54:37 [DEBUG] Output file is: C:\Users\user\Desktop\Niveus ($)\plugins\FeatherBoard\modules\vanillaevents.jar
18/04/2019 17:54:37 [INFO] Loading event hook: Vanilla player rejoin ...
18/04/2019 17:54:37 [INFO] Loading event hook: Vanilla Block break hook ...
18/04/2019 17:54:38 [INFO] Loading event hook: Vanilla player first join ...
18/04/2019 17:54:38 [INFO] Loading event hook: Vanilla Create portal hook ...
18/04/2019 17:54:38 [INFO] Loading event hook: Vanilla Block break hook ...
18/04/2019 17:54:38 [INFO] Loading event hook: Vanilla player first join ...
18/04/2019 17:54:27 [INFO] Loading placeholder [Economy 1.0.1] ...
18/04/2019 17:54:38 [INFO] Downloading placeholder [World 1.0.1] ...
18/04/2019 17:54:38 [DEBUG] Downloaded file to: C:\Users\user\Desktop\Niveus ($)\plugins\FeatherBoard\modules\worldborder.jar
18/04/2019 17:54:38 [DEBUG] Output file is: C:\Users\user\Desktop\Niveus ($)\plugins\FeatherBoard\modules\worldborder.jar
18/04/2019 17:54:40 [DEBUG]  - Server supports Objective entries
18/04/2019 17:54:38 [DEBUG] Loaded placeholder: worldborder
18/04/2019 17:54:34 [INFO] Downloading placeholder [Previous Names 1.0.1] ...
18/04/2019 17:54:39 [DEBUG] Loaded placeholder: worldguard
18/04/2019 17:54:39 [INFO] Loading placeholder [WorldGuard 1.0.1] ...
18/04/2019 17:54:39 [INFO] Loading event hook: WorldGuard Region ...
18/04/2019 17:54:39 [INFO] Loading event hook: WorldGuard Region ...
18/04/2019 17:54:39 [DEBUG] Downloaded file to: C:\Users\user\Desktop\Niveus ($)\plugins\FeatherBoard\modules\mcmmo.jar
18/04/2019 17:54:34 [DEBUG] Loaded placeholder: player
18/04/2019 17:54:39 [INFO] Loading placeholder [mcMMO 1.0.2] ...
18/04/2019 17:54:39 [DEBUG] Loaded placeholder: mcmmo
18/04/2019 17:54:39 [INFO] Loading event hook: mcMMO Level up event ...
18/04/2019 17:54:39 [INFO] Loading event hook: mcMMO Level down event ...
18/04/2019 17:54:39 [INFO] Loading event hook: mcMMO Party Level up ...
18/04/2019 17:54:38 [INFO] Loading event hook: Vanilla player join ...
18/04/2019 17:54:34 [DEBUG] Output file is: C:\Users\user\Desktop\Niveus ($)\plugins\FeatherBoard\modules\redisbungee.jar
18/04/2019 17:54:24 [INFO] Fetching available placeholders from server ...
18/04/2019 17:54:24 [INFO] Downloading placeholder [Armor 1.0.1] ...
18/04/2019 17:54:25 [DEBUG] Downloaded file to: C:\Users\user\Desktop\Niveus ($)\plugins\FeatherBoard\modules\armor.jar
18/04/2019 17:54:28 [DEBUG] Loaded placeholder: playereffects
18/04/2019 17:54:28 [INFO] Loading placeholder [Effects 1.0.1] ...
18/04/2019 17:54:27 [DEBUG] Output file is: C:\Users\user\Desktop\Niveus ($)\plugins\FeatherBoard\modules\effects.jar
18/04/2019 17:54:27 [INFO] Downloading placeholder [Effects 1.0.1] ...
18/04/2019 17:54:28 [DEBUG] Downloaded file to: C:\Users\user\Desktop\Niveus ($)\plugins\FeatherBoard\modules\effects.jar
18/04/2019 17:54:24 [DEBUG] Output file is: C:\Users\user\Desktop\Niveus ($)\plugins\FeatherBoard\modules\armor.jar
18/04/2019 17:54:42 [DEBUG] 	Line: server-label Static: true
18/04/2019 17:54:34 [INFO] Loading placeholder [Previous Names 1.0.1] ...
18/04/2019 17:54:27 [DEBUG] Loaded placeholder: economy
18/04/2019 17:54:34 [DEBUG] Loaded placeholder: previousnames
18/04/2019 17:54:35 [DEBUG] Downloaded file to: C:\Users\user\Desktop\Niveus ($)\plugins\FeatherBoard\modules\redisbungee.jar
18/04/2019 17:54:34 [DEBUG] Downloaded file to: C:\Users\user\Desktop\Niveus ($)\plugins\FeatherBoard\modules\previous names.jar
18/04/2019 17:54:35 [DEBUG] Loaded placeholder: redisbungee
18/04/2019 17:54:35 [INFO] Downloading placeholder [ServerPinger 1.0.2] ...
18/04/2019 17:54:35 [INFO] Downloading placeholder [Sound Effects 1.0.1] ...
18/04/2019 17:54:35 [INFO] Loading placeholder [Sound Effects 1.0.1] ...
18/04/2019 17:54:36 [DEBUG] Downloaded file to: C:\Users\user\Desktop\Niveus ($)\plugins\FeatherBoard\modules\superbvote.jar
18/04/2019 17:54:35 [DEBUG] Output file is: C:\Users\user\Desktop\Niveus ($)\plugins\FeatherBoard\modules\statistics.jar
18/04/2019 17:54:35 [DEBUG] Downloaded file to: C:\Users\user\Desktop\Niveus ($)\plugins\FeatherBoard\modules\serverpinger.jar
18/04/2019 17:54:39 [INFO] Loading event hook: mcMMO Level down event ...
18/04/2019 17:54:38 [INFO] Loading placeholder [World 1.0.1] ...
18/04/2019 17:54:37 [DEBUG] Downloaded file to: C:\Users\user\Desktop\Niveus ($)\plugins\FeatherBoard\modules\unicode characters.jar
18/04/2019 17:54:38 [INFO] Loading event hook: Vanilla Combat hook ...
18/04/2019 17:54:40 [INFO] Loading custom effect 'example1' ...
18/04/2019 17:54:35 [DEBUG] Loaded placeholder: serverpinger
18/04/2019 17:54:42 [DEBUG] 	Line: spacer1 Static: false
18/04/2019 17:54:35 [DEBUG] Loaded placeholder: sound
18/04/2019 17:54:35 [DEBUG] Output file is: C:\Users\user\Desktop\Niveus ($)\plugins\FeatherBoard\modules\sound effects.jar
18/04/2019 17:54:34 [INFO] Downloading placeholder [RedisBungee 1.0.1] ...
18/04/2019 17:54:35 [DEBUG] Output file is: C:\Users\user\Desktop\Niveus ($)\plugins\FeatherBoard\modules\serverpinger.jar
18/04/2019 17:54:28 [DEBUG] Downloaded file to: C:\Users\user\Desktop\Niveus ($)\plugins\FeatherBoard\modules\enjin.jar
18/04/2019 17:54:38 [DEBUG] Downloaded file to: C:\Users\user\Desktop\Niveus ($)\plugins\FeatherBoard\modules\world.jar
18/04/2019 17:54:31 [INFO] Loading placeholder [Factions 1.0.1] ...
18/04/2019 17:54:35 [INFO] Loading placeholder [RedisBungee 1.0.1] ...
18/04/2019 17:54:35 [INFO] Loading placeholder [ServerPinger 1.0.2] ...
18/04/2019 17:54:37 [INFO] Loading event hook: Vanilla Block place hook ...
18/04/2019 17:54:25 [DEBUG] Loaded placeholder: armor
18/04/2019 17:54:28 [DEBUG] Output file is: C:\Users\user\Desktop\Niveus ($)\plugins\FeatherBoard\modules\enjin.jar
18/04/2019 17:54:28 [INFO] Loading placeholder [Enjin 1.0.1] ...
18/04/2019 17:54:40 [INFO] Creating new custom effect: example2
18/04/2019 17:54:32 [INFO] Downloading placeholder [JavaInfo 1.0.1] ...
18/04/2019 17:54:32 [INFO] Loading placeholder [Hotbar 1.0.1] ...
18/04/2019 17:54:32 [DEBUG] Downloaded file to: C:\Users\user\Desktop\Niveus ($)\plugins\FeatherBoard\modules\hotbar.jar
18/04/2019 17:54:32 [DEBUG] Output file is: C:\Users\user\Desktop\Niveus ($)\plugins\FeatherBoard\modules\hotbar.jar
18/04/2019 17:54:39 [DEBUG] Output file is: C:\Users\user\Desktop\Niveus ($)\plugins\FeatherBoard\modules\mcmmo.jar
18/04/2019 17:54:39 [INFO] Loading event hook: mcMMO Level up event ...
18/04/2019 17:54:31 [DEBUG] Output file is: C:\Users\user\Desktop\Niveus ($)\plugins\FeatherBoard\modules\factions 1.8.jar
18/04/2019 17:54:31 [INFO] Downloading placeholder [Geographical 1.0.1] ...
18/04/2019 17:54:29 [DEBUG] Downloaded file to: C:\Users\user\Desktop\Niveus ($)\plugins\FeatherBoard\modules\facebook.jar
18/04/2019 17:54:37 [DEBUG] Loaded placeholder: unicode
18/04/2019 17:54:30 [DEBUG] Output file is: C:\Users\user\Desktop\Niveus ($)\plugins\FeatherBoard\modules\factions.jar
18/04/2019 17:54:30 [DEBUG] Loaded placeholder: facebook
18/04/2019 17:54:29 [INFO] Downloading placeholder [Facebook 1.0.2] ...
18/04/2019 17:54:38 [INFO] Loading event hook: Vanilla Block place hook ...
18/04/2019 17:54:31 [DEBUG] Loaded placeholder: firework
18/04/2019 17:54:31 [INFO] Loading placeholder [FireworkEffect 1.0.1] ...
18/04/2019 17:54:32 [DEBUG] Downloaded file to: C:\Users\user\Desktop\Niveus ($)\plugins\FeatherBoard\modules\geographical.jar
18/04/2019 17:54:31 [DEBUG] Loaded placeholder: factions1_8
18/04/2019 17:54:31 [INFO] Downloading placeholder [Factions 1.8 1.0.1] ...
18/04/2019 17:54:28 [DEBUG] Output file is: C:\Users\user\Desktop\Niveus ($)\plugins\FeatherBoard\modules\essentials.jar
18/04/2019 17:54:29 [DEBUG] Loaded placeholder: essentials
18/04/2019 17:54:28 [DEBUG] Loaded placeholder: entities
18/04/2019 17:54:31 [DEBUG] Downloaded file to: C:\Users\user\Desktop\Niveus ($)\plugins\FeatherBoard\modules\factions.jar
18/04/2019 17:54:28 [DEBUG] Downloaded file to: C:\Users\user\Desktop\Niveus ($)\plugins\FeatherBoard\modules\entities.jar
18/04/2019 17:54:37 [INFO] Loading placeholder [VanillaEvents 1.0.5] ...
18/04/2019 17:54:31 [DEBUG] Output file is: C:\Users\user\Desktop\Niveus ($)\plugins\FeatherBoard\modules\fireworkeffect.jar
18/04/2019 17:54:38 [INFO] Downloading placeholder [WorldGuard 1.0.1] ...
18/04/2019 17:54:28 [INFO] Downloading placeholder [Enjin 1.0.1] ...
18/04/2019 17:54:32 [INFO] Loading placeholder [Geographical 1.0.1] ...
18/04/2019 17:54:32 [DEBUG] Loaded placeholder: geographical
18/04/2019 17:54:25 [DEBUG] Output file is: C:\Users\user\Desktop\Niveus ($)\plugins\FeatherBoard\modules\bukkit.jar
18/04/2019 17:54:36 [INFO] Loading placeholder [SuperbVote 1.1.0] ...
18/04/2019 17:54:25 [INFO] Loading placeholder [Armor 1.0.1] ...
18/04/2019 17:54:29 [INFO] Loading placeholder [Essentials 1.0.1] ...
18/04/2019 17:54:25 [INFO] Downloading placeholder [Bukkit 1.0.5] ...
18/04/2019 17:54:32 [DEBUG] Output file is: C:\Users\user\Desktop\Niveus ($)\plugins\FeatherBoard\modules\javainfo.jar
18/04/2019 17:54:33 [DEBUG] Downloaded file to: C:\Users\user\Desktop\Niveus ($)\plugins\FeatherBoard\modules\javainfo.jar
18/04/2019 17:54:31 [INFO] Downloading placeholder [FireworkEffect 1.0.1] ...
18/04/2019 17:54:28 [DEBUG] Output file is: C:\Users\user\Desktop\Niveus ($)\plugins\FeatherBoard\modules\entities.jar
18/04/2019 17:54:29 [DEBUG] Downloaded file to: C:\Users\user\Desktop\Niveus ($)\plugins\FeatherBoard\modules\essentials.jar
18/04/2019 17:54:25 [DEBUG] Loaded placeholder: bukkit
18/04/2019 17:54:28 [INFO] Downloading placeholder [Essentials 1.0.1] ...
18/04/2019 17:54:28 [INFO] Loading placeholder [Entities 1.0.1] ...
18/04/2019 17:54:25 [INFO] Loading placeholder [Bukkit 1.0.5] ...
18/04/2019 17:54:35 [INFO] Downloading placeholder [Statistics 1.0.3] ...
18/04/2019 17:54:25 [DEBUG] Downloaded file to: C:\Users\user\Desktop\Niveus ($)\plugins\FeatherBoard\modules\bukkit.jar
18/04/2019 17:54:25 [INFO] Downloading placeholder [BungeeCord 1.0.1] ...
18/04/2019 17:54:28 [DEBUG] Loaded placeholder: enjin
18/04/2019 17:54:31 [DEBUG] Downloaded file to: C:\Users\user\Desktop\Niveus ($)\plugins\FeatherBoard\modules\factions 1.8.jar
18/04/2019 17:54:36 [DEBUG] Downloaded file to: C:\Users\user\Desktop\Niveus ($)\plugins\FeatherBoard\modules\tickspersecond.jar
18/04/2019 17:54:28 [INFO] Downloading placeholder [Entities 1.0.1] ...
18/04/2019 17:54:36 [DEBUG] Output file is: C:\Users\user\Desktop\Niveus ($)\plugins\FeatherBoard\modules\twitter.jar
18/04/2019 17:54:25 [DEBUG] Output file is: C:\Users\user\Desktop\Niveus ($)\plugins\FeatherBoard\modules\bungeecord.jar
18/04/2019 17:54:26 [DEBUG] Downloaded file to: C:\Users\user\Desktop\Niveus ($)\plugins\FeatherBoard\modules\bungeecord.jar
18/04/2019 17:54:24 [INFO] Loading language file: lang_en
18/04/2019 17:54:27 [DEBUG] Downloaded file to: C:\Users\user\Desktop\Niveus ($)\plugins\FeatherBoard\modules\commandplaceholderpack.jar
18/04/2019 17:54:26 [INFO] Downloading placeholder [CommandPlaceholderPack 1.0.1] ...
18/04/2019 17:54:26 [DEBUG] Output file is: C:\Users\user\Desktop\Niveus ($)\plugins\FeatherBoard\modules\color.jar
18/04/2019 17:54:26 [INFO] Loading placeholder [Color 1.0.1] ...
18/04/2019 17:54:31 [DEBUG] Downloaded file to: C:\Users\user\Desktop\Niveus ($)\plugins\FeatherBoard\modules\fireworkeffect.jar
18/04/2019 17:54:31 [INFO] Loading placeholder [Factions 1.8 1.0.1] ...
18/04/2019 17:54:24 [INFO] Creating new file 'plugins\FeatherBoard\lang\lang_en.yml'!
18/04/2019 17:54:26 [INFO] Downloading placeholder [Color 1.0.1] ...
18/04/2019 17:54:24 [INFO] Loading messages ...
18/04/2019 17:54:26 [DEBUG] Loaded placeholder: bungeecord
18/04/2019 17:54:26 [DEBUG] Downloaded file to: C:\Users\user\Desktop\Niveus ($)\plugins\FeatherBoard\modules\color.jar
18/04/2019 17:54:27 [INFO] Loading placeholder [CommandPlaceholderPack 1.0.1] ...
18/04/2019 17:54:26 [DEBUG] Output file is: C:\Users\user\Desktop\Niveus ($)\plugins\FeatherBoard\modules\commandplaceholderpack.jar
18/04/2019 17:54:26 [DEBUG] Loaded placeholder: color
18/04/2019 17:54:31 [DEBUG] Output file is: C:\Users\user\Desktop\Niveus ($)\plugins\FeatherBoard\modules\geographical.jar
18/04/2019 17:54:31 [DEBUG] Loaded placeholder: factions1_6
18/04/2019 17:54:26 [INFO] Loading placeholder [BungeeCord 1.0.1] ...
18/04/2019 17:54:29 [DEBUG] Output file is: C:\Users\user\Desktop\Niveus ($)\plugins\FeatherBoard\modules\facebook.jar
18/04/2019 17:54:32 [DEBUG] Loaded placeholder: hotbar
18/04/2019 17:54:30 [INFO] Downloading placeholder [Factions 1.0.1] ...
18/04/2019 17:54:32 [INFO] Downloading placeholder [Hotbar 1.0.1] ...
18/04/2019 17:54:29 [INFO] Loading placeholder [Facebook 1.0.2] ...
18/04/2019 17:54:49 [INFO] Checking for module updates ...
18/04/2019 17:54:49 [INFO] Fetching modules from server ...
