21/04/2019 19:15:26 [INFO] Loading placeholder [Entities] ...
21/04/2019 19:15:35 [DEBUG] Refreshing group 'towny-town-example' for new custom placeholder 'factionstop_rank:3'
21/04/2019 19:15:35 [DEBUG] Refreshing group 'combat-scoreboard-example' for new custom placeholder 'factionstop_rank:3'
21/04/2019 19:15:35 [DEBUG] Refreshing group 'mcmmo-levelup' for new custom placeholder 'factionstop_rank:3'
21/04/2019 19:15:35 [DEBUG] Refreshing group 'default' for new custom placeholder 'factionstop_rank:2'
21/04/2019 19:15:35 [DEBUG] Refreshing group 'benchmark' for new custom placeholder 'factionstop_rank:2'
21/04/2019 19:15:35 [DEBUG] Refreshing group 'mcmmo-levelup' for new custom placeholder 'factionstop_rank:1'
21/04/2019 19:15:35 [DEBUG] Refreshing group 'combat-scoreboard-example' for new custom placeholder 'factionstop_rank:last'
21/04/2019 19:15:28 [INFO] Loading event hook: Vanilla player first join ...
21/04/2019 19:15:28 [DEBUG] Loaded placeholder: worldguard
21/04/2019 19:15:26 [DEBUG] Loaded placeholder: entities
21/04/2019 19:15:35 [DEBUG] Refreshing group 'benchmark' for new custom placeholder 'factionstop_rank:3'
21/04/2019 19:15:35 [DEBUG] Refreshing group 'towny-town-example' for new custom placeholder 'factionstop_rank:2'
21/04/2019 19:15:35 [DEBUG] Refreshing group 'mcmmo-levelup' for new custom placeholder 'factionstop_rank:2'
21/04/2019 19:15:35 [DEBUG] Refreshing group 'combat-scoreboard-example' for new custom placeholder 'factionstop_rank:2'
21/04/2019 19:15:35 [DEBUG] Refreshing group 'towny-town-example' for new custom placeholder 'factionstop_rank:1'
21/04/2019 19:15:35 [DEBUG] Refreshing group 'benchmark' for new custom placeholder 'factionstop_rank:1'
21/04/2019 19:15:35 [DEBUG] Refreshing group 'default' for new custom placeholder 'factionstop_rank:1'
21/04/2019 19:15:35 [DEBUG] Refreshing group 'towny-town-example' for new custom placeholder 'factionstop_rank:last'
21/04/2019 19:15:35 [DEBUG] Refreshing group 'mcmmo-levelup' for new custom placeholder 'factionstop_rank:last'
21/04/2019 19:15:35 [DEBUG] Refreshing group 'benchmark' for new custom placeholder 'factionstop_rank:last'
21/04/2019 19:15:35 [DEBUG] Refreshing group 'default' for new custom placeholder 'factionstop_rank:last'
21/04/2019 19:15:32 [DEBUG] 	Adding sub command 'hide'
21/04/2019 19:15:32 [DEBUG] 	Adding sub command 'editsetting'
21/04/2019 19:15:28 [INFO] Loading placeholder [World] ...
21/04/2019 19:15:32 [DEBUG] 	Adding sub command 'createscoreboard'
21/04/2019 19:15:32 [DEBUG] 	Adding sub command 'removescoreboard'
21/04/2019 19:15:35 [DEBUG] Refreshing group 'combat-scoreboard-example' for new custom placeholder 'factionstop_rank:1'
21/04/2019 19:15:26 [DEBUG] Loaded placeholder: essentials
21/04/2019 19:15:28 [INFO] Loading placeholder [WorldGuard] ...
21/04/2019 19:15:32 [DEBUG] 	Adding sub command 'modules'
21/04/2019 19:15:32 [DEBUG] 	Adding sub command 'info'
21/04/2019 19:15:28 [DEBUG] Loaded placeholder: world
21/04/2019 19:15:32 [DEBUG] 	Adding sub command 'module'
21/04/2019 19:15:26 [INFO] Loading placeholder [Essentials] ...
21/04/2019 19:15:32 [DEBUG] 	Adding sub command 'add'
21/04/2019 19:15:28 [DEBUG] Loaded placeholder: worldborder
21/04/2019 19:15:28 [INFO] Loading event hook: WorldGuard Region ...
21/04/2019 19:15:32 [DEBUG] 	Adding sub command 'remove'
21/04/2019 19:15:28 [INFO] Loading placeholder [WorldBorder] ...
21/04/2019 19:15:28 [INFO] Loading event hook: WorldGuard Region ...
21/04/2019 19:15:26 [INFO] Loading placeholder [Facebook] ...
21/04/2019 19:15:28 [INFO] Loading placeholder [mcMMO] ...
21/04/2019 19:15:28 [INFO] Loading event hook: mcMMO Level up event ...
21/04/2019 19:15:28 [INFO] Loading event hook: mcMMO Party Level up ...
21/04/2019 19:15:32 [DEBUG] 	Adding sub command 'gui'
21/04/2019 19:15:28 [DEBUG] Loaded placeholder: mcmmo
21/04/2019 19:15:25 [INFO] Loading messages ...
21/04/2019 19:15:32 [DEBUG] 	Adding sub command 'on'
21/04/2019 19:15:27 [DEBUG] Loaded placeholder: factions1_6
21/04/2019 19:15:32 [DEBUG] 	Adding sub command 'debug'
21/04/2019 19:15:27 [INFO] Loading placeholder [Factions] ...
21/04/2019 19:15:32 [DEBUG] 	Adding sub command 'help'
21/04/2019 19:15:32 [DEBUG] 	Adding sub command 'generatebbcode'
21/04/2019 19:15:27 [DEBUG] Loaded placeholder: facebook
21/04/2019 19:15:32 [DEBUG] 	Adding sub command 'permissions'
21/04/2019 19:15:32 [DEBUG] 	Adding sub command 'toggle'
21/04/2019 19:15:28 [INFO] Loading event hook: mcMMO Level down event ...
21/04/2019 19:15:32 [DEBUG] 	Adding sub command 'about'
21/04/2019 19:15:32 [DEBUG] 	Adding sub command 'reload'
21/04/2019 19:15:28 [INFO] Loading event hook: mcMMO Party Level up ...
21/04/2019 19:15:32 [DEBUG] 	Adding sub command 'placeholders'
21/04/2019 19:15:32 [DEBUG] 	Adding sub command 'show'
21/04/2019 19:15:32 [DEBUG] 	Adding sub command 'parse'
21/04/2019 19:15:28 [INFO] Loading event hook: mcMMO Level up event ...
21/04/2019 19:15:32 [DEBUG] 	towny-town-example - 0
21/04/2019 19:15:32 [DEBUG] 	Line: town-data Static: true
21/04/2019 19:15:31 [WARNING] Scoreboard group 'default' has too many lines!
21/04/2019 19:15:31 [DEBUG] 	Line: server-line0 Static: true
21/04/2019 19:15:31 [DEBUG] 	Line: header Static: true
21/04/2019 19:15:31 [DEBUG] 	Line: line15 Static: false
21/04/2019 19:15:29 [DEBUG]  - Server supports Objective entries
21/04/2019 19:15:29 [INFO] Loading custom effect 'example3' ...
21/04/2019 19:15:31 [INFO] Loading scoreboard 'combat-scoreboard-example' ...
21/04/2019 19:15:31 [DEBUG] 	Line: combat-data Static: false
21/04/2019 19:15:32 [INFO] Adding command 'featherboard'
21/04/2019 19:15:32 [DEBUG] 	benchmark - 0
21/04/2019 19:15:31 [DEBUG] 	Line: combat-label Static: true
21/04/2019 19:15:28 [INFO] Loading event hook: Vanilla Combat hook ...
21/04/2019 19:15:28 [INFO] Loading event hook: Vanilla Block place hook ...
21/04/2019 19:15:32 [DEBUG] 	Line: townboard Static: false
21/04/2019 19:15:31 [DEBUG] 	Line: health-label Static: true
21/04/2019 19:15:28 [DEBUG] Loaded placeholder: twitter
21/04/2019 19:15:27 [DEBUG] Loaded placeholder: firework
21/04/2019 19:15:29 [INFO] Loading custom effect 'example2' ...
21/04/2019 19:15:28 [INFO] Loading placeholder [Unicode Characters] ...
21/04/2019 19:15:31 [DEBUG] 	Line: spacer1 Static: false
21/04/2019 19:15:28 [INFO] Loading placeholder [Statistics] ...
21/04/2019 19:15:28 [DEBUG] Loaded placeholder: sound
21/04/2019 19:15:29 [INFO] Creating new custom effect: example2
21/04/2019 19:15:31 [DEBUG] 	Line: footer Static: true
21/04/2019 19:15:26 [DEBUG] Loaded placeholder: armor
21/04/2019 19:15:28 [INFO] Loading placeholder [RedisBungee] ...
21/04/2019 19:15:28 [INFO] Loading placeholder [Sound Effects] ...
21/04/2019 19:15:31 [INFO] Loading scoreboard 'default' ...
21/04/2019 19:15:28 [DEBUG] Loaded placeholder: serverpinger
21/04/2019 19:15:26 [DEBUG] Loaded placeholder: bukkit
21/04/2019 19:15:31 [DEBUG] 	Line: footer Static: true
21/04/2019 19:15:32 [DEBUG] 	Line: title Static: false
21/04/2019 19:15:29 [INFO] Loading custom effect 'example1' ...
21/04/2019 19:15:31 [DEBUG] 	Line: server-line1 Static: false
21/04/2019 19:15:32 [DEBUG] 	mcmmo-levelup - 0
21/04/2019 19:15:28 [INFO] Checking for placeholder updates ...
21/04/2019 19:15:28 [INFO] Loading event hook: mcMMO Level down event ...
21/04/2019 19:15:27 [DEBUG] Loaded placeholder: factions1_8
21/04/2019 19:15:32 [DEBUG] Scoreboards groups sorted by priority:
21/04/2019 19:15:32 [DEBUG] 	Line: town-label Static: true
21/04/2019 19:15:32 [DEBUG] 	combat-scoreboard-example - 0
21/04/2019 19:15:32 [DEBUG] 	Line: header Static: true
21/04/2019 19:15:32 [INFO] Generating metrics information ...
21/04/2019 19:15:31 [DEBUG] 	Line: skilllevel Static: false
21/04/2019 19:15:31 [INFO] Loading scoreboard 'towny-town-example' ...
21/04/2019 19:15:32 [DEBUG] 	default - 10
21/04/2019 19:15:32 [INFO] Added 'PERMISSION' as the default scoreboard assign method
21/04/2019 19:15:32 [INFO] Toggle persistence is disabled!
21/04/2019 19:15:32 [DEBUG] 	Line: poplulation-data Static: true
21/04/2019 19:15:32 [DEBUG] 	Line: population-label Static: true
21/04/2019 19:15:25 [INFO] Loading language file: lang_en
21/04/2019 19:15:27 [INFO] Loading placeholder [Factions 1.8] ...
21/04/2019 19:15:32 [DEBUG] 	Line: spacer2 Static: false
21/04/2019 19:15:32 [DEBUG] 	Line: townboard-label Static: true
21/04/2019 19:15:28 [INFO] Loaded 2963 of the 2963 placholders
21/04/2019 19:15:32 [DEBUG] 	Line: spacer1 Static: false
21/04/2019 19:15:31 [DEBUG] 	Line: skilllevel-label Static: true
21/04/2019 19:15:31 [DEBUG] 	Line: skill Static: false
21/04/2019 19:15:31 [DEBUG] 	Line: spacer2 Static: true
21/04/2019 19:15:31 [DEBUG] 	Line: skill-label Static: true
21/04/2019 19:15:31 [DEBUG] 	Line: spacer1 Static: true
21/04/2019 19:15:31 [DEBUG] 	Line: header Static: true
21/04/2019 19:15:31 [DEBUG] 	Line: title Static: false
21/04/2019 19:15:31 [INFO] Loading scoreboard 'mcmmo-levelup' ...
21/04/2019 19:15:31 [DEBUG] 	Line: server-line2 Static: false
21/04/2019 19:15:31 [DEBUG] 	Line: title Static: false
21/04/2019 19:15:27 [INFO] Loading placeholder [FireworkEffect] ...
21/04/2019 19:15:29 [INFO] Creating new custom effect: example1
21/04/2019 19:15:31 [DEBUG] 	Line: title Static: false
21/04/2019 19:15:31 [DEBUG] 	Line: health-data-2 Static: false
21/04/2019 19:15:31 [DEBUG] 	Line: player-line1 Static: false
21/04/2019 19:15:28 [INFO] Loading placeholder [Twitter] ...
21/04/2019 19:15:31 [DEBUG] 	Line: header Static: true
21/04/2019 19:15:28 [INFO] Loading placeholder [TicksPerSecond] ...
21/04/2019 19:15:28 [DEBUG] Loaded placeholder: tickspersecond
21/04/2019 19:15:28 [INFO] Loading placeholder [Previous Names] ...
21/04/2019 19:15:30 [DEBUG] 	Line: line4 Static: false
21/04/2019 19:15:27 [DEBUG] Loaded placeholder: hotbar
21/04/2019 19:15:27 [INFO] Loading placeholder [Geographical] ...
21/04/2019 19:15:27 [DEBUG] Loaded placeholder: java
21/04/2019 19:15:26 [INFO] Loading placeholder [Armor] ...
21/04/2019 19:15:27 [DEBUG] Loaded placeholder: memory
21/04/2019 19:15:27 [INFO] Loading placeholder [Permissions] ...
21/04/2019 19:15:26 [INFO] Loading placeholder [Bukkit] ...
21/04/2019 19:15:26 [INFO] Loading placeholder [BungeeCord] ...
21/04/2019 19:15:28 [DEBUG] Loaded placeholder: player
21/04/2019 19:15:31 [DEBUG] 	Line: timesplayed-label Static: false
21/04/2019 19:15:25 [DEBUG] Loaded placeholder: MySQL
21/04/2019 19:15:27 [INFO] Loading placeholder [JavaInfo] ...
21/04/2019 19:15:30 [DEBUG] 	Line: line2 Static: false
21/04/2019 19:15:29 [DEBUG]  - Server supports Team entries
21/04/2019 19:15:25 [DEBUG] Loaded placeholder: CustomPlaceholders
21/04/2019 19:15:27 [INFO] Loading placeholder [Memory] ...
21/04/2019 19:15:31 [DEBUG] 	Line: spacer3 Static: true
21/04/2019 19:15:31 [DEBUG] 	Line: server-label Static: false
21/04/2019 19:15:31 [DEBUG] 	Line: news Static: false
21/04/2019 19:15:25 [INFO] Loading internal placeholders ...
21/04/2019 19:15:25 [INFO] Loading placeholders and event triggers ...
21/04/2019 19:15:29 [INFO] Creating new custom effect: example3
21/04/2019 19:15:27 [INFO] Loading placeholder [Hotbar] ...
21/04/2019 19:15:28 [DEBUG] Loaded placeholder: previousnames
21/04/2019 19:15:31 [DEBUG] 	Line: player-line2 Static: true
21/04/2019 19:15:31 [DEBUG] 	Line: news-info Static: false
21/04/2019 19:15:31 [DEBUG] 	Line: timesplayed Static: true
21/04/2019 19:15:28 [INFO] Loading event hook: Vanilla player join ...
21/04/2019 19:15:27 [DEBUG] Loaded placeholder: multiverse
21/04/2019 19:15:25 [INFO] Fetching available placeholders from server ...
21/04/2019 19:15:28 [DEBUG] Loaded placeholder: unicode
21/04/2019 19:15:28 [DEBUG] Loaded placeholder: redisbungee
21/04/2019 19:15:30 [DEBUG] 	Line: line6 Static: false
21/04/2019 19:15:31 [DEBUG] 	Line: line14 Static: false
21/04/2019 19:15:31 [DEBUG] 	Line: info-label Static: false
21/04/2019 19:15:31 [DEBUG] 	Line: line11 Static: false
21/04/2019 19:15:31 [DEBUG] 	Line: line13 Static: false
21/04/2019 19:15:30 [DEBUG] 	Line: line7 Static: false
21/04/2019 19:15:31 [DEBUG] 	Line: line12 Static: false
21/04/2019 19:15:31 [DEBUG] 	Line: line8 Static: false
21/04/2019 19:15:28 [INFO] Loading placeholder [SuperbVote] ...
21/04/2019 19:15:31 [DEBUG] 	Line: health-data-1 Static: false
21/04/2019 19:15:35 [DEBUG] Refreshing group 'default' for new custom placeholder 'factionstop_rank:3'
21/04/2019 19:15:29 [INFO] Using OPTIMAL as the update strategy
21/04/2019 19:15:30 [DEBUG] 	Line: title Static: false
21/04/2019 19:15:27 [DEBUG] Loaded placeholder: geographical
21/04/2019 19:15:30 [INFO] Loading scoreboard 'benchmark' ...
21/04/2019 19:15:28 [INFO] Loading event hook: Vanilla Create portal hook ...
21/04/2019 19:15:27 [DEBUG] Loaded placeholder: permissions
21/04/2019 19:15:27 [INFO] Loading placeholder [Multiverse-Core] ...
21/04/2019 19:15:31 [DEBUG] 	Line: line10 Static: false
21/04/2019 19:15:28 [DEBUG] Loaded placeholder: statistics
21/04/2019 19:15:28 [INFO] Loading event hook: Vanilla player join ...
21/04/2019 19:15:28 [INFO] Loading event hook: Vanilla Death hook ...
21/04/2019 19:15:28 [INFO] Loading event hook: Vanilla Block place hook ...
21/04/2019 19:15:28 [INFO] Loading event hook: Vanilla Combat hook ...
21/04/2019 19:15:32 [DEBUG] 	Adding sub command 'reload'
21/04/2019 19:15:32 [DEBUG] 	Adding sub command 'off'
21/04/2019 19:15:31 [DEBUG] 	Line: line9 Static: false
21/04/2019 19:15:28 [INFO] Loading placeholder [VanillaEvents] ...
21/04/2019 19:15:28 [INFO] Loading event hook: Vanilla Death hook ...
21/04/2019 19:15:31 [DEBUG] 	Line: spacer2 Static: true
21/04/2019 19:15:28 [INFO] Loading event hook: Vanilla Create portal hook ...
21/04/2019 19:15:27 [INFO] Loading placeholder [Player] ...
21/04/2019 19:15:32 [DEBUG] 	Line: footer Static: true
21/04/2019 19:15:31 [DEBUG] 	Line: player-label Static: true
21/04/2019 19:15:31 [DEBUG] 	Line: spacer1 Static: true
21/04/2019 19:15:29 [DEBUG] Using SCOREBOARD v7
21/04/2019 19:15:30 [DEBUG] 	Line: line1 Static: false
21/04/2019 19:15:30 [DEBUG] 	Line: line3 Static: false
21/04/2019 19:15:30 [DEBUG] 	Line: line5 Static: false
21/04/2019 19:15:26 [DEBUG] Loaded placeholder: bungeecord
21/04/2019 19:15:26 [DEBUG] Loaded placeholder: color
21/04/2019 19:15:28 [DEBUG] Loaded placeholder: superbvote
21/04/2019 19:15:28 [INFO] Loading placeholder [ServerPinger] ...
21/04/2019 19:15:26 [INFO] Loading placeholder [Color] ...
21/04/2019 19:15:26 [DEBUG] Loaded placeholder: command
21/04/2019 19:15:26 [INFO] Loading placeholder [CommandPlaceholderPack] ...
21/04/2019 19:15:26 [INFO] Loading placeholder [Compass placeholders] ...
21/04/2019 19:15:28 [DEBUG] Loaded placeholder: vanillaevents
21/04/2019 19:15:28 [INFO] Loading event hook: Vanilla Block break hook ...
21/04/2019 19:15:26 [INFO] Loading placeholder [Economy] ...
21/04/2019 19:15:28 [INFO] Loading event hook: Vanilla player rejoin ...
21/04/2019 19:15:26 [DEBUG] Loaded placeholder: economy
21/04/2019 19:15:26 [INFO] Loading placeholder [Effects] ...
21/04/2019 19:15:26 [DEBUG] Loaded placeholder: enjin
21/04/2019 19:15:28 [INFO] Loading event hook: Vanilla player rejoin ...
21/04/2019 19:15:26 [DEBUG] Loaded placeholder: playereffects
21/04/2019 19:15:28 [INFO] Loading event hook: Vanilla player first join ...
21/04/2019 19:15:28 [INFO] Loading event hook: Vanilla Block break hook ...
21/04/2019 19:15:26 [INFO] Loading placeholder [Enjin] ...
21/04/2019 19:15:26 [DEBUG] Loaded placeholder: compass
21/04/2019 19:15:40 [INFO] Fetching modules from server ...
21/04/2019 19:15:40 [INFO] Checking for module updates ...
