23/04/2019 20:55:57 [INFO] Loading placeholder [Entities] ...
23/04/2019 20:55:57 [DEBUG] Loaded placeholder: enjin
23/04/2019 20:56:10 [DEBUG] Refreshing group 'mcmmo-levelup' for new custom placeholder 'factionstop_rank:3'
23/04/2019 20:56:10 [DEBUG] Refreshing group 'towny-town-example' for new custom placeholder 'factionstop_rank:3'
23/04/2019 20:56:10 [DEBUG] Refreshing group 'combat-scoreboard-example' for new custom placeholder 'factionstop_rank:3'
23/04/2019 20:56:10 [DEBUG] Refreshing group 'benchmark' for new custom placeholder 'factionstop_rank:2'
23/04/2019 20:56:10 [DEBUG] Refreshing group 'default' for new custom placeholder 'factionstop_rank:2'
23/04/2019 20:56:10 [DEBUG] Refreshing group 'combat-scoreboard-example' for new custom placeholder 'factionstop_rank:2'
23/04/2019 20:56:10 [DEBUG] Refreshing group 'benchmark' for new custom placeholder 'factionstop_rank:last'
23/04/2019 20:56:10 [DEBUG] Refreshing group 'combat-scoreboard-example' for new custom placeholder 'factionstop_rank:last'
23/04/2019 20:56:10 [DEBUG] Refreshing group 'default' for new custom placeholder 'factionstop_rank:last'
23/04/2019 20:56:05 [DEBUG] 	Adding sub command 'createscoreboard'
23/04/2019 20:56:05 [DEBUG] 	Adding sub command 'modules'
23/04/2019 20:56:05 [DEBUG] 	Adding sub command 'info'
23/04/2019 20:56:00 [DEBUG] Loaded placeholder: world
23/04/2019 20:56:00 [INFO] Loading placeholder [World] ...
23/04/2019 20:56:05 [DEBUG] 	Adding sub command 'removescoreboard'
23/04/2019 20:56:00 [INFO] Loading event hook: Vanilla player first join ...
23/04/2019 20:56:05 [DEBUG] 	Adding sub command 'show'
23/04/2019 20:56:10 [DEBUG] Refreshing group 'mcmmo-levelup' for new custom placeholder 'factionstop_rank:1'
23/04/2019 20:56:10 [DEBUG] Refreshing group 'mcmmo-levelup' for new custom placeholder 'factionstop_rank:2'
23/04/2019 20:56:10 [DEBUG] Refreshing group 'towny-town-example' for new custom placeholder 'factionstop_rank:1'
23/04/2019 20:56:10 [DEBUG] Refreshing group 'default' for new custom placeholder 'factionstop_rank:3'
23/04/2019 20:56:05 [DEBUG] 	Adding sub command 'module'
23/04/2019 20:56:10 [DEBUG] Refreshing group 'benchmark' for new custom placeholder 'factionstop_rank:3'
23/04/2019 20:56:00 [INFO] Loading event hook: Vanilla Create portal hook ...
23/04/2019 20:56:05 [DEBUG] 	Adding sub command 'editsetting'
23/04/2019 20:56:10 [DEBUG] Refreshing group 'mcmmo-levelup' for new custom placeholder 'factionstop_rank:last'
23/04/2019 20:56:05 [DEBUG] 	Adding sub command 'hide'
23/04/2019 20:56:10 [DEBUG] Refreshing group 'default' for new custom placeholder 'factionstop_rank:1'
23/04/2019 20:56:10 [DEBUG] Refreshing group 'towny-town-example' for new custom placeholder 'factionstop_rank:last'
23/04/2019 20:56:10 [DEBUG] Refreshing group 'combat-scoreboard-example' for new custom placeholder 'factionstop_rank:1'
23/04/2019 20:55:57 [INFO] Loading placeholder [Essentials] ...
23/04/2019 20:56:00 [DEBUG] Loaded placeholder: worldborder
23/04/2019 20:56:05 [DEBUG] 	Adding sub command 'add'
23/04/2019 20:56:00 [INFO] Loading placeholder [WorldBorder] ...
23/04/2019 20:55:57 [DEBUG] Loaded placeholder: entities
23/04/2019 20:56:05 [DEBUG] 	Adding sub command 'remove'
23/04/2019 20:56:00 [INFO] Loading event hook: mcMMO Party Level up ...
23/04/2019 20:56:05 [DEBUG] 	Adding sub command 'permissions'
23/04/2019 20:56:05 [DEBUG] 	Adding sub command 'reload'
23/04/2019 20:56:05 [DEBUG] 	Adding sub command 'about'
23/04/2019 20:56:05 [DEBUG] 	Adding sub command 'help'
23/04/2019 20:56:05 [DEBUG] 	Adding sub command 'reload'
23/04/2019 20:56:00 [INFO] Loading event hook: mcMMO Level down event ...
23/04/2019 20:55:58 [INFO] Loading placeholder [Factions] ...
23/04/2019 20:56:00 [INFO] Loading event hook: mcMMO Level up event ...
23/04/2019 20:56:00 [INFO] Loading event hook: mcMMO Party Level up ...
23/04/2019 20:56:00 [DEBUG] Loaded placeholder: mcmmo
23/04/2019 20:56:00 [INFO] Loading event hook: WorldGuard Region ...
23/04/2019 20:55:57 [INFO] Loading placeholder [Facebook] ...
23/04/2019 20:56:00 [INFO] Loading placeholder [mcMMO] ...
23/04/2019 20:55:58 [DEBUG] Loaded placeholder: facebook
23/04/2019 20:55:57 [DEBUG] Loaded placeholder: essentials
23/04/2019 20:56:00 [INFO] Loading event hook: WorldGuard Region ...
23/04/2019 20:56:00 [INFO] Loading placeholder [WorldGuard] ...
23/04/2019 20:56:00 [DEBUG] Loaded placeholder: worldguard
23/04/2019 20:56:05 [DEBUG] 	Adding sub command 'off'
23/04/2019 20:56:05 [DEBUG] 	Adding sub command 'parse'
23/04/2019 20:56:05 [DEBUG] 	Adding sub command 'placeholders'
23/04/2019 20:56:05 [DEBUG] 	Adding sub command 'generatebbcode'
23/04/2019 20:56:05 [DEBUG] 	Line: town-data Static: true
23/04/2019 20:56:05 [DEBUG] 	Line: skilllevel Static: false
23/04/2019 20:56:05 [DEBUG] 	Line: skilllevel-label Static: true
23/04/2019 20:56:05 [DEBUG] 	Line: spacer2 Static: true
23/04/2019 20:56:05 [DEBUG] 	Line: skill-label Static: true
23/04/2019 20:56:05 [DEBUG] 	Line: spacer1 Static: true
23/04/2019 20:56:05 [DEBUG] 	Line: info-label Static: false
23/04/2019 20:55:55 [INFO] Loading language file: lang_en
23/04/2019 20:56:05 [INFO] Loading scoreboard 'mcmmo-levelup' ...
23/04/2019 20:55:59 [DEBUG] Loaded placeholder: factions1_8
23/04/2019 20:56:05 [WARNING] Scoreboard group 'default' has too many lines!
23/04/2019 20:56:05 [DEBUG] 	Line: server-line2 Static: false
23/04/2019 20:56:05 [DEBUG] 	Line: server-line1 Static: false
23/04/2019 20:56:05 [DEBUG] 	Line: server-line0 Static: true
23/04/2019 20:56:05 [DEBUG] 	Adding sub command 'on'
23/04/2019 20:56:05 [DEBUG] 	Line: spacer3 Static: true
23/04/2019 20:56:05 [DEBUG] 	Line: timesplayed-label Static: false
23/04/2019 20:56:05 [DEBUG] 	Line: player-label Static: true
23/04/2019 20:56:05 [DEBUG] 	Line: title Static: false
23/04/2019 20:55:59 [INFO] Loading placeholder [FireworkEffect] ...
23/04/2019 20:55:55 [INFO] Loading messages ...
23/04/2019 20:56:04 [DEBUG] 	Line: health-label Static: true
23/04/2019 20:56:05 [DEBUG] 	Adding sub command 'toggle'
23/04/2019 20:56:04 [DEBUG] 	Line: combat-label Static: true
23/04/2019 20:56:04 [DEBUG] 	Line: title Static: false
23/04/2019 20:56:05 [INFO] Adding command 'featherboard'
23/04/2019 20:55:59 [DEBUG] Loaded placeholder: factions1_6
23/04/2019 20:56:05 [INFO] Generating metrics information ...
23/04/2019 20:56:00 [INFO] Loading event hook: mcMMO Level up event ...
23/04/2019 20:56:05 [INFO] Added 'PERMISSION' as the default scoreboard assign method
23/04/2019 20:56:05 [DEBUG] 	towny-town-example - 0
23/04/2019 20:56:05 [DEBUG] 	mcmmo-levelup - 0
23/04/2019 20:56:01 [INFO] Creating new custom effect: example2
23/04/2019 20:56:05 [DEBUG] 	Line: poplulation-data Static: true
23/04/2019 20:56:05 [DEBUG] 	Line: population-label Static: true
23/04/2019 20:56:05 [DEBUG] 	Line: spacer2 Static: false
23/04/2019 20:56:05 [DEBUG] 	Line: townboard Static: false
23/04/2019 20:56:05 [DEBUG] 	Line: town-label Static: true
23/04/2019 20:56:05 [DEBUG] 	Line: header Static: true
23/04/2019 20:56:05 [DEBUG] 	Line: spacer1 Static: false
23/04/2019 20:56:00 [INFO] Loaded 3054 of the 3054 placholders
23/04/2019 20:56:04 [DEBUG] 	Line: header Static: true
23/04/2019 20:56:05 [INFO] Loading scoreboard 'towny-town-example' ...
23/04/2019 20:56:00 [INFO] Checking for placeholder updates ...
23/04/2019 20:55:59 [INFO] Loading placeholder [Factions 1.8] ...
23/04/2019 20:56:05 [DEBUG] 	Line: footer Static: true
23/04/2019 20:56:05 [DEBUG] Scoreboards groups sorted by priority:
23/04/2019 20:56:00 [INFO] Loading event hook: mcMMO Level down event ...
23/04/2019 20:56:05 [DEBUG] 	benchmark - 0
23/04/2019 20:56:05 [DEBUG] 	combat-scoreboard-example - 0
23/04/2019 20:56:04 [DEBUG] 	Line: line13 Static: false
23/04/2019 20:56:04 [DEBUG] 	Line: line14 Static: false
23/04/2019 20:56:05 [DEBUG] 	Line: spacer2 Static: true
23/04/2019 20:56:04 [DEBUG] 	Line: line15 Static: false
23/04/2019 20:56:04 [DEBUG] 	Line: line12 Static: false
23/04/2019 20:56:04 [DEBUG] 	Line: spacer1 Static: false
23/04/2019 20:56:04 [INFO] Loading scoreboard 'combat-scoreboard-example' ...
23/04/2019 20:55:59 [INFO] Loading placeholder [RedisBungee] ...
23/04/2019 20:55:59 [INFO] Loading placeholder [Previous Names] ...
23/04/2019 20:56:02 [DEBUG] 	Line: line1 Static: false
23/04/2019 20:55:59 [DEBUG] Loaded placeholder: player
23/04/2019 20:55:57 [DEBUG] Loaded placeholder: armor
23/04/2019 20:56:04 [DEBUG] 	Line: health-data-2 Static: false
23/04/2019 20:55:59 [DEBUG] Loaded placeholder: permissions
23/04/2019 20:55:59 [INFO] Loading placeholder [Player] ...
23/04/2019 20:55:59 [INFO] Loading placeholder [Statistics] ...
23/04/2019 20:55:59 [DEBUG] Loaded placeholder: previousnames
23/04/2019 20:55:59 [DEBUG] Loaded placeholder: statistics
23/04/2019 20:56:05 [DEBUG] 	Line: header Static: true
23/04/2019 20:55:59 [DEBUG] Loaded placeholder: tickspersecond
23/04/2019 20:55:59 [DEBUG] Loaded placeholder: superbvote
23/04/2019 20:55:59 [INFO] Loading placeholder [Twitter] ...
23/04/2019 20:55:59 [INFO] Loading placeholder [TicksPerSecond] ...
23/04/2019 20:56:00 [INFO] Loading placeholder [Unicode Characters] ...
23/04/2019 20:56:00 [DEBUG] Loaded placeholder: twitter
23/04/2019 20:56:00 [DEBUG] Loaded placeholder: unicode
23/04/2019 20:56:05 [DEBUG] 	Line: townboard-label Static: true
23/04/2019 20:56:00 [INFO] Loading event hook: Vanilla Combat hook ...
23/04/2019 20:56:00 [INFO] Loading event hook: Vanilla Block break hook ...
23/04/2019 20:56:05 [DEBUG] 	default - 10
23/04/2019 20:56:00 [INFO] Loading event hook: Vanilla player rejoin ...
23/04/2019 20:56:00 [DEBUG] Loaded placeholder: vanillaevents
23/04/2019 20:56:00 [INFO] Loading event hook: Vanilla Death hook ...
23/04/2019 20:56:05 [INFO] Toggle persistence is disabled!
23/04/2019 20:56:00 [INFO] Loading event hook: Vanilla player join ...
23/04/2019 20:56:00 [INFO] Loading event hook: Vanilla Block break hook ...
23/04/2019 20:56:00 [INFO] Loading event hook: Vanilla player first join ...
23/04/2019 20:56:05 [DEBUG] 	Adding sub command 'debug'
23/04/2019 20:56:00 [INFO] Loading event hook: Vanilla player rejoin ...
23/04/2019 20:56:00 [INFO] Loading event hook: Vanilla player join ...
23/04/2019 20:56:00 [INFO] Loading event hook: Vanilla Death hook ...
23/04/2019 20:55:56 [INFO] Loading placeholder [Armor] ...
23/04/2019 20:55:59 [DEBUG] Loaded placeholder: multiverse
23/04/2019 20:55:59 [INFO] Loading placeholder [Permissions] ...
23/04/2019 20:55:59 [DEBUG] Loaded placeholder: memory
23/04/2019 20:56:04 [DEBUG] 	Line: line9 Static: false
23/04/2019 20:55:56 [INFO] Fetching available placeholders from server ...
23/04/2019 20:55:56 [DEBUG] Loaded placeholder: MySQL
23/04/2019 20:55:59 [DEBUG] Loaded placeholder: java
23/04/2019 20:55:59 [INFO] Loading placeholder [Memory] ...
23/04/2019 20:55:59 [INFO] Loading placeholder [JavaInfo] ...
23/04/2019 20:55:56 [DEBUG] Loaded placeholder: CustomPlaceholders
23/04/2019 20:55:59 [DEBUG] Loaded placeholder: hotbar
23/04/2019 20:55:55 [INFO] Loading internal placeholders ...
23/04/2019 20:55:59 [DEBUG] Loaded placeholder: geographical
23/04/2019 20:56:02 [DEBUG] Using SCOREBOARD v7
23/04/2019 20:55:59 [INFO] Loading placeholder [Hotbar] ...
23/04/2019 20:56:02 [DEBUG]  - Server supports Team entries
23/04/2019 20:56:02 [DEBUG]  - Server supports Objective entries
23/04/2019 20:56:01 [INFO] Loading custom effect 'example3' ...
23/04/2019 20:56:01 [INFO] Creating new custom effect: example3
23/04/2019 20:55:59 [INFO] Loading placeholder [Geographical] ...
23/04/2019 20:56:02 [INFO] Loading scoreboard 'benchmark' ...
23/04/2019 20:55:59 [DEBUG] Loaded placeholder: firework
23/04/2019 20:56:10 [DEBUG] Refreshing group 'benchmark' for new custom placeholder 'factionstop_rank:1'
23/04/2019 20:56:02 [INFO] Using OPTIMAL as the update strategy
23/04/2019 20:56:02 [DEBUG] 	Line: title Static: false
23/04/2019 20:56:03 [DEBUG] 	Line: line2 Static: false
23/04/2019 20:56:10 [DEBUG] Refreshing group 'towny-town-example' for new custom placeholder 'factionstop_rank:2'
23/04/2019 20:56:03 [DEBUG] 	Line: line3 Static: false
23/04/2019 20:56:03 [DEBUG] 	Line: line6 Static: false
23/04/2019 20:56:03 [DEBUG] 	Line: line5 Static: false
23/04/2019 20:56:03 [DEBUG] 	Line: line4 Static: false
23/04/2019 20:56:04 [DEBUG] 	Line: line11 Static: false
23/04/2019 20:56:04 [DEBUG] 	Line: line10 Static: false
23/04/2019 20:56:03 [DEBUG] 	Line: line8 Static: false
23/04/2019 20:55:55 [INFO] Loading placeholders and event triggers ...
23/04/2019 20:56:03 [DEBUG] 	Line: line7 Static: false
23/04/2019 20:56:04 [DEBUG] 	Line: combat-data Static: false
23/04/2019 20:56:04 [DEBUG] 	Line: footer Static: true
23/04/2019 20:56:01 [INFO] Loading custom effect 'example2' ...
23/04/2019 20:56:05 [DEBUG] 	Line: player-line1 Static: false
23/04/2019 20:56:04 [INFO] Loading scoreboard 'default' ...
23/04/2019 20:56:05 [DEBUG] 	Line: header Static: true
23/04/2019 20:56:04 [DEBUG] 	Line: health-data-1 Static: false
23/04/2019 20:56:05 [DEBUG] 	Line: spacer1 Static: true
23/04/2019 20:56:05 [DEBUG] 	Line: news-info Static: false
23/04/2019 20:56:01 [INFO] Creating new custom effect: example1
23/04/2019 20:55:57 [INFO] Loading placeholder [BungeeCord] ...
23/04/2019 20:56:05 [DEBUG] 	Line: timesplayed Static: true
23/04/2019 20:56:01 [INFO] Loading custom effect 'example1' ...
23/04/2019 20:56:05 [DEBUG] 	Line: skill Static: false
23/04/2019 20:56:05 [DEBUG] 	Line: title Static: false
23/04/2019 20:55:57 [DEBUG] Loaded placeholder: bungeecord
23/04/2019 20:55:59 [DEBUG] Loaded placeholder: redisbungee
23/04/2019 20:56:05 [DEBUG] 	Line: footer Static: true
23/04/2019 20:55:59 [INFO] Loading placeholder [Sound Effects] ...
23/04/2019 20:55:57 [INFO] Loading placeholder [Color] ...
23/04/2019 20:55:59 [INFO] Loading placeholder [SuperbVote] ...
23/04/2019 20:55:57 [INFO] Loading placeholder [CommandPlaceholderPack] ...
23/04/2019 20:56:05 [DEBUG] 	Line: title Static: false
23/04/2019 20:55:59 [INFO] Loading placeholder [ServerPinger] ...
23/04/2019 20:56:05 [DEBUG] 	Line: player-line2 Static: true
23/04/2019 20:56:00 [INFO] Loading event hook: Vanilla Combat hook ...
23/04/2019 20:55:57 [DEBUG] Loaded placeholder: economy
23/04/2019 20:55:57 [INFO] Loading placeholder [Enjin] ...
23/04/2019 20:56:00 [INFO] Loading event hook: Vanilla Create portal hook ...
23/04/2019 20:55:57 [INFO] Loading placeholder [Compass placeholders] ...
23/04/2019 20:56:05 [DEBUG] 	Line: server-label Static: false
23/04/2019 20:55:59 [DEBUG] Loaded placeholder: serverpinger
23/04/2019 20:55:57 [DEBUG] Loaded placeholder: command
23/04/2019 20:56:00 [INFO] Loading placeholder [VanillaEvents] ...
23/04/2019 20:55:57 [DEBUG] Loaded placeholder: compass
23/04/2019 20:56:00 [INFO] Loading event hook: Vanilla Block place hook ...
23/04/2019 20:56:00 [INFO] Loading event hook: Vanilla Block place hook ...
23/04/2019 20:55:57 [INFO] Loading placeholder [Effects] ...
23/04/2019 20:55:57 [DEBUG] Loaded placeholder: playereffects
23/04/2019 20:55:59 [DEBUG] Loaded placeholder: sound
23/04/2019 20:55:57 [INFO] Loading placeholder [Economy] ...
23/04/2019 20:56:05 [DEBUG] 	Adding sub command 'gui'
23/04/2019 20:55:57 [INFO] Loading placeholder [Bukkit] ...
23/04/2019 20:55:57 [DEBUG] Loaded placeholder: bukkit
23/04/2019 20:56:05 [DEBUG] 	Line: news Static: false
23/04/2019 20:55:57 [DEBUG] Loaded placeholder: color
23/04/2019 20:55:59 [INFO] Loading placeholder [Multiverse-Core] ...
23/04/2019 20:56:20 [INFO] Fetching modules from server ...
23/04/2019 20:56:20 [INFO] Checking for module updates ...
