19/04/2019 14:25:59 [INFO] Loading messages ...
19/04/2019 14:26:08 [DEBUG] Refreshing group 'towny-town-example' for new custom placeholder 'factionstop_rank:3'
19/04/2019 14:26:08 [DEBUG] Refreshing group 'mcmmo-levelup' for new custom placeholder 'factionstop_rank:3'
19/04/2019 14:26:08 [DEBUG] Refreshing group 'default' for new custom placeholder 'factionstop_rank:last'
19/04/2019 14:26:02 [INFO] Loading placeholder [WorldGuard] ...
19/04/2019 14:26:02 [DEBUG] Loaded placeholder: worldguard
19/04/2019 14:26:05 [DEBUG] 	Adding sub command 'remove'
19/04/2019 14:26:05 [DEBUG] 	Adding sub command 'add'
19/04/2019 14:26:08 [DEBUG] Refreshing group 'combat-scoreboard-example' for new custom placeholder 'factionstop_rank:last'
19/04/2019 14:26:05 [DEBUG] 	Adding sub command 'modules'
19/04/2019 14:26:02 [DEBUG] Loaded placeholder: worldborder
19/04/2019 14:26:08 [DEBUG] Refreshing group 'default' for new custom placeholder 'factionstop_rank:1'
19/04/2019 14:26:08 [DEBUG] Refreshing group 'benchmark' for new custom placeholder 'factionstop_rank:last'
19/04/2019 14:26:02 [INFO] Loading event hook: WorldGuard Region ...
19/04/2019 14:26:08 [DEBUG] Refreshing group 'towny-town-example' for new custom placeholder 'factionstop_rank:last'
19/04/2019 14:26:08 [DEBUG] Refreshing group 'mcmmo-levelup' for new custom placeholder 'factionstop_rank:last'
19/04/2019 14:26:08 [DEBUG] Refreshing group 'mcmmo-levelup' for new custom placeholder 'factionstop_rank:1'
19/04/2019 14:26:08 [DEBUG] Refreshing group 'default' for new custom placeholder 'factionstop_rank:3'
19/04/2019 14:26:00 [DEBUG] Loaded placeholder: essentials
19/04/2019 14:26:08 [DEBUG] Refreshing group 'combat-scoreboard-example' for new custom placeholder 'factionstop_rank:2'
19/04/2019 14:26:08 [DEBUG] Refreshing group 'towny-town-example' for new custom placeholder 'factionstop_rank:2'
19/04/2019 14:26:02 [INFO] Loading event hook: WorldGuard Region ...
19/04/2019 14:26:08 [DEBUG] Refreshing group 'combat-scoreboard-example' for new custom placeholder 'factionstop_rank:1'
19/04/2019 14:26:08 [DEBUG] Refreshing group 'towny-town-example' for new custom placeholder 'factionstop_rank:1'
19/04/2019 14:26:05 [DEBUG] Refreshing group 'towny-town-example' for new custom placeholder 'envoy_cooldown'
19/04/2019 14:26:05 [DEBUG] Refreshing group 'combat-scoreboard-example' for new custom placeholder 'envoy_cooldown'
19/04/2019 14:26:08 [DEBUG] Refreshing group 'benchmark' for new custom placeholder 'factionstop_rank:2'
19/04/2019 14:26:02 [INFO] Loading placeholder [mcMMO] ...
19/04/2019 14:26:08 [DEBUG] Refreshing group 'benchmark' for new custom placeholder 'factionstop_rank:1'
19/04/2019 14:26:05 [DEBUG] Refreshing group 'benchmark' for new custom placeholder 'envoy_cooldown'
19/04/2019 14:26:05 [DEBUG] Refreshing group 'default' for new custom placeholder 'envoy_cooldown'
19/04/2019 14:26:00 [INFO] Loading placeholder [Facebook] ...
19/04/2019 14:26:05 [DEBUG] 	Adding sub command 'generatebbcode'
19/04/2019 14:26:00 [INFO] Loading placeholder [Essentials] ...
19/04/2019 14:26:05 [DEBUG] 	Adding sub command 'show'
19/04/2019 14:26:05 [DEBUG] 	Adding sub command 'parse'
19/04/2019 14:26:05 [DEBUG] 	Adding sub command 'editsetting'
19/04/2019 14:26:05 [DEBUG] 	Adding sub command 'removescoreboard'
19/04/2019 14:26:05 [DEBUG] 	Adding sub command 'createscoreboard'
19/04/2019 14:26:05 [DEBUG] 	Adding sub command 'hide'
19/04/2019 14:26:02 [INFO] Loading event hook: mcMMO Level down event ...
19/04/2019 14:26:01 [INFO] Loading placeholder [Factions 1.8] ...
19/04/2019 14:26:01 [DEBUG] Loaded placeholder: factions1_6
19/04/2019 14:26:02 [INFO] Loading event hook: mcMMO Level down event ...
19/04/2019 14:26:05 [DEBUG] Refreshing group 'towny-town-example' for new custom placeholder 'envoy_time_left'
19/04/2019 14:26:05 [DEBUG] Refreshing group 'mcmmo-levelup' for new custom placeholder 'envoy_time_left'
19/04/2019 14:25:59 [INFO] Loading language file: lang_en
19/04/2019 14:26:01 [INFO] Loading placeholder [Factions] ...
19/04/2019 14:26:02 [INFO] Loading event hook: mcMMO Level up event ...
19/04/2019 14:26:08 [DEBUG] Refreshing group 'mcmmo-levelup' for new custom placeholder 'factionstop_rank:2'
19/04/2019 14:26:05 [DEBUG] Refreshing group 'towny-town-example' for new custom placeholder 'envoy_crates_left'
19/04/2019 14:26:05 [DEBUG] Refreshing group 'mcmmo-levelup' for new custom placeholder 'envoy_cooldown'
19/04/2019 14:26:05 [DEBUG] 	Adding sub command 'info'
19/04/2019 14:26:02 [INFO] Loading event hook: mcMMO Party Level up ...
19/04/2019 14:26:08 [DEBUG] Refreshing group 'combat-scoreboard-example' for new custom placeholder 'factionstop_rank:3'
19/04/2019 14:26:08 [DEBUG] Refreshing group 'benchmark' for new custom placeholder 'factionstop_rank:3'
19/04/2019 14:26:05 [DEBUG] 	Adding sub command 'module'
19/04/2019 14:26:05 [DEBUG] Refreshing group 'combat-scoreboard-example' for new custom placeholder 'envoy_crates_left'
19/04/2019 14:26:05 [DEBUG] Refreshing group 'benchmark' for new custom placeholder 'envoy_crates_left'
19/04/2019 14:26:05 [DEBUG] Refreshing group 'mcmmo-levelup' for new custom placeholder 'envoy_crates_left'
19/04/2019 14:26:05 [DEBUG] Refreshing group 'default' for new custom placeholder 'envoy_crates_left'
19/04/2019 14:26:01 [DEBUG] Loaded placeholder: facebook
19/04/2019 14:26:02 [INFO] Loading event hook: mcMMO Party Level up ...
19/04/2019 14:26:05 [DEBUG] Refreshing group 'default' for new custom placeholder 'envoy_time_left'
19/04/2019 14:26:02 [DEBUG] Loaded placeholder: mcmmo
19/04/2019 14:26:05 [DEBUG] Refreshing group 'combat-scoreboard-example' for new custom placeholder 'envoy_time_left'
19/04/2019 14:26:05 [DEBUG] Refreshing group 'benchmark' for new custom placeholder 'envoy_time_left'
19/04/2019 14:26:02 [INFO] Loading event hook: mcMMO Level up event ...
19/04/2019 14:26:05 [DEBUG] 	Line: line11 Static: false
19/04/2019 14:26:05 [DEBUG] 	Line: line10 Static: false
19/04/2019 14:26:08 [DEBUG] Refreshing group 'default' for new custom placeholder 'factionstop_rank:2'
19/04/2019 14:26:05 [DEBUG] 	Line: line12 Static: false
19/04/2019 14:26:02 [DEBUG] Loaded placeholder: geographical
19/04/2019 14:26:05 [DEBUG] 	Line: line15 Static: false
19/04/2019 14:26:05 [DEBUG] 	Line: line13 Static: false
19/04/2019 14:26:03 [DEBUG]  - Server supports Objective entries
19/04/2019 14:26:05 [DEBUG] 	Line: title Static: false
19/04/2019 14:26:04 [DEBUG] 	Line: line8 Static: false
19/04/2019 14:26:05 [DEBUG] 	Line: header Static: true
19/04/2019 14:26:01 [INFO] Loading placeholder [Geographical] ...
19/04/2019 14:26:03 [INFO] Creating new custom effect: example3
19/04/2019 14:26:05 [DEBUG] 	Line: health-label Static: true
19/04/2019 14:26:05 [DEBUG] 	Line: health-data-1 Static: false
19/04/2019 14:26:05 [DEBUG] 	Line: footer Static: true
19/04/2019 14:26:05 [DEBUG] 	Line: combat-data Static: false
19/04/2019 14:26:04 [DEBUG] 	Line: line7 Static: false
19/04/2019 14:26:04 [DEBUG] 	Line: line9 Static: false
19/04/2019 14:26:02 [DEBUG] Loaded placeholder: previousnames
19/04/2019 14:26:00 [INFO] Loading placeholder [BungeeCord] ...
19/04/2019 14:26:05 [DEBUG] 	Line: spacer1 Static: false
19/04/2019 14:26:02 [INFO] Loading placeholder [RedisBungee] ...
19/04/2019 14:26:00 [DEBUG] Loaded placeholder: bukkit
19/04/2019 14:26:05 [DEBUG] 	Line: combat-label Static: true
19/04/2019 14:26:05 [DEBUG] 	Line: timesplayed-label Static: false
19/04/2019 14:26:02 [DEBUG] Loaded placeholder: serverpinger
19/04/2019 14:26:02 [INFO] Loading placeholder [Sound Effects] ...
19/04/2019 14:26:02 [INFO] Loading placeholder [Statistics] ...
19/04/2019 14:26:02 [DEBUG] Loaded placeholder: superbvote
19/04/2019 14:26:05 [INFO] Loading scoreboard 'towny-town-example' ...
19/04/2019 14:26:02 [INFO] Loading placeholder [Twitter] ...
19/04/2019 14:26:02 [INFO] Loading placeholder [Unicode Characters] ...
19/04/2019 14:26:02 [DEBUG] Loaded placeholder: tickspersecond
19/04/2019 14:26:02 [INFO] Loading placeholder [VanillaEvents] ...
19/04/2019 14:26:05 [DEBUG] 	Line: town-label Static: true
19/04/2019 14:26:05 [DEBUG] 	benchmark - 0
19/04/2019 14:26:02 [INFO] Loading event hook: Vanilla player join ...
19/04/2019 14:26:02 [INFO] Loading event hook: Vanilla Block place hook ...
19/04/2019 14:26:05 [DEBUG] 	Line: footer Static: true
19/04/2019 14:26:02 [INFO] Loading event hook: Vanilla Death hook ...
19/04/2019 14:26:02 [INFO] Loading event hook: Vanilla player join ...
19/04/2019 14:26:05 [DEBUG] 	Adding sub command 'off'
19/04/2019 14:26:02 [INFO] Loading placeholder [WorldBorder] ...
19/04/2019 14:26:02 [INFO] Loading event hook: Vanilla Create portal hook ...
19/04/2019 14:26:05 [DEBUG] 	Adding sub command 'reload'
19/04/2019 14:26:02 [INFO] Loading placeholder [World] ...
19/04/2019 14:26:05 [DEBUG] 	Adding sub command 'placeholders'
19/04/2019 14:26:02 [INFO] Loading placeholder [Previous Names] ...
19/04/2019 14:26:01 [DEBUG] Loaded placeholder: factions1_8
19/04/2019 14:26:05 [DEBUG] 	Line: townboard Static: false
19/04/2019 14:25:59 [INFO] Loading internal placeholders ...
19/04/2019 14:26:02 [INFO] Loading placeholder [Player] ...
19/04/2019 14:26:05 [DEBUG] 	Line: spacer1 Static: false
19/04/2019 14:26:00 [INFO] Loading placeholder [Bukkit] ...
19/04/2019 14:26:05 [DEBUG] 	Line: spacer2 Static: false
19/04/2019 14:26:05 [DEBUG] 	Adding sub command 'reload'
19/04/2019 14:26:05 [INFO] Adding command 'featherboard'
19/04/2019 14:26:02 [INFO] Checking for placeholder updates ...
19/04/2019 14:26:05 [DEBUG] 	Adding sub command 'about'
19/04/2019 14:26:05 [DEBUG] 	Adding sub command 'help'
19/04/2019 14:26:05 [DEBUG] 	Adding sub command 'toggle'
19/04/2019 14:26:05 [DEBUG] 	Adding sub command 'debug'
19/04/2019 14:26:05 [DEBUG] Scoreboards groups sorted by priority:
19/04/2019 14:26:03 [INFO] Loading custom effect 'example1' ...
19/04/2019 14:26:05 [DEBUG] 	combat-scoreboard-example - 0
19/04/2019 14:26:05 [DEBUG] 	Adding sub command 'permissions'
19/04/2019 14:26:05 [DEBUG] 	Adding sub command 'on'
19/04/2019 14:26:05 [DEBUG] 	Adding sub command 'gui'
19/04/2019 14:26:05 [INFO] Generating metrics information ...
19/04/2019 14:26:05 [INFO] Toggle persistence is disabled!
19/04/2019 14:26:05 [DEBUG] 	towny-town-example - 0
19/04/2019 14:26:05 [DEBUG] 	mcmmo-levelup - 0
19/04/2019 14:26:02 [INFO] Loaded 2962 of the 2962 placholders
19/04/2019 14:26:01 [INFO] Loading placeholder [FireworkEffect] ...
19/04/2019 14:25:59 [INFO] Loading placeholders and event triggers ...
19/04/2019 14:26:05 [DEBUG] 	Line: poplulation-data Static: true
19/04/2019 14:26:05 [DEBUG] 	default - 10
19/04/2019 14:26:05 [DEBUG] 	Line: population-label Static: true
19/04/2019 14:26:05 [DEBUG] 	Line: townboard-label Static: true
19/04/2019 14:26:05 [DEBUG] 	Line: skilllevel-label Static: true
19/04/2019 14:26:05 [DEBUG] 	Line: town-data Static: true
19/04/2019 14:26:03 [INFO] Creating new custom effect: example1
19/04/2019 14:26:05 [DEBUG] 	Line: header Static: true
19/04/2019 14:26:05 [DEBUG] 	Line: title Static: false
19/04/2019 14:26:05 [DEBUG] 	Line: header Static: true
19/04/2019 14:26:03 [INFO] Loading custom effect 'example2' ...
19/04/2019 14:26:05 [DEBUG] 	Line: footer Static: true
19/04/2019 14:26:05 [DEBUG] 	Line: skilllevel Static: false
19/04/2019 14:26:05 [DEBUG] 	Line: skill Static: false
19/04/2019 14:26:05 [DEBUG] 	Line: skill-label Static: true
19/04/2019 14:26:01 [DEBUG] Loaded placeholder: firework
19/04/2019 14:26:05 [DEBUG] 	Line: info-label Static: false
19/04/2019 14:26:05 [DEBUG] 	Line: title Static: false
19/04/2019 14:26:05 [DEBUG] 	Line: spacer1 Static: true
19/04/2019 14:26:05 [INFO] Loading scoreboard 'mcmmo-levelup' ...
19/04/2019 14:26:03 [INFO] Creating new custom effect: example2
19/04/2019 14:26:05 [DEBUG] 	Line: server-line2 Static: false
19/04/2019 14:26:05 [WARNING] Scoreboard group 'default' has too many lines!
19/04/2019 14:26:05 [DEBUG] 	Line: server-line1 Static: false
19/04/2019 14:26:05 [DEBUG] 	Line: spacer3 Static: true
19/04/2019 14:26:05 [DEBUG] 	Line: server-line0 Static: true
19/04/2019 14:26:05 [DEBUG] 	Line: server-label Static: false
19/04/2019 14:26:05 [DEBUG] 	Line: timesplayed Static: true
19/04/2019 14:26:03 [INFO] Loading custom effect 'example3' ...
19/04/2019 14:26:05 [DEBUG] 	Line: spacer2 Static: true
19/04/2019 14:26:05 [DEBUG] 	Line: news Static: false
19/04/2019 14:26:05 [INFO] Loading scoreboard 'combat-scoreboard-example' ...
19/04/2019 14:26:05 [DEBUG] 	Line: news-info Static: false
19/04/2019 14:26:02 [DEBUG] Loaded placeholder: world
19/04/2019 14:26:02 [INFO] Loading placeholder [JavaInfo] ...
19/04/2019 14:26:03 [DEBUG] Using SCOREBOARD v7
19/04/2019 14:25:59 [DEBUG] Loaded placeholder: CustomPlaceholders
19/04/2019 14:26:03 [DEBUG]  - Server supports Team entries
19/04/2019 14:26:03 [DEBUG] 	Line: title Static: false
19/04/2019 14:26:05 [INFO] Loading scoreboard 'default' ...
19/04/2019 14:26:05 [DEBUG] 	Line: health-data-2 Static: false
19/04/2019 14:26:04 [DEBUG] 	Line: line5 Static: false
19/04/2019 14:26:03 [DEBUG] 	Line: line1 Static: false
19/04/2019 14:26:04 [DEBUG] 	Line: line3 Static: false
19/04/2019 14:26:04 [DEBUG] 	Line: line2 Static: false
19/04/2019 14:26:05 [DEBUG] 	Line: header Static: true
19/04/2019 14:26:04 [DEBUG] 	Line: line4 Static: false
19/04/2019 14:26:05 [DEBUG] 	Line: player-line1 Static: false
19/04/2019 14:26:05 [DEBUG] 	Line: spacer1 Static: true
19/04/2019 14:26:05 [DEBUG] 	Line: player-line2 Static: true
19/04/2019 14:26:05 [INFO] Added 'PERMISSION' as the default scoreboard assign method
19/04/2019 14:26:02 [INFO] Loading event hook: Vanilla Create portal hook ...
19/04/2019 14:26:00 [DEBUG] Loaded placeholder: armor
19/04/2019 14:26:02 [INFO] Loading event hook: Vanilla Block break hook ...
19/04/2019 14:26:02 [DEBUG] Loaded placeholder: permissions
19/04/2019 14:26:02 [INFO] Loading event hook: Vanilla Combat hook ...
19/04/2019 14:26:02 [INFO] Loading event hook: Vanilla Combat hook ...
19/04/2019 14:26:02 [DEBUG] Loaded placeholder: hotbar
19/04/2019 14:26:02 [DEBUG] Loaded placeholder: memory
19/04/2019 14:26:04 [DEBUG] 	Line: line6 Static: false
19/04/2019 14:26:02 [INFO] Loading placeholder [Memory] ...
19/04/2019 14:26:00 [INFO] Loading placeholder [Armor] ...
19/04/2019 14:26:02 [DEBUG] Loaded placeholder: player
19/04/2019 14:26:03 [INFO] Using OPTIMAL as the update strategy
19/04/2019 14:26:05 [DEBUG] 	Line: player-label Static: true
19/04/2019 14:26:02 [INFO] Loading placeholder [Permissions] ...
19/04/2019 14:26:02 [INFO] Loading placeholder [Hotbar] ...
19/04/2019 14:26:02 [DEBUG] Loaded placeholder: java
19/04/2019 14:26:05 [DEBUG] 	Line: title Static: false
19/04/2019 14:26:03 [INFO] Loading scoreboard 'benchmark' ...
19/04/2019 14:26:05 [DEBUG] 	Line: spacer2 Static: true
19/04/2019 14:25:59 [DEBUG] Loaded placeholder: MySQL
19/04/2019 14:25:59 [INFO] Fetching available placeholders from server ...
19/04/2019 14:26:02 [INFO] Loading event hook: Vanilla Block place hook ...
19/04/2019 14:26:02 [INFO] Loading placeholder [SuperbVote] ...
19/04/2019 14:26:02 [INFO] Loading placeholder [ServerPinger] ...
19/04/2019 14:26:02 [DEBUG] Loaded placeholder: statistics
19/04/2019 14:26:02 [INFO] Loading event hook: Vanilla Block break hook ...
19/04/2019 14:26:05 [DEBUG] 	Line: line14 Static: false
19/04/2019 14:26:02 [DEBUG] Loaded placeholder: redisbungee
19/04/2019 14:26:02 [INFO] Loading placeholder [TicksPerSecond] ...
19/04/2019 14:26:00 [DEBUG] Loaded placeholder: compass
19/04/2019 14:26:02 [DEBUG] Loaded placeholder: unicode
19/04/2019 14:26:02 [DEBUG] Loaded placeholder: vanillaevents
19/04/2019 14:26:00 [INFO] Loading placeholder [Compass placeholders] ...
19/04/2019 14:26:00 [DEBUG] Loaded placeholder: command
19/04/2019 14:26:02 [DEBUG] Loaded placeholder: twitter
19/04/2019 14:26:00 [DEBUG] Loaded placeholder: color
19/04/2019 14:26:00 [INFO] Loading placeholder [CommandPlaceholderPack] ...
19/04/2019 14:26:00 [INFO] Loading placeholder [Color] ...
19/04/2019 14:26:00 [DEBUG] Loaded placeholder: bungeecord
19/04/2019 14:26:02 [DEBUG] Loaded placeholder: sound
19/04/2019 14:26:02 [INFO] Loading event hook: Vanilla player rejoin ...
19/04/2019 14:26:00 [DEBUG] Loaded placeholder: economy
19/04/2019 14:26:00 [INFO] Loading placeholder [Economy] ...
19/04/2019 14:26:00 [DEBUG] Loaded placeholder: entities
19/04/2019 14:26:02 [INFO] Loading event hook: Vanilla player rejoin ...
19/04/2019 14:26:02 [INFO] Loading event hook: Vanilla Death hook ...
19/04/2019 14:26:02 [INFO] Loading event hook: Vanilla player first join ...
19/04/2019 14:26:00 [DEBUG] Loaded placeholder: enjin
19/04/2019 14:26:00 [INFO] Loading placeholder [Effects] ...
19/04/2019 14:26:00 [DEBUG] Loaded placeholder: playereffects
19/04/2019 14:26:02 [INFO] Loading event hook: Vanilla player first join ...
19/04/2019 14:26:00 [INFO] Loading placeholder [Enjin] ...
19/04/2019 14:26:00 [INFO] Loading placeholder [Entities] ...
19/04/2019 14:26:14 [INFO] Checking for module updates ...
19/04/2019 14:26:14 [INFO] Fetching modules from server ...
