20/04/2019 14:37:51 [INFO] Loading placeholder [Entities] ...
20/04/2019 14:37:59 [DEBUG] Refreshing group 'towny-town-example' for new custom placeholder 'factionstop_rank:3'
20/04/2019 14:37:59 [DEBUG] Refreshing group 'mcmmo-levelup' for new custom placeholder 'factionstop_rank:3'
20/04/2019 14:37:59 [DEBUG] Refreshing group 'benchmark' for new custom placeholder 'factionstop_rank:3'
20/04/2019 14:37:51 [DEBUG] Loaded placeholder: entities
20/04/2019 14:37:59 [DEBUG] Refreshing group 'towny-town-example' for new custom placeholder 'factionstop_rank:2'
20/04/2019 14:37:59 [DEBUG] Refreshing group 'mcmmo-levelup' for new custom placeholder 'factionstop_rank:2'
20/04/2019 14:37:59 [DEBUG] Refreshing group 'combat-scoreboard-example' for new custom placeholder 'factionstop_rank:2'
20/04/2019 14:37:59 [DEBUG] Refreshing group 'benchmark' for new custom placeholder 'factionstop_rank:2'
20/04/2019 14:37:59 [DEBUG] Refreshing group 'towny-town-example' for new custom placeholder 'factionstop_rank:1'
20/04/2019 14:37:59 [DEBUG] Refreshing group 'default' for new custom placeholder 'factionstop_rank:2'
20/04/2019 14:37:59 [DEBUG] Refreshing group 'mcmmo-levelup' for new custom placeholder 'factionstop_rank:1'
20/04/2019 14:37:59 [DEBUG] Refreshing group 'benchmark' for new custom placeholder 'factionstop_rank:1'
20/04/2019 14:37:59 [DEBUG] Refreshing group 'default' for new custom placeholder 'factionstop_rank:1'
20/04/2019 14:37:59 [DEBUG] Refreshing group 'towny-town-example' for new custom placeholder 'factionstop_rank:last'
20/04/2019 14:37:59 [DEBUG] Refreshing group 'mcmmo-levelup' for new custom placeholder 'factionstop_rank:last'
20/04/2019 14:37:59 [DEBUG] Refreshing group 'combat-scoreboard-example' for new custom placeholder 'factionstop_rank:last'
20/04/2019 14:37:59 [DEBUG] Refreshing group 'benchmark' for new custom placeholder 'factionstop_rank:last'
20/04/2019 14:37:53 [INFO] Loading event hook: WorldGuard Region ...
20/04/2019 14:37:51 [DEBUG] Loaded placeholder: essentials
20/04/2019 14:37:53 [INFO] Loading placeholder [WorldGuard] ...
20/04/2019 14:37:56 [DEBUG] 	Adding sub command 'module'
20/04/2019 14:37:53 [DEBUG] Loaded placeholder: worldborder
20/04/2019 14:37:51 [INFO] Loading placeholder [Essentials] ...
20/04/2019 14:37:59 [DEBUG] Refreshing group 'combat-scoreboard-example' for new custom placeholder 'factionstop_rank:1'
20/04/2019 14:37:59 [DEBUG] Refreshing group 'combat-scoreboard-example' for new custom placeholder 'factionstop_rank:3'
20/04/2019 14:37:56 [DEBUG] 	Adding sub command 'remove'
20/04/2019 14:37:56 [DEBUG] 	Adding sub command 'add'
20/04/2019 14:37:53 [INFO] Loading placeholder [WorldBorder] ...
20/04/2019 14:37:56 [DEBUG] 	Adding sub command 'info'
20/04/2019 14:37:56 [DEBUG] 	Adding sub command 'removescoreboard'
20/04/2019 14:37:53 [DEBUG] Loaded placeholder: world
20/04/2019 14:37:56 [DEBUG] 	Adding sub command 'modules'
20/04/2019 14:37:56 [DEBUG] 	Adding sub command 'createscoreboard'
20/04/2019 14:37:59 [DEBUG] Refreshing group 'default' for new custom placeholder 'factionstop_rank:last'
20/04/2019 14:37:53 [INFO] Loading placeholder [World] ...
20/04/2019 14:37:53 [DEBUG] Loaded placeholder: worldguard
20/04/2019 14:37:56 [DEBUG] 	Adding sub command 'hide'
20/04/2019 14:37:51 [INFO] Loading placeholder [Facebook] ...
20/04/2019 14:37:56 [DEBUG] 	Adding sub command 'editsetting'
20/04/2019 14:37:53 [INFO] Loading placeholder [mcMMO] ...
20/04/2019 14:37:53 [INFO] Loading event hook: Vanilla player first join ...
20/04/2019 14:37:53 [INFO] Loading event hook: WorldGuard Region ...
20/04/2019 14:37:53 [INFO] Loading event hook: mcMMO Level up event ...
20/04/2019 14:37:56 [DEBUG] 	Adding sub command 'placeholders'
20/04/2019 14:37:56 [DEBUG] 	Adding sub command 'on'
20/04/2019 14:37:56 [DEBUG] 	Adding sub command 'debug'
20/04/2019 14:37:56 [DEBUG] 	Adding sub command 'show'
20/04/2019 14:37:52 [DEBUG] Loaded placeholder: facebook
20/04/2019 14:37:53 [INFO] Loading event hook: mcMMO Party Level up ...
20/04/2019 14:37:53 [INFO] Loading event hook: mcMMO Party Level up ...
20/04/2019 14:37:52 [INFO] Loading placeholder [Factions] ...
20/04/2019 14:37:52 [DEBUG] Loaded placeholder: factions1_6
20/04/2019 14:37:56 [DEBUG] 	Adding sub command 'reload'
20/04/2019 14:37:53 [INFO] Loading event hook: mcMMO Level up event ...
20/04/2019 14:37:56 [DEBUG] 	Adding sub command 'permissions'
20/04/2019 14:37:56 [DEBUG] 	Adding sub command 'about'
20/04/2019 14:37:53 [DEBUG] Loaded placeholder: mcmmo
20/04/2019 14:37:56 [DEBUG] 	Adding sub command 'help'
20/04/2019 14:37:56 [DEBUG] 	Adding sub command 'toggle'
20/04/2019 14:37:56 [DEBUG] 	Adding sub command 'gui'
20/04/2019 14:37:50 [INFO] Loading messages ...
20/04/2019 14:37:56 [DEBUG] 	Adding sub command 'parse'
20/04/2019 14:37:56 [DEBUG] 	Adding sub command 'generatebbcode'
20/04/2019 14:37:53 [INFO] Loading event hook: mcMMO Level down event ...
20/04/2019 14:37:56 [INFO] Toggle persistence is disabled!
20/04/2019 14:37:50 [INFO] Loading language file: lang_en
20/04/2019 14:37:56 [INFO] Generating metrics information ...
20/04/2019 14:37:52 [INFO] Loading placeholder [Factions 1.8] ...
20/04/2019 14:37:53 [INFO] Loading event hook: mcMMO Level down event ...
20/04/2019 14:37:53 [INFO] Loaded 2963 of the 2963 placholders
20/04/2019 14:37:56 [DEBUG] 	Line: townboard-label Static: true
20/04/2019 14:37:56 [DEBUG] 	Line: spacer1 Static: false
20/04/2019 14:37:56 [DEBUG] 	Line: header Static: true
20/04/2019 14:37:56 [DEBUG] 	Line: skilllevel Static: false
20/04/2019 14:37:56 [DEBUG] 	Line: spacer1 Static: true
20/04/2019 14:37:56 [DEBUG] 	Line: skilllevel-label Static: true
20/04/2019 14:37:56 [DEBUG] 	Line: timesplayed Static: true
20/04/2019 14:37:56 [DEBUG] 	Line: server-line2 Static: false
20/04/2019 14:37:56 [DEBUG] 	Line: skill Static: false
20/04/2019 14:37:56 [INFO] Loading scoreboard 'mcmmo-levelup' ...
20/04/2019 14:37:56 [INFO] Loading scoreboard 'towny-town-example' ...
20/04/2019 14:37:56 [DEBUG] 	Line: town-label Static: true
20/04/2019 14:37:54 [INFO] Loading custom effect 'example1' ...
20/04/2019 14:37:56 [DEBUG] 	Line: title Static: false
20/04/2019 14:37:56 [DEBUG] Scoreboards groups sorted by priority:
20/04/2019 14:37:56 [DEBUG] 	Line: news-info Static: false
20/04/2019 14:37:52 [DEBUG] Loaded placeholder: factions1_8
20/04/2019 14:37:56 [DEBUG] 	Line: spacer3 Static: true
20/04/2019 14:37:56 [DEBUG] 	Line: server-line1 Static: false
20/04/2019 14:37:56 [DEBUG] 	combat-scoreboard-example - 0
20/04/2019 14:37:56 [DEBUG] 	Line: server-line0 Static: true
20/04/2019 14:37:56 [DEBUG] 	Line: town-data Static: true
20/04/2019 14:37:54 [INFO] Creating new custom effect: example1
20/04/2019 14:37:56 [DEBUG] 	Line: spacer2 Static: true
20/04/2019 14:37:56 [DEBUG] 	Line: skill-label Static: true
20/04/2019 14:37:53 [INFO] Checking for placeholder updates ...
20/04/2019 14:37:56 [DEBUG] 	Line: spacer2 Static: false
20/04/2019 14:37:56 [DEBUG] 	Line: population-label Static: true
20/04/2019 14:37:56 [DEBUG] 	Line: poplulation-data Static: true
20/04/2019 14:37:52 [INFO] Loading placeholder [FireworkEffect] ...
20/04/2019 14:37:56 [DEBUG] 	towny-town-example - 0
20/04/2019 14:37:56 [INFO] Added 'PERMISSION' as the default scoreboard assign method
20/04/2019 14:37:56 [DEBUG] 	Line: server-label Static: false
20/04/2019 14:37:56 [DEBUG] 	Line: news Static: false
20/04/2019 14:37:56 [DEBUG] 	default - 10
20/04/2019 14:37:56 [DEBUG] 	Line: footer Static: true
20/04/2019 14:37:56 [DEBUG] 	mcmmo-levelup - 0
20/04/2019 14:37:56 [DEBUG] 	Line: spacer2 Static: true
20/04/2019 14:37:56 [DEBUG] 	Line: timesplayed-label Static: false
20/04/2019 14:37:56 [WARNING] Scoreboard group 'default' has too many lines!
20/04/2019 14:37:56 [DEBUG] 	Line: title Static: false
20/04/2019 14:37:56 [DEBUG] 	Line: header Static: true
20/04/2019 14:37:56 [DEBUG] 	Line: player-line2 Static: true
20/04/2019 14:37:56 [DEBUG] 	Line: player-label Static: true
20/04/2019 14:37:56 [DEBUG] 	Line: player-line1 Static: false
20/04/2019 14:37:56 [DEBUG] 	Line: header Static: true
20/04/2019 14:37:56 [DEBUG] 	Line: title Static: false
20/04/2019 14:37:56 [INFO] Loading scoreboard 'default' ...
20/04/2019 14:37:54 [INFO] Loading custom effect 'example2' ...
20/04/2019 14:37:56 [DEBUG] 	Line: health-data-2 Static: false
20/04/2019 14:37:52 [DEBUG] Loaded placeholder: firework
20/04/2019 14:37:54 [INFO] Creating new custom effect: example2
20/04/2019 14:37:56 [DEBUG] 	Line: health-label Static: true
20/04/2019 14:37:56 [DEBUG] 	Line: spacer1 Static: false
20/04/2019 14:37:56 [DEBUG] 	Line: combat-data Static: false
20/04/2019 14:37:56 [DEBUG] 	Line: combat-label Static: true
20/04/2019 14:37:56 [DEBUG] 	Line: header Static: true
20/04/2019 14:37:56 [DEBUG] 	Line: title Static: false
20/04/2019 14:37:56 [INFO] Loading scoreboard 'combat-scoreboard-example' ...
20/04/2019 14:37:54 [INFO] Loading custom effect 'example3' ...
20/04/2019 14:37:56 [DEBUG] 	Line: line14 Static: false
20/04/2019 14:37:56 [DEBUG] 	Line: line15 Static: false
20/04/2019 14:37:56 [DEBUG] 	Line: line13 Static: false
20/04/2019 14:37:56 [DEBUG] 	Line: line12 Static: false
20/04/2019 14:37:56 [DEBUG] 	Line: line9 Static: false
20/04/2019 14:37:55 [DEBUG] 	Line: line8 Static: false
20/04/2019 14:37:55 [DEBUG] 	Line: line7 Static: false
20/04/2019 14:37:55 [DEBUG] 	Line: line6 Static: false
20/04/2019 14:37:55 [DEBUG] 	Line: line5 Static: false
20/04/2019 14:37:56 [DEBUG] 	Line: line11 Static: false
20/04/2019 14:37:55 [DEBUG] 	Line: line4 Static: false
20/04/2019 14:37:54 [INFO] Using OPTIMAL as the update strategy
20/04/2019 14:37:51 [INFO] Loading placeholder [Armor] ...
20/04/2019 14:37:52 [INFO] Loading placeholder [Permissions] ...
20/04/2019 14:37:52 [DEBUG] Loaded placeholder: permissions
20/04/2019 14:37:52 [DEBUG] Loaded placeholder: multiverse
20/04/2019 14:37:56 [DEBUG] 	Line: line10 Static: false
20/04/2019 14:37:52 [INFO] Loading placeholder [Multiverse-Core] ...
20/04/2019 14:37:52 [DEBUG] Loaded placeholder: memory
20/04/2019 14:37:52 [INFO] Loading placeholder [Memory] ...
20/04/2019 14:37:50 [DEBUG] Loaded placeholder: MySQL
20/04/2019 14:37:50 [INFO] Fetching available placeholders from server ...
20/04/2019 14:37:52 [DEBUG] Loaded placeholder: java
20/04/2019 14:37:55 [DEBUG] 	Line: line2 Static: false
20/04/2019 14:37:52 [INFO] Loading placeholder [JavaInfo] ...
20/04/2019 14:37:50 [DEBUG] Loaded placeholder: CustomPlaceholders
20/04/2019 14:37:52 [DEBUG] Loaded placeholder: hotbar
20/04/2019 14:37:50 [INFO] Loading internal placeholders ...
20/04/2019 14:37:52 [INFO] Loading placeholder [Hotbar] ...
20/04/2019 14:37:52 [DEBUG] Loaded placeholder: geographical
20/04/2019 14:37:54 [DEBUG]  - Server supports Team entries
20/04/2019 14:37:54 [INFO] Creating new custom effect: example3
20/04/2019 14:37:54 [DEBUG]  - Server supports Objective entries
20/04/2019 14:37:52 [INFO] Loading placeholder [Geographical] ...
20/04/2019 14:37:50 [INFO] Loading placeholders and event triggers ...
20/04/2019 14:37:54 [INFO] Loading scoreboard 'benchmark' ...
20/04/2019 14:37:54 [DEBUG] Using SCOREBOARD v7
20/04/2019 14:37:55 [DEBUG] 	Line: line3 Static: false
20/04/2019 14:37:54 [DEBUG] 	Line: title Static: false
20/04/2019 14:37:55 [DEBUG] 	Line: line1 Static: false
20/04/2019 14:37:59 [DEBUG] Refreshing group 'default' for new custom placeholder 'factionstop_rank:3'
20/04/2019 14:37:53 [INFO] Loading event hook: Vanilla Create portal hook ...
20/04/2019 14:37:56 [DEBUG] 	Adding sub command 'off'
20/04/2019 14:37:53 [INFO] Loading event hook: Vanilla Death hook ...
20/04/2019 14:37:56 [INFO] Adding command 'featherboard'
20/04/2019 14:37:53 [INFO] Loading event hook: Vanilla Combat hook ...
20/04/2019 14:37:53 [INFO] Loading event hook: Vanilla Block place hook ...
20/04/2019 14:37:56 [DEBUG] 	Adding sub command 'reload'
20/04/2019 14:37:53 [INFO] Loading event hook: Vanilla player join ...
20/04/2019 14:37:53 [INFO] Loading event hook: Vanilla Create portal hook ...
20/04/2019 14:37:53 [INFO] Loading event hook: Vanilla Death hook ...
20/04/2019 14:37:56 [DEBUG] 	Line: health-data-1 Static: false
20/04/2019 14:37:53 [INFO] Loading event hook: Vanilla player join ...
20/04/2019 14:37:56 [DEBUG] 	Line: footer Static: true
20/04/2019 14:37:52 [DEBUG] Loaded placeholder: player
20/04/2019 14:37:56 [DEBUG] 	Line: spacer1 Static: true
20/04/2019 14:37:51 [DEBUG] Loaded placeholder: armor
20/04/2019 14:37:52 [INFO] Loading placeholder [RedisBungee] ...
20/04/2019 14:37:52 [INFO] Loading placeholder [Player] ...
20/04/2019 14:37:52 [DEBUG] Loaded placeholder: redisbungee
20/04/2019 14:37:51 [DEBUG] Loaded placeholder: bukkit
20/04/2019 14:37:52 [DEBUG] Loaded placeholder: previousnames
20/04/2019 14:37:52 [INFO] Loading placeholder [Previous Names] ...
20/04/2019 14:37:51 [INFO] Loading placeholder [Bukkit] ...
20/04/2019 14:37:53 [INFO] Loading event hook: Vanilla Block place hook ...
20/04/2019 14:37:51 [INFO] Loading placeholder [BungeeCord] ...
20/04/2019 14:37:56 [DEBUG] 	Line: footer Static: true
20/04/2019 14:37:56 [DEBUG] 	Line: townboard Static: false
20/04/2019 14:37:53 [INFO] Loading event hook: Vanilla Combat hook ...
20/04/2019 14:37:53 [DEBUG] Loaded placeholder: unicode
20/04/2019 14:37:53 [INFO] Loading placeholder [VanillaEvents] ...
20/04/2019 14:37:53 [INFO] Loading placeholder [Unicode Characters] ...
20/04/2019 14:37:53 [DEBUG] Loaded placeholder: twitter
20/04/2019 14:37:53 [INFO] Loading placeholder [Twitter] ...
20/04/2019 14:37:53 [DEBUG] Loaded placeholder: tickspersecond
20/04/2019 14:37:53 [INFO] Loading placeholder [TicksPerSecond] ...
20/04/2019 14:37:56 [DEBUG] 	Line: info-label Static: false
20/04/2019 14:37:53 [DEBUG] Loaded placeholder: statistics
20/04/2019 14:37:53 [INFO] Loading placeholder [SuperbVote] ...
20/04/2019 14:37:56 [DEBUG] 	benchmark - 0
20/04/2019 14:37:52 [INFO] Loading placeholder [Statistics] ...
20/04/2019 14:37:52 [DEBUG] Loaded placeholder: serverpinger
20/04/2019 14:37:52 [INFO] Loading placeholder [Sound Effects] ...
20/04/2019 14:37:52 [DEBUG] Loaded placeholder: sound
20/04/2019 14:37:52 [INFO] Loading placeholder [ServerPinger] ...
20/04/2019 14:37:51 [DEBUG] Loaded placeholder: color
20/04/2019 14:37:53 [DEBUG] Loaded placeholder: superbvote
20/04/2019 14:37:51 [INFO] Loading placeholder [Color] ...
20/04/2019 14:37:51 [DEBUG] Loaded placeholder: command
20/04/2019 14:37:51 [INFO] Loading placeholder [CommandPlaceholderPack] ...
20/04/2019 14:37:51 [DEBUG] Loaded placeholder: bungeecord
20/04/2019 14:37:51 [INFO] Loading placeholder [Compass placeholders] ...
20/04/2019 14:37:51 [DEBUG] Loaded placeholder: compass
20/04/2019 14:37:53 [DEBUG] Loaded placeholder: vanillaevents
20/04/2019 14:37:53 [INFO] Loading event hook: Vanilla Block break hook ...
20/04/2019 14:37:51 [INFO] Loading placeholder [Economy] ...
20/04/2019 14:37:53 [INFO] Loading event hook: Vanilla player rejoin ...
20/04/2019 14:37:51 [INFO] Loading placeholder [Effects] ...
20/04/2019 14:37:51 [DEBUG] Loaded placeholder: enjin
20/04/2019 14:37:53 [INFO] Loading event hook: Vanilla player rejoin ...
20/04/2019 14:37:51 [DEBUG] Loaded placeholder: playereffects
20/04/2019 14:37:51 [DEBUG] Loaded placeholder: economy
20/04/2019 14:37:53 [INFO] Loading event hook: Vanilla player first join ...
20/04/2019 14:37:51 [INFO] Loading placeholder [Enjin] ...
20/04/2019 14:37:53 [INFO] Loading event hook: Vanilla Block break hook ...
20/04/2019 14:38:04 [INFO] Fetching modules from server ...
20/04/2019 14:38:04 [INFO] Checking for module updates ...
