28/04/2019 14:44:32 [DEBUG] Loaded placeholder: enjin
28/04/2019 14:44:32 [INFO] Loading placeholder [Entities] ...
28/04/2019 14:44:34 [INFO] Loading event hook: Vanilla Create portal hook ...
28/04/2019 14:44:41 [DEBUG] Refreshing group 'towny-town-example' for new custom placeholder 'factionstop_rank:3'
28/04/2019 14:44:41 [DEBUG] Refreshing group 'mcmmo-levelup' for new custom placeholder 'factionstop_rank:3'
28/04/2019 14:44:41 [DEBUG] Refreshing group 'default' for new custom placeholder 'factionstop_rank:3'
28/04/2019 14:44:41 [DEBUG] Refreshing group 'benchmark' for new custom placeholder 'factionstop_rank:3'
28/04/2019 14:44:41 [DEBUG] Refreshing group 'combat-scoreboard-example' for new custom placeholder 'factionstop_rank:3'
28/04/2019 14:44:41 [DEBUG] Refreshing group 'benchmark' for new custom placeholder 'factionstop_rank:last'
28/04/2019 14:44:34 [INFO] Loading placeholder [World] ...
28/04/2019 14:44:34 [DEBUG] Loaded placeholder: world
28/04/2019 14:44:38 [DEBUG] 	Adding sub command 'info'
28/04/2019 14:44:38 [DEBUG] 	Adding sub command 'removescoreboard'
28/04/2019 14:44:41 [DEBUG] Refreshing group 'benchmark' for new custom placeholder 'factionstop_rank:2'
28/04/2019 14:44:32 [INFO] Loading placeholder [Essentials] ...
28/04/2019 14:44:34 [INFO] Loading event hook: WorldGuard Region ...
28/04/2019 14:44:32 [DEBUG] Loaded placeholder: essentials
28/04/2019 14:44:34 [INFO] Loading placeholder [WorldGuard] ...
28/04/2019 14:44:34 [DEBUG] Loaded placeholder: worldguard
28/04/2019 14:44:34 [DEBUG] Loaded placeholder: worldborder
28/04/2019 14:44:38 [DEBUG] 	Adding sub command 'module'
28/04/2019 14:44:38 [DEBUG] 	Adding sub command 'remove'
28/04/2019 14:44:34 [INFO] Loading placeholder [WorldBorder] ...
28/04/2019 14:44:32 [DEBUG] Loaded placeholder: entities
28/04/2019 14:44:38 [DEBUG] 	Adding sub command 'createscoreboard'
28/04/2019 14:44:38 [DEBUG] 	Adding sub command 'editsetting'
28/04/2019 14:44:34 [INFO] Loading event hook: Vanilla player first join ...
28/04/2019 14:44:41 [DEBUG] Refreshing group 'combat-scoreboard-example' for new custom placeholder 'factionstop_rank:last'
28/04/2019 14:44:41 [DEBUG] Refreshing group 'default' for new custom placeholder 'factionstop_rank:last'
28/04/2019 14:44:41 [DEBUG] Refreshing group 'mcmmo-levelup' for new custom placeholder 'factionstop_rank:last'
28/04/2019 14:44:41 [DEBUG] Refreshing group 'towny-town-example' for new custom placeholder 'factionstop_rank:last'
28/04/2019 14:44:38 [DEBUG] 	Adding sub command 'hide'
28/04/2019 14:44:41 [DEBUG] Refreshing group 'combat-scoreboard-example' for new custom placeholder 'factionstop_rank:1'
28/04/2019 14:44:41 [DEBUG] Refreshing group 'mcmmo-levelup' for new custom placeholder 'factionstop_rank:1'
28/04/2019 14:44:41 [DEBUG] Refreshing group 'default' for new custom placeholder 'factionstop_rank:2'
28/04/2019 14:44:41 [DEBUG] Refreshing group 'towny-town-example' for new custom placeholder 'factionstop_rank:1'
28/04/2019 14:44:41 [DEBUG] Refreshing group 'default' for new custom placeholder 'factionstop_rank:1'
28/04/2019 14:44:41 [DEBUG] Refreshing group 'mcmmo-levelup' for new custom placeholder 'factionstop_rank:2'
28/04/2019 14:44:41 [DEBUG] Refreshing group 'combat-scoreboard-example' for new custom placeholder 'factionstop_rank:2'
28/04/2019 14:44:38 [DEBUG] 	Adding sub command 'show'
28/04/2019 14:44:38 [DEBUG] 	Adding sub command 'modules'
28/04/2019 14:44:38 [DEBUG] 	Adding sub command 'add'
28/04/2019 14:44:34 [INFO] Loading placeholder [mcMMO] ...
28/04/2019 14:44:34 [DEBUG] Loaded placeholder: mcmmo
28/04/2019 14:44:34 [INFO] Loading event hook: mcMMO Party Level up ...
28/04/2019 14:44:32 [INFO] Loading placeholder [Facebook] ...
28/04/2019 14:44:34 [INFO] Loading event hook: mcMMO Level up event ...
28/04/2019 14:44:38 [DEBUG] 	Adding sub command 'reload'
28/04/2019 14:44:34 [INFO] Loading event hook: WorldGuard Region ...
28/04/2019 14:44:38 [DEBUG] 	Adding sub command 'reload'
28/04/2019 14:44:38 [DEBUG] 	Adding sub command 'permissions'
28/04/2019 14:44:38 [DEBUG] 	Adding sub command 'help'
28/04/2019 14:44:38 [DEBUG] 	Adding sub command 'about'
28/04/2019 14:44:38 [DEBUG] 	Adding sub command 'generatebbcode'
28/04/2019 14:44:38 [DEBUG] 	Adding sub command 'parse'
28/04/2019 14:44:34 [INFO] Loading event hook: mcMMO Party Level up ...
28/04/2019 14:44:33 [DEBUG] Loaded placeholder: facebook
28/04/2019 14:44:33 [INFO] Loading placeholder [Factions] ...
28/04/2019 14:44:34 [INFO] Loading event hook: mcMMO Level down event ...
28/04/2019 14:44:38 [DEBUG] 	Adding sub command 'placeholders'
28/04/2019 14:44:34 [INFO] Checking for placeholder updates ...
28/04/2019 14:44:33 [DEBUG] Loaded placeholder: factions1_6
28/04/2019 14:44:38 [DEBUG] 	Adding sub command 'off'
28/04/2019 14:44:38 [DEBUG] 	Line: skilllevel-label Static: true
28/04/2019 14:44:38 [DEBUG] 	Adding sub command 'on'
28/04/2019 14:44:38 [DEBUG] 	combat-scoreboard-example - 0
28/04/2019 14:44:38 [DEBUG] 	Line: spacer2 Static: false
28/04/2019 14:44:38 [DEBUG] 	Line: footer Static: true
28/04/2019 14:44:38 [DEBUG] 	Line: town-label Static: true
28/04/2019 14:44:38 [DEBUG] 	Line: header Static: true
28/04/2019 14:44:38 [DEBUG] 	Line: footer Static: true
28/04/2019 14:44:38 [DEBUG] 	Line: skilllevel Static: false
28/04/2019 14:44:38 [INFO] Adding command 'featherboard'
28/04/2019 14:44:31 [INFO] Loading language file: lang_en
28/04/2019 14:44:38 [INFO] Loading scoreboard 'towny-town-example' ...
28/04/2019 14:44:38 [DEBUG] 	Line: town-data Static: true
28/04/2019 14:44:38 [DEBUG] 	Line: townboard Static: false
28/04/2019 14:44:33 [INFO] Loading placeholder [Factions 1.8] ...
28/04/2019 14:44:38 [DEBUG] 	benchmark - 0
28/04/2019 14:44:38 [DEBUG] 	mcmmo-levelup - 0
28/04/2019 14:44:38 [INFO] Added 'PERMISSION' as the default scoreboard assign method
28/04/2019 14:44:34 [INFO] Loading event hook: mcMMO Level up event ...
28/04/2019 14:44:38 [DEBUG] 	Adding sub command 'toggle'
28/04/2019 14:44:38 [INFO] Generating metrics information ...
28/04/2019 14:44:38 [DEBUG] 	Line: spacer1 Static: false
28/04/2019 14:44:38 [DEBUG] 	Line: poplulation-data Static: true
28/04/2019 14:44:38 [DEBUG] 	towny-town-example - 0
28/04/2019 14:44:38 [DEBUG] 	Line: spacer2 Static: true
28/04/2019 14:44:31 [INFO] Loading messages ...
28/04/2019 14:44:38 [DEBUG] 	Line: skill-label Static: true
28/04/2019 14:44:38 [DEBUG] 	Line: population-label Static: true
28/04/2019 14:44:38 [DEBUG] Scoreboards groups sorted by priority:
28/04/2019 14:44:37 [DEBUG] 	Line: header Static: true
28/04/2019 14:44:37 [DEBUG] 	Line: combat-data Static: false
28/04/2019 14:44:37 [DEBUG] 	Line: spacer1 Static: false
28/04/2019 14:44:37 [DEBUG] 	Line: title Static: false
28/04/2019 14:44:37 [INFO] Loading scoreboard 'combat-scoreboard-example' ...
28/04/2019 14:44:37 [DEBUG] 	Line: line14 Static: false
28/04/2019 14:44:37 [DEBUG] 	Line: line15 Static: false
28/04/2019 14:44:37 [DEBUG] 	Line: line12 Static: false
28/04/2019 14:44:37 [DEBUG] 	Line: line11 Static: false
28/04/2019 14:44:36 [DEBUG] 	Line: line6 Static: false
28/04/2019 14:44:36 [DEBUG] 	Line: line4 Static: false
28/04/2019 14:44:37 [DEBUG] 	Line: line10 Static: false
28/04/2019 14:44:36 [DEBUG] 	Line: line7 Static: false
28/04/2019 14:44:33 [DEBUG] Loaded placeholder: firework
28/04/2019 14:44:36 [DEBUG] 	Line: line2 Static: false
28/04/2019 14:44:36 [DEBUG] 	Line: line5 Static: false
28/04/2019 14:44:36 [INFO] Loading scoreboard 'benchmark' ...
28/04/2019 14:44:41 [DEBUG] Refreshing group 'towny-town-example' for new custom placeholder 'factionstop_rank:2'
28/04/2019 14:44:35 [INFO] Loading custom effect 'example3' ...
28/04/2019 14:44:37 [DEBUG] 	Line: line8 Static: false
28/04/2019 14:44:35 [INFO] Creating new custom effect: example3
28/04/2019 14:44:36 [DEBUG] 	Line: line3 Static: false
28/04/2019 14:44:34 [DEBUG] Loaded placeholder: java
28/04/2019 14:44:36 [DEBUG] 	Line: title Static: false
28/04/2019 14:44:36 [INFO] Using OPTIMAL as the update strategy
28/04/2019 14:44:34 [DEBUG] Loaded placeholder: memory
28/04/2019 14:44:34 [INFO] Loading event hook: Vanilla Block break hook ...
28/04/2019 14:44:34 [DEBUG] Loaded placeholder: hotbar
28/04/2019 14:44:34 [INFO] Loading event hook: Vanilla player join ...
28/04/2019 14:44:34 [INFO] Loading event hook: Vanilla player first join ...
28/04/2019 14:44:34 [INFO] Loading event hook: Vanilla Death hook ...
28/04/2019 14:44:38 [DEBUG] 	default - 10
28/04/2019 14:44:31 [DEBUG] Loaded placeholder: CustomPlaceholders
28/04/2019 14:44:38 [INFO] Toggle persistence is disabled!
28/04/2019 14:44:34 [INFO] Loading event hook: Vanilla player rejoin ...
28/04/2019 14:44:34 [DEBUG] Loaded placeholder: unicode
28/04/2019 14:44:34 [INFO] Loading placeholder [Unicode Characters] ...
28/04/2019 14:44:34 [INFO] Loading placeholder [Memory] ...
28/04/2019 14:44:34 [INFO] Loading placeholder [JavaInfo] ...
28/04/2019 14:44:37 [DEBUG] 	Line: line9 Static: false
28/04/2019 14:44:36 [DEBUG] 	Line: line1 Static: false
28/04/2019 14:44:31 [INFO] Loading internal placeholders ...
28/04/2019 14:44:34 [INFO] Loading event hook: Vanilla Combat hook ...
28/04/2019 14:44:32 [DEBUG] Loaded placeholder: armor
28/04/2019 14:44:34 [INFO] Loading placeholder [Previous Names] ...
28/04/2019 14:44:37 [DEBUG] 	Line: health-data-2 Static: false
28/04/2019 14:44:32 [INFO] Loading placeholder [Bukkit] ...
28/04/2019 14:44:34 [INFO] Loading placeholder [RedisBungee] ...
28/04/2019 14:44:34 [DEBUG] Loaded placeholder: previousnames
28/04/2019 14:44:38 [DEBUG] 	Line: player-line2 Static: true
28/04/2019 14:44:34 [INFO] Loading placeholder [ServerPinger] ...
28/04/2019 14:44:34 [INFO] Loading placeholder [Twitter] ...
28/04/2019 14:44:38 [DEBUG] 	Line: header Static: true
28/04/2019 14:44:34 [DEBUG] Loaded placeholder: superbvote
28/04/2019 14:44:34 [INFO] Loading placeholder [TicksPerSecond] ...
28/04/2019 14:44:34 [DEBUG] Loaded placeholder: statistics
28/04/2019 14:44:34 [DEBUG] Loaded placeholder: vanillaevents
28/04/2019 14:44:34 [INFO] Loading event hook: Vanilla player join ...
28/04/2019 14:44:38 [DEBUG] 	Adding sub command 'gui'
28/04/2019 14:44:38 [DEBUG] 	Adding sub command 'debug'
28/04/2019 14:44:34 [INFO] Loading event hook: Vanilla Block break hook ...
28/04/2019 14:44:34 [INFO] Loading event hook: Vanilla Death hook ...
28/04/2019 14:44:34 [INFO] Loading event hook: Vanilla player rejoin ...
28/04/2019 14:44:34 [DEBUG] Loaded placeholder: permissions
28/04/2019 14:44:32 [INFO] Loading placeholder [Armor] ...
28/04/2019 14:44:34 [INFO] Loading placeholder [Permissions] ...
28/04/2019 14:44:31 [INFO] Fetching available placeholders from server ...
28/04/2019 14:44:34 [DEBUG] Loaded placeholder: geographical
28/04/2019 14:44:35 [DEBUG]  - Server supports Team entries
28/04/2019 14:44:33 [INFO] Loading placeholder [Geographical] ...
28/04/2019 14:44:37 [DEBUG] 	Line: health-label Static: true
28/04/2019 14:44:31 [INFO] Loading placeholders and event triggers ...
28/04/2019 14:44:37 [DEBUG] 	Line: combat-label Static: true
28/04/2019 14:44:37 [DEBUG] 	Line: line13 Static: false
28/04/2019 14:44:35 [DEBUG]  - Server supports Objective entries
28/04/2019 14:44:41 [DEBUG] Refreshing group 'benchmark' for new custom placeholder 'factionstop_rank:1'
28/04/2019 14:44:37 [DEBUG] 	Line: health-data-1 Static: false
28/04/2019 14:44:35 [INFO] Creating new custom effect: example2
28/04/2019 14:44:37 [DEBUG] 	Line: footer Static: true
28/04/2019 14:44:37 [INFO] Loading scoreboard 'default' ...
28/04/2019 14:44:35 [INFO] Loading custom effect 'example2' ...
28/04/2019 14:44:38 [DEBUG] 	Line: header Static: true
28/04/2019 14:44:38 [DEBUG] 	Line: title Static: false
28/04/2019 14:44:38 [DEBUG] 	Line: player-label Static: true
28/04/2019 14:44:33 [INFO] Loading placeholder [FireworkEffect] ...
28/04/2019 14:44:38 [DEBUG] 	Line: player-line1 Static: false
28/04/2019 14:44:38 [DEBUG] 	Line: spacer1 Static: true
28/04/2019 14:44:38 [DEBUG] 	Line: news-info Static: false
28/04/2019 14:44:38 [DEBUG] 	Line: news Static: false
28/04/2019 14:44:38 [DEBUG] 	Line: spacer2 Static: true
28/04/2019 14:44:38 [DEBUG] 	Line: timesplayed-label Static: false
28/04/2019 14:44:38 [DEBUG] 	Line: spacer3 Static: true
28/04/2019 14:44:38 [DEBUG] 	Line: timesplayed Static: true
28/04/2019 14:44:38 [DEBUG] 	Line: server-line0 Static: true
28/04/2019 14:44:35 [INFO] Creating new custom effect: example1
28/04/2019 14:44:38 [DEBUG] 	Line: server-line1 Static: false
28/04/2019 14:44:38 [DEBUG] 	Line: server-line2 Static: false
28/04/2019 14:44:38 [WARNING] Scoreboard group 'default' has too many lines!
28/04/2019 14:44:35 [INFO] Loading custom effect 'example1' ...
28/04/2019 14:44:38 [INFO] Loading scoreboard 'mcmmo-levelup' ...
28/04/2019 14:44:38 [DEBUG] 	Line: title Static: false
28/04/2019 14:44:33 [DEBUG] Loaded placeholder: factions1_8
28/04/2019 14:44:38 [DEBUG] 	Line: info-label Static: false
28/04/2019 14:44:38 [DEBUG] 	Line: spacer1 Static: true
28/04/2019 14:44:38 [DEBUG] 	Line: skill Static: false
28/04/2019 14:44:38 [DEBUG] 	Line: title Static: false
28/04/2019 14:44:34 [INFO] Loaded 2963 of the 2963 placholders
28/04/2019 14:44:34 [INFO] Loading event hook: mcMMO Level down event ...
28/04/2019 14:44:34 [DEBUG] Loaded placeholder: tickspersecond
28/04/2019 14:44:34 [DEBUG] Loaded placeholder: twitter
28/04/2019 14:44:38 [DEBUG] 	Line: townboard-label Static: true
28/04/2019 14:44:34 [DEBUG] Loaded placeholder: sound
28/04/2019 14:44:34 [DEBUG] Loaded placeholder: player
28/04/2019 14:44:34 [INFO] Loading placeholder [Player] ...
28/04/2019 14:44:32 [DEBUG] Loaded placeholder: bukkit
28/04/2019 14:44:34 [DEBUG] Loaded placeholder: serverpinger
28/04/2019 14:44:34 [INFO] Loading placeholder [Statistics] ...
28/04/2019 14:44:38 [DEBUG] 	Line: server-label Static: false
28/04/2019 14:44:34 [DEBUG] Loaded placeholder: multiverse
28/04/2019 14:44:31 [DEBUG] Loaded placeholder: MySQL
28/04/2019 14:44:34 [INFO] Loading placeholder [Multiverse-Core] ...
28/04/2019 14:44:34 [INFO] Loading placeholder [Hotbar] ...
28/04/2019 14:44:35 [DEBUG] Using SCOREBOARD v7
28/04/2019 14:44:34 [DEBUG] Loaded placeholder: redisbungee
28/04/2019 14:44:32 [DEBUG] Loaded placeholder: color
28/04/2019 14:44:32 [INFO] Loading placeholder [BungeeCord] ...
28/04/2019 14:44:34 [INFO] Loading placeholder [SuperbVote] ...
28/04/2019 14:44:32 [DEBUG] Loaded placeholder: bungeecord
28/04/2019 14:44:32 [INFO] Loading placeholder [Color] ...
28/04/2019 14:44:32 [DEBUG] Loaded placeholder: economy
28/04/2019 14:44:32 [INFO] Loading placeholder [CommandPlaceholderPack] ...
28/04/2019 14:44:34 [INFO] Loading placeholder [Sound Effects] ...
28/04/2019 14:44:32 [DEBUG] Loaded placeholder: command
28/04/2019 14:44:34 [INFO] Loading placeholder [VanillaEvents] ...
28/04/2019 14:44:32 [INFO] Loading placeholder [Compass placeholders] ...
28/04/2019 14:44:32 [DEBUG] Loaded placeholder: compass
28/04/2019 14:44:34 [INFO] Loading event hook: Vanilla Block place hook ...
28/04/2019 14:44:32 [INFO] Loading placeholder [Enjin] ...
28/04/2019 14:44:32 [INFO] Loading placeholder [Economy] ...
28/04/2019 14:44:34 [INFO] Loading event hook: Vanilla Create portal hook ...
28/04/2019 14:44:34 [INFO] Loading event hook: Vanilla Combat hook ...
28/04/2019 14:44:32 [INFO] Loading placeholder [Effects] ...
28/04/2019 14:44:34 [INFO] Loading event hook: Vanilla Block place hook ...
28/04/2019 14:44:32 [DEBUG] Loaded placeholder: playereffects
28/04/2019 14:44:47 [INFO] Checking for module updates ...
28/04/2019 14:44:47 [INFO] Fetching modules from server ...
