22/04/2019 10:56:33 [INFO] Loading placeholder [Color] ...
22/04/2019 10:56:33 [DEBUG] Loaded placeholder: color
22/04/2019 10:56:41 [DEBUG] Refreshing group 'mcmmo-levelup' for new custom placeholder 'factionstop_rank:3'
22/04/2019 10:56:41 [DEBUG] Refreshing group 'default' for new custom placeholder 'factionstop_rank:3'
22/04/2019 10:56:41 [DEBUG] Refreshing group 'towny-town-example' for new custom placeholder 'factionstop_rank:2'
22/04/2019 10:56:35 [INFO] Loading event hook: Vanilla player rejoin ...
22/04/2019 10:56:41 [DEBUG] Refreshing group 'towny-town-example' for new custom placeholder 'factionstop_rank:1'
22/04/2019 10:56:41 [DEBUG] Refreshing group 'combat-scoreboard-example' for new custom placeholder 'factionstop_rank:3'
22/04/2019 10:56:41 [DEBUG] Refreshing group 'benchmark' for new custom placeholder 'factionstop_rank:3'
22/04/2019 10:56:41 [DEBUG] Refreshing group 'mcmmo-levelup' for new custom placeholder 'factionstop_rank:1'
22/04/2019 10:56:41 [DEBUG] Refreshing group 'combat-scoreboard-example' for new custom placeholder 'factionstop_rank:2'
22/04/2019 10:56:41 [DEBUG] Refreshing group 'benchmark' for new custom placeholder 'factionstop_rank:1'
22/04/2019 10:56:41 [DEBUG] Refreshing group 'mcmmo-levelup' for new custom placeholder 'factionstop_rank:2'
22/04/2019 10:56:41 [DEBUG] Refreshing group 'default' for new custom placeholder 'factionstop_rank:2'
22/04/2019 10:56:41 [DEBUG] Refreshing group 'combat-scoreboard-example' for new custom placeholder 'factionstop_rank:1'
22/04/2019 10:56:41 [DEBUG] Refreshing group 'towny-town-example' for new custom placeholder 'factionstop_rank:last'
22/04/2019 10:56:41 [DEBUG] Refreshing group 'benchmark' for new custom placeholder 'factionstop_rank:last'
22/04/2019 10:56:41 [DEBUG] Refreshing group 'combat-scoreboard-example' for new custom placeholder 'factionstop_rank:last'
22/04/2019 10:56:38 [DEBUG] 	Adding sub command 'off'
22/04/2019 10:56:41 [DEBUG] Refreshing group 'default' for new custom placeholder 'factionstop_rank:last'
22/04/2019 10:56:35 [INFO] Loading event hook: Vanilla player join ...
22/04/2019 10:56:38 [DEBUG] 	Adding sub command 'placeholders'
22/04/2019 10:56:38 [DEBUG] 	Adding sub command 'debug'
22/04/2019 10:56:35 [INFO] Loading event hook: Vanilla Death hook ...
22/04/2019 10:56:38 [DEBUG] 	Adding sub command 'reload'
22/04/2019 10:56:38 [DEBUG] 	Adding sub command 'permissions'
22/04/2019 10:56:41 [DEBUG] Refreshing group 'default' for new custom placeholder 'factionstop_rank:1'
22/04/2019 10:56:38 [DEBUG] 	Adding sub command 'about'
22/04/2019 10:56:35 [INFO] Loading event hook: Vanilla Create portal hook ...
22/04/2019 10:56:38 [DEBUG] 	Adding sub command 'help'
22/04/2019 10:56:38 [DEBUG] 	Adding sub command 'generatebbcode'
22/04/2019 10:56:38 [DEBUG] 	Adding sub command 'reload'
22/04/2019 10:56:35 [INFO] Loading event hook: Vanilla player first join ...
22/04/2019 10:56:38 [DEBUG] 	Adding sub command 'show'
22/04/2019 10:56:38 [DEBUG] 	Adding sub command 'parse'
22/04/2019 10:56:33 [INFO] Loading placeholder [CommandPlaceholderPack] ...
22/04/2019 10:56:33 [DEBUG] Loaded placeholder: command
22/04/2019 10:56:35 [INFO] Loading event hook: Vanilla Combat hook ...
22/04/2019 10:56:35 [INFO] Loading event hook: Vanilla Block break hook ...
22/04/2019 10:56:38 [DEBUG] 	Adding sub command 'hide'
22/04/2019 10:56:33 [DEBUG] Loaded placeholder: economy
22/04/2019 10:56:35 [DEBUG] Loaded placeholder: world
22/04/2019 10:56:35 [INFO] Loading placeholder [WorldBorder] ...
22/04/2019 10:56:35 [INFO] Loading event hook: Vanilla player first join ...
22/04/2019 10:56:35 [INFO] Loading placeholder [World] ...
22/04/2019 10:56:33 [INFO] Loading placeholder [Economy] ...
22/04/2019 10:56:35 [INFO] Loading event hook: Vanilla Death hook ...
22/04/2019 10:56:38 [DEBUG] 	Adding sub command 'modules'
22/04/2019 10:56:38 [DEBUG] 	Adding sub command 'editsetting'
22/04/2019 10:56:38 [DEBUG] 	Adding sub command 'info'
22/04/2019 10:56:35 [INFO] Loading event hook: Vanilla Block place hook ...
22/04/2019 10:56:35 [INFO] Loading event hook: Vanilla Create portal hook ...
22/04/2019 10:56:35 [INFO] Loading event hook: Vanilla player rejoin ...
22/04/2019 10:56:33 [DEBUG] Loaded placeholder: compass
22/04/2019 10:56:33 [INFO] Loading placeholder [Compass placeholders] ...
22/04/2019 10:56:35 [INFO] Loading event hook: Vanilla player join ...
22/04/2019 10:56:38 [DEBUG] 	Adding sub command 'removescoreboard'
22/04/2019 10:56:38 [DEBUG] 	Adding sub command 'createscoreboard'
22/04/2019 10:56:38 [DEBUG] 	Adding sub command 'add'
22/04/2019 10:56:38 [DEBUG] 	towny-town-example - 0
22/04/2019 10:56:38 [DEBUG] 	Adding sub command 'gui'
22/04/2019 10:56:38 [DEBUG] 	Adding sub command 'on'
22/04/2019 10:56:38 [DEBUG] 	Adding sub command 'remove'
22/04/2019 10:56:38 [DEBUG] 	Adding sub command 'module'
22/04/2019 10:56:38 [DEBUG] 	mcmmo-levelup - 0
22/04/2019 10:56:38 [DEBUG] 	Adding sub command 'toggle'
22/04/2019 10:56:38 [INFO] Generating metrics information ...
22/04/2019 10:56:38 [INFO] Toggle persistence is disabled!
22/04/2019 10:56:33 [INFO] Loading placeholder [Effects] ...
22/04/2019 10:56:38 [DEBUG] 	combat-scoreboard-example - 0
22/04/2019 10:56:38 [DEBUG] 	benchmark - 0
22/04/2019 10:56:38 [DEBUG] Scoreboards groups sorted by priority:
22/04/2019 10:56:35 [DEBUG] Loaded placeholder: worldborder
22/04/2019 10:56:38 [DEBUG] 	Line: title Static: false
22/04/2019 10:56:38 [DEBUG] 	Line: footer Static: true
22/04/2019 10:56:38 [INFO] Loading scoreboard 'towny-town-example' ...
22/04/2019 10:56:38 [DEBUG] 	Line: town-data Static: true
22/04/2019 10:56:35 [INFO] Loading placeholder [WorldGuard] ...
22/04/2019 10:56:38 [DEBUG] 	Line: header Static: true
22/04/2019 10:56:38 [DEBUG] 	Line: townboard-label Static: true
22/04/2019 10:56:38 [DEBUG] 	Line: poplulation-data Static: true
22/04/2019 10:56:38 [DEBUG] 	Line: spacer1 Static: false
22/04/2019 10:56:38 [DEBUG] 	default - 10
22/04/2019 10:56:38 [DEBUG] 	Line: spacer2 Static: false
22/04/2019 10:56:38 [DEBUG] 	Line: population-label Static: true
22/04/2019 10:56:38 [INFO] Adding command 'featherboard'
22/04/2019 10:56:38 [DEBUG] 	Line: townboard Static: false
22/04/2019 10:56:33 [DEBUG] Loaded placeholder: playereffects
22/04/2019 10:56:35 [DEBUG] Loaded placeholder: worldguard
22/04/2019 10:56:38 [DEBUG] 	Line: skilllevel Static: false
22/04/2019 10:56:38 [DEBUG] 	Line: health-data-1 Static: false
22/04/2019 10:56:38 [DEBUG] 	Line: skill Static: false
22/04/2019 10:56:38 [DEBUG] 	Line: skill-label Static: true
22/04/2019 10:56:38 [DEBUG] 	Line: skilllevel-label Static: true
22/04/2019 10:56:38 [DEBUG] 	Line: spacer1 Static: true
22/04/2019 10:56:38 [DEBUG] 	Line: info-label Static: false
22/04/2019 10:56:38 [DEBUG] 	Line: header Static: true
22/04/2019 10:56:38 [DEBUG] 	Line: title Static: false
22/04/2019 10:56:35 [INFO] Loading event hook: WorldGuard Region ...
22/04/2019 10:56:38 [DEBUG] 	Line: combat-data Static: false
22/04/2019 10:56:35 [INFO] Loading event hook: mcMMO Party Level up ...
22/04/2019 10:56:35 [INFO] Loading event hook: WorldGuard Region ...
22/04/2019 10:56:38 [DEBUG] 	Line: spacer1 Static: true
22/04/2019 10:56:38 [DEBUG] 	Line: header Static: true
22/04/2019 10:56:38 [DEBUG] 	Line: server-label Static: false
22/04/2019 10:56:38 [DEBUG] 	Line: combat-label Static: true
22/04/2019 10:56:38 [DEBUG] 	Line: title Static: false
22/04/2019 10:56:38 [DEBUG] 	Line: title Static: false
22/04/2019 10:56:38 [INFO] Loading scoreboard 'default' ...
22/04/2019 10:56:38 [DEBUG] 	Line: player-line1 Static: false
22/04/2019 10:56:33 [DEBUG] Loaded placeholder: enjin
22/04/2019 10:56:38 [DEBUG] 	Line: news-info Static: false
22/04/2019 10:56:38 [DEBUG] 	Line: timesplayed Static: true
22/04/2019 10:56:38 [DEBUG] 	Line: server-line2 Static: false
22/04/2019 10:56:38 [DEBUG] 	Line: spacer2 Static: true
22/04/2019 10:56:38 [DEBUG] 	Line: player-label Static: true
22/04/2019 10:56:33 [INFO] Loading placeholder [Enjin] ...
22/04/2019 10:56:38 [DEBUG] 	Line: header Static: true
22/04/2019 10:56:38 [DEBUG] 	Line: health-data-2 Static: false
22/04/2019 10:56:35 [DEBUG] Loaded placeholder: mcmmo
22/04/2019 10:56:38 [DEBUG] 	Line: player-line2 Static: true
22/04/2019 10:56:38 [DEBUG] 	Line: spacer3 Static: true
22/04/2019 10:56:38 [WARNING] Scoreboard group 'default' has too many lines!
22/04/2019 10:56:35 [INFO] Loading placeholder [mcMMO] ...
22/04/2019 10:56:38 [DEBUG] 	Line: server-line1 Static: false
22/04/2019 10:56:38 [INFO] Loading scoreboard 'combat-scoreboard-example' ...
22/04/2019 10:56:38 [DEBUG] 	Line: health-label Static: true
22/04/2019 10:56:38 [DEBUG] 	Line: line15 Static: false
22/04/2019 10:56:38 [DEBUG] 	Line: line14 Static: false
22/04/2019 10:56:38 [DEBUG] 	Line: line13 Static: false
22/04/2019 10:56:37 [DEBUG] 	Line: line11 Static: false
22/04/2019 10:56:37 [DEBUG] 	Line: line7 Static: false
22/04/2019 10:56:37 [DEBUG] 	Line: line4 Static: false
22/04/2019 10:56:33 [INFO] Loading placeholder [Entities] ...
22/04/2019 10:56:37 [DEBUG] 	Line: line9 Static: false
22/04/2019 10:56:37 [DEBUG] 	Line: line5 Static: false
22/04/2019 10:56:36 [DEBUG] 	Line: line1 Static: false
22/04/2019 10:56:35 [INFO] Loading event hook: mcMMO Level down event ...
22/04/2019 10:56:37 [DEBUG] 	Line: line8 Static: false
22/04/2019 10:56:36 [DEBUG] 	Line: title Static: false
22/04/2019 10:56:38 [DEBUG] 	Line: line12 Static: false
22/04/2019 10:56:41 [DEBUG] Refreshing group 'towny-town-example' for new custom placeholder 'factionstop_rank:3'
22/04/2019 10:56:36 [DEBUG] 	Line: line3 Static: false
22/04/2019 10:56:36 [INFO] Loading scoreboard 'benchmark' ...
22/04/2019 10:56:36 [DEBUG]  - Server supports Objective entries
22/04/2019 10:56:36 [DEBUG]  - Server supports Team entries
22/04/2019 10:56:41 [DEBUG] Refreshing group 'benchmark' for new custom placeholder 'factionstop_rank:2'
22/04/2019 10:56:35 [INFO] Creating new custom effect: example2
22/04/2019 10:56:41 [DEBUG] Refreshing group 'mcmmo-levelup' for new custom placeholder 'factionstop_rank:last'
22/04/2019 10:56:35 [INFO] Loading custom effect 'example1' ...
22/04/2019 10:56:35 [INFO] Loaded 2963 of the 2963 placholders
22/04/2019 10:56:35 [INFO] Loading custom effect 'example3' ...
22/04/2019 10:56:35 [INFO] Checking for placeholder updates ...
22/04/2019 10:56:35 [INFO] Loading event hook: mcMMO Level up event ...
22/04/2019 10:56:35 [INFO] Loading custom effect 'example2' ...
22/04/2019 10:56:35 [INFO] Loading event hook: mcMMO Party Level up ...
22/04/2019 10:56:33 [DEBUG] Loaded placeholder: entities
22/04/2019 10:56:33 [INFO] Loading placeholder [Essentials] ...
22/04/2019 10:56:35 [INFO] Loading event hook: mcMMO Level down event ...
22/04/2019 10:56:35 [INFO] Loading event hook: mcMMO Level up event ...
22/04/2019 10:56:33 [DEBUG] Loaded placeholder: essentials
22/04/2019 10:56:36 [DEBUG] Using SCOREBOARD v7
22/04/2019 10:56:33 [DEBUG] Loaded placeholder: factions1_6
22/04/2019 10:56:35 [INFO] Creating new custom effect: example3
22/04/2019 10:56:33 [INFO] Loading placeholder [Factions] ...
22/04/2019 10:56:33 [DEBUG] Loaded placeholder: facebook
22/04/2019 10:56:35 [INFO] Creating new custom effect: example1
22/04/2019 10:56:33 [INFO] Loading placeholder [Facebook] ...
22/04/2019 10:56:34 [DEBUG] Loaded placeholder: factions1_8
22/04/2019 10:56:33 [INFO] Loading placeholder [Factions 1.8] ...
22/04/2019 10:56:34 [INFO] Loading placeholder [FireworkEffect] ...
22/04/2019 10:56:36 [DEBUG] 	Line: line2 Static: false
22/04/2019 10:56:34 [DEBUG] Loaded placeholder: firework
22/04/2019 10:56:34 [INFO] Loading placeholder [Geographical] ...
22/04/2019 10:56:37 [DEBUG] 	Line: line6 Static: false
22/04/2019 10:56:34 [DEBUG] Loaded placeholder: geographical
22/04/2019 10:56:34 [INFO] Loading placeholder [Hotbar] ...
22/04/2019 10:56:37 [DEBUG] 	Line: line10 Static: false
22/04/2019 10:56:34 [DEBUG] Loaded placeholder: hotbar
22/04/2019 10:56:35 [INFO] Loading event hook: Vanilla Block break hook ...
22/04/2019 10:56:35 [INFO] Loading event hook: Vanilla Block place hook ...
22/04/2019 10:56:38 [INFO] Added 'PERMISSION' as the default scoreboard assign method
22/04/2019 10:56:36 [INFO] Using OPTIMAL as the update strategy
22/04/2019 10:56:35 [INFO] Loading event hook: Vanilla Combat hook ...
22/04/2019 10:56:35 [INFO] Loading placeholder [VanillaEvents] ...
22/04/2019 10:56:35 [DEBUG] Loaded placeholder: unicode
22/04/2019 10:56:35 [INFO] Loading placeholder [Unicode Characters] ...
22/04/2019 10:56:38 [DEBUG] 	Line: footer Static: true
22/04/2019 10:56:34 [INFO] Loading placeholder [Twitter] ...
22/04/2019 10:56:34 [DEBUG] Loaded placeholder: tickspersecond
22/04/2019 10:56:34 [INFO] Loading placeholder [TicksPerSecond] ...
22/04/2019 10:56:38 [DEBUG] 	Line: town-label Static: true
22/04/2019 10:56:34 [INFO] Loading placeholder [SuperbVote] ...
22/04/2019 10:56:34 [DEBUG] Loaded placeholder: statistics
22/04/2019 10:56:34 [INFO] Loading placeholder [Statistics] ...
22/04/2019 10:56:38 [DEBUG] 	Line: spacer2 Static: true
22/04/2019 10:56:34 [INFO] Loading placeholder [Sound Effects] ...
22/04/2019 10:56:34 [DEBUG] Loaded placeholder: serverpinger
22/04/2019 10:56:38 [INFO] Loading scoreboard 'mcmmo-levelup' ...
22/04/2019 10:56:34 [DEBUG] Loaded placeholder: redisbungee
22/04/2019 10:56:38 [DEBUG] 	Line: server-line0 Static: true
22/04/2019 10:56:34 [INFO] Loading placeholder [RedisBungee] ...
22/04/2019 10:56:38 [DEBUG] 	Line: timesplayed-label Static: false
22/04/2019 10:56:38 [DEBUG] 	Line: news Static: false
22/04/2019 10:56:34 [INFO] Loading placeholder [Previous Names] ...
22/04/2019 10:56:34 [INFO] Loading placeholder [Player] ...
22/04/2019 10:56:34 [DEBUG] Loaded placeholder: player
22/04/2019 10:56:34 [DEBUG] Loaded placeholder: permissions
22/04/2019 10:56:38 [DEBUG] 	Line: footer Static: true
22/04/2019 10:56:34 [DEBUG] Loaded placeholder: multiverse
22/04/2019 10:56:38 [DEBUG] 	Line: spacer1 Static: false
22/04/2019 10:56:34 [DEBUG] Loaded placeholder: memory
22/04/2019 10:56:34 [INFO] Loading placeholder [Memory] ...
22/04/2019 10:56:34 [INFO] Loading placeholder [JavaInfo] ...
22/04/2019 10:56:32 [INFO] Loading messages ...
22/04/2019 10:56:34 [DEBUG] Loaded placeholder: java
22/04/2019 10:56:34 [INFO] Loading placeholder [Multiverse-Core] ...
22/04/2019 10:56:32 [INFO] Loading placeholder [Armor] ...
22/04/2019 10:56:32 [INFO] Loading language file: lang_en
22/04/2019 10:56:32 [DEBUG] Loaded placeholder: MySQL
22/04/2019 10:56:34 [INFO] Loading placeholder [Permissions] ...
22/04/2019 10:56:32 [INFO] Loading internal placeholders ...
22/04/2019 10:56:32 [INFO] Loading placeholders and event triggers ...
22/04/2019 10:56:32 [DEBUG] Loaded placeholder: CustomPlaceholders
22/04/2019 10:56:34 [DEBUG] Loaded placeholder: previousnames
22/04/2019 10:56:32 [INFO] Fetching available placeholders from server ...
22/04/2019 10:56:34 [INFO] Loading placeholder [ServerPinger] ...
22/04/2019 10:56:32 [DEBUG] Loaded placeholder: armor
22/04/2019 10:56:34 [DEBUG] Loaded placeholder: sound
22/04/2019 10:56:32 [INFO] Loading placeholder [Bukkit] ...
22/04/2019 10:56:33 [DEBUG] Loaded placeholder: bukkit
22/04/2019 10:56:34 [DEBUG] Loaded placeholder: superbvote
22/04/2019 10:56:33 [INFO] Loading placeholder [BungeeCord] ...
22/04/2019 10:56:35 [DEBUG] Loaded placeholder: twitter
22/04/2019 10:56:35 [DEBUG] Loaded placeholder: vanillaevents
22/04/2019 10:56:33 [DEBUG] Loaded placeholder: bungeecord
22/04/2019 10:56:49 [INFO] Checking for module updates ...
22/04/2019 10:56:49 [INFO] Fetching modules from server ...
