25/04/2019 19:02:08 [DEBUG] Loaded placeholder: enjin
25/04/2019 19:02:08 [INFO] Loading placeholder [Entities] ...
25/04/2019 19:02:19 [DEBUG] Refreshing group 'combat-scoreboard-example' for new custom placeholder 'factionstop_rank:3'
25/04/2019 19:02:19 [DEBUG] Refreshing group 'mcmmo-levelup' for new custom placeholder 'factionstop_rank:3'
25/04/2019 19:02:19 [DEBUG] Refreshing group 'towny-town-example' for new custom placeholder 'factionstop_rank:3'
25/04/2019 19:02:19 [DEBUG] Refreshing group 'default' for new custom placeholder 'factionstop_rank:3'
25/04/2019 19:02:12 [INFO] Loading event hook: Vanilla Create portal hook ...
25/04/2019 19:02:19 [DEBUG] Refreshing group 'mcmmo-levelup' for new custom placeholder 'factionstop_rank:2'
25/04/2019 19:02:19 [DEBUG] Refreshing group 'mcmmo-levelup' for new custom placeholder 'factionstop_rank:1'
25/04/2019 19:02:19 [DEBUG] Refreshing group 'default' for new custom placeholder 'factionstop_rank:2'
25/04/2019 19:02:19 [DEBUG] Refreshing group 'towny-town-example' for new custom placeholder 'factionstop_rank:1'
25/04/2019 19:02:19 [DEBUG] Refreshing group 'towny-town-example' for new custom placeholder 'factionstop_rank:last'
25/04/2019 19:02:15 [DEBUG] 	Adding sub command 'show'
25/04/2019 19:02:19 [DEBUG] Refreshing group 'default' for new custom placeholder 'factionstop_rank:1'
25/04/2019 19:02:19 [DEBUG] Refreshing group 'benchmark' for new custom placeholder 'factionstop_rank:last'
25/04/2019 19:02:19 [DEBUG] Refreshing group 'combat-scoreboard-example' for new custom placeholder 'factionstop_rank:last'
25/04/2019 19:02:19 [DEBUG] Refreshing group 'combat-scoreboard-example' for new custom placeholder 'factionstop_rank:2'
25/04/2019 19:02:19 [DEBUG] Refreshing group 'default' for new custom placeholder 'factionstop_rank:last'
25/04/2019 19:02:15 [DEBUG] 	Adding sub command 'hide'
25/04/2019 19:02:12 [INFO] Loading event hook: Vanilla player first join ...
25/04/2019 19:02:15 [DEBUG] 	Adding sub command 'editsetting'
25/04/2019 19:02:15 [DEBUG] 	Adding sub command 'removescoreboard'
25/04/2019 19:02:12 [INFO] Loading placeholder [World] ...
25/04/2019 19:02:15 [DEBUG] 	Adding sub command 'createscoreboard'
25/04/2019 19:02:12 [DEBUG] Loaded placeholder: world
25/04/2019 19:02:15 [DEBUG] 	Adding sub command 'modules'
25/04/2019 19:02:19 [DEBUG] Refreshing group 'benchmark' for new custom placeholder 'factionstop_rank:2'
25/04/2019 19:02:19 [DEBUG] Refreshing group 'combat-scoreboard-example' for new custom placeholder 'factionstop_rank:1'
25/04/2019 19:02:15 [DEBUG] 	Adding sub command 'add'
25/04/2019 19:02:19 [DEBUG] Refreshing group 'mcmmo-levelup' for new custom placeholder 'factionstop_rank:last'
25/04/2019 19:02:19 [DEBUG] Refreshing group 'benchmark' for new custom placeholder 'factionstop_rank:3'
25/04/2019 19:02:15 [DEBUG] 	Adding sub command 'module'
25/04/2019 19:02:15 [DEBUG] 	Adding sub command 'remove'
25/04/2019 19:02:12 [DEBUG] Loaded placeholder: worldborder
25/04/2019 19:02:12 [INFO] Loading placeholder [WorldBorder] ...
25/04/2019 19:02:08 [DEBUG] Loaded placeholder: entities
25/04/2019 19:02:15 [DEBUG] 	Adding sub command 'info'
25/04/2019 19:02:08 [INFO] Loading placeholder [Essentials] ...
25/04/2019 19:02:12 [INFO] Loading placeholder [WorldGuard] ...
25/04/2019 19:02:12 [DEBUG] Loaded placeholder: worldguard
25/04/2019 19:02:08 [DEBUG] Loaded placeholder: essentials
25/04/2019 19:02:12 [INFO] Loading event hook: WorldGuard Region ...
25/04/2019 19:02:08 [INFO] Loading placeholder [Facebook] ...
25/04/2019 19:02:12 [INFO] Loading placeholder [mcMMO] ...
25/04/2019 19:02:11 [DEBUG] Loaded placeholder: facebook
25/04/2019 19:02:12 [INFO] Loading event hook: WorldGuard Region ...
25/04/2019 19:02:15 [DEBUG] 	Adding sub command 'reload'
25/04/2019 19:02:12 [DEBUG] Loaded placeholder: mcmmo
25/04/2019 19:02:12 [INFO] Loading event hook: mcMMO Party Level up ...
25/04/2019 19:02:15 [DEBUG] 	Adding sub command 'parse'
25/04/2019 19:02:12 [INFO] Loading event hook: mcMMO Level down event ...
25/04/2019 19:02:15 [DEBUG] 	Adding sub command 'permissions'
25/04/2019 19:02:15 [DEBUG] 	Adding sub command 'off'
25/04/2019 19:02:11 [INFO] Loading placeholder [Factions] ...
25/04/2019 19:02:12 [INFO] Loading event hook: mcMMO Level up event ...
25/04/2019 19:02:15 [DEBUG] 	Adding sub command 'placeholders'
25/04/2019 19:02:12 [INFO] Loading event hook: mcMMO Party Level up ...
25/04/2019 19:02:15 [DEBUG] 	Adding sub command 'reload'
25/04/2019 19:02:15 [DEBUG] 	Adding sub command 'help'
25/04/2019 19:02:15 [DEBUG] 	Adding sub command 'on'
25/04/2019 19:02:12 [INFO] Loading event hook: mcMMO Level up event ...
25/04/2019 19:02:15 [DEBUG] 	Line: footer Static: true
25/04/2019 19:02:15 [DEBUG] 	Line: population-label Static: true
25/04/2019 19:02:11 [INFO] Loading placeholder [Factions 1.8] ...
25/04/2019 19:02:15 [DEBUG] Scoreboards groups sorted by priority:
25/04/2019 19:02:15 [DEBUG] 	mcmmo-levelup - 0
25/04/2019 19:02:15 [DEBUG] 	towny-town-example - 0
25/04/2019 19:02:15 [INFO] Generating metrics information ...
25/04/2019 19:02:15 [DEBUG] 	Adding sub command 'toggle'
25/04/2019 19:02:15 [INFO] Adding command 'featherboard'
25/04/2019 19:02:07 [INFO] Loading messages ...
25/04/2019 19:02:11 [DEBUG] Loaded placeholder: factions1_6
25/04/2019 19:02:15 [INFO] Added 'PERMISSION' as the default scoreboard assign method
25/04/2019 19:02:15 [DEBUG] 	combat-scoreboard-example - 0
25/04/2019 19:02:12 [INFO] Loading event hook: mcMMO Level down event ...
25/04/2019 19:02:15 [DEBUG] 	Line: spacer2 Static: false
25/04/2019 19:02:15 [DEBUG] 	Line: poplulation-data Static: true
25/04/2019 19:02:15 [DEBUG] 	benchmark - 0
25/04/2019 19:02:15 [DEBUG] 	Line: townboard Static: false
25/04/2019 19:02:15 [DEBUG] 	Adding sub command 'generatebbcode'
25/04/2019 19:02:15 [DEBUG] 	Adding sub command 'about'
25/04/2019 19:02:15 [DEBUG] 	Line: skill Static: false
25/04/2019 19:02:15 [DEBUG] 	Line: spacer2 Static: true
25/04/2019 19:02:15 [DEBUG] 	Line: skill-label Static: true
25/04/2019 19:02:15 [DEBUG] 	Line: spacer1 Static: true
25/04/2019 19:02:07 [INFO] Loading language file: lang_en
25/04/2019 19:02:15 [DEBUG] 	Line: info-label Static: false
25/04/2019 19:02:15 [DEBUG] 	Line: title Static: false
25/04/2019 19:02:15 [INFO] Loading scoreboard 'mcmmo-levelup' ...
25/04/2019 19:02:15 [WARNING] Scoreboard group 'default' has too many lines!
25/04/2019 19:02:11 [DEBUG] Loaded placeholder: factions1_8
25/04/2019 19:02:15 [DEBUG] 	Line: server-line2 Static: false
25/04/2019 19:02:15 [DEBUG] 	Line: server-line0 Static: true
25/04/2019 19:02:15 [DEBUG] 	Line: server-line1 Static: false
25/04/2019 19:02:12 [INFO] Loading custom effect 'example1' ...
25/04/2019 19:02:15 [DEBUG] 	Line: spacer3 Static: true
25/04/2019 19:02:15 [DEBUG] 	Line: timesplayed Static: true
25/04/2019 19:02:15 [DEBUG] 	Line: news Static: false
25/04/2019 19:02:15 [DEBUG] 	Line: timesplayed-label Static: false
25/04/2019 19:02:15 [DEBUG] 	Line: spacer2 Static: true
25/04/2019 19:02:15 [DEBUG] 	Line: news-info Static: false
25/04/2019 19:02:15 [DEBUG] 	Line: player-label Static: true
25/04/2019 19:02:15 [DEBUG] 	Line: spacer1 Static: true
25/04/2019 19:02:15 [DEBUG] 	Line: header Static: true
25/04/2019 19:02:15 [DEBUG] 	Line: player-line1 Static: false
25/04/2019 19:02:15 [DEBUG] 	Line: title Static: false
25/04/2019 19:02:15 [INFO] Loading scoreboard 'default' ...
25/04/2019 19:02:11 [INFO] Loading placeholder [FireworkEffect] ...
25/04/2019 19:02:15 [DEBUG] 	Line: footer Static: true
25/04/2019 19:02:12 [INFO] Loading custom effect 'example2' ...
25/04/2019 19:02:15 [DEBUG] 	Line: health-data-1 Static: false
25/04/2019 19:02:15 [DEBUG] 	Line: health-label Static: true
25/04/2019 19:02:15 [DEBUG] 	Line: spacer1 Static: false
25/04/2019 19:02:15 [DEBUG] 	Line: combat-data Static: false
25/04/2019 19:02:15 [DEBUG] 	Line: combat-label Static: true
25/04/2019 19:02:15 [DEBUG] 	Line: header Static: true
25/04/2019 19:02:15 [DEBUG] 	Line: title Static: false
25/04/2019 19:02:15 [INFO] Loading scoreboard 'combat-scoreboard-example' ...
25/04/2019 19:02:12 [INFO] Creating new custom effect: example2
25/04/2019 19:02:15 [DEBUG] 	Line: line15 Static: false
25/04/2019 19:02:15 [DEBUG] 	Line: line14 Static: false
25/04/2019 19:02:15 [DEBUG] 	Line: line13 Static: false
25/04/2019 19:02:15 [DEBUG] 	Line: line12 Static: false
25/04/2019 19:02:14 [DEBUG] 	Line: line11 Static: false
25/04/2019 19:02:14 [DEBUG] 	Line: line10 Static: false
25/04/2019 19:02:07 [INFO] Loading placeholders and event triggers ...
25/04/2019 19:02:14 [DEBUG] 	Line: line8 Static: false
25/04/2019 19:02:14 [DEBUG] 	Line: line7 Static: false
25/04/2019 19:02:14 [DEBUG] 	Line: line6 Static: false
25/04/2019 19:02:14 [DEBUG] 	Line: line5 Static: false
25/04/2019 19:02:14 [DEBUG] 	Line: line4 Static: false
25/04/2019 19:02:14 [DEBUG] 	Line: line3 Static: false
25/04/2019 19:02:13 [DEBUG] 	Line: line2 Static: false
25/04/2019 19:02:19 [DEBUG] Refreshing group 'towny-town-example' for new custom placeholder 'factionstop_rank:2'
25/04/2019 19:02:13 [DEBUG] 	Line: title Static: false
25/04/2019 19:02:13 [INFO] Loading scoreboard 'benchmark' ...
25/04/2019 19:02:13 [INFO] Using OPTIMAL as the update strategy
25/04/2019 19:02:19 [DEBUG] Refreshing group 'benchmark' for new custom placeholder 'factionstop_rank:1'
25/04/2019 19:02:11 [DEBUG] Loaded placeholder: firework
25/04/2019 19:02:13 [INFO] Creating new custom effect: example3
25/04/2019 19:02:11 [DEBUG] Loaded placeholder: geographical
25/04/2019 19:02:13 [DEBUG] 	Line: line1 Static: false
25/04/2019 19:02:11 [DEBUG] Loaded placeholder: hotbar
25/04/2019 19:02:15 [DEBUG] 	Line: skilllevel-label Static: true
25/04/2019 19:02:12 [INFO] Loading event hook: Vanilla player rejoin ...
25/04/2019 19:02:12 [DEBUG] Loaded placeholder: unicode
25/04/2019 19:02:12 [INFO] Loading placeholder [ServerPinger] ...
25/04/2019 19:02:12 [INFO] Loaded 3054 of the 3054 placholders
25/04/2019 19:02:15 [DEBUG] 	Line: header Static: true
25/04/2019 19:02:12 [INFO] Loading event hook: Vanilla Block break hook ...
25/04/2019 19:02:12 [INFO] Loading placeholder [Twitter] ...
25/04/2019 19:02:12 [DEBUG] Loaded placeholder: tickspersecond
25/04/2019 19:02:15 [DEBUG] 	Line: skilllevel Static: false
25/04/2019 19:02:12 [DEBUG] Loaded placeholder: vanillaevents
25/04/2019 19:02:12 [DEBUG] Loaded placeholder: player
25/04/2019 19:02:15 [DEBUG] 	Line: townboard-label Static: true
25/04/2019 19:02:12 [INFO] Loading placeholder [Previous Names] ...
25/04/2019 19:02:11 [DEBUG] Loaded placeholder: permissions
25/04/2019 19:02:12 [DEBUG] Loaded placeholder: sound
25/04/2019 19:02:15 [DEBUG] 	Line: footer Static: true
25/04/2019 19:02:15 [DEBUG] 	Line: server-label Static: false
25/04/2019 19:02:12 [INFO] Loading placeholder [Statistics] ...
25/04/2019 19:02:15 [DEBUG] 	Line: health-data-2 Static: false
25/04/2019 19:02:15 [INFO] Loading scoreboard 'towny-town-example' ...
25/04/2019 19:02:12 [INFO] Loading placeholder [TicksPerSecond] ...
25/04/2019 19:02:15 [DEBUG] 	Line: header Static: true
25/04/2019 19:02:15 [DEBUG] 	Line: town-label Static: true
25/04/2019 19:02:15 [DEBUG] 	Line: title Static: false
25/04/2019 19:02:12 [INFO] Checking for placeholder updates ...
25/04/2019 19:02:15 [DEBUG] 	Line: town-data Static: true
25/04/2019 19:02:15 [DEBUG] 	Line: spacer1 Static: false
25/04/2019 19:02:12 [INFO] Creating new custom effect: example1
25/04/2019 19:02:08 [DEBUG] Loaded placeholder: bukkit
25/04/2019 19:02:08 [INFO] Loading placeholder [Bukkit] ...
25/04/2019 19:02:08 [DEBUG] Loaded placeholder: armor
25/04/2019 19:02:12 [DEBUG] Loaded placeholder: previousnames
25/04/2019 19:02:12 [INFO] Loading placeholder [RedisBungee] ...
25/04/2019 19:02:15 [DEBUG] 	Line: player-line2 Static: true
25/04/2019 19:02:12 [DEBUG] Loaded placeholder: serverpinger
25/04/2019 19:02:12 [DEBUG] Loaded placeholder: superbvote
25/04/2019 19:02:12 [DEBUG] Loaded placeholder: statistics
25/04/2019 19:02:12 [INFO] Loading placeholder [Unicode Characters] ...
25/04/2019 19:02:12 [INFO] Loading event hook: Vanilla Combat hook ...
25/04/2019 19:02:12 [INFO] Loading event hook: Vanilla player rejoin ...
25/04/2019 19:02:15 [DEBUG] 	default - 10
25/04/2019 19:02:12 [INFO] Loading event hook: Vanilla Death hook ...
25/04/2019 19:02:12 [INFO] Loading event hook: Vanilla player join ...
25/04/2019 19:02:12 [INFO] Loading event hook: Vanilla player first join ...
25/04/2019 19:02:15 [INFO] Toggle persistence is disabled!
25/04/2019 19:02:12 [INFO] Loading event hook: Vanilla Block break hook ...
25/04/2019 19:02:12 [INFO] Loading event hook: Vanilla player join ...
25/04/2019 19:02:15 [DEBUG] 	Adding sub command 'debug'
25/04/2019 19:02:15 [DEBUG] 	Adding sub command 'gui'
25/04/2019 19:02:12 [INFO] Loading event hook: Vanilla Death hook ...
25/04/2019 19:02:08 [INFO] Loading placeholder [Armor] ...
25/04/2019 19:02:11 [INFO] Loading placeholder [Permissions] ...
25/04/2019 19:02:11 [DEBUG] Loaded placeholder: multiverse
25/04/2019 19:02:07 [INFO] Fetching available placeholders from server ...
25/04/2019 19:02:11 [INFO] Loading placeholder [Multiverse-Core] ...
25/04/2019 19:02:14 [DEBUG] 	Line: line9 Static: false
25/04/2019 19:02:11 [DEBUG] Loaded placeholder: memory
25/04/2019 19:02:07 [DEBUG] Loaded placeholder: MySQL
25/04/2019 19:02:11 [INFO] Loading placeholder [Memory] ...
25/04/2019 19:02:11 [INFO] Loading placeholder [JavaInfo] ...
25/04/2019 19:02:11 [DEBUG] Loaded placeholder: java
25/04/2019 19:02:07 [INFO] Loading internal placeholders ...
25/04/2019 19:02:07 [DEBUG] Loaded placeholder: CustomPlaceholders
25/04/2019 19:02:11 [INFO] Loading placeholder [Hotbar] ...
25/04/2019 19:02:13 [DEBUG]  - Server supports Team entries
25/04/2019 19:02:13 [INFO] Loading custom effect 'example3' ...
25/04/2019 19:02:13 [DEBUG] Using SCOREBOARD v7
25/04/2019 19:02:13 [DEBUG]  - Server supports Objective entries
25/04/2019 19:02:11 [INFO] Loading placeholder [Geographical] ...
25/04/2019 19:02:12 [DEBUG] Loaded placeholder: twitter
25/04/2019 19:02:11 [INFO] Loading placeholder [Player] ...
25/04/2019 19:02:12 [INFO] Loading placeholder [Sound Effects] ...
25/04/2019 19:02:12 [DEBUG] Loaded placeholder: redisbungee
25/04/2019 19:02:08 [INFO] Loading placeholder [BungeeCord] ...
25/04/2019 19:02:12 [INFO] Loading placeholder [SuperbVote] ...
25/04/2019 19:02:08 [INFO] Loading placeholder [Color] ...
25/04/2019 19:02:08 [DEBUG] Loaded placeholder: bungeecord
25/04/2019 19:02:08 [INFO] Loading placeholder [CommandPlaceholderPack] ...
25/04/2019 19:02:08 [DEBUG] Loaded placeholder: color
25/04/2019 19:02:12 [INFO] Loading placeholder [VanillaEvents] ...
25/04/2019 19:02:08 [INFO] Loading placeholder [Compass placeholders] ...
25/04/2019 19:02:08 [DEBUG] Loaded placeholder: compass
25/04/2019 19:02:12 [INFO] Loading event hook: Vanilla Block place hook ...
25/04/2019 19:02:08 [INFO] Loading placeholder [Economy] ...
25/04/2019 19:02:08 [DEBUG] Loaded placeholder: economy
25/04/2019 19:02:08 [INFO] Loading placeholder [Enjin] ...
25/04/2019 19:02:12 [INFO] Loading event hook: Vanilla Block place hook ...
25/04/2019 19:02:08 [INFO] Loading placeholder [Effects] ...
25/04/2019 19:02:12 [INFO] Loading event hook: Vanilla Create portal hook ...
25/04/2019 19:02:12 [INFO] Loading event hook: Vanilla Combat hook ...
25/04/2019 19:02:08 [DEBUG] Loaded placeholder: command
25/04/2019 19:02:08 [DEBUG] Loaded placeholder: playereffects
25/04/2019 19:02:24 [INFO] Checking for module updates ...
25/04/2019 19:02:24 [INFO] Fetching modules from server ...
