18/04/2019 20:09:08 [DEBUG] Refreshing group 'benchmark' for new custom placeholder 'envoy_cooldown'
18/04/2019 20:09:08 [DEBUG] Refreshing group 'combat-scoreboard-example' for new custom placeholder 'envoy_cooldown'
18/04/2019 20:09:08 [DEBUG] Refreshing group 'mcmmo-levelup' for new custom placeholder 'envoy_cooldown'
18/04/2019 20:09:08 [DEBUG] Refreshing group 'default' for new custom placeholder 'envoy_cooldown'
18/04/2019 20:09:04 [INFO] Loading event hook: mcMMO Level up event ...
18/04/2019 20:09:04 [DEBUG] Loaded placeholder: mcmmo
18/04/2019 20:09:00 [INFO] Loading internal placeholders ...
18/04/2019 20:09:04 [INFO] Loading placeholder [mcMMO] ...
18/04/2019 20:09:03 [DEBUG] Loaded placeholder: factions1_6
18/04/2019 20:09:03 [INFO] Loading placeholder [Factions 1.8] ...
18/04/2019 20:09:08 [DEBUG] Refreshing group 'default' for new custom placeholder 'envoy_time_left'
18/04/2019 20:09:04 [INFO] Loading event hook: mcMMO Party Level up ...
18/04/2019 20:09:08 [DEBUG] Refreshing group 'towny-town-example' for new custom placeholder 'envoy_cooldown'
18/04/2019 20:09:08 [DEBUG] 	Adding sub command 'remove'
18/04/2019 20:09:04 [INFO] Loading event hook: mcMMO Level down event ...
18/04/2019 20:09:08 [DEBUG] 	Adding sub command 'module'
18/04/2019 20:09:04 [INFO] Loading event hook: mcMMO Level up event ...
18/04/2019 20:09:04 [INFO] Loading event hook: mcMMO Party Level up ...
18/04/2019 20:09:08 [DEBUG] Refreshing group 'towny-town-example' for new custom placeholder 'envoy_time_left'
18/04/2019 20:09:04 [INFO] Loading event hook: mcMMO Level down event ...
18/04/2019 20:09:08 [DEBUG] Refreshing group 'combat-scoreboard-example' for new custom placeholder 'envoy_time_left'
18/04/2019 20:09:08 [DEBUG] Refreshing group 'benchmark' for new custom placeholder 'envoy_crates_left'
18/04/2019 20:09:00 [DEBUG] Loaded placeholder: CustomPlaceholders
18/04/2019 20:09:08 [DEBUG] Refreshing group 'combat-scoreboard-example' for new custom placeholder 'envoy_crates_left'
18/04/2019 20:09:03 [DEBUG] Loaded placeholder: factions1_8
18/04/2019 20:09:08 [DEBUG] Refreshing group 'benchmark' for new custom placeholder 'envoy_time_left'
18/04/2019 20:09:08 [DEBUG] Refreshing group 'default' for new custom placeholder 'envoy_crates_left'
18/04/2019 20:09:08 [DEBUG] Refreshing group 'mcmmo-levelup' for new custom placeholder 'envoy_crates_left'
18/04/2019 20:09:00 [DEBUG] Loaded placeholder: MySQL
18/04/2019 20:09:08 [DEBUG] 	Adding sub command 'hide'
18/04/2019 20:09:08 [DEBUG] 	Adding sub command 'add'
18/04/2019 20:09:08 [DEBUG] Refreshing group 'towny-town-example' for new custom placeholder 'envoy_crates_left'
18/04/2019 20:09:08 [DEBUG] 	Adding sub command 'modules'
18/04/2019 20:09:08 [DEBUG] 	Adding sub command 'removescoreboard'
18/04/2019 20:09:08 [DEBUG] 	Adding sub command 'info'
18/04/2019 20:09:08 [DEBUG] 	Adding sub command 'createscoreboard'
18/04/2019 20:09:07 [INFO] Generating metrics information ...
18/04/2019 20:09:07 [DEBUG] 	Adding sub command 'off'
18/04/2019 20:09:07 [INFO] Toggle persistence is disabled!
18/04/2019 20:09:07 [INFO] Adding command 'featherboard'
18/04/2019 20:09:04 [INFO] Checking for placeholder updates ...
18/04/2019 20:09:07 [DEBUG] 	Adding sub command 'on'
18/04/2019 20:09:07 [DEBUG] 	Adding sub command 'gui'
18/04/2019 20:09:08 [DEBUG] 	Adding sub command 'placeholders'
18/04/2019 20:09:07 [INFO] Added 'PERMISSION' as the default scoreboard assign method
18/04/2019 20:09:03 [INFO] Loading placeholder [FireworkEffect] ...
18/04/2019 20:09:08 [DEBUG] Refreshing group 'mcmmo-levelup' for new custom placeholder 'envoy_time_left'
18/04/2019 20:09:07 [DEBUG] 	Line: info-label Static: false
18/04/2019 20:09:05 [INFO] Loading custom effect 'example2' ...
18/04/2019 20:09:07 [DEBUG] 	Line: skill-label Static: true
18/04/2019 20:09:07 [DEBUG] 	Line: skill Static: false
18/04/2019 20:09:07 [DEBUG] 	Line: skilllevel Static: false
18/04/2019 20:09:07 [DEBUG] 	Line: skilllevel-label Static: true
18/04/2019 20:09:07 [DEBUG] 	Line: spacer2 Static: true
18/04/2019 20:09:07 [DEBUG] 	Line: footer Static: true
18/04/2019 20:09:03 [DEBUG] Loaded placeholder: geographical
18/04/2019 20:09:07 [DEBUG] 	Line: header Static: true
18/04/2019 20:09:07 [DEBUG] 	Line: town-data Static: true
18/04/2019 20:09:00 [INFO] Fetching available placeholders from server ...
18/04/2019 20:09:05 [INFO] Creating new custom effect: example1
18/04/2019 20:09:07 [DEBUG] 	Line: spacer1 Static: false
18/04/2019 20:09:07 [DEBUG] 	Line: townboard Static: false
18/04/2019 20:09:07 [DEBUG] 	Line: population-label Static: true
18/04/2019 20:09:07 [DEBUG] Scoreboards groups sorted by priority:
18/04/2019 20:09:05 [INFO] Loading custom effect 'example1' ...
18/04/2019 20:09:07 [DEBUG] 	benchmark - 0
18/04/2019 20:09:07 [DEBUG] 	Line: poplulation-data Static: true
18/04/2019 20:09:08 [DEBUG] 	Adding sub command 'about'
18/04/2019 20:09:04 [INFO] Loaded 2962 of the 2962 placholders
18/04/2019 20:09:08 [DEBUG] 	Adding sub command 'help'
18/04/2019 20:09:07 [DEBUG] 	Line: footer Static: true
18/04/2019 20:09:07 [DEBUG] 	Line: title Static: false
18/04/2019 20:09:08 [DEBUG] 	Adding sub command 'debug'
18/04/2019 20:09:08 [DEBUG] 	Adding sub command 'reload'
18/04/2019 20:09:03 [DEBUG] Loaded placeholder: firework
18/04/2019 20:09:08 [DEBUG] 	Adding sub command 'reload'
18/04/2019 20:09:08 [DEBUG] 	Adding sub command 'generatebbcode'
18/04/2019 20:09:08 [DEBUG] 	Adding sub command 'show'
18/04/2019 20:09:07 [DEBUG] 	Line: townboard-label Static: true
18/04/2019 20:09:08 [DEBUG] 	Adding sub command 'parse'
18/04/2019 20:09:03 [INFO] Loading placeholder [Geographical] ...
18/04/2019 20:09:07 [DEBUG] 	default - 10
18/04/2019 20:09:07 [DEBUG] 	towny-town-example - 0
18/04/2019 20:09:07 [DEBUG] 	mcmmo-levelup - 0
18/04/2019 20:09:07 [DEBUG] 	Line: town-label Static: true
18/04/2019 20:09:07 [DEBUG] 	Line: header Static: true
18/04/2019 20:09:07 [DEBUG] 	Line: title Static: false
18/04/2019 20:09:05 [INFO] Creating new custom effect: example2
18/04/2019 20:09:07 [WARNING] Scoreboard group 'default' has too many lines!
18/04/2019 20:09:05 [INFO] Creating new custom effect: example3
18/04/2019 20:09:07 [DEBUG] 	Line: spacer3 Static: true
18/04/2019 20:09:07 [DEBUG] 	Line: player-line1 Static: false
18/04/2019 20:09:07 [DEBUG] 	Line: spacer1 Static: true
18/04/2019 20:09:07 [DEBUG] 	Line: server-line0 Static: true
18/04/2019 20:09:07 [DEBUG] 	Line: timesplayed-label Static: false
18/04/2019 20:09:07 [DEBUG] 	Line: server-label Static: false
18/04/2019 20:09:07 [DEBUG] 	Line: spacer2 Static: true
18/04/2019 20:09:07 [DEBUG] 	Line: player-line2 Static: true
18/04/2019 20:09:07 [DEBUG] 	Line: timesplayed Static: true
18/04/2019 20:09:07 [DEBUG] 	Line: server-line2 Static: false
18/04/2019 20:09:05 [INFO] Loading custom effect 'example3' ...
18/04/2019 20:09:03 [INFO] Loading placeholder [Hotbar] ...
18/04/2019 20:09:07 [DEBUG] 	Line: news Static: false
18/04/2019 20:09:07 [DEBUG] 	Line: combat-label Static: true
18/04/2019 20:09:05 [DEBUG]  - Server supports Objective entries
18/04/2019 20:09:06 [DEBUG] 	Line: line3 Static: false
18/04/2019 20:09:05 [INFO] Using OPTIMAL as the update strategy
18/04/2019 20:09:01 [INFO] Loading placeholder [Bukkit] ...
18/04/2019 20:09:01 [INFO] Loading placeholder [BungeeCord] ...
18/04/2019 20:09:04 [INFO] Loading event hook: WorldGuard Region ...
18/04/2019 20:09:04 [INFO] Loading event hook: Vanilla player first join ...
18/04/2019 20:09:04 [INFO] Loading event hook: Vanilla Create portal hook ...
18/04/2019 20:09:08 [DEBUG] 	Adding sub command 'permissions'
18/04/2019 20:09:04 [INFO] Loading event hook: Vanilla Death hook ...
18/04/2019 20:09:08 [DEBUG] 	Adding sub command 'editsetting'
18/04/2019 20:09:03 [INFO] Loading placeholder [Player] ...
18/04/2019 20:09:07 [DEBUG] 	Line: line11 Static: false
18/04/2019 20:09:03 [DEBUG] Loaded placeholder: player
18/04/2019 20:09:03 [DEBUG] Loaded placeholder: permissions
18/04/2019 20:09:03 [INFO] Loading placeholder [Permissions] ...
18/04/2019 20:09:01 [DEBUG] Loaded placeholder: bukkit
18/04/2019 20:09:03 [DEBUG] Loaded placeholder: memory
18/04/2019 20:09:05 [DEBUG] 	Line: title Static: false
18/04/2019 20:09:03 [INFO] Loading placeholder [Memory] ...
18/04/2019 20:09:01 [DEBUG] Loaded placeholder: armor
18/04/2019 20:09:03 [DEBUG] Loaded placeholder: java
18/04/2019 20:09:06 [DEBUG] 	Line: line1 Static: false
18/04/2019 20:09:05 [INFO] Loading scoreboard 'benchmark' ...
18/04/2019 20:09:06 [DEBUG] 	Line: line4 Static: false
18/04/2019 20:09:06 [DEBUG] 	Line: line5 Static: false
18/04/2019 20:09:06 [DEBUG] 	Line: line2 Static: false
18/04/2019 20:09:06 [DEBUG] 	Line: line6 Static: false
18/04/2019 20:09:06 [DEBUG] 	Line: line8 Static: false
18/04/2019 20:09:06 [DEBUG] 	Line: line7 Static: false
18/04/2019 20:09:07 [DEBUG] 	Line: line9 Static: false
18/04/2019 20:09:07 [DEBUG] 	Line: line10 Static: false
18/04/2019 20:09:07 [DEBUG] 	Line: line12 Static: false
18/04/2019 20:09:05 [DEBUG] Using SCOREBOARD v7
18/04/2019 20:09:03 [INFO] Loading placeholder [JavaInfo] ...
18/04/2019 20:09:07 [DEBUG] 	Line: line13 Static: false
18/04/2019 20:09:07 [DEBUG] 	Line: line14 Static: false
18/04/2019 20:09:07 [INFO] Loading scoreboard 'combat-scoreboard-example' ...
18/04/2019 20:09:05 [DEBUG]  - Server supports Team entries
18/04/2019 20:09:07 [DEBUG] 	Line: combat-data Static: false
18/04/2019 20:09:07 [DEBUG] 	Line: spacer1 Static: false
18/04/2019 20:09:07 [DEBUG] 	Line: health-label Static: true
18/04/2019 20:09:07 [DEBUG] 	Line: health-data-1 Static: false
18/04/2019 20:09:03 [DEBUG] Loaded placeholder: hotbar
18/04/2019 20:09:07 [DEBUG] 	Line: health-data-2 Static: false
18/04/2019 20:09:07 [DEBUG] 	Line: title Static: false
18/04/2019 20:09:07 [DEBUG] 	combat-scoreboard-example - 0
18/04/2019 20:09:03 [DEBUG] Loaded placeholder: serverpinger
18/04/2019 20:09:07 [INFO] Loading scoreboard 'mcmmo-levelup' ...
18/04/2019 20:09:07 [DEBUG] 	Line: footer Static: true
18/04/2019 20:09:07 [DEBUG] 	Line: title Static: false
18/04/2019 20:09:03 [INFO] Loading placeholder [Previous Names] ...
18/04/2019 20:09:04 [DEBUG] Loaded placeholder: worldborder
18/04/2019 20:09:04 [DEBUG] Loaded placeholder: worldguard
18/04/2019 20:09:04 [INFO] Loading event hook: WorldGuard Region ...
18/04/2019 20:09:04 [DEBUG] Loaded placeholder: world
18/04/2019 20:09:04 [INFO] Loading placeholder [WorldBorder] ...
18/04/2019 20:09:07 [DEBUG] 	Line: line15 Static: false
18/04/2019 20:09:03 [DEBUG] Loaded placeholder: previousnames
18/04/2019 20:09:07 [DEBUG] 	Line: header Static: true
18/04/2019 20:09:01 [INFO] Loading placeholder [Armor] ...
18/04/2019 20:09:07 [INFO] Loading scoreboard 'default' ...
18/04/2019 20:09:03 [DEBUG] Loaded placeholder: redisbungee
18/04/2019 20:09:03 [INFO] Loading placeholder [RedisBungee] ...
18/04/2019 20:09:03 [INFO] Loading placeholder [ServerPinger] ...
18/04/2019 20:09:02 [INFO] Loading placeholder [Color] ...
18/04/2019 20:09:03 [INFO] Loading placeholder [Sound Effects] ...
18/04/2019 20:09:02 [DEBUG] Loaded placeholder: bungeecord
18/04/2019 20:09:07 [DEBUG] 	Adding sub command 'toggle'
18/04/2019 20:09:02 [INFO] Loading placeholder [CommandPlaceholderPack] ...
18/04/2019 20:09:04 [INFO] Loading placeholder [Statistics] ...
18/04/2019 20:09:07 [DEBUG] 	Line: header Static: true
18/04/2019 20:09:03 [DEBUG] Loaded placeholder: sound
18/04/2019 20:09:07 [DEBUG] 	Line: player-label Static: true
18/04/2019 20:09:07 [DEBUG] 	Line: news-info Static: false
18/04/2019 20:09:04 [DEBUG] Loaded placeholder: statistics
18/04/2019 20:09:04 [INFO] Loading placeholder [SuperbVote] ...
18/04/2019 20:09:07 [DEBUG] 	Line: server-line1 Static: false
18/04/2019 20:09:04 [DEBUG] Loaded placeholder: tickspersecond
18/04/2019 20:09:04 [DEBUG] Loaded placeholder: twitter
18/04/2019 20:09:04 [DEBUG] Loaded placeholder: superbvote
18/04/2019 20:09:07 [DEBUG] 	Line: spacer1 Static: true
18/04/2019 20:09:04 [DEBUG] Loaded placeholder: unicode
18/04/2019 20:09:04 [INFO] Loading placeholder [VanillaEvents] ...
18/04/2019 20:09:04 [DEBUG] Loaded placeholder: vanillaevents
18/04/2019 20:09:04 [INFO] Loading event hook: Vanilla Block place hook ...
18/04/2019 20:09:07 [INFO] Loading scoreboard 'towny-town-example' ...
18/04/2019 20:09:04 [INFO] Loading event hook: Vanilla Block break hook ...
18/04/2019 20:09:04 [INFO] Loading event hook: Vanilla player rejoin ...
18/04/2019 20:09:07 [DEBUG] 	Line: spacer2 Static: false
18/04/2019 20:09:04 [INFO] Loading event hook: Vanilla Death hook ...
18/04/2019 20:09:04 [INFO] Loading event hook: Vanilla player rejoin ...
18/04/2019 20:09:04 [INFO] Loading event hook: Vanilla Create portal hook ...
18/04/2019 20:09:04 [INFO] Loading event hook: Vanilla Block place hook ...
18/04/2019 20:09:04 [INFO] Loading event hook: Vanilla Block break hook ...
18/04/2019 20:09:04 [INFO] Loading event hook: Vanilla player first join ...
18/04/2019 20:09:02 [DEBUG] Loaded placeholder: color
18/04/2019 20:09:02 [DEBUG] Loaded placeholder: command
18/04/2019 20:09:02 [INFO] Loading placeholder [Compass placeholders] ...
18/04/2019 20:09:02 [DEBUG] Loaded placeholder: entities
18/04/2019 20:09:02 [DEBUG] Loaded placeholder: enjin
18/04/2019 20:09:00 [INFO] Loading placeholders and event triggers ...
18/04/2019 20:09:00 [INFO] Loading language file: lang_en
18/04/2019 20:09:02 [INFO] Loading placeholder [Enjin] ...
18/04/2019 20:09:02 [INFO] Loading placeholder [Entities] ...
18/04/2019 20:09:00 [INFO] Loading messages ...
18/04/2019 20:09:04 [INFO] Loading event hook: Vanilla Combat hook ...
18/04/2019 20:09:04 [INFO] Loading event hook: Vanilla player join ...
18/04/2019 20:09:02 [DEBUG] Loaded placeholder: compass
18/04/2019 20:09:04 [INFO] Loading placeholder [TicksPerSecond] ...
18/04/2019 20:09:04 [INFO] Loading placeholder [Twitter] ...
18/04/2019 20:09:02 [DEBUG] Loaded placeholder: economy
18/04/2019 20:09:04 [INFO] Loading event hook: Vanilla player join ...
18/04/2019 20:09:02 [DEBUG] Loaded placeholder: playereffects
18/04/2019 20:09:02 [INFO] Loading placeholder [Facebook] ...
18/04/2019 20:09:02 [INFO] Loading placeholder [Effects] ...
18/04/2019 20:09:04 [INFO] Loading placeholder [WorldGuard] ...
18/04/2019 20:09:03 [INFO] Loading placeholder [Factions] ...
18/04/2019 20:09:02 [INFO] Loading placeholder [Essentials] ...
18/04/2019 20:09:04 [INFO] Loading placeholder [World] ...
18/04/2019 20:09:02 [INFO] Loading placeholder [Economy] ...
18/04/2019 20:09:04 [INFO] Loading event hook: Vanilla Combat hook ...
18/04/2019 20:09:02 [DEBUG] Loaded placeholder: essentials
18/04/2019 20:09:03 [DEBUG] Loaded placeholder: facebook
18/04/2019 20:09:04 [INFO] Loading placeholder [Unicode Characters] ...
18/04/2019 20:09:15 [INFO] Checking for module updates ...
18/04/2019 20:09:15 [INFO] Fetching modules from server ...
18/04/2019 20:11:07 [INFO] Loading configuration ...
18/04/2019 20:11:07 [INFO] Loading messages ...
18/04/2019 20:11:08 [DEBUG] Loaded placeholder: color
18/04/2019 20:11:13 [DEBUG] Scoreboards groups sorted by priority:
18/04/2019 20:11:13 [DEBUG] 	benchmark - 0
18/04/2019 20:11:13 [DEBUG] 	combat-scoreboard-example - 0
18/04/2019 20:11:13 [DEBUG] 	mcmmo-levelup - 0
18/04/2019 20:11:08 [INFO] Loading placeholder [CommandPlaceholderPack] ...
18/04/2019 20:11:08 [DEBUG] Loaded placeholder: command
18/04/2019 20:11:09 [INFO] Loading event hook: Vanilla Block place hook ...
18/04/2019 20:11:13 [DEBUG] 	Line: population-label Static: true
18/04/2019 20:11:09 [INFO] Loading event hook: Vanilla Create portal hook ...
18/04/2019 20:11:13 [DEBUG] 	Line: poplulation-data Static: true
18/04/2019 20:11:13 [INFO] Added 'PERMISSION' as the default scoreboard assign method
18/04/2019 20:11:13 [DEBUG] 	Line: footer Static: true
18/04/2019 20:11:13 [DEBUG] 	Line: skill Static: false
18/04/2019 20:11:13 [DEBUG] 	Line: spacer2 Static: true
18/04/2019 20:11:13 [DEBUG] 	Line: skill-label Static: true
18/04/2019 20:11:13 [DEBUG] 	Line: info-label Static: false
18/04/2019 20:11:13 [DEBUG] 	Line: spacer1 Static: true
18/04/2019 20:11:09 [INFO] Loading event hook: Vanilla player rejoin ...
18/04/2019 20:11:13 [DEBUG] 	Line: title Static: false
18/04/2019 20:11:13 [INFO] Loading scoreboard 'mcmmo-levelup' ...
18/04/2019 20:11:09 [INFO] Loading event hook: Vanilla player join ...
18/04/2019 20:11:09 [INFO] Loading event hook: Vanilla Death hook ...
18/04/2019 20:11:13 [DEBUG] 	Line: server-line1 Static: false
18/04/2019 20:11:13 [DEBUG] 	Line: server-line2 Static: false
18/04/2019 20:11:13 [DEBUG] 	Line: server-line0 Static: true
18/04/2019 20:11:08 [DEBUG] Loaded placeholder: compass
18/04/2019 20:11:13 [DEBUG] 	Line: spacer3 Static: true
18/04/2019 20:11:13 [DEBUG] 	Line: timesplayed Static: true
18/04/2019 20:11:13 [DEBUG] 	Line: timesplayed-label Static: false
18/04/2019 20:11:08 [INFO] Loading placeholder [Economy] ...
18/04/2019 20:11:13 [DEBUG] 	Line: news Static: false
18/04/2019 20:11:13 [DEBUG] 	Line: spacer1 Static: true
18/04/2019 20:11:09 [INFO] Loading event hook: Vanilla Create portal hook ...
18/04/2019 20:11:09 [INFO] Loading event hook: Vanilla player first join ...
18/04/2019 20:11:13 [DEBUG] 	Line: player-line1 Static: false
18/04/2019 20:11:13 [DEBUG] 	Line: player-label Static: true
18/04/2019 20:11:09 [INFO] Loading placeholder [World] ...
18/04/2019 20:11:13 [DEBUG] 	Line: header Static: true
18/04/2019 20:11:09 [DEBUG] Loaded placeholder: world
18/04/2019 20:11:13 [DEBUG] 	Line: footer Static: true
18/04/2019 20:11:13 [DEBUG] 	Line: health-data-1 Static: false
18/04/2019 20:11:08 [DEBUG] Loaded placeholder: economy
18/04/2019 20:11:09 [INFO] Loading placeholder [WorldBorder] ...
18/04/2019 20:11:13 [DEBUG] 	Line: combat-label Static: true
18/04/2019 20:11:13 [DEBUG] 	Line: spacer1 Static: false
18/04/2019 20:11:09 [DEBUG] Loaded placeholder: worldborder
18/04/2019 20:11:13 [DEBUG] 	Line: title Static: false
18/04/2019 20:11:13 [DEBUG] 	Line: health-label Static: true
18/04/2019 20:11:13 [DEBUG] 	Line: line15 Static: false
18/04/2019 20:11:13 [DEBUG] 	Line: line14 Static: false
18/04/2019 20:11:09 [INFO] Loading placeholder [WorldGuard] ...
18/04/2019 20:11:08 [INFO] Loading placeholder [Effects] ...
18/04/2019 20:11:09 [DEBUG] Loaded placeholder: worldguard
18/04/2019 20:11:10 [INFO] Loading scoreboard 'benchmark' ...
18/04/2019 20:11:10 [INFO] Using OPTIMAL as the update strategy
18/04/2019 20:11:10 [DEBUG]  - Server supports Team entries
18/04/2019 20:11:08 [DEBUG] Loaded placeholder: enjin
18/04/2019 20:11:10 [INFO] Loading event hook: mcMMO Party Level up ...
18/04/2019 20:11:13 [DEBUG] 	Line: spacer2 Static: false
18/04/2019 20:11:08 [INFO] Loading placeholder [Entities] ...
18/04/2019 20:11:10 [INFO] Loading event hook: mcMMO Level up event ...
18/04/2019 20:11:10 [INFO] Creating new custom effect: example2
18/04/2019 20:11:10 [INFO] Loading custom effect 'example2' ...
18/04/2019 20:11:10 [INFO] Creating new custom effect: example1
18/04/2019 20:11:10 [INFO] Loading event hook: mcMMO Level down event ...
18/04/2019 20:11:10 [INFO] Loaded 2968 of the 2968 placholders
18/04/2019 20:11:10 [INFO] Loading event hook: mcMMO Party Level up ...
18/04/2019 20:11:08 [INFO] Loading placeholder [Essentials] ...
18/04/2019 20:11:08 [DEBUG] Loaded placeholder: entities
18/04/2019 20:11:10 [INFO] Loading event hook: mcMMO Level up event ...
18/04/2019 20:11:08 [DEBUG] Loaded placeholder: essentials
18/04/2019 20:11:10 [INFO] Checking for placeholder updates ...
18/04/2019 20:11:10 [INFO] Loading event hook: mcMMO Level down event ...
18/04/2019 20:11:10 [INFO] Loading custom effect 'example1' ...
18/04/2019 20:11:08 [DEBUG] Loaded placeholder: facebook
18/04/2019 20:11:08 [INFO] Loading placeholder [Factions] ...
18/04/2019 20:11:07 [INFO] Loading language file: lang_en
18/04/2019 20:11:08 [INFO] Loading placeholder [Facebook] ...
18/04/2019 20:11:10 [INFO] Loading custom effect 'example3' ...
18/04/2019 20:11:10 [DEBUG]  - Server supports Objective entries
18/04/2019 20:11:10 [DEBUG] Using SCOREBOARD v7
18/04/2019 20:11:08 [DEBUG] Loaded placeholder: factions1_6
18/04/2019 20:11:08 [DEBUG] Loaded placeholder: factions1_8
18/04/2019 20:11:08 [INFO] Loading placeholder [Factions 1.8] ...
18/04/2019 20:11:08 [INFO] Loading placeholder [FireworkEffect] ...
18/04/2019 20:11:11 [DEBUG] 	Line: line1 Static: false
18/04/2019 20:11:11 [DEBUG] 	Line: line3 Static: false
18/04/2019 20:11:11 [DEBUG] 	Line: line5 Static: false
18/04/2019 20:11:10 [INFO] Creating new custom effect: example3
18/04/2019 20:11:09 [INFO] Loading event hook: Vanilla player rejoin ...
18/04/2019 20:11:09 [INFO] Loading event hook: Vanilla Block break hook ...
18/04/2019 20:11:09 [DEBUG] Loaded placeholder: geographical
18/04/2019 20:11:07 [INFO] Checking for module updates ...
18/04/2019 20:11:09 [INFO] Loading event hook: Vanilla player join ...
18/04/2019 20:11:09 [INFO] Loading placeholder [Hotbar] ...
18/04/2019 20:11:08 [DEBUG] Loaded placeholder: firework
18/04/2019 20:11:13 [DEBUG] 	Line: town-label Static: true
18/04/2019 20:11:13 [DEBUG] 	Line: town-data Static: true
18/04/2019 20:11:08 [INFO] Loading placeholder [Geographical] ...
18/04/2019 20:11:13 [DEBUG] 	Line: title Static: false
18/04/2019 20:11:13 [DEBUG] 	Line: player-line2 Static: true
18/04/2019 20:11:09 [INFO] Loading placeholder [Previous Names] ...
18/04/2019 20:11:13 [DEBUG] 	Line: title Static: false
18/04/2019 20:11:13 [INFO] Loading scoreboard 'default' ...
18/04/2019 20:11:13 [DEBUG] 	Line: health-data-2 Static: false
18/04/2019 20:11:09 [INFO] Loading placeholder [Permissions] ...
18/04/2019 20:11:13 [DEBUG] 	Line: header Static: true
18/04/2019 20:11:13 [INFO] Loading scoreboard 'combat-scoreboard-example' ...
18/04/2019 20:11:13 [DEBUG] 	Line: combat-data Static: false
18/04/2019 20:11:12 [DEBUG] 	Line: line9 Static: false
18/04/2019 20:11:09 [DEBUG] Loaded placeholder: hotbar
18/04/2019 20:11:12 [DEBUG] 	Line: line11 Static: false
18/04/2019 20:11:09 [INFO] Loading placeholder [JavaInfo] ...
18/04/2019 20:11:09 [INFO] Loading placeholder [Memory] ...
18/04/2019 20:11:12 [DEBUG] 	Line: line13 Static: false
18/04/2019 20:11:09 [DEBUG] Loaded placeholder: java
18/04/2019 20:11:09 [DEBUG] Loaded placeholder: memory
18/04/2019 20:11:07 [INFO] Fetching modules from server ...
18/04/2019 20:11:07 [INFO] Loading internal placeholders ...
18/04/2019 20:11:07 [INFO] Loading placeholders and event triggers ...
18/04/2019 20:11:09 [DEBUG] Loaded placeholder: permissions
18/04/2019 20:11:09 [INFO] Loading placeholder [Player] ...
18/04/2019 20:11:09 [DEBUG] Loaded placeholder: player
18/04/2019 20:11:07 [DEBUG] Loaded placeholder: CustomPlaceholders
18/04/2019 20:11:09 [DEBUG] Loaded placeholder: previousnames
18/04/2019 20:11:09 [INFO] Loading placeholder [RedisBungee] ...
18/04/2019 20:11:07 [DEBUG] Loaded placeholder: MySQL
18/04/2019 20:11:07 [INFO] Fetching available placeholders from server ...
18/04/2019 20:11:09 [DEBUG] Loaded placeholder: redisbungee
18/04/2019 20:11:09 [INFO] Loading placeholder [VanillaEvents] ...
18/04/2019 20:11:09 [INFO] Loading placeholder [TicksPerSecond] ...
18/04/2019 20:11:08 [INFO] Loading placeholder [BungeeCord] ...
18/04/2019 20:11:13 [DEBUG] 	Line: news-info Static: false
18/04/2019 20:11:08 [DEBUG] Loaded placeholder: bungeecord
18/04/2019 20:11:09 [INFO] Loading placeholder [Sound Effects] ...
18/04/2019 20:11:13 [DEBUG] 	Line: spacer2 Static: true
18/04/2019 20:11:13 [DEBUG] 	Line: server-label Static: false
18/04/2019 20:11:09 [INFO] Loading placeholder [ServerPinger] ...
18/04/2019 20:11:13 [WARNING] Scoreboard group 'default' has too many lines!
18/04/2019 20:11:09 [DEBUG] Loaded placeholder: serverpinger
18/04/2019 20:11:13 [DEBUG] 	Line: header Static: true
18/04/2019 20:11:09 [DEBUG] Loaded placeholder: sound
18/04/2019 20:11:09 [DEBUG] Loaded placeholder: statistics
18/04/2019 20:11:09 [INFO] Loading placeholder [Statistics] ...
18/04/2019 20:11:13 [DEBUG] 	Line: header Static: true
18/04/2019 20:11:13 [INFO] Loading scoreboard 'towny-town-example' ...
18/04/2019 20:11:13 [DEBUG] 	Line: footer Static: true
18/04/2019 20:11:09 [DEBUG] Loaded placeholder: twitter
18/04/2019 20:11:09 [DEBUG] Loaded placeholder: tickspersecond
18/04/2019 20:11:13 [DEBUG] 	Line: townboard-label Static: true
18/04/2019 20:11:09 [DEBUG] Loaded placeholder: unicode
18/04/2019 20:11:09 [INFO] Loading placeholder [Unicode Characters] ...
18/04/2019 20:11:09 [DEBUG] Loaded placeholder: vanillaevents
18/04/2019 20:11:10 [DEBUG] 	Line: title Static: false
18/04/2019 20:11:13 [DEBUG] 	default - 10
18/04/2019 20:11:11 [DEBUG] 	Line: line4 Static: false
18/04/2019 20:11:09 [INFO] Loading event hook: WorldGuard Region ...
18/04/2019 20:11:10 [DEBUG] Loaded placeholder: mcmmo
18/04/2019 20:11:09 [INFO] Loading placeholder [mcMMO] ...
18/04/2019 20:11:11 [DEBUG] 	Line: line6 Static: false
18/04/2019 20:11:12 [DEBUG] 	Line: line8 Static: false
18/04/2019 20:11:12 [DEBUG] 	Line: line10 Static: false
18/04/2019 20:11:08 [INFO] Loading placeholder [Enjin] ...
18/04/2019 20:11:12 [DEBUG] 	Line: line12 Static: false
18/04/2019 20:11:09 [INFO] Loading event hook: WorldGuard Region ...
18/04/2019 20:11:08 [DEBUG] Loaded placeholder: playereffects
18/04/2019 20:11:13 [DEBUG] 	Line: skilllevel-label Static: true
18/04/2019 20:11:13 [DEBUG] 	Line: skilllevel Static: false
18/04/2019 20:11:08 [INFO] Loading placeholder [Compass placeholders] ...
18/04/2019 20:11:13 [DEBUG] 	Line: spacer1 Static: false
18/04/2019 20:11:09 [INFO] Loading event hook: Vanilla Block break hook ...
18/04/2019 20:11:09 [INFO] Loading event hook: Vanilla player first join ...
18/04/2019 20:11:13 [DEBUG] 	towny-town-example - 0
18/04/2019 20:11:09 [INFO] Loading event hook: Vanilla Combat hook ...
18/04/2019 20:11:13 [DEBUG] 	Line: townboard Static: false
18/04/2019 20:11:09 [INFO] Loading event hook: Vanilla Death hook ...
18/04/2019 20:11:08 [INFO] Loading placeholder [Armor] ...
18/04/2019 20:11:09 [INFO] Loading placeholder [Twitter] ...
18/04/2019 20:11:09 [INFO] Loading event hook: Vanilla Combat hook ...
18/04/2019 20:11:09 [INFO] Loading event hook: Vanilla Block place hook ...
18/04/2019 20:11:09 [INFO] Loading placeholder [SuperbVote] ...
18/04/2019 20:11:09 [DEBUG] Loaded placeholder: superbvote
18/04/2019 20:11:08 [INFO] Loading placeholder [Color] ...
18/04/2019 20:11:08 [DEBUG] Loaded placeholder: bukkit
18/04/2019 20:11:08 [INFO] Loading placeholder [Bukkit] ...
18/04/2019 20:11:11 [DEBUG] 	Line: line2 Static: false
18/04/2019 20:11:12 [DEBUG] 	Line: line7 Static: false
18/04/2019 20:11:08 [DEBUG] Loaded placeholder: armor
