27/04/2019 14:36:29 [DEBUG] Loaded placeholder: enjin
27/04/2019 14:36:29 [INFO] Loading placeholder [Entities] ...
27/04/2019 14:36:39 [DEBUG] Refreshing group 'combat-scoreboard-example' for new custom placeholder 'factionstop_rank:3'
27/04/2019 14:36:39 [DEBUG] Refreshing group 'towny-town-example' for new custom placeholder 'factionstop_rank:3'
27/04/2019 14:36:39 [DEBUG] Refreshing group 'benchmark' for new custom placeholder 'factionstop_rank:3'
27/04/2019 14:36:39 [DEBUG] Refreshing group 'mcmmo-levelup' for new custom placeholder 'factionstop_rank:3'
27/04/2019 14:36:31 [INFO] Loading event hook: Vanilla Create portal hook ...
27/04/2019 14:36:39 [DEBUG] Refreshing group 'mcmmo-levelup' for new custom placeholder 'factionstop_rank:2'
27/04/2019 14:36:39 [DEBUG] Refreshing group 'combat-scoreboard-example' for new custom placeholder 'factionstop_rank:2'
27/04/2019 14:36:39 [DEBUG] Refreshing group 'benchmark' for new custom placeholder 'factionstop_rank:2'
27/04/2019 14:36:39 [DEBUG] Refreshing group 'default' for new custom placeholder 'factionstop_rank:1'
27/04/2019 14:36:35 [DEBUG] 	Adding sub command 'show'
27/04/2019 14:36:39 [DEBUG] Refreshing group 'towny-town-example' for new custom placeholder 'factionstop_rank:last'
27/04/2019 14:36:39 [DEBUG] Refreshing group 'default' for new custom placeholder 'factionstop_rank:3'
27/04/2019 14:36:39 [DEBUG] Refreshing group 'mcmmo-levelup' for new custom placeholder 'factionstop_rank:last'
27/04/2019 14:36:39 [DEBUG] Refreshing group 'benchmark' for new custom placeholder 'factionstop_rank:last'
27/04/2019 14:36:39 [DEBUG] Refreshing group 'combat-scoreboard-example' for new custom placeholder 'factionstop_rank:last'
27/04/2019 14:36:39 [DEBUG] Refreshing group 'default' for new custom placeholder 'factionstop_rank:last'
27/04/2019 14:36:35 [DEBUG] 	Adding sub command 'hide'
27/04/2019 14:36:31 [INFO] Loading event hook: Vanilla player first join ...
27/04/2019 14:36:35 [DEBUG] 	Adding sub command 'editsetting'
27/04/2019 14:36:35 [DEBUG] 	Adding sub command 'removescoreboard'
27/04/2019 14:36:31 [INFO] Loading placeholder [World] ...
27/04/2019 14:36:35 [DEBUG] 	Adding sub command 'createscoreboard'
27/04/2019 14:36:35 [DEBUG] 	Adding sub command 'modules'
27/04/2019 14:36:31 [DEBUG] Loaded placeholder: world
27/04/2019 14:36:39 [DEBUG] Refreshing group 'default' for new custom placeholder 'factionstop_rank:2'
27/04/2019 14:36:39 [DEBUG] Refreshing group 'towny-town-example' for new custom placeholder 'factionstop_rank:1'
27/04/2019 14:36:39 [DEBUG] Refreshing group 'mcmmo-levelup' for new custom placeholder 'factionstop_rank:1'
27/04/2019 14:36:35 [DEBUG] 	Adding sub command 'info'
27/04/2019 14:36:31 [DEBUG] Loaded placeholder: worldborder
27/04/2019 14:36:35 [DEBUG] 	Adding sub command 'remove'
27/04/2019 14:36:35 [DEBUG] 	Adding sub command 'module'
27/04/2019 14:36:29 [DEBUG] Loaded placeholder: entities
27/04/2019 14:36:39 [DEBUG] Refreshing group 'combat-scoreboard-example' for new custom placeholder 'factionstop_rank:1'
27/04/2019 14:36:35 [DEBUG] 	Adding sub command 'add'
27/04/2019 14:36:31 [INFO] Loading placeholder [WorldBorder] ...
27/04/2019 14:36:29 [DEBUG] Loaded placeholder: essentials
27/04/2019 14:36:31 [INFO] Loading event hook: WorldGuard Region ...
27/04/2019 14:36:31 [INFO] Loading event hook: WorldGuard Region ...
27/04/2019 14:36:31 [INFO] Loading placeholder [WorldGuard] ...
27/04/2019 14:36:29 [INFO] Loading placeholder [Essentials] ...
27/04/2019 14:36:31 [DEBUG] Loaded placeholder: worldguard
27/04/2019 14:36:35 [DEBUG] 	Adding sub command 'off'
27/04/2019 14:36:31 [INFO] Loading event hook: mcMMO Party Level up ...
27/04/2019 14:36:35 [DEBUG] 	Adding sub command 'placeholders'
27/04/2019 14:36:35 [DEBUG] 	Adding sub command 'generatebbcode'
27/04/2019 14:36:35 [DEBUG] 	Adding sub command 'reload'
27/04/2019 14:36:35 [DEBUG] 	Adding sub command 'permissions'
27/04/2019 14:36:35 [DEBUG] 	Adding sub command 'help'
27/04/2019 14:36:35 [DEBUG] 	Adding sub command 'about'
27/04/2019 14:36:35 [DEBUG] 	Adding sub command 'parse'
27/04/2019 14:36:35 [DEBUG] 	Adding sub command 'reload'
27/04/2019 14:36:31 [INFO] Loading event hook: mcMMO Level up event ...
27/04/2019 14:36:31 [INFO] Loading event hook: mcMMO Level down event ...
27/04/2019 14:36:30 [INFO] Loading placeholder [Factions 1.8] ...
27/04/2019 14:36:35 [DEBUG] 	Line: town-label Static: true
27/04/2019 14:36:35 [DEBUG] 	Line: title Static: false
27/04/2019 14:36:35 [INFO] Loading scoreboard 'towny-town-example' ...
27/04/2019 14:36:35 [DEBUG] 	Line: footer Static: true
27/04/2019 14:36:35 [INFO] Loading scoreboard 'default' ...
27/04/2019 14:36:30 [INFO] Loading placeholder [FireworkEffect] ...
27/04/2019 14:36:35 [DEBUG] 	Line: title Static: false
27/04/2019 14:36:30 [DEBUG] Loaded placeholder: facebook
27/04/2019 14:36:31 [INFO] Loading event hook: mcMMO Party Level up ...
27/04/2019 14:36:29 [INFO] Loading placeholder [Facebook] ...
27/04/2019 14:36:31 [INFO] Loading event hook: mcMMO Level down event ...
27/04/2019 14:36:31 [INFO] Loading event hook: mcMMO Level up event ...
27/04/2019 14:36:30 [INFO] Loading placeholder [Factions] ...
27/04/2019 14:36:31 [INFO] Loading placeholder [mcMMO] ...
27/04/2019 14:36:31 [DEBUG] Loaded placeholder: mcmmo
27/04/2019 14:36:35 [DEBUG] 	Adding sub command 'on'
27/04/2019 14:36:28 [INFO] Loading messages ...
27/04/2019 14:36:35 [DEBUG] 	Adding sub command 'toggle'
27/04/2019 14:36:35 [INFO] Adding command 'featherboard'
27/04/2019 14:36:30 [DEBUG] Loaded placeholder: factions1_6
27/04/2019 14:36:35 [INFO] Generating metrics information ...
27/04/2019 14:36:35 [INFO] Added 'PERMISSION' as the default scoreboard assign method
27/04/2019 14:36:35 [DEBUG] 	towny-town-example - 0
27/04/2019 14:36:35 [DEBUG] 	mcmmo-levelup - 0
27/04/2019 14:36:35 [DEBUG] 	combat-scoreboard-example - 0
27/04/2019 14:36:35 [DEBUG] 	benchmark - 0
27/04/2019 14:36:35 [DEBUG] Scoreboards groups sorted by priority:
27/04/2019 14:36:35 [DEBUG] 	Line: footer Static: true
27/04/2019 14:36:35 [DEBUG] 	Line: poplulation-data Static: true
27/04/2019 14:36:35 [DEBUG] 	Line: population-label Static: true
27/04/2019 14:36:35 [DEBUG] 	Line: spacer2 Static: false
27/04/2019 14:36:35 [DEBUG] 	Line: townboard Static: false
27/04/2019 14:36:31 [INFO] Checking for placeholder updates ...
27/04/2019 14:36:35 [DEBUG] 	Line: spacer1 Static: false
27/04/2019 14:36:32 [INFO] Creating new custom effect: example1
27/04/2019 14:36:35 [DEBUG] 	Line: header Static: true
27/04/2019 14:36:35 [DEBUG] 	Line: player-label Static: true
27/04/2019 14:36:35 [DEBUG] 	Line: news-info Static: false
27/04/2019 14:36:35 [DEBUG] 	Line: spacer1 Static: true
27/04/2019 14:36:35 [DEBUG] 	Line: news Static: false
27/04/2019 14:36:35 [DEBUG] 	Line: timesplayed-label Static: false
27/04/2019 14:36:35 [DEBUG] 	Line: spacer2 Static: true
27/04/2019 14:36:35 [DEBUG] 	Line: timesplayed Static: true
27/04/2019 14:36:35 [DEBUG] 	Line: spacer3 Static: true
27/04/2019 14:36:32 [INFO] Loading custom effect 'example1' ...
27/04/2019 14:36:35 [DEBUG] 	Line: server-line0 Static: true
27/04/2019 14:36:35 [DEBUG] 	Line: server-line2 Static: false
27/04/2019 14:36:35 [DEBUG] 	Line: server-line1 Static: false
27/04/2019 14:36:35 [WARNING] Scoreboard group 'default' has too many lines!
27/04/2019 14:36:35 [INFO] Loading scoreboard 'mcmmo-levelup' ...
27/04/2019 14:36:30 [DEBUG] Loaded placeholder: factions1_8
27/04/2019 14:36:35 [DEBUG] 	Line: title Static: false
27/04/2019 14:36:28 [INFO] Loading language file: lang_en
27/04/2019 14:36:35 [DEBUG] 	Line: info-label Static: false
27/04/2019 14:36:35 [DEBUG] 	Line: spacer1 Static: true
27/04/2019 14:36:35 [DEBUG] 	Line: skill-label Static: true
27/04/2019 14:36:35 [DEBUG] 	Line: skill Static: false
27/04/2019 14:36:35 [DEBUG] 	Line: skilllevel Static: false
27/04/2019 14:36:35 [DEBUG] 	Line: spacer2 Static: true
27/04/2019 14:36:31 [INFO] Loaded 2963 of the 2963 placholders
27/04/2019 14:36:35 [DEBUG] 	Line: skilllevel-label Static: true
27/04/2019 14:36:35 [DEBUG] 	Line: footer Static: true
27/04/2019 14:36:35 [DEBUG] 	Line: town-data Static: true
27/04/2019 14:36:35 [DEBUG] 	Line: header Static: true
27/04/2019 14:36:35 [DEBUG] 	Line: player-line1 Static: false
27/04/2019 14:36:33 [DEBUG] 	Line: line5 Static: false
27/04/2019 14:36:33 [DEBUG] 	Line: line4 Static: false
27/04/2019 14:36:32 [INFO] Creating new custom effect: example2
27/04/2019 14:36:33 [DEBUG] 	Line: line3 Static: false
27/04/2019 14:36:33 [DEBUG] 	Line: line2 Static: false
27/04/2019 14:36:39 [DEBUG] Refreshing group 'towny-town-example' for new custom placeholder 'factionstop_rank:2'
27/04/2019 14:36:32 [DEBUG] 	Line: title Static: false
27/04/2019 14:36:32 [INFO] Loading scoreboard 'benchmark' ...
27/04/2019 14:36:32 [INFO] Using OPTIMAL as the update strategy
27/04/2019 14:36:39 [DEBUG] Refreshing group 'benchmark' for new custom placeholder 'factionstop_rank:1'
27/04/2019 14:36:30 [DEBUG] Loaded placeholder: firework
27/04/2019 14:36:32 [INFO] Loading custom effect 'example3' ...
27/04/2019 14:36:32 [INFO] Creating new custom effect: example3
27/04/2019 14:36:30 [INFO] Loading placeholder [Geographical] ...
27/04/2019 14:36:32 [DEBUG]  - Server supports Objective entries
27/04/2019 14:36:32 [DEBUG]  - Server supports Team entries
27/04/2019 14:36:30 [DEBUG] Loaded placeholder: geographical
27/04/2019 14:36:32 [DEBUG] Using SCOREBOARD v7
27/04/2019 14:36:30 [INFO] Loading placeholder [Hotbar] ...
27/04/2019 14:36:28 [INFO] Loading internal placeholders ...
27/04/2019 14:36:30 [DEBUG] Loaded placeholder: hotbar
27/04/2019 14:36:33 [DEBUG] 	Line: line1 Static: false
27/04/2019 14:36:30 [INFO] Loading placeholder [JavaInfo] ...
27/04/2019 14:36:28 [DEBUG] Loaded placeholder: CustomPlaceholders
27/04/2019 14:36:30 [DEBUG] Loaded placeholder: java
27/04/2019 14:36:30 [INFO] Loading placeholder [Memory] ...
27/04/2019 14:36:28 [DEBUG] Loaded placeholder: MySQL
27/04/2019 14:36:30 [DEBUG] Loaded placeholder: memory
27/04/2019 14:36:34 [DEBUG] 	Line: line9 Static: false
27/04/2019 14:36:28 [INFO] Fetching available placeholders from server ...
27/04/2019 14:36:30 [INFO] Loading placeholder [Multiverse-Core] ...
27/04/2019 14:36:30 [DEBUG] Loaded placeholder: multiverse
27/04/2019 14:36:30 [INFO] Loading placeholder [Permissions] ...
27/04/2019 14:36:28 [INFO] Loading placeholder [Armor] ...
27/04/2019 14:36:31 [INFO] Loading event hook: Vanilla Death hook ...
27/04/2019 14:36:31 [INFO] Loading event hook: Vanilla player join ...
27/04/2019 14:36:31 [INFO] Loading event hook: Vanilla player rejoin ...
27/04/2019 14:36:35 [DEBUG] 	Adding sub command 'debug'
27/04/2019 14:36:31 [INFO] Loading event hook: Vanilla Block break hook ...
27/04/2019 14:36:35 [DEBUG] 	Adding sub command 'gui'
27/04/2019 14:36:35 [INFO] Toggle persistence is disabled!
27/04/2019 14:36:31 [INFO] Loading event hook: Vanilla Death hook ...
27/04/2019 14:36:31 [INFO] Loading event hook: Vanilla player first join ...
27/04/2019 14:36:31 [INFO] Loading event hook: Vanilla player rejoin ...
27/04/2019 14:36:31 [INFO] Loading event hook: Vanilla player join ...
27/04/2019 14:36:35 [DEBUG] 	default - 10
27/04/2019 14:36:31 [INFO] Loading event hook: Vanilla Block break hook ...
27/04/2019 14:36:31 [INFO] Loading event hook: Vanilla Combat hook ...
27/04/2019 14:36:31 [DEBUG] Loaded placeholder: vanillaevents
27/04/2019 14:36:35 [DEBUG] 	Line: townboard-label Static: true
27/04/2019 14:36:31 [DEBUG] Loaded placeholder: unicode
27/04/2019 14:36:31 [INFO] Loading placeholder [Unicode Characters] ...
27/04/2019 14:36:31 [DEBUG] Loaded placeholder: twitter
27/04/2019 14:36:30 [INFO] Loading placeholder [Twitter] ...
27/04/2019 14:36:30 [INFO] Loading placeholder [TicksPerSecond] ...
27/04/2019 14:36:33 [DEBUG] 	Line: line7 Static: false
27/04/2019 14:36:34 [DEBUG] 	Line: line11 Static: false
27/04/2019 14:36:28 [INFO] Loading placeholders and event triggers ...
27/04/2019 14:36:33 [DEBUG] 	Line: line8 Static: false
27/04/2019 14:36:34 [DEBUG] 	Line: line10 Static: false
27/04/2019 14:36:34 [DEBUG] 	Line: line12 Static: false
27/04/2019 14:36:35 [INFO] Loading scoreboard 'combat-scoreboard-example' ...
27/04/2019 14:36:34 [DEBUG] 	Line: line14 Static: false
27/04/2019 14:36:34 [DEBUG] 	Line: line13 Static: false
27/04/2019 14:36:35 [DEBUG] 	Line: title Static: false
27/04/2019 14:36:35 [DEBUG] 	Line: line15 Static: false
27/04/2019 14:36:35 [DEBUG] 	Line: header Static: true
27/04/2019 14:36:35 [DEBUG] 	Line: combat-data Static: false
27/04/2019 14:36:35 [DEBUG] 	Line: health-label Static: true
27/04/2019 14:36:35 [DEBUG] 	Line: combat-label Static: true
27/04/2019 14:36:35 [DEBUG] 	Line: spacer1 Static: false
27/04/2019 14:36:35 [DEBUG] 	Line: health-data-1 Static: false
27/04/2019 14:36:32 [INFO] Loading custom effect 'example2' ...
27/04/2019 14:36:33 [DEBUG] 	Line: line6 Static: false
27/04/2019 14:36:30 [INFO] Loading placeholder [Previous Names] ...
27/04/2019 14:36:28 [DEBUG] Loaded placeholder: armor
27/04/2019 14:36:35 [DEBUG] 	Line: health-data-2 Static: false
27/04/2019 14:36:30 [DEBUG] Loaded placeholder: permissions
27/04/2019 14:36:30 [DEBUG] Loaded placeholder: player
27/04/2019 14:36:30 [INFO] Loading placeholder [Player] ...
27/04/2019 14:36:30 [INFO] Loading placeholder [RedisBungee] ...
27/04/2019 14:36:30 [DEBUG] Loaded placeholder: previousnames
27/04/2019 14:36:35 [DEBUG] 	Line: player-line2 Static: true
27/04/2019 14:36:30 [INFO] Loading placeholder [ServerPinger] ...
27/04/2019 14:36:30 [DEBUG] Loaded placeholder: serverpinger
27/04/2019 14:36:30 [DEBUG] Loaded placeholder: statistics
27/04/2019 14:36:30 [DEBUG] Loaded placeholder: sound
27/04/2019 14:36:35 [DEBUG] 	Line: server-label Static: false
27/04/2019 14:36:30 [INFO] Loading placeholder [Statistics] ...
27/04/2019 14:36:30 [DEBUG] Loaded placeholder: tickspersecond
27/04/2019 14:36:30 [DEBUG] Loaded placeholder: superbvote
27/04/2019 14:36:35 [DEBUG] 	Line: header Static: true
27/04/2019 14:36:28 [INFO] Loading placeholder [Bukkit] ...
27/04/2019 14:36:29 [DEBUG] Loaded placeholder: bukkit
27/04/2019 14:36:30 [DEBUG] Loaded placeholder: redisbungee
27/04/2019 14:36:30 [INFO] Loading placeholder [Sound Effects] ...
27/04/2019 14:36:29 [INFO] Loading placeholder [BungeeCord] ...
27/04/2019 14:36:29 [DEBUG] Loaded placeholder: bungeecord
27/04/2019 14:36:30 [INFO] Loading placeholder [SuperbVote] ...
27/04/2019 14:36:29 [INFO] Loading placeholder [Color] ...
27/04/2019 14:36:29 [DEBUG] Loaded placeholder: color
27/04/2019 14:36:29 [INFO] Loading placeholder [CommandPlaceholderPack] ...
27/04/2019 14:36:29 [DEBUG] Loaded placeholder: playereffects
27/04/2019 14:36:31 [INFO] Loading event hook: Vanilla Combat hook ...
27/04/2019 14:36:29 [DEBUG] Loaded placeholder: economy
27/04/2019 14:36:31 [INFO] Loading placeholder [VanillaEvents] ...
27/04/2019 14:36:31 [INFO] Loading event hook: Vanilla Block place hook ...
27/04/2019 14:36:29 [INFO] Loading placeholder [Enjin] ...
27/04/2019 14:36:31 [INFO] Loading event hook: Vanilla Create portal hook ...
27/04/2019 14:36:29 [DEBUG] Loaded placeholder: command
27/04/2019 14:36:29 [INFO] Loading placeholder [Economy] ...
27/04/2019 14:36:29 [INFO] Loading placeholder [Effects] ...
27/04/2019 14:36:29 [DEBUG] Loaded placeholder: compass
27/04/2019 14:36:29 [INFO] Loading placeholder [Compass placeholders] ...
27/04/2019 14:36:31 [INFO] Loading event hook: Vanilla Block place hook ...
27/04/2019 14:36:47 [INFO] Checking for module updates ...
27/04/2019 14:36:47 [INFO] Fetching modules from server ...
