[12:35:13] [main/WARN]: Ambiguity between arguments [teleport, destination] and [teleport, targets] with inputs: [Player, 0123, @e, dd12be42-52a9-4a91-a8a1-11c01849e498]
[12:35:13] [main/WARN]: Ambiguity between arguments [teleport, location] and [teleport, destination] with inputs: [0.1 -0.5 .9, 0 0 0]
[12:35:13] [main/WARN]: Ambiguity between arguments [teleport, location] and [teleport, targets] with inputs: [0.1 -0.5 .9, 0 0 0]
[12:35:13] [main/WARN]: Ambiguity between arguments [teleport, targets] and [teleport, destination] with inputs: [Player, 0123, dd12be42-52a9-4a91-a8a1-11c01849e498]
[12:35:13] [main/WARN]: Ambiguity between arguments [teleport, targets, location] and [teleport, targets, destination] with inputs: [0.1 -0.5 .9, 0 0 0]
[12:35:13] [main/INFO]: Loaded 0 recipes
[12:35:13] [Server thread/INFO]: Starting minecraft server version 1.13.1
[12:35:13] [Server thread/INFO]: Loading properties
[12:35:13] [Server thread/INFO]: Default game type: ADVENTURE
[12:35:14] [Server thread/INFO]: This server is running CraftBukkit version git-Spigot-2440e18-4228a56 (MC: 1.13.1) (Implementing API version 1.13.1-R0.1-SNAPSHOT)
[12:35:15] [Server thread/INFO]: Debug logging is disabled
[12:35:15] [Server thread/INFO]: Using 4 threads for Netty based IO
[12:35:15] [Server thread/INFO]: Server Ping Player Sample Count: 12
[12:35:15] [Server thread/INFO]: Generating keypair
[12:35:16] [Server thread/INFO]: Starting Minecraft server on *:25565
[12:35:16] [Server thread/INFO]: Using default channel type
[12:35:17] [Server thread/ERROR]: Could not load 'plugins\worldedit-core-7.0.0-SNAPSHOT-dist.jar' in folder 'plugins'
org.bukkit.plugin.InvalidDescriptionException: Invalid plugin.yml
	at org.bukkit.plugin.java.JavaPluginLoader.getPluginDescription(JavaPluginLoader.java:154) ~[spigot-1.13.1.jar:git-Spigot-2440e18-4228a56]
	at org.bukkit.plugin.SimplePluginManager.loadPlugins(SimplePluginManager.java:133) [spigot-1.13.1.jar:git-Spigot-2440e18-4228a56]
	at org.bukkit.craftbukkit.v1_13_R2.CraftServer.loadPlugins(CraftServer.java:316) [spigot-1.13.1.jar:git-Spigot-2440e18-4228a56]
	at net.minecraft.server.v1_13_R2.DedicatedServer.init(DedicatedServer.java:213) [spigot-1.13.1.jar:git-Spigot-2440e18-4228a56]
	at net.minecraft.server.v1_13_R2.MinecraftServer.run(MinecraftServer.java:698) [spigot-1.13.1.jar:git-Spigot-2440e18-4228a56]
	at java.lang.Thread.run(Unknown Source) [?:1.8.0_181]
Caused by: java.io.FileNotFoundException: Jar does not contain plugin.yml
	... 6 more
[12:35:17] [Server thread/ERROR]: Could not load 'plugins\worldedit-forge-mc1.12.1-7.0.0-SNAPSHOT-dev.jar' in folder 'plugins'
org.bukkit.plugin.InvalidDescriptionException: Invalid plugin.yml
	at org.bukkit.plugin.java.JavaPluginLoader.getPluginDescription(JavaPluginLoader.java:154) ~[spigot-1.13.1.jar:git-Spigot-2440e18-4228a56]
	at org.bukkit.plugin.SimplePluginManager.loadPlugins(SimplePluginManager.java:133) [spigot-1.13.1.jar:git-Spigot-2440e18-4228a56]
	at org.bukkit.craftbukkit.v1_13_R2.CraftServer.loadPlugins(CraftServer.java:316) [spigot-1.13.1.jar:git-Spigot-2440e18-4228a56]
	at net.minecraft.server.v1_13_R2.DedicatedServer.init(DedicatedServer.java:213) [spigot-1.13.1.jar:git-Spigot-2440e18-4228a56]
	at net.minecraft.server.v1_13_R2.MinecraftServer.run(MinecraftServer.java:698) [spigot-1.13.1.jar:git-Spigot-2440e18-4228a56]
	at java.lang.Thread.run(Unknown Source) [?:1.8.0_181]
Caused by: java.io.FileNotFoundException: Jar does not contain plugin.yml
	... 6 more
[12:35:17] [Server thread/ERROR]: Ambiguous plugin name `WorldGuard' for files `plugins\worldguard-legacy-7.0.0-SNAPSHOT-dist.jar' and `plugins\worldguard-bukkit-6.2.2.jar' in `plugins'
[12:35:20] [User Authenticator #1/INFO]: UUID of player Ever_Tree is a483b685-a3f7-3fe1-a9a7-ff54539929f8
[12:35:33] [Server thread/INFO]: Set PluginClassLoader as parallel capable
[12:35:34] [Server thread/INFO]: [WorldEdit] Loading WorldEdit v7.0.0-SNAPSHOT;3874-6b33f08
[12:35:34] [Server thread/INFO]: [JumpPads] Loading JumpPads v1.12.1
[12:35:34] [Server thread/INFO]: [ClearLag] Loading ClearLag v2.9.7
[12:35:34] [Server thread/INFO]: [CrackShot] Loading CrackShot v0.98.9
[12:35:34] [Server thread/INFO]: [Vault] Loading Vault v1.6.7-b${env.TRAVIS_BUILD_NUMBER}
[12:35:34] [Server thread/INFO]: [WorldGuard] Loading WorldGuard v7.0.0-SNAPSHOT;1749-a6261b9
[12:35:34] [Server thread/INFO]: [Essentials] Loading Essentials v2.15.0.45
[12:35:34] [Server thread/INFO]: [EssentialsChat] Loading EssentialsChat vTeamCity
[12:35:34] [Server thread/INFO]: [EssentialsGeoIP] Loading EssentialsGeoIP vTeamCity
[12:35:34] [Server thread/INFO]: [EnchantmentsEnhance] Loading EnchantmentsEnhance v6.5.0
[12:35:34] [Server thread/INFO]: [EssentialsAntiBuild] Loading EssentialsAntiBuild vTeamCity
[12:35:34] [Server thread/INFO]: [EpicRename] Loading EpicRename v3.4
[12:35:34] [Server thread/INFO]: [EssentialsSpawn] Loading EssentialsSpawn vTeamCity
[12:35:34] [Server thread/INFO]: [EssentialsXMPP] Loading EssentialsXMPP vTeamCity
[12:35:34] [Server thread/INFO]: [EssentialsProtect] Loading EssentialsProtect vTeamCity
[12:35:34] [Server thread/INFO]: [Vault] Enabling Vault v1.6.7-b${env.TRAVIS_BUILD_NUMBER}
[12:35:34] [Server thread/INFO]: [Vault] [Economy] Essentials Economy found: Waiting
[12:35:34] [Server thread/INFO]: [Vault] [Permission] SuperPermissions loaded as backup permission system.
[12:35:34] [Server thread/INFO]: [Vault] Enabled Version 1.6.7-b${env.TRAVIS_BUILD_NUMBER}
[12:35:34] [Server thread/WARN]: **** SERVER IS RUNNING IN OFFLINE/INSECURE MODE!
[12:35:34] [Server thread/WARN]: The server will make no attempt to authenticate usernames. Beware.
[12:35:34] [Server thread/WARN]: While this makes the game possible to play without internet access, it also opens up the ability for hackers to connect with any username they choose.
[12:35:34] [Server thread/WARN]: To change this, set "online-mode" to "true" in the server.properties file.
[12:35:34] [Server thread/INFO]: **** Beginning UUID conversion, this may take A LONG time ****
[12:35:34] [Server thread/INFO]: Preparing level "world"
[12:35:34] [Server thread/INFO]: Reloading ResourceManager: Default, bukkit
[12:35:37] [Server thread/INFO]: Loaded 524 recipes
[12:35:40] [Server thread/INFO]: -------- World Settings For [world] --------
[12:35:40] [Server thread/INFO]: Experience Merge Radius: 3.0
[12:35:40] [Server thread/INFO]: Allow Zombie Pigmen to spawn from portal blocks: true
[12:35:40] [Server thread/INFO]: Item Merge Radius: 2.5
[12:35:40] [Server thread/INFO]: Item Despawn Rate: 6000
[12:35:40] [Server thread/INFO]: View Distance: 10
[12:35:40] [Server thread/INFO]: Arrow Despawn Rate: 1200
[12:35:40] [Server thread/INFO]: Zombie Aggressive Towards Villager: true
[12:35:40] [Server thread/INFO]: Nerfing mobs spawned from spawners: false
[12:35:40] [Server thread/INFO]: Hopper Transfer: 8 Hopper Check: 1 Hopper Amount: 1
[12:35:40] [Server thread/INFO]: Mob Spawn Range: 6
[12:35:40] [Server thread/INFO]: Cactus Growth Modifier: 100%
[12:35:40] [Server thread/INFO]: Cane Growth Modifier: 100%
[12:35:40] [Server thread/INFO]: Melon Growth Modifier: 100%
[12:35:40] [Server thread/INFO]: Mushroom Growth Modifier: 100%
[12:35:40] [Server thread/INFO]: Pumpkin Growth Modifier: 100%
[12:35:40] [Server thread/INFO]: Sapling Growth Modifier: 100%
[12:35:40] [Server thread/INFO]: Wheat Growth Modifier: 100%
[12:35:40] [Server thread/INFO]: NetherWart Growth Modifier: 100%
[12:35:40] [Server thread/INFO]: Vine Growth Modifier: 100%
[12:35:40] [Server thread/INFO]: Cocoa Growth Modifier: 100%
[12:35:40] [Server thread/INFO]: Max TNT Explosions: 100
[12:35:40] [Server thread/INFO]: Random Lighting Updates: false
[12:35:40] [Server thread/INFO]: Tile Max Tick Time: 50ms Entity max Tick Time: 50ms
[12:35:40] [Server thread/INFO]: Entity Activation Range: An 32 / Mo 32 / Mi 16 / Tiv true
[12:35:40] [Server thread/INFO]: Entity Tracking Range: Pl 48 / An 48 / Mo 48 / Mi 32 / Other 64
[12:35:40] [Server thread/INFO]: Custom Map Seeds:  Village: 10387312 Desert: 14357617 Igloo: 14357618 Jungle: 14357619 Swamp: 14357620 Monument: 10387313Ocean: 14357621 Shipwreck: 165745295 Slime: 987234911
[12:35:41] [Server thread/INFO]: -------- World Settings For [world_nether] --------
[12:35:41] [Server thread/INFO]: Experience Merge Radius: 3.0
[12:35:41] [Server thread/INFO]: Allow Zombie Pigmen to spawn from portal blocks: true
[12:35:41] [Server thread/INFO]: Item Merge Radius: 2.5
[12:35:41] [Server thread/INFO]: Item Despawn Rate: 6000
[12:35:41] [Server thread/INFO]: View Distance: 10
[12:35:41] [Server thread/INFO]: Arrow Despawn Rate: 1200
[12:35:41] [Server thread/INFO]: Zombie Aggressive Towards Villager: true
[12:35:41] [Server thread/INFO]: Nerfing mobs spawned from spawners: false
[12:35:41] [Server thread/INFO]: Hopper Transfer: 8 Hopper Check: 1 Hopper Amount: 1
[12:35:41] [Server thread/INFO]: Mob Spawn Range: 6
[12:35:41] [Server thread/INFO]: Cactus Growth Modifier: 100%
[12:35:41] [Server thread/INFO]: Cane Growth Modifier: 100%
[12:35:41] [Server thread/INFO]: Melon Growth Modifier: 100%
[12:35:41] [Server thread/INFO]: Mushroom Growth Modifier: 100%
[12:35:41] [Server thread/INFO]: Pumpkin Growth Modifier: 100%
[12:35:41] [Server thread/INFO]: Sapling Growth Modifier: 100%
[12:35:41] [Server thread/INFO]: Wheat Growth Modifier: 100%
[12:35:41] [Server thread/INFO]: NetherWart Growth Modifier: 100%
[12:35:41] [Server thread/INFO]: Vine Growth Modifier: 100%
[12:35:41] [Server thread/INFO]: Cocoa Growth Modifier: 100%
[12:35:41] [Server thread/INFO]: Max TNT Explosions: 100
[12:35:41] [Server thread/INFO]: Random Lighting Updates: false
[12:35:41] [Server thread/INFO]: Tile Max Tick Time: 50ms Entity max Tick Time: 50ms
[12:35:41] [Server thread/INFO]: Entity Activation Range: An 32 / Mo 32 / Mi 16 / Tiv true
[12:35:41] [Server thread/INFO]: Entity Tracking Range: Pl 48 / An 48 / Mo 48 / Mi 32 / Other 64
[12:35:41] [Server thread/INFO]: Custom Map Seeds:  Village: 10387312 Desert: 14357617 Igloo: 14357618 Jungle: 14357619 Swamp: 14357620 Monument: 10387313Ocean: 14357621 Shipwreck: 165745295 Slime: 987234911
[12:35:41] [Server thread/INFO]: -------- World Settings For [world_the_end] --------
[12:35:41] [Server thread/INFO]: Experience Merge Radius: 3.0
[12:35:41] [Server thread/INFO]: Allow Zombie Pigmen to spawn from portal blocks: true
[12:35:41] [Server thread/INFO]: Item Merge Radius: 2.5
[12:35:41] [Server thread/INFO]: Item Despawn Rate: 6000
[12:35:41] [Server thread/INFO]: View Distance: 10
[12:35:41] [Server thread/INFO]: Arrow Despawn Rate: 1200
[12:35:41] [Server thread/INFO]: Zombie Aggressive Towards Villager: true
[12:35:41] [Server thread/INFO]: Nerfing mobs spawned from spawners: false
[12:35:41] [Server thread/INFO]: Hopper Transfer: 8 Hopper Check: 1 Hopper Amount: 1
[12:35:41] [Server thread/INFO]: Mob Spawn Range: 6
[12:35:41] [Server thread/INFO]: Cactus Growth Modifier: 100%
[12:35:41] [Server thread/INFO]: Cane Growth Modifier: 100%
[12:35:41] [Server thread/INFO]: Melon Growth Modifier: 100%
[12:35:41] [Server thread/INFO]: Mushroom Growth Modifier: 100%
[12:35:41] [Server thread/INFO]: Pumpkin Growth Modifier: 100%
[12:35:41] [Server thread/INFO]: Sapling Growth Modifier: 100%
[12:35:41] [Server thread/INFO]: Wheat Growth Modifier: 100%
[12:35:41] [Server thread/INFO]: NetherWart Growth Modifier: 100%
[12:35:41] [Server thread/INFO]: Vine Growth Modifier: 100%
[12:35:41] [Server thread/INFO]: Cocoa Growth Modifier: 100%
[12:35:41] [Server thread/INFO]: Max TNT Explosions: 100
[12:35:41] [Server thread/INFO]: Random Lighting Updates: false
[12:35:41] [Server thread/INFO]: Tile Max Tick Time: 50ms Entity max Tick Time: 50ms
[12:35:41] [Server thread/INFO]: Entity Activation Range: An 32 / Mo 32 / Mi 16 / Tiv true
[12:35:41] [Server thread/INFO]: Entity Tracking Range: Pl 48 / An 48 / Mo 48 / Mi 32 / Other 64
[12:35:41] [Server thread/INFO]: Custom Map Seeds:  Village: 10387312 Desert: 14357617 Igloo: 14357618 Jungle: 14357619 Swamp: 14357620 Monument: 10387313Ocean: 14357621 Shipwreck: 165745295 Slime: 987234911
[12:35:41] [Server thread/INFO]: Preparing start region for level minecraft:the_nether (Seed: -8352270219320563686)
[12:35:41] [Server thread/INFO]: Preparing spawn area: 4%
[12:35:41] [Server thread/INFO]: Preparing spawn area: 8%
[12:35:42] [Server thread/INFO]: Preparing spawn area: 12%
[12:35:42] [Server thread/INFO]: Preparing spawn area: 16%
[12:35:42] [Server thread/INFO]: Preparing spawn area: 20%
[12:35:43] [Server thread/INFO]: Preparing spawn area: 24%
[12:35:43] [Server thread/INFO]: Preparing spawn area: 28%
[12:35:43] [Server thread/INFO]: Preparing spawn area: 32%
[12:35:43] [Server thread/INFO]: Preparing spawn area: 36%
[12:35:43] [Server thread/INFO]: Preparing spawn area: 40%
[12:35:43] [Server thread/INFO]: Preparing spawn area: 44%
[12:35:44] [Server thread/INFO]: Preparing spawn area: 48%
[12:35:44] [Server thread/INFO]: Preparing spawn area: 52%
[12:35:44] [Server thread/INFO]: Preparing spawn area: 56%
[12:35:44] [Server thread/INFO]: Preparing spawn area: 60%
[12:35:44] [Server thread/INFO]: Preparing spawn area: 64%
[12:35:44] [Server thread/INFO]: Preparing spawn area: 68%
[12:35:45] [Server thread/INFO]: Preparing spawn area: 72%
[12:35:45] [Server thread/INFO]: Preparing spawn area: 76%
[12:35:45] [Server thread/INFO]: Preparing spawn area: 80%
[12:35:45] [Server thread/INFO]: Preparing spawn area: 84%
[12:35:45] [Server thread/INFO]: Preparing spawn area: 88%
[12:35:45] [Server thread/INFO]: Preparing spawn area: 92%
[12:35:45] [Server thread/INFO]: Preparing spawn area: 96%
[12:35:46] [Server thread/INFO]: Preparing spawn area: 100%
[12:35:46] [Server thread/INFO]: Preparing start region for level minecraft:the_end (Seed: -8352270219320563686)
[12:35:46] [Server thread/INFO]: Preparing spawn area: 4%
[12:35:46] [Server thread/INFO]: Preparing spawn area: 8%
[12:35:46] [Server thread/INFO]: Preparing spawn area: 12%
[12:35:46] [Server thread/INFO]: Preparing spawn area: 16%
[12:35:46] [Server thread/INFO]: Preparing spawn area: 20%
[12:35:46] [Server thread/INFO]: Preparing spawn area: 24%
[12:35:46] [Server thread/INFO]: Preparing spawn area: 28%
[12:35:46] [Server thread/INFO]: Preparing spawn area: 32%
[12:35:46] [Server thread/INFO]: Preparing spawn area: 36%
[12:35:47] [Server thread/INFO]: Preparing spawn area: 40%
[12:35:47] [Server thread/INFO]: Preparing spawn area: 44%
[12:35:47] [Server thread/INFO]: Preparing spawn area: 48%
[12:35:47] [Server thread/INFO]: Preparing spawn area: 52%
[12:35:47] [Server thread/INFO]: Preparing spawn area: 56%
[12:35:47] [Server thread/INFO]: Preparing spawn area: 60%
[12:35:47] [Server thread/INFO]: Preparing spawn area: 64%
[12:35:47] [Server thread/INFO]: Preparing spawn area: 68%
[12:35:47] [Server thread/INFO]: Preparing spawn area: 72%
[12:35:47] [Server thread/INFO]: Preparing spawn area: 76%
[12:35:47] [Server thread/INFO]: Preparing spawn area: 80%
[12:35:47] [Server thread/INFO]: Preparing spawn area: 84%
[12:35:47] [Server thread/INFO]: Preparing spawn area: 88%
[12:35:47] [Server thread/INFO]: Preparing spawn area: 92%
[12:35:47] [Server thread/INFO]: Preparing spawn area: 96%
[12:35:47] [Server thread/INFO]: Preparing spawn area: 100%
[12:35:47] [Server thread/INFO]: Preparing start region for level minecraft:overworld (Seed: -6082769972913563204)
[12:35:48] [Server thread/INFO]: Preparing spawn area: 4%
[12:35:48] [Server thread/INFO]: Preparing spawn area: 8%
[12:35:48] [Server thread/INFO]: Preparing spawn area: 12%
[12:35:48] [Server thread/INFO]: Preparing spawn area: 16%
[12:35:48] [Server thread/INFO]: Preparing spawn area: 20%
[12:35:48] [Server thread/INFO]: Preparing spawn area: 24%
[12:35:49] [Server thread/INFO]: Preparing spawn area: 28%
[12:35:49] [Server thread/INFO]: Preparing spawn area: 32%
[12:35:49] [Server thread/INFO]: Preparing spawn area: 36%
[12:35:49] [Server thread/INFO]: Preparing spawn area: 40%
[12:35:49] [Server thread/INFO]: Preparing spawn area: 44%
[12:35:49] [Server thread/INFO]: Preparing spawn area: 48%
[12:35:49] [Server thread/INFO]: Preparing spawn area: 52%
[12:35:49] [Server thread/INFO]: Preparing spawn area: 56%
[12:35:50] [Server thread/INFO]: Preparing spawn area: 60%
[12:35:50] [Server thread/INFO]: Preparing spawn area: 64%
[12:35:50] [Server thread/INFO]: Preparing spawn area: 68%
[12:35:50] [Server thread/INFO]: Preparing spawn area: 72%
[12:35:50] [Server thread/INFO]: Preparing spawn area: 76%
[12:35:50] [Server thread/INFO]: Preparing spawn area: 80%
[12:35:50] [Server thread/INFO]: Preparing spawn area: 84%
[12:35:51] [Server thread/INFO]: Preparing spawn area: 88%
[12:35:51] [Server thread/INFO]: Preparing spawn area: 92%
[12:35:51] [Server thread/INFO]: Preparing spawn area: 96%
[12:35:51] [Server thread/INFO]: Preparing spawn area: 100%
[12:35:51] [Server thread/INFO]: Time elapsed: 10185 ms
[12:35:51] [Server thread/INFO]: [WorldEdit] Enabling WorldEdit v7.0.0-SNAPSHOT;3874-6b33f08
[12:35:51] [User Authenticator #2/INFO]: UUID of player Ever_Tree is a483b685-a3f7-3fe1-a9a7-ff54539929f8
[12:35:51] [Server thread/INFO]: [WorldEdit] Using com.sk89q.worldedit.bukkit.adapter.impl.Spigot_v1_13_R2 as the Bukkit adapter
[12:35:52] [Server thread/INFO]: WEPIF: Using the Bukkit Permissions API.
[12:35:52] [Server thread/INFO]: [JumpPads] Enabling JumpPads v1.12.1
[12:35:53] [Server thread/INFO]: [ClearLag] Enabling ClearLag v2.9.7
[12:35:53] [Server thread/INFO]: [ClearLag] Loading modules...
[12:35:53] [Server thread/INFO]: [ClearLag] Modules enabed, loading config values
[12:35:53] [Server thread/INFO]: [ClearLag] Modules have been loaded!
[12:35:53] [Server thread/INFO]: [ClearLag] Clearlag is now enabled!
[12:35:53] [Server thread/INFO]: [CrackShot] Enabling CrackShot v0.98.9
[12:35:53] [Thread-10/INFO]: [ClearLag] Checking for updates compatible with your bukkit version [1.13]...
[12:35:53] [Thread-10/WARN]: [ClearLag] Clearlag failed to check for updates - bukkit may be down
[12:35:53] [Server thread/INFO]: [CrackShot] Gun-mode activated. Boop!
[12:35:53] [Server thread/INFO]: [WorldGuard] Enabling WorldGuard v7.0.0-SNAPSHOT;1749-a6261b9
[12:35:53] [Server thread/INFO]: [WorldGuard] (world) TNT ignition is PERMITTED.
[12:35:53] [Server thread/INFO]: [WorldGuard] (world) Lighters are PERMITTED.
[12:35:53] [Server thread/INFO]: [WorldGuard] (world) Lava fire is blocked.
[12:35:53] [Server thread/INFO]: [WorldGuard] (world) Fire spread is UNRESTRICTED.
[12:35:53] [Server thread/INFO]: [WorldGuard] Loaded configuration for world 'world'
[12:35:53] [Server thread/INFO]: [WorldGuard] (world_nether) TNT ignition is PERMITTED.
[12:35:53] [Server thread/INFO]: [WorldGuard] (world_nether) Lighters are PERMITTED.
[12:35:53] [Server thread/INFO]: [WorldGuard] (world_nether) Lava fire is blocked.
[12:35:53] [Server thread/INFO]: [WorldGuard] (world_nether) Fire spread is UNRESTRICTED.
[12:35:53] [Server thread/INFO]: [WorldGuard] Loaded configuration for world 'world_nether'
[12:35:53] [Server thread/INFO]: [WorldGuard] (world_the_end) TNT ignition is PERMITTED.
[12:35:53] [Server thread/INFO]: [WorldGuard] (world_the_end) Lighters are PERMITTED.
[12:35:53] [Server thread/INFO]: [WorldGuard] (world_the_end) Lava fire is blocked.
[12:35:53] [Server thread/INFO]: [WorldGuard] (world_the_end) Fire spread is UNRESTRICTED.
[12:35:53] [Server thread/INFO]: [WorldGuard] Loaded configuration for world 'world_the_end'
[12:35:53] [Server thread/INFO]: [WorldGuard] Loading region data...
[12:35:54] [Server thread/INFO]: [Essentials] Enabling Essentials v2.15.0.45
[12:35:54] [Server thread/WARN]: [Essentials] §4Version mismatch! Please update EssentialsChat to the same version.
[12:35:54] [Server thread/WARN]: [Essentials] §4Version mismatch! Please update EssentialsGeoIP to the same version.
[12:35:54] [Server thread/WARN]: [Essentials] §4Version mismatch! Please update EssentialsAntiBuild to the same version.
[12:35:54] [Server thread/WARN]: [Essentials] §4Version mismatch! Please update EssentialsSpawn to the same version.
[12:35:54] [Server thread/WARN]: [Essentials] §4Version mismatch! Please update EssentialsXMPP to the same version.
[12:35:54] [Server thread/WARN]: [Essentials] §4Version mismatch! Please update EssentialsProtect to the same version.
[12:35:54] [Server thread/INFO]: Attempting to convert old kits in config.yml to new kits.yml
[12:35:54] [Server thread/INFO]: No kits found to migrate.
[12:35:54] [Server thread/INFO]: [Essentials] Using 1.8.3+ BlockStateMeta provider as mob spawner provider.
[12:35:55] [Server thread/INFO]: [Essentials] Using legacy item data provider as spawn egg provider.
[12:35:56] [Server thread/INFO]: [Essentials] Using 1.9+ BasePotionData provider as potion meta provider.
[12:35:56] [Server thread/INFO]: Using locale en_US
[12:35:56] [Server thread/INFO]: [Essentials] Using Spigot 1.7.10+ ServerListPingEvent iterator
[12:35:56] [Server thread/INFO]: [Essentials] Starting Metrics. Opt-out using the global bStats config.
[12:35:56] [Server thread/INFO]: [Vault][Economy] Essentials Economy hooked.
[12:35:56] [Server thread/INFO]: [Essentials] Using superperms-based permissions.
[12:35:56] [Server thread/INFO]: [EssentialsChat] Enabling EssentialsChat vTeamCity
[12:35:56] [Server thread/WARN]: §4Version mismatch! Please update all Essentials jars to the same version.
[12:35:56] [Server thread/INFO]: [EssentialsGeoIP] Enabling EssentialsGeoIP vTeamCity
[12:35:56] [Server thread/WARN]: [EssentialsGeoIP] §4Version mismatch! Please update all Essentials jars to the same version.
[12:35:56] [Server thread/INFO]: [EssentialsGeoIP] This product includes GeoLite data created by MaxMind, available from http://www.maxmind.com/.
[12:35:56] [Server thread/INFO]: [EnchantmentsEnhance] Enabling EnchantmentsEnhance v6.5.0
[12:35:56] [Server thread/INFO]: [m
[12:35:56] [Server thread/INFO]:                                                   -.                                                 [m
[12:35:56] [Server thread/INFO]:                                                  +/                                                 [m
[12:35:56] [Server thread/INFO]:           `o+                                    ys                                    /o.          [m
[12:35:56] [Server thread/INFO]:          /m+                                     Nd                                     :m+         [m
[12:35:56] [Server thread/INFO]:         oM+                                     .MM`                                     /Ms        [m
[12:35:56] [Server thread/INFO]:        /Mh                                      /MM:                                      sMo       [m
[12:35:56] [Server thread/INFO]:       `NM:                                  `   yMMo   `                                  .MN.      [m
[12:35:56] [Server thread/INFO]:       +MM`                                  -o  mMMd  +:                                   NMs      [m
[12:35:56] [Server thread/INFO]:       yMM-                                  .N-.MMMN`.N-                                  `NMd      [m
[12:35:56] [Server thread/INFO]:       sMMy                                  -Ms/MMMM-oM:                                  sMMh      [m
[12:35:56] [Server thread/INFO]:       -MMMs`                                sMssMMMM+oMy                                `oMMM/      [m
[12:35:56] [Server thread/INFO]:        oMMMd:                              /NN-hMMMMy.NM+                              :hMMMs       [m
[12:35:56] [Server thread/INFO]:         +mMMNd/.         `.-..`          `oNMd.:NMMN-.dMNs`          `..-..         `/hNMMNo`       [m
[12:35:56] [Server thread/INFO]:    .++`  -yMMMMmy/-` ./ydmNNNmmho-        .omMm:+MN/-mMms-        -+hmmNNNmmy+. `-/ymMMMMh-  `++.   [m
[12:35:56] [Server thread/INFO]:  `oms`./ymNMNmNMMMNmhmMMmhsooyhmMNh-        .yMN:o+-NMy.        .yNMmhysosydMMmhmNMMMNmNMNmh+.`oNs` [m
[12:35:56] [Server thread/INFO]: `hMd.smMMms/-.-+hNMMMMd/`      .:smm.      ./dMMm``dMMd+.      `dms:.`     `:hMMMMNho-../sdMMNy-yMd.[m
[12:35:56] [Server thread/INFO]: oMMsmMMh:`       :MMMy`   ```     `++    -smMMmsd/:domMMmy:    :o.     ```   `sMMM/`      `:yNMmsMMy[m
[12:35:56] [Server thread/INFO]: NMMNMm/`         +MMN`    `-/oo+:-` `    /NMMh. .so- .yMMN+    ` `-:+oo/-`    `mMMs          :dMNMMN[m
[12:35:56] [Server thread/INFO]: MMMMd.           +MMm       ``.:shdho:.   :dMm/  //  :mMm/   .:ohdhs/.``       dMMs           `hMMMM[m
[12:35:56] [Server thread/INFO]: NMMm.            .NMM+      -ohs+::+hmmh+. .sNNo````oNNs. ./hmNh+::+sho-      /MMN-            `hMMM[m
[12:35:56] [Server thread/INFO]: dMM-              -dMMy.      :hMMmy/:+dNNy:`-smd::dmy-`:ymMdo:/ymMMd:      .sNMd:              .NMm[m
[12:35:56] [Server thread/INFO]: oMy                `:ydds:`    `sMmmMd+.:hNMh: -ymmh- -hNMd/.+dMmmMy`    `:sdmy/`                sMy[m
[12:35:56] [Server thread/INFO]: .N/                   `.:/:-`   `d/.oNMd-`/mMNy/:..:/sNMm/`-hMNo./d`    -:/:-`                   -N-[m
[12:35:56] [Server thread/INFO]:  :.                              :. `+MMN/ .hMMh`  `sMMd. /NMM+` `/                              `/ [m
[12:35:56] [Server thread/INFO]:                                   `/hNMmNN: `hMMy  oMMd` :NNmMNh/`                                  [m
[12:35:56] [Server thread/INFO]:                                  :dMMMo..sm. .NMM:.NMM: .ms.`oMMMd/`                                [m
[12:35:56] [Server thread/INFO]:                                `yMMMMd    :o  hMMyoMMm  +:    hMMMMy`                               [m
[12:35:56] [Server thread/INFO]:                                sMMd/dN+-````  sMMhsMMh  ````-+Nd/hMMy                               [m
[12:35:56] [Server thread/INFO]:                                mMM: `+hmds:   hMMsoMMd   :shmh+` -MMN                               [m
[12:35:56] [Server thread/INFO]:                                yMM/          :MMM-.NMM/          /MMy                               [m
[12:35:56] [Server thread/INFO]:                                `dMm`  `./o+-+NMMs  oMMNo-+o/-`  `mMd`                               [m
[12:35:56] [Server thread/INFO]:                                 `sNh`    .omMMMh`   sMMMmo.    `hNy`                                [m
[12:35:56] [Server thread/INFO]:                                   -yh.     `oNMd-  -dMNo`     .hy-                                  [m
[12:35:56] [Server thread/INFO]:                                     ./`      -dMN//NMd-      `/.                                    [m
[12:35:56] [Server thread/INFO]:                                               `yMNNMy`                                              [m
[12:35:56] [Server thread/INFO]:                                                 hMMh                                                [m
[12:35:56] [Server thread/INFO]:                                                 `mm`                                                [m
[12:35:56] [Server thread/INFO]:                                                  //                                               [m
[12:35:56] [Server thread/INFO]: [EnchantmentsEnhance] Updating config to the latest...
[12:35:56] [Server thread/INFO]: [EnchantmentsEnhance] Found 476 config settings
[12:35:56] [Server thread/INFO]: [EnchantmentsEnhance] Added 0 new config settings
[12:35:56] [Server thread/INFO]: [EnchantmentsEnhance] Updating enchantments to the latest...
[12:35:56] [Server thread/INFO]: [EnchantmentsEnhance] Found 290 enchantment settings
[12:35:56] [Server thread/INFO]: [EnchantmentsEnhance] Added 0 new enchantment settings
[12:35:56] [Server thread/ERROR]: Error occurred while enabling EnchantmentsEnhance v6.5.0 (Is it up to date?)
java.net.SocketException: Connection reset
	at java.net.SocketInputStream.read(Unknown Source) ~[?:1.8.0_181]
	at java.net.SocketInputStream.read(Unknown Source) ~[?:1.8.0_181]
	at sun.security.ssl.InputRecord.readFully(Unknown Source) ~[?:1.8.0_181]
	at sun.security.ssl.InputRecord.read(Unknown Source) ~[?:1.8.0_181]
	at sun.security.ssl.SSLSocketImpl.readRecord(Unknown Source) ~[?:1.8.0_181]
	at sun.security.ssl.SSLSocketImpl.performInitialHandshake(Unknown Source) ~[?:1.8.0_181]
	at sun.security.ssl.SSLSocketImpl.startHandshake(Unknown Source) ~[?:1.8.0_181]
	at sun.security.ssl.SSLSocketImpl.startHandshake(Unknown Source) ~[?:1.8.0_181]
	at sun.net.www.protocol.https.HttpsClient.afterConnect(Unknown Source) ~[?:1.8.0_181]
	at sun.net.www.protocol.https.AbstractDelegateHttpsURLConnection.connect(Unknown Source) ~[?:1.8.0_181]
	at sun.net.www.protocol.http.HttpURLConnection.getOutputStream0(Unknown Source) ~[?:1.8.0_181]
	at sun.net.www.protocol.http.HttpURLConnection.getOutputStream(Unknown Source) ~[?:1.8.0_181]
	at sun.net.www.protocol.https.HttpsURLConnectionImpl.getOutputStream(Unknown Source) ~[?:1.8.0_181]
	at org.pixeltime.enchantmentsenhance.version.VersionManager$Companion.getLatestVersion(VersionManager.kt:41) ~[?:?]
	at org.pixeltime.enchantmentsenhance.version.VersionManager$Companion.isUpToDate(VersionManager.kt:47) ~[?:?]
	at org.pixeltime.enchantmentsenhance.version.VersionManager.isUpToDate(VersionManager.kt) ~[?:?]
	at org.pixeltime.enchantmentsenhance.Main.onEnable(Main.java:177) ~[?:?]
	at org.bukkit.plugin.java.JavaPlugin.setEnabled(JavaPlugin.java:264) ~[spigot-1.13.1.jar:git-Spigot-2440e18-4228a56]
	at org.bukkit.plugin.java.JavaPluginLoader.enablePlugin(JavaPluginLoader.java:339) [spigot-1.13.1.jar:git-Spigot-2440e18-4228a56]
	at org.bukkit.plugin.SimplePluginManager.enablePlugin(SimplePluginManager.java:403) [spigot-1.13.1.jar:git-Spigot-2440e18-4228a56]
	at org.bukkit.craftbukkit.v1_13_R2.CraftServer.enablePlugin(CraftServer.java:427) [spigot-1.13.1.jar:git-Spigot-2440e18-4228a56]
	at org.bukkit.craftbukkit.v1_13_R2.CraftServer.enablePlugins(CraftServer.java:341) [spigot-1.13.1.jar:git-Spigot-2440e18-4228a56]
	at net.minecraft.server.v1_13_R2.MinecraftServer.l(MinecraftServer.java:582) [spigot-1.13.1.jar:git-Spigot-2440e18-4228a56]
	at net.minecraft.server.v1_13_R2.MinecraftServer.a(MinecraftServer.java:545) [spigot-1.13.1.jar:git-Spigot-2440e18-4228a56]
	at net.minecraft.server.v1_13_R2.MinecraftServer.a(MinecraftServer.java:423) [spigot-1.13.1.jar:git-Spigot-2440e18-4228a56]
	at net.minecraft.server.v1_13_R2.DedicatedServer.init(DedicatedServer.java:288) [spigot-1.13.1.jar:git-Spigot-2440e18-4228a56]
	at net.minecraft.server.v1_13_R2.MinecraftServer.run(MinecraftServer.java:698) [spigot-1.13.1.jar:git-Spigot-2440e18-4228a56]
	at java.lang.Thread.run(Unknown Source) [?:1.8.0_181]
[12:35:56] [Server thread/INFO]: [EssentialsAntiBuild] Enabling EssentialsAntiBuild vTeamCity
[12:35:56] [Server thread/WARN]: §4Version mismatch! Please update all Essentials jars to the same version.
[12:35:56] [Server thread/INFO]: [EpicRename] Enabling EpicRename v3.4
[12:35:56] [Server thread/INFO]: [0;30;1m[[0;36;1mEpic[0;37;1mRename[0;30;1m] [0;37;1m[0;36;1mVersion: [0;31;1m3.4 [0;36;1mMC Version: [0;31;1mNEWER_THAN_ONE_DOT_EIGHT[m
[12:35:56] [Server thread/INFO]: [0;30;1m[[0;36;1mEpic[0;37;1mRename[0;30;1m] [0;37;1m[0;31;1mThis plugin is Copyright (c) 2018 Justin "JustBru00" Brubaker. This plugin is licensed under the MPL v2.0. You can view a copy of it at: http://bit.ly/2eMknxx[m
[12:35:56] [Server thread/INFO]: [0;30;1m[[0;36;1mEpic[0;37;1mRename[0;30;1m] [0;37;1m[0;32;1mStarting plugin enable...[m
[12:35:56] [Server thread/INFO]: [0;30;1m[[0;36;1mEpic[0;37;1mRename[0;30;1m] [0;37;1m[0;32;1mPrefix set to: '[0;30;1m[[0;36;1mEpic[0;37;1mRename[0;30;1m] [0;37;1m[0;32;1m'[m
[12:35:56] [Server thread/INFO]: [0;30;1m[[0;36;1mEpic[0;37;1mRename[0;30;1m] [0;37;1m[0;32;1mPlugin Enabled![m
[12:35:56] [Server thread/INFO]: [EssentialsSpawn] Enabling EssentialsSpawn vTeamCity
[12:35:56] [Server thread/WARN]: §4Version mismatch! Please update all Essentials jars to the same version.
[12:35:56] [Server thread/INFO]: [EssentialsXMPP] Enabling EssentialsXMPP vTeamCity
[12:35:56] [Server thread/WARN]: §4Version mismatch! Please update all Essentials jars to the same version.
[12:35:56] [Server thread/WARN]: config broken for xmpp
[12:35:56] [Server thread/INFO]: [EssentialsProtect] Enabling EssentialsProtect vTeamCity
[12:35:56] [Server thread/WARN]: §4Version mismatch! Please update all Essentials jars to the same version.
[12:35:56] [Server thread/INFO]: Server permissions file permissions.yml is empty, ignoring it
[12:35:57] [Server thread/INFO]: Done (23.214s)! For help, type "help"
[12:35:57] [Craft Scheduler Thread - 6/INFO]: [Vault] Checking for Updates ... 
[12:35:57] [Craft Scheduler Thread - 1/INFO]: [0;37;22m[[0;33;1mJump Pads[0;37;22m] [0;37;1mUpdate checker failed![m
[12:35:57] [Craft Scheduler Thread - 1/WARN]: java.net.SocketException: Connection reset
[12:35:57] [Craft Scheduler Thread - 1/WARN]: 	at java.net.SocketInputStream.read(Unknown Source)
[12:35:57] [Craft Scheduler Thread - 1/WARN]: 	at java.net.SocketInputStream.read(Unknown Source)
[12:35:57] [Craft Scheduler Thread - 1/WARN]: 	at sun.security.ssl.InputRecord.readFully(Unknown Source)
[12:35:57] [Craft Scheduler Thread - 1/WARN]: 	at sun.security.ssl.InputRecord.read(Unknown Source)
[12:35:57] [Craft Scheduler Thread - 1/WARN]: 	at sun.security.ssl.SSLSocketImpl.readRecord(Unknown Source)
[12:35:57] [Craft Scheduler Thread - 1/WARN]: 	at sun.security.ssl.SSLSocketImpl.performInitialHandshake(Unknown Source)
[12:35:57] [Craft Scheduler Thread - 1/WARN]: 	at sun.security.ssl.SSLSocketImpl.startHandshake(Unknown Source)
[12:35:57] [Craft Scheduler Thread - 1/WARN]: 	at sun.security.ssl.SSLSocketImpl.startHandshake(Unknown Source)
[12:35:57] [Craft Scheduler Thread - 1/WARN]: 	at sun.net.www.protocol.https.HttpsClient.afterConnect(Unknown Source)
[12:35:57] [Craft Scheduler Thread - 1/WARN]: 	at sun.net.www.protocol.https.AbstractDelegateHttpsURLConnection.connect(Unknown Source)
[12:35:57] [Craft Scheduler Thread - 1/WARN]: 	at sun.net.www.protocol.http.HttpURLConnection.getInputStream0(Unknown Source)
[12:35:57] [Craft Scheduler Thread - 1/WARN]: 	at sun.net.www.protocol.http.HttpURLConnection.getInputStream(Unknown Source)
[12:35:57] [Craft Scheduler Thread - 1/WARN]: 	at sun.net.www.protocol.https.HttpsURLConnectionImpl.getInputStream(Unknown Source)
[12:35:57] [Craft Scheduler Thread - 1/WARN]: 	at com.live.bemmamin.jumppads.UpdateChecker.lambda$checkForUpdate$1(UpdateChecker.java:36)
[12:35:57] [Craft Scheduler Thread - 1/WARN]: 	at org.bukkit.craftbukkit.v1_13_R2.scheduler.CraftTask.run(CraftTask.java:76)
[12:35:57] [Craft Scheduler Thread - 1/WARN]: 	at org.bukkit.craftbukkit.v1_13_R2.scheduler.CraftAsyncTask.run(CraftAsyncTask.java:52)
[12:35:57] [Craft Scheduler Thread - 1/WARN]: 	at java.util.concurrent.ThreadPoolExecutor.runWorker(Unknown Source)
[12:35:57] [Craft Scheduler Thread - 1/WARN]: 	at java.util.concurrent.ThreadPoolExecutor$Worker.run(Unknown Source)
[12:35:57] [Craft Scheduler Thread - 1/WARN]: 	at java.lang.Thread.run(Unknown Source)
[12:35:57] [Craft Scheduler Thread - 6/INFO]: [Vault] There was an issue attempting to check for the latest version.
[12:35:57] [Craft Scheduler Thread - 6/INFO]: [Vault] No new version available
[12:35:59] [Server thread/INFO]: com.mojang.authlib.GameProfile@1b2416e[id=a483b685-a3f7-3fe1-a9a7-ff54539929f8,name=Ever_Tree,properties={},legacy=false] (/10.146.66.152:52495) lost connection: Disconnected
[12:36:01] [Server thread/INFO]: Ever_Tree[/10.146.66.152:52534] logged in with entity id 17 at ([world]17.63300752760329, 72.0, -15.619384980583924)
[12:36:01] [Server thread/INFO]: CONSOLE issued server command: /list 
[12:36:01] [Server thread/INFO]: [0;33;22mThere are [0;31;1m1[0;33;22m out of maximum [0;31;1m20[0;33;22m players online.[m
[12:36:01] [Server thread/INFO]: [0;33;22mdefault[m: [mEver_Tree[m[0;37;1m[m
[12:36:01] [Server thread/WARN]: [Essentials] Task #24 for Essentials v2.15.0.45 generated an exception
java.lang.NullPointerException: null
	at com.earth2me.essentials.xmpp.XMPPManager.updatePresence(XMPPManager.java:176) ~[?:?]
	at com.earth2me.essentials.xmpp.EssentialsXMPP.updatePresence(EssentialsXMPP.java:123) ~[?:?]
	at com.earth2me.essentials.xmpp.EssentialsXMPPPlayerListener$1.run(EssentialsXMPPPlayerListener.java:35) ~[?:?]
	at org.bukkit.craftbukkit.v1_13_R2.scheduler.CraftTask.run(CraftTask.java:76) ~[spigot-1.13.1.jar:git-Spigot-2440e18-4228a56]
	at org.bukkit.craftbukkit.v1_13_R2.scheduler.CraftScheduler.mainThreadHeartbeat(CraftScheduler.java:361) [spigot-1.13.1.jar:git-Spigot-2440e18-4228a56]
	at net.minecraft.server.v1_13_R2.MinecraftServer.b(MinecraftServer.java:889) [spigot-1.13.1.jar:git-Spigot-2440e18-4228a56]
	at net.minecraft.server.v1_13_R2.DedicatedServer.b(DedicatedServer.java:411) [spigot-1.13.1.jar:git-Spigot-2440e18-4228a56]
	at net.minecraft.server.v1_13_R2.MinecraftServer.a(MinecraftServer.java:831) [spigot-1.13.1.jar:git-Spigot-2440e18-4228a56]
	at net.minecraft.server.v1_13_R2.MinecraftServer.run(MinecraftServer.java:729) [spigot-1.13.1.jar:git-Spigot-2440e18-4228a56]
	at java.lang.Thread.run(Unknown Source) [?:1.8.0_181]
[12:36:01] [Craft Scheduler Thread - 4/WARN]: [EnchantmentsEnhance] Plugin EnchantmentsEnhance v6.5.0 generated an exception while executing task 23
java.lang.NumberFormatException: For input string: ""
	at java.lang.NumberFormatException.forInputString(Unknown Source) ~[?:1.8.0_181]
	at java.lang.Integer.parseInt(Unknown Source) ~[?:1.8.0_181]
	at java.lang.Integer.parseInt(Unknown Source) ~[?:1.8.0_181]
	at java.util.stream.ReferencePipeline$4$1.accept(Unknown Source) ~[?:1.8.0_181]
	at java.util.Spliterators$ArraySpliterator.forEachRemaining(Unknown Source) ~[?:1.8.0_181]
	at java.util.stream.AbstractPipeline.copyInto(Unknown Source) ~[?:1.8.0_181]
	at java.util.stream.AbstractPipeline.wrapAndCopyInto(Unknown Source) ~[?:1.8.0_181]
	at java.util.stream.AbstractPipeline.evaluate(Unknown Source) ~[?:1.8.0_181]
	at java.util.stream.AbstractPipeline.evaluateToArrayNode(Unknown Source) ~[?:1.8.0_181]
	at java.util.stream.IntPipeline.toArray(Unknown Source) ~[?:1.8.0_181]
	at org.pixeltime.enchantmentsenhance.mysql.DataStorage$1.run(DataStorage.java:204) ~[?:?]
	at org.bukkit.craftbukkit.v1_13_R2.scheduler.CraftTask.run(CraftTask.java:76) ~[spigot-1.13.1.jar:git-Spigot-2440e18-4228a56]
	at org.bukkit.craftbukkit.v1_13_R2.scheduler.CraftAsyncTask.run(CraftAsyncTask.java:52) [spigot-1.13.1.jar:git-Spigot-2440e18-4228a56]
	at java.util.concurrent.ThreadPoolExecutor.runWorker(Unknown Source) [?:1.8.0_181]
	at java.util.concurrent.ThreadPoolExecutor$Worker.run(Unknown Source) [?:1.8.0_181]
	at java.lang.Thread.run(Unknown Source) [?:1.8.0_181]
[12:36:07] [Server thread/ERROR]: Could not pass event EntityChangeBlockEvent to WorldGuard v7.0.0-SNAPSHOT;1749-a6261b9
org.bukkit.event.EventException: null
	at org.bukkit.plugin.java.JavaPluginLoader$1.execute(JavaPluginLoader.java:308) ~[spigot-1.13.1.jar:git-Spigot-2440e18-4228a56]
	at org.bukkit.plugin.RegisteredListener.callEvent(RegisteredListener.java:62) ~[spigot-1.13.1.jar:git-Spigot-2440e18-4228a56]
	at org.bukkit.plugin.SimplePluginManager.fireEvent(SimplePluginManager.java:500) [spigot-1.13.1.jar:git-Spigot-2440e18-4228a56]
	at org.bukkit.plugin.SimplePluginManager.callEvent(SimplePluginManager.java:485) [spigot-1.13.1.jar:git-Spigot-2440e18-4228a56]
	at org.bukkit.craftbukkit.v1_13_R2.event.CraftEventFactory.callEntityChangeBlockEvent(CraftEventFactory.java:713) [spigot-1.13.1.jar:git-Spigot-2440e18-4228a56]
	at org.bukkit.craftbukkit.v1_13_R2.event.CraftEventFactory.callEntityChangeBlockEvent(CraftEventFactory.java:705) [spigot-1.13.1.jar:git-Spigot-2440e18-4228a56]
	at net.minecraft.server.v1_13_R2.EntityFallingBlock.tick(EntityFallingBlock.java:128) [spigot-1.13.1.jar:git-Spigot-2440e18-4228a56]
	at net.minecraft.server.v1_13_R2.World.entityJoinedWorld(World.java:1373) [spigot-1.13.1.jar:git-Spigot-2440e18-4228a56]
	at net.minecraft.server.v1_13_R2.World.g(World.java:1340) [spigot-1.13.1.jar:git-Spigot-2440e18-4228a56]
	at net.minecraft.server.v1_13_R2.World.tickEntities(World.java:1174) [spigot-1.13.1.jar:git-Spigot-2440e18-4228a56]
	at net.minecraft.server.v1_13_R2.WorldServer.tickEntities(WorldServer.java:601) [spigot-1.13.1.jar:git-Spigot-2440e18-4228a56]
	at net.minecraft.server.v1_13_R2.MinecraftServer.b(MinecraftServer.java:968) [spigot-1.13.1.jar:git-Spigot-2440e18-4228a56]
	at net.minecraft.server.v1_13_R2.DedicatedServer.b(DedicatedServer.java:411) [spigot-1.13.1.jar:git-Spigot-2440e18-4228a56]
	at net.minecraft.server.v1_13_R2.MinecraftServer.a(MinecraftServer.java:831) [spigot-1.13.1.jar:git-Spigot-2440e18-4228a56]
	at net.minecraft.server.v1_13_R2.MinecraftServer.run(MinecraftServer.java:729) [spigot-1.13.1.jar:git-Spigot-2440e18-4228a56]
	at java.lang.Thread.run(Unknown Source) [?:1.8.0_181]
Caused by: java.lang.IllegalArgumentException: Cannot drop air
	at com.google.common.base.Preconditions.checkArgument(Preconditions.java:122) ~[spigot-1.13.1.jar:git-Spigot-2440e18-4228a56]
	at net.minecraft.server.v1_13_R2.EntityItem.setItemStack(EntityItem.java:375) ~[spigot-1.13.1.jar:git-Spigot-2440e18-4228a56]
	at net.minecraft.server.v1_13_R2.EntityItem.<init>(EntityItem.java:40) ~[spigot-1.13.1.jar:git-Spigot-2440e18-4228a56]
	at org.bukkit.craftbukkit.v1_13_R2.CraftWorld.dropItem(CraftWorld.java:279) ~[spigot-1.13.1.jar:git-Spigot-2440e18-4228a56]
	at com.sk89q.worldguard.bukkit.listener.EventAbstractionListener.onEntityChangeBlock(EventAbstractionListener.java:305) ~[?:?]
	at sun.reflect.NativeMethodAccessorImpl.invoke0(Native Method) ~[?:1.8.0_181]
	at sun.reflect.NativeMethodAccessorImpl.invoke(Unknown Source) ~[?:1.8.0_181]
	at sun.reflect.DelegatingMethodAccessorImpl.invoke(Unknown Source) ~[?:1.8.0_181]
	at java.lang.reflect.Method.invoke(Unknown Source) ~[?:1.8.0_181]
	at org.bukkit.plugin.java.JavaPluginLoader$1.execute(JavaPluginLoader.java:304) ~[spigot-1.13.1.jar:git-Spigot-2440e18-4228a56]
	... 15 more
[12:36:59] [User Authenticator #3/INFO]: UUID of player Ever_Tree is a483b685-a3f7-3fe1-a9a7-ff54539929f8
[12:37:15] [Spigot Watchdog Thread/ERROR]: The server has stopped responding!
[12:37:15] [Spigot Watchdog Thread/ERROR]: Please report this to http://www.spigotmc.org/
[12:37:15] [Spigot Watchdog Thread/ERROR]: Be sure to include ALL relevant console errors and Minecraft crash reports
[12:37:15] [Spigot Watchdog Thread/ERROR]: Spigot version: git-Spigot-2440e18-4228a56 (MC: 1.13.1)
[12:37:15] [Spigot Watchdog Thread/ERROR]: ------------------------------
[12:37:15] [Spigot Watchdog Thread/ERROR]: Server thread dump (Look for plugins here before reporting to Spigot!):
[12:37:15] [Spigot Watchdog Thread/ERROR]: ------------------------------
[12:37:15] [Spigot Watchdog Thread/ERROR]: Current Thread: Server thread
[12:37:15] [Spigot Watchdog Thread/ERROR]: 	PID: 16 | Suspended: false | Native: false | State: RUNNABLE
[12:37:15] [Spigot Watchdog Thread/ERROR]: 	Stack:
[12:37:15] [Spigot Watchdog Thread/ERROR]: 		net.minecraft.server.v1_13_R2.IWorldReader.b(SourceFile:312)
[12:37:15] [Spigot Watchdog Thread/ERROR]: 		net.minecraft.server.v1_13_R2.IWorldReader.isLoaded(SourceFile:308)
[12:37:15] [Spigot Watchdog Thread/ERROR]: 		net.minecraft.server.v1_13_R2.IWorldReader.a(SourceFile:152)
[12:37:15] [Spigot Watchdog Thread/ERROR]: 		net.minecraft.server.v1_13_R2.IWorldReader$$Lambda$2124/14830635.apply(Unknown Source)
[12:37:15] [Spigot Watchdog Thread/ERROR]: 		java.util.stream.ReferencePipeline$3$1.accept(Unknown Source)
[12:37:15] [Spigot Watchdog Thread/ERROR]: 		java.util.Spliterators$IteratorSpliterator.tryAdvance(Unknown Source)
[12:37:15] [Spigot Watchdog Thread/ERROR]: 		java.util.stream.StreamSpliterators$WrappingSpliterator.lambda$initPartialTraversalState$0(Unknown Source)
[12:37:15] [Spigot Watchdog Thread/ERROR]: 		java.util.stream.StreamSpliterators$WrappingSpliterator$$Lambda$1503/6354512.getAsBoolean(Unknown Source)
[12:37:15] [Spigot Watchdog Thread/ERROR]: 		java.util.stream.StreamSpliterators$AbstractWrappingSpliterator.fillBuffer(Unknown Source)
[12:37:15] [Spigot Watchdog Thread/ERROR]: 		java.util.stream.StreamSpliterators$AbstractWrappingSpliterator.doAdvance(Unknown Source)
[12:37:15] [Spigot Watchdog Thread/ERROR]: 		java.util.stream.StreamSpliterators$WrappingSpliterator.tryAdvance(Unknown Source)
[12:37:15] [Spigot Watchdog Thread/ERROR]: 		java.util.stream.Streams$ConcatSpliterator.tryAdvance(Unknown Source)
[12:37:15] [Spigot Watchdog Thread/ERROR]: 		java.util.stream.Streams$ConcatSpliterator.tryAdvance(Unknown Source)
[12:37:15] [Spigot Watchdog Thread/ERROR]: 		java.util.Spliterators$1Adapter.hasNext(Unknown Source)
[12:37:15] [Spigot Watchdog Thread/ERROR]: 		net.minecraft.server.v1_13_R2.StreamAccumulator$1.tryAdvance(SourceFile:32)
[12:37:15] [Spigot Watchdog Thread/ERROR]: 		java.util.Spliterators$1Adapter.hasNext(Unknown Source)
[12:37:15] [Spigot Watchdog Thread/ERROR]: 		net.minecraft.server.v1_13_R2.VoxelShapes.a(SourceFile:182)
[12:37:15] [Spigot Watchdog Thread/ERROR]: 		net.minecraft.server.v1_13_R2.Entity.move(Entity.java:652)
[12:37:15] [Spigot Watchdog Thread/ERROR]: 		net.minecraft.server.v1_13_R2.EntityFallingBlock.tick(EntityFallingBlock.java:88)
[12:37:15] [Spigot Watchdog Thread/ERROR]: 		net.minecraft.server.v1_13_R2.World.entityJoinedWorld(World.java:1373)
[12:37:15] [Spigot Watchdog Thread/ERROR]: 		net.minecraft.server.v1_13_R2.World.g(World.java:1340)
[12:37:15] [Spigot Watchdog Thread/ERROR]: 		net.minecraft.server.v1_13_R2.World.tickEntities(World.java:1174)
[12:37:15] [Spigot Watchdog Thread/ERROR]: 		net.minecraft.server.v1_13_R2.WorldServer.tickEntities(WorldServer.java:601)
[12:37:15] [Spigot Watchdog Thread/ERROR]: 		net.minecraft.server.v1_13_R2.MinecraftServer.b(MinecraftServer.java:968)
[12:37:15] [Spigot Watchdog Thread/ERROR]: 		net.minecraft.server.v1_13_R2.DedicatedServer.b(DedicatedServer.java:411)
[12:37:15] [Spigot Watchdog Thread/ERROR]: 		net.minecraft.server.v1_13_R2.MinecraftServer.a(MinecraftServer.java:831)
[12:37:15] [Spigot Watchdog Thread/ERROR]: 		net.minecraft.server.v1_13_R2.MinecraftServer.run(MinecraftServer.java:729)
[12:37:15] [Spigot Watchdog Thread/ERROR]: 		java.lang.Thread.run(Unknown Source)
[12:37:15] [Spigot Watchdog Thread/ERROR]: ------------------------------
[12:37:15] [Spigot Watchdog Thread/ERROR]: Entire Thread Dump:
[12:37:15] [Spigot Watchdog Thread/ERROR]: ------------------------------
[12:37:15] [Spigot Watchdog Thread/ERROR]: Current Thread: Netty Server IO #3
[12:37:15] [Spigot Watchdog Thread/ERROR]: 	PID: 52 | Suspended: false | Native: true | State: RUNNABLE
[12:37:15] [Spigot Watchdog Thread/ERROR]: 	Thread is waiting on monitor(s):
[12:37:15] [Spigot Watchdog Thread/ERROR]: 		Locked on:sun.nio.ch.SelectorImpl.lockAndDoSelect(Unknown Source)
[12:37:15] [Spigot Watchdog Thread/ERROR]: 		Locked on:sun.nio.ch.SelectorImpl.lockAndDoSelect(Unknown Source)
[12:37:15] [Spigot Watchdog Thread/ERROR]: 		Locked on:sun.nio.ch.SelectorImpl.lockAndDoSelect(Unknown Source)
[12:37:15] [Spigot Watchdog Thread/ERROR]: 	Stack:
[12:37:15] [Spigot Watchdog Thread/ERROR]: 		sun.nio.ch.WindowsSelectorImpl$SubSelector.poll0(Native Method)
[12:37:15] [Spigot Watchdog Thread/ERROR]: 		sun.nio.ch.WindowsSelectorImpl$SubSelector.poll(Unknown Source)
[12:37:15] [Spigot Watchdog Thread/ERROR]: 		sun.nio.ch.WindowsSelectorImpl$SubSelector.access$400(Unknown Source)
[12:37:15] [Spigot Watchdog Thread/ERROR]: 		sun.nio.ch.WindowsSelectorImpl.doSelect(Unknown Source)
[12:37:15] [Spigot Watchdog Thread/ERROR]: 		sun.nio.ch.SelectorImpl.lockAndDoSelect(Unknown Source)
[12:37:15] [Spigot Watchdog Thread/ERROR]: 		sun.nio.ch.SelectorImpl.select(Unknown Source)
[12:37:15] [Spigot Watchdog Thread/ERROR]: 		io.netty.channel.nio.SelectedSelectionKeySetSelector.select(SelectedSelectionKeySetSelector.java:62)
[12:37:15] [Spigot Watchdog Thread/ERROR]: 		io.netty.channel.nio.NioEventLoop.select(NioEventLoop.java:756)
[12:37:15] [Spigot Watchdog Thread/ERROR]: 		io.netty.channel.nio.NioEventLoop.run(NioEventLoop.java:411)
[12:37:15] [Spigot Watchdog Thread/ERROR]: 		io.netty.util.concurrent.SingleThreadEventExecutor$5.run(SingleThreadEventExecutor.java:884)
[12:37:15] [Spigot Watchdog Thread/ERROR]: 		java.lang.Thread.run(Unknown Source)
[12:37:15] [Spigot Watchdog Thread/ERROR]: ------------------------------
[12:37:15] [Spigot Watchdog Thread/ERROR]: Current Thread: File IO Thread
[12:37:15] [Spigot Watchdog Thread/ERROR]: 	PID: 51 | Suspended: false | Native: false | State: TIMED_WAITING
[12:37:15] [Spigot Watchdog Thread/ERROR]: 	Stack:
[12:37:15] [Spigot Watchdog Thread/ERROR]: 		java.lang.Thread.sleep(Native Method)
[12:37:15] [Spigot Watchdog Thread/ERROR]: 		net.minecraft.server.v1_13_R2.FileIOThread.c(SourceFile:59)
[12:37:15] [Spigot Watchdog Thread/ERROR]: 		net.minecraft.server.v1_13_R2.FileIOThread.run(SourceFile:35)
[12:37:15] [Spigot Watchdog Thread/ERROR]: 		java.lang.Thread.run(Unknown Source)
[12:37:15] [Spigot Watchdog Thread/ERROR]: ------------------------------
[12:37:15] [Spigot Watchdog Thread/ERROR]: Current Thread: pool-20-thread-1
[12:37:15] [Spigot Watchdog Thread/ERROR]: 	PID: 50 | Suspended: false | Native: false | State: WAITING
[12:37:15] [Spigot Watchdog Thread/ERROR]: 	Stack:
[12:37:15] [Spigot Watchdog Thread/ERROR]: 		sun.misc.Unsafe.park(Native Method)
[12:37:15] [Spigot Watchdog Thread/ERROR]: 		java.util.concurrent.locks.LockSupport.park(Unknown Source)
[12:37:15] [Spigot Watchdog Thread/ERROR]: 		java.util.concurrent.locks.AbstractQueuedSynchronizer$ConditionObject.await(Unknown Source)
[12:37:15] [Spigot Watchdog Thread/ERROR]: 		java.util.concurrent.LinkedBlockingQueue.take(Unknown Source)
[12:37:15] [Spigot Watchdog Thread/ERROR]: 		java.util.concurrent.ThreadPoolExecutor.getTask(Unknown Source)
[12:37:15] [Spigot Watchdog Thread/ERROR]: 		java.util.concurrent.ThreadPoolExecutor.runWorker(Unknown Source)
[12:37:15] [Spigot Watchdog Thread/ERROR]: 		java.util.concurrent.ThreadPoolExecutor$Worker.run(Unknown Source)
[12:37:15] [Spigot Watchdog Thread/ERROR]: 		java.lang.Thread.run(Unknown Source)
[12:37:15] [Spigot Watchdog Thread/ERROR]: ------------------------------
[12:37:15] [Spigot Watchdog Thread/ERROR]: Current Thread: Craft Scheduler Thread - 5
[12:37:15] [Spigot Watchdog Thread/ERROR]: 	PID: 48 | Suspended: false | Native: false | State: TIMED_WAITING
[12:37:15] [Spigot Watchdog Thread/ERROR]: 	Stack:
[12:37:15] [Spigot Watchdog Thread/ERROR]: 		sun.misc.Unsafe.park(Native Method)
[12:37:15] [Spigot Watchdog Thread/ERROR]: 		java.util.concurrent.locks.LockSupport.parkNanos(Unknown Source)
[12:37:15] [Spigot Watchdog Thread/ERROR]: 		java.util.concurrent.SynchronousQueue$TransferStack.awaitFulfill(Unknown Source)
[12:37:15] [Spigot Watchdog Thread/ERROR]: 		java.util.concurrent.SynchronousQueue$TransferStack.transfer(Unknown Source)
[12:37:15] [Spigot Watchdog Thread/ERROR]: 		java.util.concurrent.SynchronousQueue.poll(Unknown Source)
[12:37:15] [Spigot Watchdog Thread/ERROR]: 		java.util.concurrent.ThreadPoolExecutor.getTask(Unknown Source)
[12:37:15] [Spigot Watchdog Thread/ERROR]: 		java.util.concurrent.ThreadPoolExecutor.runWorker(Unknown Source)
[12:37:15] [Spigot Watchdog Thread/ERROR]: 		java.util.concurrent.ThreadPoolExecutor$Worker.run(Unknown Source)
[12:37:15] [Spigot Watchdog Thread/ERROR]: 		java.lang.Thread.run(Unknown Source)
[12:37:15] [Spigot Watchdog Thread/ERROR]: ------------------------------
[12:37:15] [Spigot Watchdog Thread/ERROR]: Current Thread: Craft Scheduler Thread - 0
[12:37:15] [Spigot Watchdog Thread/ERROR]: 	PID: 43 | Suspended: false | Native: false | State: TIMED_WAITING
[12:37:15] [Spigot Watchdog Thread/ERROR]: 	Stack:
[12:37:15] [Spigot Watchdog Thread/ERROR]: 		sun.misc.Unsafe.park(Native Method)
[12:37:15] [Spigot Watchdog Thread/ERROR]: 		java.util.concurrent.locks.LockSupport.parkNanos(Unknown Source)
[12:37:15] [Spigot Watchdog Thread/ERROR]: 		java.util.concurrent.SynchronousQueue$TransferStack.awaitFulfill(Unknown Source)
[12:37:15] [Spigot Watchdog Thread/ERROR]: 		java.util.concurrent.SynchronousQueue$TransferStack.transfer(Unknown Source)
[12:37:15] [Spigot Watchdog Thread/ERROR]: 		java.util.concurrent.SynchronousQueue.poll(Unknown Source)
[12:37:15] [Spigot Watchdog Thread/ERROR]: 		java.util.concurrent.ThreadPoolExecutor.getTask(Unknown Source)
[12:37:15] [Spigot Watchdog Thread/ERROR]: 		java.util.concurrent.ThreadPoolExecutor.runWorker(Unknown Source)
[12:37:15] [Spigot Watchdog Thread/ERROR]: 		java.util.concurrent.ThreadPoolExecutor$Worker.run(Unknown Source)
[12:37:15] [Spigot Watchdog Thread/ERROR]: 		java.lang.Thread.run(Unknown Source)
[12:37:15] [Spigot Watchdog Thread/ERROR]: ------------------------------
[12:37:15] [Spigot Watchdog Thread/ERROR]: Current Thread: pool-21-thread-1
[12:37:15] [Spigot Watchdog Thread/ERROR]: 	PID: 42 | Suspended: false | Native: false | State: TIMED_WAITING
[12:37:15] [Spigot Watchdog Thread/ERROR]: 	Stack:
[12:37:15] [Spigot Watchdog Thread/ERROR]: 		sun.misc.Unsafe.park(Native Method)
[12:37:15] [Spigot Watchdog Thread/ERROR]: 		java.util.concurrent.locks.LockSupport.parkNanos(Unknown Source)
[12:37:15] [Spigot Watchdog Thread/ERROR]: 		java.util.concurrent.locks.AbstractQueuedSynchronizer$ConditionObject.awaitNanos(Unknown Source)
[12:37:15] [Spigot Watchdog Thread/ERROR]: 		java.util.concurrent.ScheduledThreadPoolExecutor$DelayedWorkQueue.take(Unknown Source)
[12:37:15] [Spigot Watchdog Thread/ERROR]: 		java.util.concurrent.ScheduledThreadPoolExecutor$DelayedWorkQueue.take(Unknown Source)
[12:37:15] [Spigot Watchdog Thread/ERROR]: 		java.util.concurrent.ThreadPoolExecutor.getTask(Unknown Source)
[12:37:15] [Spigot Watchdog Thread/ERROR]: 		java.util.concurrent.ThreadPoolExecutor.runWorker(Unknown Source)
[12:37:15] [Spigot Watchdog Thread/ERROR]: 		java.util.concurrent.ThreadPoolExecutor$Worker.run(Unknown Source)
[12:37:15] [Spigot Watchdog Thread/ERROR]: 		java.lang.Thread.run(Unknown Source)
[12:37:15] [Spigot Watchdog Thread/ERROR]: ------------------------------
[12:37:15] [Spigot Watchdog Thread/ERROR]: Current Thread: Timer-2
[12:37:15] [Spigot Watchdog Thread/ERROR]: 	PID: 38 | Suspended: false | Native: false | State: TIMED_WAITING
[12:37:15] [Spigot Watchdog Thread/ERROR]: 	Stack:
[12:37:15] [Spigot Watchdog Thread/ERROR]: 		java.lang.Object.wait(Native Method)
[12:37:15] [Spigot Watchdog Thread/ERROR]: 		java.util.TimerThread.mainLoop(Unknown Source)
[12:37:15] [Spigot Watchdog Thread/ERROR]: 		java.util.TimerThread.run(Unknown Source)
[12:37:15] [Spigot Watchdog Thread/ERROR]: ------------------------------
[12:37:15] [Spigot Watchdog Thread/ERROR]: Current Thread: Abandoned connection cleanup thread
[12:37:15] [Spigot Watchdog Thread/ERROR]: 	PID: 37 | Suspended: false | Native: false | State: TIMED_WAITING
[12:37:15] [Spigot Watchdog Thread/ERROR]: 	Stack:
[12:37:15] [Spigot Watchdog Thread/ERROR]: 		java.lang.Object.wait(Native Method)
[12:37:15] [Spigot Watchdog Thread/ERROR]: 		java.lang.ref.ReferenceQueue.remove(Unknown Source)
[12:37:15] [Spigot Watchdog Thread/ERROR]: 		com.mysql.jdbc.AbandonedConnectionCleanupThread.run(AbandonedConnectionCleanupThread.java:64)
[12:37:15] [Spigot Watchdog Thread/ERROR]: 		java.util.concurrent.ThreadPoolExecutor.runWorker(Unknown Source)
[12:37:15] [Spigot Watchdog Thread/ERROR]: 		java.util.concurrent.ThreadPoolExecutor$Worker.run(Unknown Source)
[12:37:15] [Spigot Watchdog Thread/ERROR]: 		java.lang.Thread.run(Unknown Source)
[12:37:15] [Spigot Watchdog Thread/ERROR]: ------------------------------
[12:37:15] [Spigot Watchdog Thread/ERROR]: Current Thread: Timer-1
[12:37:15] [Spigot Watchdog Thread/ERROR]: 	PID: 35 | Suspended: false | Native: false | State: TIMED_WAITING
[12:37:15] [Spigot Watchdog Thread/ERROR]: 	Stack:
[12:37:15] [Spigot Watchdog Thread/ERROR]: 		java.lang.Object.wait(Native Method)
[12:37:15] [Spigot Watchdog Thread/ERROR]: 		java.util.TimerThread.mainLoop(Unknown Source)
[12:37:15] [Spigot Watchdog Thread/ERROR]: 		java.util.TimerThread.run(Unknown Source)
[12:37:15] [Spigot Watchdog Thread/ERROR]: ------------------------------
[12:37:15] [Spigot Watchdog Thread/ERROR]: Current Thread: Timer-0
[12:37:15] [Spigot Watchdog Thread/ERROR]: 	PID: 34 | Suspended: false | Native: false | State: TIMED_WAITING
[12:37:15] [Spigot Watchdog Thread/ERROR]: 	Stack:
[12:37:15] [Spigot Watchdog Thread/ERROR]: 		java.lang.Object.wait(Native Method)
[12:37:15] [Spigot Watchdog Thread/ERROR]: 		java.util.TimerThread.mainLoop(Unknown Source)
[12:37:15] [Spigot Watchdog Thread/ERROR]: 		java.util.TimerThread.run(Unknown Source)
[12:37:15] [Spigot Watchdog Thread/ERROR]: ------------------------------
[12:37:15] [Spigot Watchdog Thread/ERROR]: Current Thread: Netty Server IO #2
[12:37:15] [Spigot Watchdog Thread/ERROR]: 	PID: 32 | Suspended: false | Native: true | State: RUNNABLE
[12:37:15] [Spigot Watchdog Thread/ERROR]: 	Thread is waiting on monitor(s):
[12:37:15] [Spigot Watchdog Thread/ERROR]: 		Locked on:sun.nio.ch.SelectorImpl.lockAndDoSelect(Unknown Source)
[12:37:15] [Spigot Watchdog Thread/ERROR]: 		Locked on:sun.nio.ch.SelectorImpl.lockAndDoSelect(Unknown Source)
[12:37:15] [Spigot Watchdog Thread/ERROR]: 		Locked on:sun.nio.ch.SelectorImpl.lockAndDoSelect(Unknown Source)
[12:37:15] [Spigot Watchdog Thread/ERROR]: 	Stack:
[12:37:15] [Spigot Watchdog Thread/ERROR]: 		sun.nio.ch.WindowsSelectorImpl$SubSelector.poll0(Native Method)
[12:37:15] [Spigot Watchdog Thread/ERROR]: 		sun.nio.ch.WindowsSelectorImpl$SubSelector.poll(Unknown Source)
[12:37:15] [Spigot Watchdog Thread/ERROR]: 		sun.nio.ch.WindowsSelectorImpl$SubSelector.access$400(Unknown Source)
[12:37:15] [Spigot Watchdog Thread/ERROR]: 		sun.nio.ch.WindowsSelectorImpl.doSelect(Unknown Source)
[12:37:15] [Spigot Watchdog Thread/ERROR]: 		sun.nio.ch.SelectorImpl.lockAndDoSelect(Unknown Source)
[12:37:15] [Spigot Watchdog Thread/ERROR]: 		sun.nio.ch.SelectorImpl.select(Unknown Source)
[12:37:15] [Spigot Watchdog Thread/ERROR]: 		io.netty.channel.nio.SelectedSelectionKeySetSelector.select(SelectedSelectionKeySetSelector.java:62)
[12:37:15] [Spigot Watchdog Thread/ERROR]: 		io.netty.channel.nio.NioEventLoop.select(NioEventLoop.java:756)
[12:37:15] [Spigot Watchdog Thread/ERROR]: 		io.netty.channel.nio.NioEventLoop.run(NioEventLoop.java:411)
[12:37:15] [Spigot Watchdog Thread/ERROR]: 		io.netty.util.concurrent.SingleThreadEventExecutor$5.run(SingleThreadEventExecutor.java:884)
[12:37:15] [Spigot Watchdog Thread/ERROR]: 		java.lang.Thread.run(Unknown Source)
[12:37:15] [Spigot Watchdog Thread/ERROR]: ------------------------------
[12:37:15] [Spigot Watchdog Thread/ERROR]: Current Thread: Head Conversion Thread - 2
[12:37:15] [Spigot Watchdog Thread/ERROR]: 	PID: 31 | Suspended: false | Native: false | State: WAITING
[12:37:15] [Spigot Watchdog Thread/ERROR]: 	Stack:
[12:37:15] [Spigot Watchdog Thread/ERROR]: 		sun.misc.Unsafe.park(Native Method)
[12:37:15] [Spigot Watchdog Thread/ERROR]: 		java.util.concurrent.locks.LockSupport.park(Unknown Source)
[12:37:15] [Spigot Watchdog Thread/ERROR]: 		java.util.concurrent.locks.AbstractQueuedSynchronizer$ConditionObject.await(Unknown Source)
[12:37:15] [Spigot Watchdog Thread/ERROR]: 		java.util.concurrent.LinkedBlockingQueue.take(Unknown Source)
[12:37:15] [Spigot Watchdog Thread/ERROR]: 		java.util.concurrent.ThreadPoolExecutor.getTask(Unknown Source)
[12:37:15] [Spigot Watchdog Thread/ERROR]: 		java.util.concurrent.ThreadPoolExecutor.runWorker(Unknown Source)
[12:37:15] [Spigot Watchdog Thread/ERROR]: 		java.util.concurrent.ThreadPoolExecutor$Worker.run(Unknown Source)
[12:37:15] [Spigot Watchdog Thread/ERROR]: 		java.lang.Thread.run(Unknown Source)
[12:37:15] [Spigot Watchdog Thread/ERROR]: ------------------------------
[12:37:15] [Spigot Watchdog Thread/ERROR]: Current Thread: Head Conversion Thread - 1
[12:37:15] [Spigot Watchdog Thread/ERROR]: 	PID: 30 | Suspended: false | Native: false | State: WAITING
[12:37:15] [Spigot Watchdog Thread/ERROR]: 	Stack:
[12:37:15] [Spigot Watchdog Thread/ERROR]: 		sun.misc.Unsafe.park(Native Method)
[12:37:15] [Spigot Watchdog Thread/ERROR]: 		java.util.concurrent.locks.LockSupport.park(Unknown Source)
[12:37:15] [Spigot Watchdog Thread/ERROR]: 		java.util.concurrent.locks.AbstractQueuedSynchronizer$ConditionObject.await(Unknown Source)
[12:37:15] [Spigot Watchdog Thread/ERROR]: 		java.util.concurrent.LinkedBlockingQueue.take(Unknown Source)
[12:37:15] [Spigot Watchdog Thread/ERROR]: 		java.util.concurrent.ThreadPoolExecutor.getTask(Unknown Source)
[12:37:15] [Spigot Watchdog Thread/ERROR]: 		java.util.concurrent.ThreadPoolExecutor.runWorker(Unknown Source)
[12:37:15] [Spigot Watchdog Thread/ERROR]: 		java.util.concurrent.ThreadPoolExecutor$Worker.run(Unknown Source)
[12:37:15] [Spigot Watchdog Thread/ERROR]: 		java.lang.Thread.run(Unknown Source)
[12:37:15] [Spigot Watchdog Thread/ERROR]: ------------------------------
[12:37:15] [Spigot Watchdog Thread/ERROR]: Current Thread: Head Conversion Thread - 0
[12:37:15] [Spigot Watchdog Thread/ERROR]: 	PID: 29 | Suspended: false | Native: false | State: WAITING
[12:37:15] [Spigot Watchdog Thread/ERROR]: 	Stack:
[12:37:15] [Spigot Watchdog Thread/ERROR]: 		sun.misc.Unsafe.park(Native Method)
[12:37:15] [Spigot Watchdog Thread/ERROR]: 		java.util.concurrent.locks.LockSupport.park(Unknown Source)
[12:37:15] [Spigot Watchdog Thread/ERROR]: 		java.util.concurrent.locks.AbstractQueuedSynchronizer$ConditionObject.await(Unknown Source)
[12:37:15] [Spigot Watchdog Thread/ERROR]: 		java.util.concurrent.LinkedBlockingQueue.take(Unknown Source)
[12:37:15] [Spigot Watchdog Thread/ERROR]: 		java.util.concurrent.ThreadPoolExecutor.getTask(Unknown Source)
[12:37:15] [Spigot Watchdog Thread/ERROR]: 		java.util.concurrent.ThreadPoolExecutor.runWorker(Unknown Source)
[12:37:15] [Spigot Watchdog Thread/ERROR]: 		java.util.concurrent.ThreadPoolExecutor$Worker.run(Unknown Source)
[12:37:15] [Spigot Watchdog Thread/ERROR]: 		java.lang.Thread.run(Unknown Source)
[12:37:15] [Spigot Watchdog Thread/ERROR]: ------------------------------
[12:37:15] [Spigot Watchdog Thread/ERROR]: Current Thread: Netty Server IO #1
[12:37:15] [Spigot Watchdog Thread/ERROR]: 	PID: 27 | Suspended: false | Native: true | State: RUNNABLE
[12:37:15] [Spigot Watchdog Thread/ERROR]: 	Thread is waiting on monitor(s):
[12:37:15] [Spigot Watchdog Thread/ERROR]: 		Locked on:sun.nio.ch.SelectorImpl.lockAndDoSelect(Unknown Source)
[12:37:15] [Spigot Watchdog Thread/ERROR]: 		Locked on:sun.nio.ch.SelectorImpl.lockAndDoSelect(Unknown Source)
[12:37:15] [Spigot Watchdog Thread/ERROR]: 		Locked on:sun.nio.ch.SelectorImpl.lockAndDoSelect(Unknown Source)
[12:37:15] [Spigot Watchdog Thread/ERROR]: 	Stack:
[12:37:15] [Spigot Watchdog Thread/ERROR]: 		sun.nio.ch.WindowsSelectorImpl$SubSelector.poll0(Native Method)
[12:37:15] [Spigot Watchdog Thread/ERROR]: 		sun.nio.ch.WindowsSelectorImpl$SubSelector.poll(Unknown Source)
[12:37:15] [Spigot Watchdog Thread/ERROR]: 		sun.nio.ch.WindowsSelectorImpl$SubSelector.access$400(Unknown Source)
[12:37:15] [Spigot Watchdog Thread/ERROR]: 		sun.nio.ch.WindowsSelectorImpl.doSelect(Unknown Source)
[12:37:15] [Spigot Watchdog Thread/ERROR]: 		sun.nio.ch.SelectorImpl.lockAndDoSelect(Unknown Source)
[12:37:15] [Spigot Watchdog Thread/ERROR]: 		sun.nio.ch.SelectorImpl.select(Unknown Source)
[12:37:15] [Spigot Watchdog Thread/ERROR]: 		io.netty.channel.nio.SelectedSelectionKeySetSelector.select(SelectedSelectionKeySetSelector.java:62)
[12:37:15] [Spigot Watchdog Thread/ERROR]: 		io.netty.channel.nio.NioEventLoop.select(NioEventLoop.java:756)
[12:37:15] [Spigot Watchdog Thread/ERROR]: 		io.netty.channel.nio.NioEventLoop.run(NioEventLoop.java:411)
[12:37:15] [Spigot Watchdog Thread/ERROR]: 		io.netty.util.concurrent.SingleThreadEventExecutor$5.run(SingleThreadEventExecutor.java:884)
[12:37:15] [Spigot Watchdog Thread/ERROR]: 		java.lang.Thread.run(Unknown Source)
[12:37:15] [Spigot Watchdog Thread/ERROR]: ------------------------------
[12:37:15] [Spigot Watchdog Thread/ERROR]: Current Thread: Netty Server IO #0
[12:37:15] [Spigot Watchdog Thread/ERROR]: 	PID: 26 | Suspended: false | Native: true | State: RUNNABLE
[12:37:15] [Spigot Watchdog Thread/ERROR]: 	Thread is waiting on monitor(s):
[12:37:15] [Spigot Watchdog Thread/ERROR]: 		Locked on:sun.nio.ch.SelectorImpl.lockAndDoSelect(Unknown Source)
[12:37:15] [Spigot Watchdog Thread/ERROR]: 		Locked on:sun.nio.ch.SelectorImpl.lockAndDoSelect(Unknown Source)
[12:37:15] [Spigot Watchdog Thread/ERROR]: 		Locked on:sun.nio.ch.SelectorImpl.lockAndDoSelect(Unknown Source)
[12:37:15] [Spigot Watchdog Thread/ERROR]: 	Stack:
[12:37:15] [Spigot Watchdog Thread/ERROR]: 		sun.nio.ch.WindowsSelectorImpl$SubSelector.poll0(Native Method)
[12:37:15] [Spigot Watchdog Thread/ERROR]: 		sun.nio.ch.WindowsSelectorImpl$SubSelector.poll(Unknown Source)
[12:37:15] [Spigot Watchdog Thread/ERROR]: 		sun.nio.ch.WindowsSelectorImpl$SubSelector.access$400(Unknown Source)
[12:37:15] [Spigot Watchdog Thread/ERROR]: 		sun.nio.ch.WindowsSelectorImpl.doSelect(Unknown Source)
[12:37:15] [Spigot Watchdog Thread/ERROR]: 		sun.nio.ch.SelectorImpl.lockAndDoSelect(Unknown Source)
[12:37:15] [Spigot Watchdog Thread/ERROR]: 		sun.nio.ch.SelectorImpl.select(Unknown Source)
[12:37:15] [Spigot Watchdog Thread/ERROR]: 		io.netty.channel.nio.SelectedSelectionKeySetSelector.select(SelectedSelectionKeySetSelector.java:62)
[12:37:15] [Spigot Watchdog Thread/ERROR]: 		io.netty.channel.nio.NioEventLoop.select(NioEventLoop.java:756)
[12:37:15] [Spigot Watchdog Thread/ERROR]: 		io.netty.channel.nio.NioEventLoop.run(NioEventLoop.java:411)
[12:37:15] [Spigot Watchdog Thread/ERROR]: 		io.netty.util.concurrent.SingleThreadEventExecutor$5.run(SingleThreadEventExecutor.java:884)
[12:37:15] [Spigot Watchdog Thread/ERROR]: 		java.lang.Thread.run(Unknown Source)
[12:37:15] [Spigot Watchdog Thread/ERROR]: ------------------------------
[12:37:15] [Spigot Watchdog Thread/ERROR]: Current Thread: ObjectCleanerThread
[12:37:15] [Spigot Watchdog Thread/ERROR]: 	PID: 25 | Suspended: false | Native: false | State: TIMED_WAITING
[12:37:15] [Spigot Watchdog Thread/ERROR]: 	Stack:
[12:37:15] [Spigot Watchdog Thread/ERROR]: 		java.lang.Object.wait(Native Method)
[12:37:15] [Spigot Watchdog Thread/ERROR]: 		java.lang.ref.ReferenceQueue.remove(Unknown Source)
[12:37:15] [Spigot Watchdog Thread/ERROR]: 		io.netty.util.internal.ObjectCleaner$1.run(ObjectCleaner.java:54)
[12:37:15] [Spigot Watchdog Thread/ERROR]: 		io.netty.util.concurrent.FastThreadLocalRunnable.run(FastThreadLocalRunnable.java:30)
[12:37:15] [Spigot Watchdog Thread/ERROR]: 		java.lang.Thread.run(Unknown Source)
[12:37:15] [Spigot Watchdog Thread/ERROR]: ------------------------------
[12:37:15] [Spigot Watchdog Thread/ERROR]: Current Thread: Spigot Metrics Thread
[12:37:15] [Spigot Watchdog Thread/ERROR]: 	PID: 24 | Suspended: false | Native: false | State: TIMED_WAITING
[12:37:15] [Spigot Watchdog Thread/ERROR]: 	Stack:
[12:37:15] [Spigot Watchdog Thread/ERROR]: 		java.lang.Object.wait(Native Method)
[12:37:15] [Spigot Watchdog Thread/ERROR]: 		java.util.TimerThread.mainLoop(Unknown Source)
[12:37:15] [Spigot Watchdog Thread/ERROR]: 		java.util.TimerThread.run(Unknown Source)
[12:37:15] [Spigot Watchdog Thread/ERROR]: ------------------------------
[12:37:15] [Spigot Watchdog Thread/ERROR]: Current Thread: Spigot Watchdog Thread
[12:37:15] [Spigot Watchdog Thread/ERROR]: 	PID: 23 | Suspended: false | Native: false | State: RUNNABLE
[12:37:15] [Spigot Watchdog Thread/ERROR]: 	Stack:
[12:37:15] [Spigot Watchdog Thread/ERROR]: 		sun.management.ThreadImpl.dumpThreads0(Native Method)
[12:37:15] [Spigot Watchdog Thread/ERROR]: 		sun.management.ThreadImpl.dumpAllThreads(Unknown Source)
[12:37:15] [Spigot Watchdog Thread/ERROR]: 		org.spigotmc.WatchdogThread.run(WatchdogThread.java:76)
[12:37:15] [Spigot Watchdog Thread/ERROR]: ------------------------------
[12:37:15] [Spigot Watchdog Thread/ERROR]: Current Thread: Java2D Disposer
[12:37:15] [Spigot Watchdog Thread/ERROR]: 	PID: 21 | Suspended: false | Native: false | State: WAITING
[12:37:15] [Spigot Watchdog Thread/ERROR]: 	Stack:
[12:37:15] [Spigot Watchdog Thread/ERROR]: 		java.lang.Object.wait(Native Method)
[12:37:15] [Spigot Watchdog Thread/ERROR]: 		java.lang.ref.ReferenceQueue.remove(Unknown Source)
[12:37:15] [Spigot Watchdog Thread/ERROR]: 		java.lang.ref.ReferenceQueue.remove(Unknown Source)
[12:37:15] [Spigot Watchdog Thread/ERROR]: 		sun.java2d.Disposer.run(Unknown Source)
[12:37:15] [Spigot Watchdog Thread/ERROR]: 		java.lang.Thread.run(Unknown Source)
[12:37:15] [Spigot Watchdog Thread/ERROR]: ------------------------------
[12:37:15] [Spigot Watchdog Thread/ERROR]: Current Thread: Server console handler
[12:37:15] [Spigot Watchdog Thread/ERROR]: 	PID: 19 | Suspended: false | Native: true | State: RUNNABLE
[12:37:15] [Spigot Watchdog Thread/ERROR]: 	Thread is waiting on monitor(s):
[12:37:15] [Spigot Watchdog Thread/ERROR]: 		Locked on:org.bukkit.craftbukkit.libs.jline.internal.NonBlockingInputStream.read(NonBlockingInputStream.java:169)
[12:37:15] [Spigot Watchdog Thread/ERROR]: 		Locked on:org.bukkit.craftbukkit.libs.jline.internal.InputStreamReader.read(InputStreamReader.java:261)
[12:37:15] [Spigot Watchdog Thread/ERROR]: 		Locked on:org.bukkit.craftbukkit.libs.jline.internal.InputStreamReader.read(InputStreamReader.java:198)
[12:37:15] [Spigot Watchdog Thread/ERROR]: 	Stack:
[12:37:15] [Spigot Watchdog Thread/ERROR]: 		org.fusesource.jansi.internal.Kernel32.ReadConsoleInputW(Native Method)
[12:37:15] [Spigot Watchdog Thread/ERROR]: 		org.fusesource.jansi.internal.Kernel32.readConsoleInputHelper(Kernel32.java:761)
[12:37:15] [Spigot Watchdog Thread/ERROR]: 		org.fusesource.jansi.internal.Kernel32.readConsoleKeyInput(Kernel32.java:794)
[12:37:15] [Spigot Watchdog Thread/ERROR]: 		org.fusesource.jansi.internal.WindowsSupport.readConsoleInput(WindowsSupport.java:97)
[12:37:15] [Spigot Watchdog Thread/ERROR]: 		org.bukkit.craftbukkit.libs.jline.WindowsTerminal.readConsoleInput(WindowsTerminal.java:215)
[12:37:15] [Spigot Watchdog Thread/ERROR]: 		org.bukkit.craftbukkit.libs.jline.WindowsTerminal.access$000(WindowsTerminal.java:55)
[12:37:15] [Spigot Watchdog Thread/ERROR]: 		org.bukkit.craftbukkit.libs.jline.WindowsTerminal$1.read(WindowsTerminal.java:157)
[12:37:15] [Spigot Watchdog Thread/ERROR]: 		org.bukkit.craftbukkit.libs.jline.internal.NonBlockingInputStream.read(NonBlockingInputStream.java:169)
[12:37:15] [Spigot Watchdog Thread/ERROR]: 		org.bukkit.craftbukkit.libs.jline.internal.NonBlockingInputStream.read(NonBlockingInputStream.java:137)
[12:37:15] [Spigot Watchdog Thread/ERROR]: 		org.bukkit.craftbukkit.libs.jline.internal.NonBlockingInputStream.read(NonBlockingInputStream.java:246)
[12:37:15] [Spigot Watchdog Thread/ERROR]: 		org.bukkit.craftbukkit.libs.jline.internal.InputStreamReader.read(InputStreamReader.java:261)
[12:37:15] [Spigot Watchdog Thread/ERROR]: 		org.bukkit.craftbukkit.libs.jline.internal.InputStreamReader.read(InputStreamReader.java:198)
[12:37:15] [Spigot Watchdog Thread/ERROR]: 		org.bukkit.craftbukkit.libs.jline.console.ConsoleReader.readCharacter(ConsoleReader.java:2145)
[12:37:15] [Spigot Watchdog Thread/ERROR]: 		org.bukkit.craftbukkit.libs.jline.console.ConsoleReader.readLine(ConsoleReader.java:2349)
[12:37:15] [Spigot Watchdog Thread/ERROR]: 		net.minecraft.server.v1_13_R2.DedicatedServer$2.run(DedicatedServer.java:91)
[12:37:15] [Spigot Watchdog Thread/ERROR]: ------------------------------
[12:37:15] [Spigot Watchdog Thread/ERROR]: Current Thread: Thread-4
[12:37:15] [Spigot Watchdog Thread/ERROR]: 	PID: 20 | Suspended: false | Native: false | State: RUNNABLE
[12:37:15] [Spigot Watchdog Thread/ERROR]: 	Thread is waiting on monitor(s):
[12:37:15] [Spigot Watchdog Thread/ERROR]: 		Locked on:java.io.BufferedOutputStream.flush(Unknown Source)
[12:37:15] [Spigot Watchdog Thread/ERROR]: 		Locked on:java.io.PrintStream.flush(Unknown Source)
[12:37:15] [Spigot Watchdog Thread/ERROR]: 		Locked on:java.io.PrintStream.flush(Unknown Source)
[12:37:15] [Spigot Watchdog Thread/ERROR]: 		Locked on:java.io.PrintStream.flush(Unknown Source)
[12:37:15] [Spigot Watchdog Thread/ERROR]: 		Locked on:sun.nio.cs.StreamEncoder.flush(Unknown Source)
[12:37:15] [Spigot Watchdog Thread/ERROR]: 	Stack:
[12:37:15] [Spigot Watchdog Thread/ERROR]: 		java.io.FileOutputStream.writeBytes(Native Method)
[12:37:15] [Spigot Watchdog Thread/ERROR]: 		java.io.FileOutputStream.write(Unknown Source)
[12:37:15] [Spigot Watchdog Thread/ERROR]: 		java.io.BufferedOutputStream.flushBuffer(Unknown Source)
[12:37:15] [Spigot Watchdog Thread/ERROR]: 		java.io.BufferedOutputStream.flush(Unknown Source)
[12:37:15] [Spigot Watchdog Thread/ERROR]: 		java.io.PrintStream.flush(Unknown Source)
[12:37:15] [Spigot Watchdog Thread/ERROR]: 		java.io.FilterOutputStream.flush(Unknown Source)
[12:37:15] [Spigot Watchdog Thread/ERROR]: 		java.io.PrintStream.flush(Unknown Source)
[12:37:15] [Spigot Watchdog Thread/ERROR]: 		java.io.PrintStream.flush(Unknown Source)
[12:37:15] [Spigot Watchdog Thread/ERROR]: 		java.io.FilterOutputStream.flush(Unknown Source)
[12:37:15] [Spigot Watchdog Thread/ERROR]: 		sun.nio.cs.StreamEncoder.implFlush(Unknown Source)
[12:37:15] [Spigot Watchdog Thread/ERROR]: 		sun.nio.cs.StreamEncoder.flush(Unknown Source)
[12:37:15] [Spigot Watchdog Thread/ERROR]: 		java.io.OutputStreamWriter.flush(Unknown Source)
[12:37:15] [Spigot Watchdog Thread/ERROR]: 		org.bukkit.craftbukkit.libs.jline.console.ConsoleReader.flush(ConsoleReader.java:976)
[12:37:15] [Spigot Watchdog Thread/ERROR]: 		org.bukkit.craftbukkit.v1_13_R2.util.TerminalConsoleWriterThread.run(TerminalConsoleWriterThread.java:44)
[12:37:15] [Spigot Watchdog Thread/ERROR]: 		java.lang.Thread.run(Unknown Source)
[12:37:15] [Spigot Watchdog Thread/ERROR]: ------------------------------
[12:37:15] [Spigot Watchdog Thread/ERROR]: Current Thread: DestroyJavaVM
[12:37:15] [Spigot Watchdog Thread/ERROR]: 	PID: 18 | Suspended: false | Native: false | State: RUNNABLE
[12:37:15] [Spigot Watchdog Thread/ERROR]: 	Stack:
[12:37:15] [Spigot Watchdog Thread/ERROR]: ------------------------------
[12:37:15] [Spigot Watchdog Thread/ERROR]: Current Thread: Server thread
[12:37:15] [Spigot Watchdog Thread/ERROR]: 	PID: 16 | Suspended: false | Native: false | State: RUNNABLE
[12:37:15] [Spigot Watchdog Thread/ERROR]: 	Thread is waiting on monitor(s):
[12:37:15] [Spigot Watchdog Thread/ERROR]: 		Locked on:org.bukkit.craftbukkit.libs.it.unimi.dsi.fastutil.longs.Long2ObjectFunctions$SynchronizedFunction.containsKey(Long2ObjectFunctions.java:222)
[12:37:15] [Spigot Watchdog Thread/ERROR]: 	Stack:
[12:37:15] [Spigot Watchdog Thread/ERROR]: 		org.bukkit.craftbukkit.libs.it.unimi.dsi.fastutil.longs.Long2ObjectFunctions$SynchronizedFunction.containsKey(Long2ObjectFunctions.java:222)
[12:37:15] [Spigot Watchdog Thread/ERROR]: 		net.minecraft.server.v1_13_R2.ChunkProviderServer.isLoaded(ChunkProviderServer.java:374)
[12:37:15] [Spigot Watchdog Thread/ERROR]: 		net.minecraft.server.v1_13_R2.WorldServer.a(WorldServer.java:444)
[12:37:15] [Spigot Watchdog Thread/ERROR]: 		net.minecraft.server.v1_13_R2.WorldServer.isChunkLoaded(WorldServer.java:440)
[12:37:15] [Spigot Watchdog Thread/ERROR]: 		net.minecraft.server.v1_13_R2.IWorldReader.b(SourceFile:312)
[12:37:15] [Spigot Watchdog Thread/ERROR]: 		net.minecraft.server.v1_13_R2.IWorldReader.isLoaded(SourceFile:308)
[12:37:15] [Spigot Watchdog Thread/ERROR]: 		net.minecraft.server.v1_13_R2.IWorldReader.a(SourceFile:152)
[12:37:15] [Spigot Watchdog Thread/ERROR]: 		net.minecraft.server.v1_13_R2.IWorldReader$$Lambda$2124/14830635.apply(Unknown Source)
[12:37:15] [Spigot Watchdog Thread/ERROR]: 		java.util.stream.ReferencePipeline$3$1.accept(Unknown Source)
[12:37:15] [Spigot Watchdog Thread/ERROR]: 		java.util.Spliterators$IteratorSpliterator.tryAdvance(Unknown Source)
[12:37:15] [Spigot Watchdog Thread/ERROR]: 		java.util.stream.StreamSpliterators$WrappingSpliterator.lambda$initPartialTraversalState$0(Unknown Source)
[12:37:15] [Spigot Watchdog Thread/ERROR]: 		java.util.stream.StreamSpliterators$WrappingSpliterator$$Lambda$1503/6354512.getAsBoolean(Unknown Source)
[12:37:15] [Spigot Watchdog Thread/ERROR]: 		java.util.stream.StreamSpliterators$AbstractWrappingSpliterator.fillBuffer(Unknown Source)
[12:37:15] [Spigot Watchdog Thread/ERROR]: 		java.util.stream.StreamSpliterators$AbstractWrappingSpliterator.doAdvance(Unknown Source)
[12:37:15] [Spigot Watchdog Thread/ERROR]: 		java.util.stream.StreamSpliterators$WrappingSpliterator.tryAdvance(Unknown Source)
[12:37:15] [Spigot Watchdog Thread/ERROR]: 		java.util.stream.Streams$ConcatSpliterator.tryAdvance(Unknown Source)
[12:37:15] [Spigot Watchdog Thread/ERROR]: 		java.util.stream.Streams$ConcatSpliterator.tryAdvance(Unknown Source)
[12:37:15] [Spigot Watchdog Thread/ERROR]: 		java.util.Spliterators$1Adapter.hasNext(Unknown Source)
[12:37:15] [Spigot Watchdog Thread/ERROR]: 		net.minecraft.server.v1_13_R2.StreamAccumulator$1.tryAdvance(SourceFile:32)
[12:37:15] [Spigot Watchdog Thread/ERROR]: 		java.util.Spliterators$1Adapter.hasNext(Unknown Source)
[12:37:15] [Spigot Watchdog Thread/ERROR]: 		net.minecraft.server.v1_13_R2.VoxelShapes.a(SourceFile:182)
[12:37:15] [Spigot Watchdog Thread/ERROR]: 		net.minecraft.server.v1_13_R2.Entity.move(Entity.java:652)
[12:37:15] [Spigot Watchdog Thread/ERROR]: 		net.minecraft.server.v1_13_R2.EntityFallingBlock.tick(EntityFallingBlock.java:88)
[12:37:15] [Spigot Watchdog Thread/ERROR]: 		net.minecraft.server.v1_13_R2.World.entityJoinedWorld(World.java:1373)
[12:37:15] [Spigot Watchdog Thread/ERROR]: 		net.minecraft.server.v1_13_R2.World.g(World.java:1340)
[12:37:15] [Spigot Watchdog Thread/ERROR]: 		net.minecraft.server.v1_13_R2.World.tickEntities(World.java:1174)
[12:37:15] [Spigot Watchdog Thread/ERROR]: 		net.minecraft.server.v1_13_R2.WorldServer.tickEntities(WorldServer.java:601)
[12:37:15] [Spigot Watchdog Thread/ERROR]: 		net.minecraft.server.v1_13_R2.MinecraftServer.b(MinecraftServer.java:968)
[12:37:15] [Spigot Watchdog Thread/ERROR]: 		net.minecraft.server.v1_13_R2.DedicatedServer.b(DedicatedServer.java:411)
[12:37:15] [Spigot Watchdog Thread/ERROR]: 		net.minecraft.server.v1_13_R2.MinecraftServer.a(MinecraftServer.java:831)
[12:37:15] [Spigot Watchdog Thread/ERROR]: 		net.minecraft.server.v1_13_R2.MinecraftServer.run(MinecraftServer.java:729)
[12:37:15] [Spigot Watchdog Thread/ERROR]: 		java.lang.Thread.run(Unknown Source)
[12:37:15] [Spigot Watchdog Thread/ERROR]: ------------------------------
[12:37:15] [Spigot Watchdog Thread/ERROR]: Current Thread: Server Infinisleeper
[12:37:15] [Spigot Watchdog Thread/ERROR]: 	PID: 17 | Suspended: false | Native: false | State: TIMED_WAITING
[12:37:15] [Spigot Watchdog Thread/ERROR]: 	Stack:
[12:37:15] [Spigot Watchdog Thread/ERROR]: 		java.lang.Thread.sleep(Native Method)
[12:37:15] [Spigot Watchdog Thread/ERROR]: 		net.minecraft.server.v1_13_R2.DedicatedServer$1.run(DedicatedServer.java:66)
[12:37:15] [Spigot Watchdog Thread/ERROR]: ------------------------------
[12:37:15] [Spigot Watchdog Thread/ERROR]: Current Thread: NonBlockingInputStreamThread
[12:37:15] [Spigot Watchdog Thread/ERROR]: 	PID: 14 | Suspended: false | Native: false | State: WAITING
[12:37:15] [Spigot Watchdog Thread/ERROR]: 	Stack:
[12:37:15] [Spigot Watchdog Thread/ERROR]: 		java.lang.Object.wait(Native Method)
[12:37:15] [Spigot Watchdog Thread/ERROR]: 		org.bukkit.craftbukkit.libs.jline.internal.NonBlockingInputStream.run(NonBlockingInputStream.java:278)
[12:37:15] [Spigot Watchdog Thread/ERROR]: 		java.lang.Thread.run(Unknown Source)
[12:37:15] [Spigot Watchdog Thread/ERROR]: ------------------------------
[12:37:15] [Spigot Watchdog Thread/ERROR]: Current Thread: Snooper Timer
[12:37:15] [Spigot Watchdog Thread/ERROR]: 	PID: 12 | Suspended: false | Native: false | State: WAITING
[12:37:15] [Spigot Watchdog Thread/ERROR]: 	Stack:
[12:37:15] [Spigot Watchdog Thread/ERROR]: 		java.lang.Object.wait(Native Method)
[12:37:15] [Spigot Watchdog Thread/ERROR]: 		java.lang.Object.wait(Unknown Source)
[12:37:15] [Spigot Watchdog Thread/ERROR]: 		java.util.TimerThread.mainLoop(Unknown Source)
[12:37:15] [Spigot Watchdog Thread/ERROR]: 		java.util.TimerThread.run(Unknown Source)
[12:37:15] [Spigot Watchdog Thread/ERROR]: ------------------------------
[12:37:15] [Spigot Watchdog Thread/ERROR]: Current Thread: Bootstrap 0
[12:37:15] [Spigot Watchdog Thread/ERROR]: 	PID: 11 | Suspended: false | Native: false | State: TIMED_WAITING
[12:37:15] [Spigot Watchdog Thread/ERROR]: 	Stack:
[12:37:15] [Spigot Watchdog Thread/ERROR]: 		sun.misc.Unsafe.park(Native Method)
[12:37:15] [Spigot Watchdog Thread/ERROR]: 		java.util.concurrent.locks.LockSupport.parkNanos(Unknown Source)
[12:37:15] [Spigot Watchdog Thread/ERROR]: 		java.util.concurrent.SynchronousQueue$TransferStack.awaitFulfill(Unknown Source)
[12:37:15] [Spigot Watchdog Thread/ERROR]: 		java.util.concurrent.SynchronousQueue$TransferStack.transfer(Unknown Source)
[12:37:15] [Spigot Watchdog Thread/ERROR]: 		java.util.concurrent.SynchronousQueue.poll(Unknown Source)
[12:37:15] [Spigot Watchdog Thread/ERROR]: 		java.util.concurrent.ThreadPoolExecutor.getTask(Unknown Source)
[12:37:15] [Spigot Watchdog Thread/ERROR]: 		java.util.concurrent.ThreadPoolExecutor.runWorker(Unknown Source)
[12:37:15] [Spigot Watchdog Thread/ERROR]: 		java.util.concurrent.ThreadPoolExecutor$Worker.run(Unknown Source)
[12:37:15] [Spigot Watchdog Thread/ERROR]: 		java.lang.Thread.run(Unknown Source)
[12:37:15] [Spigot Watchdog Thread/ERROR]: ------------------------------
[12:37:15] [Spigot Watchdog Thread/ERROR]: Current Thread: Attach Listener
[12:37:15] [Spigot Watchdog Thread/ERROR]: 	PID: 5 | Suspended: false | Native: false | State: RUNNABLE
[12:37:15] [Spigot Watchdog Thread/ERROR]: 	Stack:
[12:37:15] [Spigot Watchdog Thread/ERROR]: ------------------------------
[12:37:15] [Spigot Watchdog Thread/ERROR]: Current Thread: Signal Dispatcher
[12:37:15] [Spigot Watchdog Thread/ERROR]: 	PID: 4 | Suspended: false | Native: false | State: RUNNABLE
[12:37:15] [Spigot Watchdog Thread/ERROR]: 	Stack:
[12:37:15] [Spigot Watchdog Thread/ERROR]: ------------------------------
[12:37:15] [Spigot Watchdog Thread/ERROR]: Current Thread: Finalizer
[12:37:15] [Spigot Watchdog Thread/ERROR]: 	PID: 3 | Suspended: false | Native: false | State: WAITING
[12:37:15] [Spigot Watchdog Thread/ERROR]: 	Stack:
[12:37:15] [Spigot Watchdog Thread/ERROR]: 		java.lang.Object.wait(Native Method)
[12:37:15] [Spigot Watchdog Thread/ERROR]: 		java.lang.ref.ReferenceQueue.remove(Unknown Source)
[12:37:15] [Spigot Watchdog Thread/ERROR]: 		java.lang.ref.ReferenceQueue.remove(Unknown Source)
[12:37:15] [Spigot Watchdog Thread/ERROR]: 		java.lang.ref.Finalizer$FinalizerThread.run(Unknown Source)
[12:37:15] [Spigot Watchdog Thread/ERROR]: ------------------------------
[12:37:15] [Spigot Watchdog Thread/ERROR]: Current Thread: Reference Handler
[12:37:15] [Spigot Watchdog Thread/ERROR]: 	PID: 2 | Suspended: false | Native: false | State: WAITING
[12:37:15] [Spigot Watchdog Thread/ERROR]: 	Stack:
[12:37:15] [Spigot Watchdog Thread/ERROR]: 		java.lang.Object.wait(Native Method)
[12:37:15] [Spigot Watchdog Thread/ERROR]: 		java.lang.Object.wait(Unknown Source)
[12:37:15] [Spigot Watchdog Thread/ERROR]: 		java.lang.ref.Reference.tryHandlePending(Unknown Source)
[12:37:15] [Spigot Watchdog Thread/ERROR]: 		java.lang.ref.Reference$ReferenceHandler.run(Unknown Source)
[12:37:15] [Spigot Watchdog Thread/ERROR]: ------------------------------
[12:37:15] [Spigot Watchdog Thread/INFO]: Startup script './start.sh' does not exist! Stopping server.
[12:37:15] [Spigot Watchdog Thread/INFO]: Stopping server
[12:37:15] [Spigot Watchdog Thread/INFO]: [EssentialsProtect] Disabling EssentialsProtect vTeamCity
[12:37:15] [Spigot Watchdog Thread/INFO]: [EssentialsXMPP] Disabling EssentialsXMPP vTeamCity
[12:37:15] [Spigot Watchdog Thread/INFO]: [EssentialsSpawn] Disabling EssentialsSpawn vTeamCity
[12:37:15] [Spigot Watchdog Thread/INFO]: [EpicRename] Disabling EpicRename v3.4
[12:37:15] [Spigot Watchdog Thread/INFO]: [0;30;1m[[0;36;1mEpic[0;37;1mRename[0;30;1m] [0;37;1m[0;31;1mPlugin Disabled.[m
[12:37:15] [Spigot Watchdog Thread/INFO]: [EssentialsAntiBuild] Disabling EssentialsAntiBuild vTeamCity
[12:37:15] [Spigot Watchdog Thread/INFO]: [EnchantmentsEnhance] Disabling EnchantmentsEnhance v6.5.0
[12:37:15] [Spigot Watchdog Thread/ERROR]: Error occurred while disabling EnchantmentsEnhance v6.5.0 (Is it up to date?)
java.lang.NullPointerException: null
	at org.pixeltime.enchantmentsenhance.mysql.DataStorage.saveStats(DataStorage.java:70) ~[?:?]
	at org.pixeltime.enchantmentsenhance.Main.onDisable(Main.java:293) ~[?:?]
	at org.bukkit.plugin.java.JavaPlugin.setEnabled(JavaPlugin.java:266) ~[spigot-1.13.1.jar:git-Spigot-2440e18-4228a56]
	at org.bukkit.plugin.java.JavaPluginLoader.disablePlugin(JavaPluginLoader.java:363) [spigot-1.13.1.jar:git-Spigot-2440e18-4228a56]
	at org.bukkit.plugin.SimplePluginManager.disablePlugin(SimplePluginManager.java:422) [spigot-1.13.1.jar:git-Spigot-2440e18-4228a56]
	at org.bukkit.plugin.SimplePluginManager.disablePlugins(SimplePluginManager.java:415) [spigot-1.13.1.jar:git-Spigot-2440e18-4228a56]
	at org.bukkit.craftbukkit.v1_13_R2.CraftServer.disablePlugins(CraftServer.java:361) [spigot-1.13.1.jar:git-Spigot-2440e18-4228a56]
	at net.minecraft.server.v1_13_R2.MinecraftServer.stop(MinecraftServer.java:621) [spigot-1.13.1.jar:git-Spigot-2440e18-4228a56]
	at org.spigotmc.RestartCommand.restart(RestartCommand.java:121) [spigot-1.13.1.jar:git-Spigot-2440e18-4228a56]
	at org.spigotmc.RestartCommand.restart(RestartCommand.java:40) [spigot-1.13.1.jar:git-Spigot-2440e18-4228a56]
	at org.spigotmc.WatchdogThread.run(WatchdogThread.java:85) [spigot-1.13.1.jar:git-Spigot-2440e18-4228a56]
[12:37:15] [Spigot Watchdog Thread/INFO]: [EssentialsGeoIP] Disabling EssentialsGeoIP vTeamCity
[12:37:15] [Spigot Watchdog Thread/INFO]: [EssentialsChat] Disabling EssentialsChat vTeamCity
[12:37:15] [Spigot Watchdog Thread/INFO]: [Essentials] Disabling Essentials v2.15.0.45
[12:37:15] [Spigot Watchdog Thread/INFO]: [Vault][Economy] Essentials Economy unhooked.
[12:37:15] [Spigot Watchdog Thread/INFO]: [WorldGuard] Disabling WorldGuard v7.0.0-SNAPSHOT;1749-a6261b9
[12:37:15] [Spigot Watchdog Thread/INFO]: [WorldGuard] Shutting down executor and waiting for any pending tasks...
[12:37:15] [Spigot Watchdog Thread/INFO]: [Vault] Disabling Vault v1.6.7-b${env.TRAVIS_BUILD_NUMBER}
[12:37:15] [Spigot Watchdog Thread/INFO]: [CrackShot] Disabling CrackShot v0.98.9
[12:37:16] [Spigot Watchdog Thread/INFO]: [ClearLag] Disabling ClearLag v2.9.7
[12:37:16] [Spigot Watchdog Thread/INFO]: [ClearLag] Clearlag is now disabled!
[12:37:16] [Spigot Watchdog Thread/INFO]: [JumpPads] Disabling JumpPads v1.12.1
[12:37:16] [Spigot Watchdog Thread/INFO]: [0;32;1m[JumpPads] CleanUp found no JumpPads to delete![m
[12:37:16] [Spigot Watchdog Thread/INFO]: [WorldEdit] Disabling WorldEdit v7.0.0-SNAPSHOT;3874-6b33f08
[12:37:16] [Spigot Watchdog Thread/INFO]: Saving players
[12:37:16] [Spigot Watchdog Thread/INFO]: Ever_Tree lost connection: Server closed
[12:37:16] [Spigot Watchdog Thread/INFO]: Ever_Tree left the game
[12:37:16] [Spigot Watchdog Thread/INFO]: Saving worlds
[12:37:16] [Spigot Watchdog Thread/INFO]: Saving chunks for level 'world_nether'/minecraft:the_nether
[12:37:16] [Spigot Watchdog Thread/INFO]: Saving chunks for level 'world_the_end'/minecraft:the_end
[12:37:16] [Spigot Watchdog Thread/INFO]: Saving chunks for level 'world'/minecraft:overworld
