[17:21:13] [Server thread/INFO]: Starting minecraft server version 1.7.10
[17:21:57] [Server thread/INFO]: Loading properties
[17:21:57] [Server thread/INFO]: Default game type: SURVIVAL
[17:21:57] [Server thread/INFO]: Generating keypair
[17:21:58] [Server thread/INFO]: Starting Minecraft server on *:25565
[17:22:21] [Server thread/INFO]: Preparing level "world"
[17:22:24] [Server thread/INFO]: Preparing start region for level 0
[17:22:25] [Server thread/INFO]: Preparing spawn area: 12%
[17:22:26] [Server thread/INFO]: Preparing spawn area: 46%
[17:22:27] [Server thread/INFO]: Done (5.702s)! For help, type "help" or "?"
[17:22:27] [Server thread/INFO]: Starting remote control listener
[17:22:27] [RCON Listener #1/INFO]: RCON running on 0.0.0.0:25575
[17:22:29] [Server thread/INFO]: There are 0/100 players online:
[17:22:29] [Server thread/INFO]: 
[17:22:29] [Server thread/INFO]: There are 0/100 players online:
[17:22:29] [Server thread/INFO]: 
[17:22:29] [Server thread/INFO]: There are 0/100 players online:
[17:22:29] [Server thread/INFO]: 
[17:22:29] [Server thread/INFO]: Unknown command. Try /help for a list of commands
[17:22:32] [User Authenticator #1/INFO]: UUID of player Azift is 8283ee29-162f-45f6-9509-6399934e9637
[17:22:33] [Server thread/WARN]: Can't keep up! Did the system time change, or is the server overloaded? Running 3871ms behind, skipping 77 tick(s)
[17:22:33] [Server thread/INFO]: Azift[/172.101.137.86:43112] logged in with entity id 357 at (408.7926041418531, 60.0, 1001.0692621048215)
[17:22:33] [Server thread/INFO]: Azift joined the game
[17:23:02] [User Authenticator #2/INFO]: UUID of player CreeperZ585 is d91918a4-49d0-4615-b6a5-2dae429a5e77
[17:23:02] [Server thread/INFO]: CreeperZ585[/104.229.211.168:49873] logged in with entity id 501 at (414.87561649211864, 59.5, 1047.1011960195647)
[17:23:02] [Server thread/INFO]: CreeperZ585 joined the game
[17:23:19] [Server thread/INFO]: [CreeperZ585: Teleported CreeperZ585 to 199.5,12.5,1046.5]
[17:23:21] [Server thread/WARN]: Can't keep up! Did the system time change, or is the server overloaded? Running 2145ms behind, skipping 42 tick(s)
[17:23:21] [Server thread/INFO]: com.mojang.authlib.GameProfile@503bd66b[id=<null>,name=CreeperZ585,properties={},legacy=false] (/104.229.211.168:49872) lost connection: Disconnected
[17:25:17] [Server thread/WARN]: Can't keep up! Did the system time change, or is the server overloaded? Running 2163ms behind, skipping 43 tick(s)
[17:30:06] [Server thread/INFO]: CreeperZ585 burned to death
[17:32:04] [Server thread/INFO]: [CreeperZ585: Teleported CreeperZ585 to 159.5,13.5,1041.5]
[17:32:50] [Server thread/INFO]: CreeperZ585 burned to death
[17:32:54] [Server thread/INFO]: [CreeperZ585: Teleported CreeperZ585 to 159.5,13.5,1041.5]
[17:33:12] [Server thread/INFO]: [CreeperZ585: Teleported CreeperZ585 to 199.5,12.5,1046.5]
[17:39:18] [Server thread/INFO]: [CreeperZ585: Set game difficulty to Peaceful]
[17:54:02] [Server thread/WARN]: Fetching addPacket for removed entity
[17:57:41] [Server thread/INFO]: [Azift: Set own game mode to Creative Mode]
[17:58:18] [Server thread/INFO]: [Azift: Set own game mode to Survival Mode]
[18:01:54] [Server thread/INFO]: [Azift: Teleported Azift to 3128.5,70.5,1670.5]
[18:02:22] [Server thread/INFO]: [Azift: Teleported Azift to 411.5,60.5,996.5]
[18:03:34] [Server thread/INFO]: CreeperZ585 fell out of the world
[18:05:04] [Server thread/INFO]: CreeperZ585 lost connection: TextComponent{text='Disconnected', siblings=[], style=Style{hasParent=false, color=null, bold=null, italic=null, underlined=null, obfuscated=null, clickEvent=null, hoverEvent=null}}
[18:05:04] [Server thread/INFO]: CreeperZ585 left the game
[18:06:45] [Server thread/INFO]: [Azift: Given [Block of Gold] * 64 to Azift]
[18:07:44] [User Authenticator #3/INFO]: UUID of player CreeperZ585 is d91918a4-49d0-4615-b6a5-2dae429a5e77
[18:07:44] [Server thread/INFO]: CreeperZ585[/104.229.211.168:50041] logged in with entity id 1048828 at (426.0662175871172, 64.0, 1053.6944841400652)
[18:07:44] [Server thread/INFO]: CreeperZ585 joined the game
[18:08:03] [Server thread/INFO]: com.mojang.authlib.GameProfile@41a87285[id=<null>,name=CreeperZ585,properties={},legacy=false] (/104.229.211.168:50040) lost connection: Disconnected
[18:08:05] [Server thread/INFO]: [CreeperZ585: Set game difficulty to Easy]
[18:10:12] [Server thread/INFO]: Opped creeperz585
[18:10:14] [Server thread/INFO]: De-opped azift
[18:10:21] [Server thread/INFO]: Opped azift
[18:12:08] [Server thread/INFO]: [Azift: Teleported Azift to 1210.5,13.5,2234.5]
[18:14:05] [Server thread/INFO]: [Azift: Teleported Azift to 411.5,60.5,996.5]
[18:14:10] [Server thread/INFO]: [Azift: Teleported Azift to 3128.5,70.5,1670.5]
[18:14:43] [Server thread/INFO]: [Azift: Teleported Azift to 411.5,60.5,996.5]
[18:24:59] [Server thread/INFO]: [Azift: Given [Glass] * 64 to Azift]
[18:24:59] [Server thread/INFO]: [Azift: Given [Glass] * 64 to Azift]
[18:26:41] [Server thread/INFO]: [CreeperZ585: Set the time to 0]
[18:32:27] [Server thread/INFO]: [Azift: Set own game mode to Creative Mode]
[18:32:43] [Server thread/INFO]: [Azift: Set own game mode to Survival Mode]
[18:38:31] [Server thread/INFO]: [Azift: Teleported Azift to 652.5,26.5,649.5]
[18:39:43] [Server thread/INFO]: [CreeperZ585: Game rule has been updated]
[18:43:28] [Server thread/INFO]: [CreeperZ585: Saved the world]
[18:46:25] [Server thread/INFO]: [CreeperZ585: Set the time to 0]
[18:46:29] [Server thread/INFO]: [CreeperZ585: Changing to clear weather]
[18:46:46] [Server thread/INFO]: [CreeperZ585: Set the time to 5000]
[18:48:19] [Server thread/INFO]: [CreeperZ585: Teleported CreeperZ585 to Azift]
[18:49:35] [Server thread/INFO]: [CreeperZ585: Teleported CreeperZ585 to Azift]
[18:50:04] [Server thread/INFO]: [CreeperZ585: Teleported CreeperZ585 to 420.5,65.5,1055.5]
[18:52:08] [Server thread/INFO]: [Azift: Teleported Azift to 1210.5,13.5,2234.5]
[18:52:08] [Server thread/WARN]: Fetching addPacket for removed entity
[18:53:57] [Server thread/INFO]: [Azift: Teleported Azift to CreeperZ585]
[18:56:00] [Server thread/INFO]: <CreeperZ585> YES
[18:56:02] [Server thread/INFO]: <Azift> NOP
[18:56:04] [Server thread/INFO]: <CreeperZ585> e
[18:56:06] [Server thread/INFO]: <Azift> e
[18:56:10] [Server thread/INFO]: <CreeperZ585> peew
[18:57:56] [Server thread/INFO]: [CreeperZ585: Teleported CreeperZ585 to Azift]
[18:59:54] [Server thread/INFO]: [CreeperZ585: Teleported CreeperZ585 to 199.5,12.5,1046.5]
[18:59:58] [Server thread/INFO]: [CreeperZ585: Teleported CreeperZ585 to 199.5,12.5,1046.5]
[19:00:01] [Server thread/INFO]: [CreeperZ585: Teleported CreeperZ585 to 420.5,65.5,1055.5]
[19:00:19] [Server thread/INFO]: [CreeperZ585: Teleported CreeperZ585 to Azift]
[19:00:54] [Server thread/INFO]: [CreeperZ585: Teleported CreeperZ585 to 420.5,65.5,1055.5]
[19:01:31] [Server thread/INFO]: [CreeperZ585: Set own game mode to Adventure Mode]
[19:01:37] [Server thread/INFO]: [Azift: Teleported Azift to -472.5,51.5,-113.5]
[19:02:48] [Server thread/INFO]: [CreeperZ585: Set own game mode to Survival Mode]
[19:02:51] [Server thread/INFO]: [CreeperZ585: Unable to teleport because players are not in the same dimension]
[19:03:05] [Server thread/INFO]: [CreeperZ585: Teleported CreeperZ585 to -481.5,51.5,-113.53]
[19:03:12] [Server thread/WARN]: Can't keep up! Did the system time change, or is the server overloaded? Running 6154ms behind, skipping 123 tick(s)
[19:03:32] [Server thread/WARN]: Can't keep up! Did the system time change, or is the server overloaded? Running 5571ms behind, skipping 111 tick(s)
[19:03:34] [Server thread/INFO]: [CreeperZ585: Teleported CreeperZ585 to -471.5,51.5,-113.53]
[19:03:34] [Server thread/INFO]: [Azift: Teleported Azift to 43.5,54.5,122.5]
[19:03:38] [Server thread/INFO]: [CreeperZ585: Unable to teleport because players are not in the same dimension]
[19:03:43] [Server thread/INFO]: [CreeperZ585: Teleported CreeperZ585 to 411.5,61.5,999.5]
[19:04:07] [Server thread/INFO]: [CreeperZ585: Teleported CreeperZ585 to Azift]
[19:04:16] [Server thread/INFO]: [CreeperZ585: Teleported CreeperZ585 to 42.5,54.5,121.5]
[19:04:30] [Server thread/INFO]: [Azift: Teleported CreeperZ585 to Azift]
[19:08:06] [Server thread/INFO]: [Azift: Teleported Azift to 43.5,54.5,122.5]
[19:08:11] [Server thread/INFO]: [CreeperZ585: Teleported CreeperZ585 to 42.5,54.5,121.5]
[19:09:44] [Server thread/INFO]: [CreeperZ585: Teleported Azift to CreeperZ585]
[19:10:25] [Server thread/INFO]: CreeperZ585 lost connection: TranslatableComponent{key='disconnect.genericReason', args=[Internal Exception: java.io.IOException: An existing connection was forcibly closed by the remote host], siblings=[], style=Style{hasParent=false, color=null, bold=null, italic=null, underlined=null, obfuscated=null, clickEvent=null, hoverEvent=null}}
[19:10:25] [Server thread/INFO]: CreeperZ585 left the game
[19:10:26] [Server thread/INFO]: That player cannot be found
[19:10:30] [Server thread/INFO]: Saving...
[19:10:30] [Server thread/INFO]: Saved the world
[19:10:51] [Server thread/INFO]: * Server peepee or ban
[19:11:01] [Server thread/INFO]: <Azift> darn
[19:11:09] [Server thread/INFO]: [Azift: Banned player console]
[19:11:27] [Server thread/INFO]: Unbanned player console
[19:11:32] [Server thread/INFO]: [Azift: Banned player console]
[19:11:36] [Server thread/INFO]: Kicked Azift from the game: 'You have been gay'd'
[19:11:36] [Server thread/INFO]: Azift lost connection: TextComponent{text='You have been gay'd', siblings=[], style=Style{hasParent=false, color=null, bold=null, italic=null, underlined=null, obfuscated=null, clickEvent=null, hoverEvent=null}}
[19:11:36] [Server thread/INFO]: Azift left the game
[19:11:41] [User Authenticator #4/INFO]: UUID of player Azift is 8283ee29-162f-45f6-9509-6399934e9637
[19:11:42] [Server thread/INFO]: Azift[/172.101.137.86:45371] logged in with entity id 1181643 at (415.33898347018646, 64.0, 1060.853517164089)
[19:11:42] [Server thread/INFO]: Azift joined the game
[19:11:42] [Server thread/INFO]: Unbanned player console
[19:11:54] [Server thread/INFO]: [Azift: Banned player console]
[19:12:54] [Server thread/INFO]: There is no such item with ID 0
[19:13:02] [Server thread/INFO]: Given [Dirt] * 1 to Azift
[19:13:02] [Server thread/INFO]: Given [Dirt] * 1 to Azift
[19:13:02] [Server thread/INFO]: Given [Dirt] * 1 to Azift
[19:13:02] [Server thread/INFO]: Given [Dirt] * 1 to Azift
[19:13:03] [Server thread/INFO]: Given [Dirt] * 1 to Azift
[19:13:03] [Server thread/INFO]: Given [Dirt] * 1 to Azift
[19:13:03] [Server thread/INFO]: Given [Dirt] * 1 to Azift
[19:13:03] [Server thread/INFO]: Given [Dirt] * 1 to Azift
[19:13:03] [Server thread/INFO]: Given [Dirt] * 1 to Azift
[19:13:03] [Server thread/INFO]: Given [Dirt] * 1 to Azift
[19:13:04] [Server thread/INFO]: Given [Dirt] * 1 to Azift
[19:13:04] [Server thread/INFO]: Given [Dirt] * 1 to Azift
[19:13:04] [Server thread/INFO]: Given [Dirt] * 1 to Azift
[19:13:04] [Server thread/INFO]: Given [Dirt] * 1 to Azift
[19:13:04] [Server thread/INFO]: Given [Dirt] * 1 to Azift
[19:13:05] [Server thread/INFO]: Given [Dirt] * 1 to Azift
[19:13:05] [Server thread/INFO]: Given [Dirt] * 1 to Azift
[19:13:05] [Server thread/INFO]: Given [Dirt] * 1 to Azift
[19:13:05] [Server thread/INFO]: Given [Dirt] * 1 to Azift
[19:13:05] [Server thread/INFO]: Given [Dirt] * 1 to Azift
[19:13:05] [Server thread/INFO]: Given [Dirt] * 1 to Azift
[19:13:06] [Server thread/INFO]: Given [Dirt] * 1 to Azift
[19:13:06] [Server thread/INFO]: <Azift> sotp
[19:13:06] [Server thread/INFO]: Given [Dirt] * 1 to Azift
[19:13:06] [Server thread/INFO]: Given [Dirt] * 1 to Azift
[19:13:06] [Server thread/INFO]: Given [Dirt] * 1 to Azift
[19:13:07] [Server thread/INFO]: <Azift> iditp
[19:13:12] [Server thread/INFO]: <Azift> I added more to your hose
[19:13:13] [Server thread/INFO]: <Azift> house
[19:13:14] [Server thread/INFO]: There is no such item with ID 0
[19:13:19] [Server thread/INFO]: <Azift> also why did you leave but still here
[19:13:25] [Server thread/INFO]: Kicked Azift from the game: 'You have been poope'd.'
[19:13:25] [Server thread/INFO]: Azift lost connection: TextComponent{text='You have been poope'd.', siblings=[], style=Style{hasParent=false, color=null, bold=null, italic=null, underlined=null, obfuscated=null, clickEvent=null, hoverEvent=null}}
[19:13:25] [Server thread/INFO]: Azift left the game
[19:13:37] [User Authenticator #5/INFO]: UUID of player Azift is 8283ee29-162f-45f6-9509-6399934e9637
[19:13:38] [Server thread/INFO]: Azift[/172.101.137.86:35371] logged in with entity id 1186050 at (414.8429258986315, 64.0, 1062.1693325964725)
[19:13:38] [Server thread/INFO]: Azift joined the game
[19:20:07] [Server thread/WARN]: Can't keep up! Did the system time change, or is the server overloaded? Running 2292ms behind, skipping 45 tick(s)
[19:20:26] [Server thread/WARN]: Can't keep up! Did the system time change, or is the server overloaded? Running 5410ms behind, skipping 108 tick(s)
[19:21:14] [Server thread/WARN]: Can't keep up! Did the system time change, or is the server overloaded? Running 2166ms behind, skipping 43 tick(s)
[19:21:25] [User Authenticator #6/INFO]: UUID of player CreeperZ585 is d91918a4-49d0-4615-b6a5-2dae429a5e77
[19:21:26] [Server thread/INFO]: CreeperZ585[/104.229.211.168:50241] logged in with entity id 1195065 at (420.1082385941731, 64.0, 1055.4172118214447)
[19:21:26] [Server thread/INFO]: CreeperZ585 joined the game
[19:21:38] [Server thread/INFO]: [CreeperZ585: Teleported CreeperZ585 to Azift]
[19:22:27] [Server thread/WARN]: Can't keep up! Did the system time change, or is the server overloaded? Running 3936ms behind, skipping 78 tick(s)
[19:22:39] [Server thread/INFO]: [Azift: Banned player CreeperZ585]
[19:22:39] [Server thread/INFO]: CreeperZ585 lost connection: TextComponent{text='You are banned from this server.', siblings=[], style=Style{hasParent=false, color=null, bold=null, italic=null, underlined=null, obfuscated=null, clickEvent=null, hoverEvent=null}}
[19:22:39] [Server thread/INFO]: CreeperZ585 left the game
[19:22:42] [Server thread/INFO]: [Azift: Unbanned player CreeperZ585]
[19:22:43] [Server thread/INFO]: Banned player azift
[19:22:43] [Server thread/INFO]: Azift lost connection: TextComponent{text='You are banned from this server.', siblings=[], style=Style{hasParent=false, color=null, bold=null, italic=null, underlined=null, obfuscated=null, clickEvent=null, hoverEvent=null}}
[19:22:43] [Server thread/INFO]: Azift left the game
[19:22:46] [Server thread/INFO]: Unbanned player azift
[19:22:48] [User Authenticator #7/INFO]: UUID of player Azift is 8283ee29-162f-45f6-9509-6399934e9637
[19:22:48] [User Authenticator #8/INFO]: UUID of player CreeperZ585 is d91918a4-49d0-4615-b6a5-2dae429a5e77
[19:22:48] [Server thread/INFO]: CreeperZ585[/104.229.211.168:50253] logged in with entity id 1197967 at (422.7879735468593, 64.0, 1054.081835475026)
[19:22:48] [Server thread/INFO]: CreeperZ585 joined the game
[19:22:49] [Server thread/INFO]: Azift[/172.101.137.86:47325] logged in with entity id 1197966 at (420.34063635242586, 64.0, 1047.8032295999192)
[19:22:49] [Server thread/INFO]: Azift joined the game
[19:22:52] [Server thread/INFO]: [Azift: Banned player CreeperZ585]
[19:22:52] [Server thread/INFO]: CreeperZ585 lost connection: TextComponent{text='You are banned from this server.', siblings=[], style=Style{hasParent=false, color=null, bold=null, italic=null, underlined=null, obfuscated=null, clickEvent=null, hoverEvent=null}}
[19:22:52] [Server thread/INFO]: CreeperZ585 left the game
[19:22:53] [Server thread/INFO]: [Azift: Unbanned player CreeperZ585]
[19:22:56] [User Authenticator #9/INFO]: UUID of player CreeperZ585 is d91918a4-49d0-4615-b6a5-2dae429a5e77
[19:22:57] [Server thread/INFO]: CreeperZ585[/104.229.211.168:50259] logged in with entity id 1198467 at (419.69999998807907, 64.0, 1048.972734806541)
[19:22:57] [Server thread/INFO]: CreeperZ585 joined the game
[19:23:16] [Server thread/INFO]: com.mojang.authlib.GameProfile@52d41bba[id=<null>,name=CreeperZ585,properties={},legacy=false] (/104.229.211.168:50258) lost connection: Disconnected
[19:23:25] [Server thread/INFO]: De-opped azift
[19:23:33] [Server thread/INFO]: Opped azift
[19:23:34] [Server thread/INFO]: <Azift> kashoot yourself
[19:23:52] [Server thread/INFO]: [CreeperZ585: Kicked Azift from the game: 'penis']
[19:23:52] [Server thread/INFO]: Azift lost connection: TextComponent{text='penis', siblings=[], style=Style{hasParent=false, color=null, bold=null, italic=null, underlined=null, obfuscated=null, clickEvent=null, hoverEvent=null}}
[19:23:52] [Server thread/INFO]: Azift left the game
[19:23:56] [User Authenticator #10/INFO]: UUID of player Azift is 8283ee29-162f-45f6-9509-6399934e9637
[19:23:56] [Server thread/INFO]: Azift[/172.101.137.86:39596] logged in with entity id 1201097 at (423.5252113343819, 58.0, 1060.699999988079)
[19:23:56] [Server thread/INFO]: Azift joined the game
[19:24:13] [Server thread/INFO]: [Azift: Set own game mode to Creative Mode]
[19:24:20] [Server thread/INFO]: [CreeperZ585: Set Azift's game mode to Adventure Mode]
[19:24:22] [Server thread/INFO]: [CreeperZ585: De-opped azift]
[19:24:22] [Server thread/INFO]: [CreeperZ585: Set Azift's game mode to Adventure Mode]
[19:26:23] [Server thread/INFO]: [CreeperZ585: Opped azift]
[19:26:28] [Server thread/INFO]: [Azift: Set own game mode to Survival Mode]
[19:29:56] [Server thread/INFO]: [Azift: Set own game mode to Creative Mode]
[19:30:02] [Server thread/INFO]: [Azift: Set own game mode to Survival Mode]
[19:32:30] [Server thread/INFO]: [Azift: Set own game mode to Creative Mode]
[19:33:14] [Server thread/INFO]: [Azift: Set own game mode to Survival Mode]
[19:34:25] [Server thread/INFO]: [CreeperZ585: Set own game mode to Adventure Mode]
[19:34:41] [Server thread/INFO]: [Azift: Set own game mode to Creative Mode]
[19:34:57] [Server thread/INFO]: [Azift: Set own game mode to Adventure Mode]
[19:34:58] [Server thread/INFO]: [Azift: Set own game mode to Creative Mode]
[19:35:07] [Server thread/INFO]: [Azift: Set own game mode to Survival Mode]
[19:36:58] [Server thread/INFO]: [CreeperZ585: Set own game mode to Survival Mode]
[19:38:02] [Server thread/INFO]: CreeperZ585 lost connection: TextComponent{text='Disconnected', siblings=[], style=Style{hasParent=false, color=null, bold=null, italic=null, underlined=null, obfuscated=null, clickEvent=null, hoverEvent=null}}
[19:38:02] [Server thread/INFO]: CreeperZ585 left the game
[19:38:04] [Server thread/INFO]: Unknown command. Try /help for a list of commands
[19:38:06] [Server thread/INFO]: Saving...
[19:38:06] [Server thread/INFO]: Saved the world
[19:40:03] [Server thread/INFO]: [Azift: Set own game mode to Creative Mode]
[19:40:25] [Server thread/INFO]: [Azift: Set own game mode to Survival Mode]
[19:40:57] [Server thread/INFO]: [Azift: Set own game mode to Creative Mode]
[19:41:37] [Server thread/INFO]: [Azift: Set own game mode to Survival Mode]
[19:41:58] [Server thread/INFO]: [Azift: Teleported Azift to 652.5,26.5,649.5]
[19:46:40] [Server thread/INFO]: [Azift: Set own game mode to Creative Mode]
[19:46:49] [Server thread/INFO]: [Azift: Set own game mode to Survival Mode]
[19:47:16] [Server thread/INFO]: [Azift: Teleported Azift to 652.5,26.5,649.5]
[19:48:42] [Server thread/INFO]: [Azift: Set the time to 0]
[19:52:01] [Server thread/INFO]: [Azift: Set own game mode to Creative Mode]
[19:52:32] [Server thread/INFO]: [Azift: Set the time to 0]
[19:52:35] [Server thread/INFO]: [Azift: Set the time to 1500]
[19:52:40] [Server thread/INFO]: [Azift: Set the time to 600]
[19:52:41] [Server thread/INFO]: [Azift: Set the time to 6000]
[19:52:48] [Server thread/INFO]: [Azift: Set the time to 18000]
[19:53:42] [Server thread/INFO]: [Azift: Set own game mode to Survival Mode]
[19:55:50] [Server thread/INFO]: [Azift: Teleported Azift to 43.5,54.5,122.5]
[19:57:30] [Server thread/INFO]: [Azift: Set own game mode to Creative Mode]
[19:57:52] [Server thread/INFO]: Saving...
[19:57:52] [Server thread/INFO]: Saved the world
[19:58:08] [Server thread/WARN]: Can't keep up! Did the system time change, or is the server overloaded? Running 5706ms behind, skipping 114 tick(s)
[19:58:45] [Server thread/WARN]: Can't keep up! Did the system time change, or is the server overloaded? Running 2709ms behind, skipping 54 tick(s)
[19:59:14] [Server thread/WARN]: Can't keep up! Did the system time change, or is the server overloaded? Running 2962ms behind, skipping 59 tick(s)
[19:59:30] [User Authenticator #11/INFO]: UUID of player CreeperZ585 is d91918a4-49d0-4615-b6a5-2dae429a5e77
[19:59:31] [Server thread/INFO]: CreeperZ585[/104.229.211.168:50499] logged in with entity id 1264176 at (199.49286248483813, 51.0, 1046.587039659813)
[19:59:31] [Server thread/INFO]: CreeperZ585 joined the game
[19:59:34] [Server thread/INFO]: <Azift> hi
[19:59:48] [Server thread/INFO]: [Azift: Set own game mode to Adventure Mode]
[19:59:50] [Server thread/INFO]: com.mojang.authlib.GameProfile@3f170f62[id=<null>,name=CreeperZ585,properties={},legacy=false] (/104.229.211.168:50498) lost connection: Disconnected
[19:59:54] [Server thread/INFO]: [Azift: Set own game mode to Survival Mode]
[20:00:19] [Server thread/INFO]: <CreeperZ585> skeodt
[20:00:21] [Server thread/INFO]: <Azift> I thinko
[20:00:23] [Server thread/INFO]: <Azift> your mico
[20:00:24] [Server thread/INFO]: <Azift> deado
[20:02:16] [Server thread/INFO]: [CreeperZ585: Teleported CreeperZ585 to 199.5,12.5,1046.5]
[20:02:19] [Server thread/INFO]: [CreeperZ585: Teleported CreeperZ585 to 420.5,65.5,1055.5]
[20:02:30] [Server thread/INFO]: [Azift: Teleported Azift to CreeperZ585]
[20:02:59] [Server thread/INFO]: [Azift: Teleported Azift to 411.5,60.5,996.5]
[20:04:24] [Server thread/INFO]: [CreeperZ585: Teleported CreeperZ585 to Azift]
[20:04:32] [Server thread/INFO]: [Azift: Given [Steak] * 64 to CreeperZ585]
[20:04:37] [Server thread/INFO]: [Azift: Given [Steak] * 64 to CreeperZ585]
[20:04:37] [Server thread/INFO]: [Azift: Given [Steak] * 64 to CreeperZ585]
[20:04:37] [Server thread/INFO]: [Azift: Given [Steak] * 64 to CreeperZ585]
[20:04:38] [Server thread/INFO]: [Azift: Given [Steak] * 64 to CreeperZ585]
[20:04:38] [Server thread/INFO]: [Azift: Given [Steak] * 64 to CreeperZ585]
[20:04:38] [Server thread/INFO]: [Azift: Given [Steak] * 64 to CreeperZ585]
[20:04:39] [Server thread/INFO]: [Azift: Given [Steak] * 64 to CreeperZ585]
[20:04:39] [Server thread/INFO]: [Azift: Given [Steak] * 64 to CreeperZ585]
[20:04:39] [Server thread/INFO]: [Azift: Given [Steak] * 64 to CreeperZ585]
[20:04:40] [Server thread/INFO]: [Azift: Given [Steak] * 64 to CreeperZ585]
[20:04:40] [Server thread/INFO]: [Azift: Given [Steak] * 64 to CreeperZ585]
[20:04:40] [Server thread/INFO]: [Azift: Given [Steak] * 64 to CreeperZ585]
[20:04:41] [Server thread/INFO]: [Azift: Given [Steak] * 64 to CreeperZ585]
[20:04:41] [Server thread/INFO]: [Azift: Given [Steak] * 64 to CreeperZ585]
[20:04:41] [Server thread/INFO]: [Azift: Given [Steak] * 64 to CreeperZ585]
[20:04:42] [Server thread/INFO]: [Azift: Given [Steak] * 64 to CreeperZ585]
[20:04:42] [Server thread/INFO]: [Azift: Given [Steak] * 64 to CreeperZ585]
[20:04:42] [Server thread/INFO]: [Azift: Given [Steak] * 64 to CreeperZ585]
[20:04:43] [Server thread/INFO]: [Azift: Given [Steak] * 64 to CreeperZ585]
[20:04:43] [Server thread/INFO]: [Azift: Given [Steak] * 64 to CreeperZ585]
[20:04:43] [Server thread/INFO]: [Azift: Given [Steak] * 64 to CreeperZ585]
[20:04:44] [Server thread/INFO]: [Azift: Given [Steak] * 64 to CreeperZ585]
[20:04:44] [Server thread/INFO]: [Azift: Given [Steak] * 64 to CreeperZ585]
[20:04:44] [Server thread/INFO]: [Azift: Given [Steak] * 64 to CreeperZ585]
[20:04:45] [Server thread/INFO]: [Azift: Given [Steak] * 64 to CreeperZ585]
[20:04:45] [Server thread/INFO]: [Azift: Given [Steak] * 64 to CreeperZ585]
[20:04:45] [Server thread/INFO]: [Azift: Given [Steak] * 64 to CreeperZ585]
[20:04:46] [Server thread/INFO]: [Azift: Given [Steak] * 64 to CreeperZ585]
[20:06:55] [Server thread/INFO]: [Azift: Kicked CreeperZ585 from the game: 'No u']
[20:06:55] [Server thread/INFO]: CreeperZ585 lost connection: TextComponent{text='No u', siblings=[], style=Style{hasParent=false, color=null, bold=null, italic=null, underlined=null, obfuscated=null, clickEvent=null, hoverEvent=null}}
[20:06:55] [Server thread/INFO]: CreeperZ585 left the game
[20:06:58] [User Authenticator #12/INFO]: UUID of player CreeperZ585 is d91918a4-49d0-4615-b6a5-2dae429a5e77
[20:06:58] [Server thread/INFO]: CreeperZ585[/104.229.211.168:50512] logged in with entity id 1293903 at (425.616560192324, 64.0, 1053.2191537681672)
[20:06:58] [Server thread/INFO]: CreeperZ585 joined the game
[20:07:35] [Server thread/INFO]: [CreeperZ585: Teleported CreeperZ585 to Azift]
[20:07:52] [Server thread/INFO]: [Azift: Teleported Azift to 6.5,129.5,160.5]
[20:07:53] [Server thread/INFO]: [CreeperZ585: Teleported CreeperZ585 to Azift]
[20:08:25] [Server thread/INFO]: [Azift: Teleported Azift to 43.5,54.5,122.5]
[20:09:07] [Server thread/INFO]: [CreeperZ585: Teleported CreeperZ585 to 42.5,54.5,121.5]
[20:09:16] [Server thread/INFO]: [CreeperZ585: Teleported CreeperZ585 to 420.5,65.5,1055.5]
[20:10:24] [Server thread/INFO]: <CreeperZ585> penis
[20:10:27] [Server thread/INFO]: <Azift> smae
[20:10:35] [Server thread/INFO]: <Azift> nou u
[20:10:44] [Server thread/INFO]: <Azift> sotp blulyu me
[20:10:53] [Server thread/WARN]: Can't keep up! Did the system time change, or is the server overloaded? Running 3163ms behind, skipping 63 tick(s)
[20:10:53] [Server thread/INFO]: <Azift> racsist
[20:11:05] [Server thread/INFO]: <CreeperZ585> where find soul sand
[20:11:10] [Server thread/INFO]: <Azift> nether dumb dumb
[20:11:24] [Server thread/INFO]: <CreeperZ585> i find red penis
[20:11:43] [Server thread/INFO]: CreeperZ585 was blown up by Nitro Creeper
[20:12:02] [Server thread/WARN]: Can't keep up! Did the system time change, or is the server overloaded? Running 3206ms behind, skipping 64 tick(s)
[20:12:23] [Server thread/WARN]: Can't keep up! Did the system time change, or is the server overloaded? Running 8186ms behind, skipping 163 tick(s)
[20:12:31] [Server thread/INFO]: CreeperZ585 was slain by Baby Heatscar Spider
[20:12:44] [Server thread/INFO]: [Azift: Set the time to 1000]
[20:12:59] [Server thread/INFO]: CreeperZ585 was slain by Skeleton
[20:13:09] [Server thread/INFO]: [CreeperZ585: Set game difficulty to Peaceful]
[20:13:56] [Server thread/WARN]: Can't keep up! Did the system time change, or is the server overloaded? Running 2084ms behind, skipping 41 tick(s)
[20:14:29] [Server thread/INFO]: [Azift: Banned player CreeperZ585]
[20:14:29] [Server thread/INFO]: CreeperZ585 lost connection: TextComponent{text='You are banned from this server.', siblings=[], style=Style{hasParent=false, color=null, bold=null, italic=null, underlined=null, obfuscated=null, clickEvent=null, hoverEvent=null}}
[20:14:29] [Server thread/INFO]: CreeperZ585 left the game
[20:14:43] [Server thread/INFO]: Unbanned player creeperz585
[20:14:46] [User Authenticator #13/INFO]: UUID of player CreeperZ585 is d91918a4-49d0-4615-b6a5-2dae429a5e77
[20:14:46] [Server thread/INFO]: CreeperZ585[/104.229.211.168:50522] logged in with entity id 1443900 at (10.361088202767483, 32.0, 102.98465507924023)
[20:14:46] [Server thread/INFO]: CreeperZ585 joined the game
[20:15:07] [Server thread/INFO]: [CreeperZ585: Teleported CreeperZ585 to 42.5,54.5,121.5]
[20:17:03] [Server thread/INFO]: [CreeperZ585: Teleported CreeperZ585 to Azift]
[20:17:13] [Server thread/INFO]: [CreeperZ585: Teleported CreeperZ585 to Azift]
[20:17:15] [Server thread/INFO]: [CreeperZ585: Teleported CreeperZ585 to Azift]
[20:17:15] [Server thread/INFO]: [CreeperZ585: Teleported CreeperZ585 to Azift]
[20:17:16] [Server thread/INFO]: [CreeperZ585: Teleported CreeperZ585 to Azift]
[20:17:16] [Server thread/INFO]: [CreeperZ585: Teleported CreeperZ585 to Azift]
[20:17:18] [Server thread/INFO]: [CreeperZ585: Teleported CreeperZ585 to Azift]
[20:17:18] [Server thread/INFO]: [CreeperZ585: Teleported CreeperZ585 to Azift]
[20:17:20] [Server thread/INFO]: [CreeperZ585: Teleported CreeperZ585 to Azift]
[20:17:22] [Server thread/INFO]: [CreeperZ585: Teleported CreeperZ585 to Azift]
[20:17:30] [Server thread/INFO]: [CreeperZ585: Teleported CreeperZ585 to 199.5,12.5,1046.5]
[20:17:40] [Server thread/INFO]: [CreeperZ585: Teleported CreeperZ585 to 199.5,12.5,1046.5]
[20:17:44] [Server thread/INFO]: [CreeperZ585: Teleported CreeperZ585 to 420.5,65.5,1055.5]
[20:17:46] [Server thread/WARN]: Can't keep up! Did the system time change, or is the server overloaded? Running 2871ms behind, skipping 57 tick(s)
[20:19:05] [Server thread/INFO]: <CreeperZ585> ./rape
[20:19:09] [Server thread/INFO]: <Azift> ./no u
[20:20:30] [Server thread/INFO]: <CreeperZ585> what a ender pump
[20:20:34] [Server thread/INFO]: <Azift> an*
[20:20:42] [Server thread/INFO]: <Azift> ah shit, here we go again
[20:21:50] [Server thread/INFO]: <Azift> peter hide
[20:22:17] [Server thread/WARN]: Can't keep up! Did the system time change, or is the server overloaded? Running 2778ms behind, skipping 55 tick(s)
[20:22:29] [Server thread/INFO]: Unknown command. Try /help for a list of commands
[20:22:36] [Server thread/INFO]: Opped creeperz585
[20:22:38] [Server thread/INFO]: De-opped azift
[20:22:46] [Server thread/INFO]: Opped azift
[20:22:56] [Server thread/INFO]: [CreeperZ585: Teleported CreeperZ585 to 42.5,54.5,121.5]
[20:22:58] [Server thread/WARN]: Can't keep up! Did the system time change, or is the server overloaded? Running 4512ms behind, skipping 90 tick(s)
[20:23:03] [Server thread/INFO]: [CreeperZ585: Teleported CreeperZ585 to Azift]
[20:23:04] [Server thread/INFO]: [CreeperZ585: Teleported CreeperZ585 to Azift]
[20:23:05] [Server thread/INFO]: [CreeperZ585: Teleported CreeperZ585 to Azift]
[20:23:05] [Server thread/INFO]: [CreeperZ585: Teleported CreeperZ585 to Azift]
[20:23:06] [Server thread/INFO]: [CreeperZ585: Teleported CreeperZ585 to Azift]
[20:23:07] [Server thread/INFO]: [CreeperZ585: Teleported CreeperZ585 to Azift]
[20:23:07] [Server thread/INFO]: [CreeperZ585: Teleported CreeperZ585 to Azift]
[20:23:07] [Server thread/INFO]: [CreeperZ585: Teleported CreeperZ585 to Azift]
[20:23:08] [Server thread/INFO]: [CreeperZ585: Teleported CreeperZ585 to Azift]
[20:23:09] [Server thread/INFO]: [CreeperZ585: Teleported CreeperZ585 to Azift]
[20:23:09] [Server thread/INFO]: [CreeperZ585: Teleported CreeperZ585 to Azift]
[20:23:10] [Server thread/INFO]: [CreeperZ585: Teleported CreeperZ585 to Azift]
[20:23:11] [Server thread/INFO]: [CreeperZ585: Teleported CreeperZ585 to Azift]
[20:23:12] [Server thread/INFO]: [CreeperZ585: Teleported CreeperZ585 to Azift]
[20:23:13] [Server thread/INFO]: [CreeperZ585: Teleported CreeperZ585 to Azift]
[20:23:16] [Server thread/INFO]: [CreeperZ585: Teleported CreeperZ585 to Azift]
[20:23:16] [Server thread/INFO]: [CreeperZ585: Teleported CreeperZ585 to Azift]
[20:23:16] [Server thread/INFO]: [CreeperZ585: Teleported CreeperZ585 to Azift]
[20:23:16] [Server thread/INFO]: [CreeperZ585: Teleported CreeperZ585 to Azift]
[20:23:21] [Server thread/WARN]: Can't keep up! Did the system time change, or is the server overloaded? Running 11482ms behind, skipping 229 tick(s)
[20:23:32] [Server thread/INFO]: [CreeperZ585: Teleported Azift to CreeperZ585]
[20:24:09] [Server thread/INFO]: [CreeperZ585: Teleported CreeperZ585 to 199.5,12.5,1046.5]
[20:24:14] [Server thread/INFO]: [CreeperZ585: Teleported CreeperZ585 to 420.5,65.5,1055.5]
[20:24:17] [Server thread/WARN]: Can't keep up! Did the system time change, or is the server overloaded? Running 4694ms behind, skipping 93 tick(s)
[20:24:33] [Server thread/WARN]: Can't keep up! Did the system time change, or is the server overloaded? Running 2295ms behind, skipping 45 tick(s)
[20:24:54] [Server thread/WARN]: Can't keep up! Did the system time change, or is the server overloaded? Running 7323ms behind, skipping 146 tick(s)
[20:25:28] [Server thread/WARN]: Can't keep up! Did the system time change, or is the server overloaded? Running 19277ms behind, skipping 385 tick(s)
[20:25:31] [Server thread/WARN]: Can't keep up! Did the system time change, or is the server overloaded? Running 3314ms behind, skipping 66 tick(s)
[20:26:00] [Server thread/WARN]: Can't keep up! Did the system time change, or is the server overloaded? Running 11302ms behind, skipping 226 tick(s)
[20:26:13] [Server thread/WARN]: Can't keep up! Did the system time change, or is the server overloaded? Running 9276ms behind, skipping 185 tick(s)
[20:26:25] [Server thread/WARN]: Can't keep up! Did the system time change, or is the server overloaded? Running 3332ms behind, skipping 66 tick(s)
[20:26:44] [Server thread/WARN]: Can't keep up! Did the system time change, or is the server overloaded? Running 4561ms behind, skipping 91 tick(s)
[20:27:02] [Server thread/WARN]: Can't keep up! Did the system time change, or is the server overloaded? Running 4979ms behind, skipping 99 tick(s)
[20:27:22] [Server thread/WARN]: Can't keep up! Did the system time change, or is the server overloaded? Running 4381ms behind, skipping 87 tick(s)
[20:27:57] [Server thread/WARN]: Can't keep up! Did the system time change, or is the server overloaded? Running 7086ms behind, skipping 141 tick(s)
[20:28:08] [Server thread/WARN]: Can't keep up! Did the system time change, or is the server overloaded? Running 2703ms behind, skipping 54 tick(s)
[20:28:52] [Server thread/INFO]: <CreeperZ585> flex
[20:28:55] [Server thread/INFO]: <Azift> idioit
[20:28:56] [Server thread/INFO]: <CreeperZ585> tp or non flex
[20:28:59] [Server thread/INFO]: <Azift> nop
[20:29:02] [Server thread/INFO]: <Azift> finding cloud pet
[20:29:09] [Server thread/INFO]: <CreeperZ585> freck you
[20:29:18] [Server thread/INFO]: <Azift> no u
[20:29:21] [Server thread/INFO]: <CreeperZ585> no u
[20:29:23] [Server thread/INFO]: <Azift> no u
[20:29:25] [Server thread/INFO]: <CreeperZ585> no u
[20:29:26] [Server thread/INFO]: <Azift> no u
[20:29:27] [Server thread/INFO]: <CreeperZ585> no y
[20:29:27] [Server thread/INFO]: <Azift> no u
[20:29:33] [Server thread/INFO]: <Azift> no u
[20:29:40] [Server thread/INFO]: <CreeperZ585> no u
[20:29:41] [Server thread/INFO]: <Azift> no u
[20:29:44] [Server thread/INFO]: <CreeperZ585> no e
[20:29:53] [Server thread/INFO]: <CreeperZ585> no :
[20:29:54] [Server thread/INFO]: <CreeperZ585> no L
[20:30:17] [Server thread/INFO]: <Azift> E
[20:31:03] [Server thread/WARN]: Can't keep up! Did the system time change, or is the server overloaded? Running 2591ms behind, skipping 51 tick(s)
[20:31:20] [Server thread/WARN]: Can't keep up! Did the system time change, or is the server overloaded? Running 3416ms behind, skipping 68 tick(s)
[20:31:43] [Server thread/WARN]: Can't keep up! Did the system time change, or is the server overloaded? Running 2026ms behind, skipping 40 tick(s)
[20:32:29] [Server thread/WARN]: Can't keep up! Did the system time change, or is the server overloaded? Running 2136ms behind, skipping 42 tick(s)
[20:32:40] [Server thread/INFO]: CreeperZ585 fell out of the world
[20:33:07] [Server thread/INFO]: CreeperZ585 lost connection: TranslatableComponent{key='disconnect.genericReason', args=[Internal Exception: java.io.IOException: An existing connection was forcibly closed by the remote host], siblings=[], style=Style{hasParent=false, color=null, bold=null, italic=null, underlined=null, obfuscated=null, clickEvent=null, hoverEvent=null}}
[20:33:07] [Server thread/INFO]: CreeperZ585 left the game
[20:33:08] [Server thread/WARN]: Can't keep up! Did the system time change, or is the server overloaded? Running 2542ms behind, skipping 50 tick(s)
[20:33:10] [Server thread/INFO]: Saving...
[20:33:14] [Server thread/INFO]: Saved the world
[20:34:02] [Server thread/INFO]: Kicked Azift from the game: 'Server closed'
[20:34:02] [Server thread/INFO]: Azift lost connection: TextComponent{text='Server closed', siblings=[], style=Style{hasParent=false, color=null, bold=null, italic=null, underlined=null, obfuscated=null, clickEvent=null, hoverEvent=null}}
[20:34:02] [Server thread/INFO]: Azift left the game
[20:34:07] [User Authenticator #14/INFO]: UUID of player Azift is 8283ee29-162f-45f6-9509-6399934e9637
[20:34:07] [Server thread/WARN]: Can't keep up! Did the system time change, or is the server overloaded? Running 39978ms behind, skipping 799 tick(s)
[20:34:07] [Server thread/INFO]: Azift[/172.101.137.86:33294] logged in with entity id 2181813 at (1051.202725705912, 152.027964999824, 10745.409335730332)
[20:34:07] [Server thread/INFO]: Azift joined the game
[20:34:49] [Server thread/INFO]: [Server] penis
[20:34:50] [Server thread/INFO]: [Server] penis
[20:34:50] [Server thread/INFO]: [Server] penis
[20:34:50] [Server thread/INFO]: [Server] penis
[20:34:50] [Server thread/INFO]: [Server] penis
[20:34:50] [Server thread/INFO]: [Server] penis
[20:34:51] [Server thread/INFO]: [Server] penis
[20:34:51] [Server thread/INFO]: [Server] penis
[20:34:51] [Server thread/INFO]: [Server] penis
[20:34:51] [Server thread/INFO]: [Server] penis
[20:34:51] [Server thread/INFO]: [Server] penis
[20:34:51] [Server thread/INFO]: Unknown command. Try /help for a list of commands
[20:34:52] [Server thread/INFO]: [Server] penis
[20:34:52] [Server thread/INFO]: [Server] penis
[20:34:52] [Server thread/INFO]: [Server] penis
[20:34:52] [Server thread/INFO]: [Server] penis
[20:34:53] [Server thread/INFO]: [Server] penis
[20:34:53] [Server thread/INFO]: [Server] penis
[20:34:53] [Server thread/INFO]: [Server] penis
[20:34:53] [Server thread/INFO]: [Server] penis
[20:34:53] [Server thread/INFO]: [Server] penis
[20:34:53] [Server thread/INFO]: [Server] penis
[20:34:54] [Server thread/INFO]: [Server] penis
[20:34:54] [Server thread/INFO]: [Server] penis
[20:34:54] [Server thread/INFO]: [Server] penis
[20:34:54] [Server thread/INFO]: [Server] penis
[20:34:54] [Server thread/INFO]: [Server] penis
[20:34:55] [Server thread/INFO]: [Server] penis
[20:34:55] [Server thread/INFO]: [Server] penis
[20:34:55] [Server thread/INFO]: [Server] penis
[20:34:55] [Server thread/INFO]: [Server] penis
[20:34:55] [Server thread/INFO]: [Server] penis
[20:34:55] [Server thread/INFO]: [Server] penis
[20:34:56] [Server thread/INFO]: [Server] penis
[20:34:56] [Server thread/INFO]: [Server] penis
[20:34:56] [Server thread/INFO]: [Server] penis
[20:35:09] [Server thread/INFO]: Kicked Azift from the game: 'Server closed'
[20:35:09] [Server thread/INFO]: Azift lost connection: TextComponent{text='Server closed', siblings=[], style=Style{hasParent=false, color=null, bold=null, italic=null, underlined=null, obfuscated=null, clickEvent=null, hoverEvent=null}}
[20:35:09] [Server thread/INFO]: Azift left the game
[20:35:09] [Server thread/INFO]: That player cannot be found
[20:35:09] [Server thread/INFO]: That player cannot be found
[20:35:09] [Server thread/INFO]: That player cannot be found
[20:35:09] [Server thread/INFO]: That player cannot be found
[20:35:13] [User Authenticator #15/INFO]: UUID of player Azift is 8283ee29-162f-45f6-9509-6399934e9637
[20:35:13] [Server thread/INFO]: Azift[/172.101.137.86:43266] logged in with entity id 2219512 at (969.6330783068639, 151.85338040610802, 11250.463854078784)
[20:35:13] [Server thread/INFO]: Azift joined the game
[20:35:16] [Server thread/INFO]: Kicked Azift from the game: 'Server closedsay'
[20:35:16] [Server thread/INFO]: Azift lost connection: TextComponent{text='Server closedsay', siblings=[], style=Style{hasParent=false, color=null, bold=null, italic=null, underlined=null, obfuscated=null, clickEvent=null, hoverEvent=null}}
[20:35:16] [Server thread/INFO]: Azift left the game
[20:35:20] [User Authenticator #16/INFO]: UUID of player Azift is 8283ee29-162f-45f6-9509-6399934e9637
[20:35:20] [Server thread/INFO]: Azift[/172.101.137.86:40301] logged in with entity id 2220721 at (969.5336324463838, 141.97347672788464, 11257.557041308206)
[20:35:20] [Server thread/INFO]: Azift joined the game
[20:35:34] [Server thread/INFO]: [Server] eeeeeeeeeeeeeeeeeeeeeeeeeeeeeeeeeeeeeeeeeeeeeeeeeeeeeeeeeeeeeeeeeeeeeeeeeeeeeeeeeeeeeeeeeee
[20:35:34] [Server thread/INFO]: [Server] eeeeeeeeeeeeeeeeeeeeeeeeeeeeeeeeeeeeeeeeeeeeeeeeeeeeeeeeeeeeeeeeeeeeeeeeeeeeeeeeeeeeeeeeeee
[20:35:34] [Server thread/INFO]: [Server] eeeeeeeeeeeeeeeeeeeeeeeeeeeeeeeeeeeeeeeeeeeeeeeeeeeeeeeeeeeeeeeeeeeeeeeeeeeeeeeeeeeeeeeeeee
[20:35:34] [Server thread/INFO]: [Server] eeeeeeeeeeeeeeeeeeeeeeeeeeeeeeeeeeeeeeeeeeeeeeeeeeeeeeeeeeeeeeeeeeeeeeeeeeeeeeeeeeeeeeeeeee
[20:35:34] [Server thread/INFO]: [Server] eeeeeeeeeeeeeeeeeeeeeeeeeeeeeeeeeeeeeeeeeeeeeeeeeeeeeeeeeeeeeeeeeeeeeeeeeeeeeeeeeeeeeeeeeee
[20:35:35] [Server thread/INFO]: [Server] eeeeeeeeeeeeeeeeeeeeeeeeeeeeeeeeeeeeeeeeeeeeeeeeeeeeeeeeeeeeeeeeeeeeeeeeeeeeeeeeeeeeeeeeeee
[20:35:35] [Server thread/INFO]: [Server] eeeeeeeeeeeeeeeeeeeeeeeeeeeeeeeeeeeeeeeeeeeeeeeeeeeeeeeeeeeeeeeeeeeeeeeeeeeeeeeeeeeeeeeeeee
[20:35:35] [Server thread/INFO]: [Server] eeeeeeeeeeeeeeeeeeeeeeeeeeeeeeeeeeeeeeeeeeeeeeeeeeeeeeeeeeeeeeeeeeeeeeeeeeeeeeeeeeeeeeeeeee
[20:35:35] [Server thread/INFO]: [Server] eeeeeeeeeeeeeeeeeeeeeeeeeeeeeeeeeeeeeeeeeeeeeeeeeeeeeeeeeeeeeeeeeeeeeeeeeeeeeeeeeeeeeeeeeee
[20:35:36] [Server thread/INFO]: [Server] eeeeeeeeeeeeeeeeeeeeeeeeeeeeeeeeeeeeeeeeeeeeeeeeeeeeeeeeeeeeeeeeeeeeeeeeeeeeeeeeeeeeeeeeeee
[20:35:37] [Server thread/INFO]: [Server] eeeeeeeeeeeeeeeeeeeeeeeeeeeeeeeeeeeeeeeeeeeeeeeeeeeeeeeeeeeeeeeeeeeeeeeeeeeeeeeeeeeeeeeeeee
[20:35:37] [Server thread/INFO]: [Server] eeeeeeeeeeeeeeeeeeeeeeeeeeeeeeeeeeeeeeeeeeeeeeeeeeeeeeeeeeeeeeeeeeeeeeeeeeeeeeeeeeeeeeeeeee
[20:35:37] [Server thread/INFO]: [Server] eeeeeeeeeeeeeeeeeeeeeeeeeeeeeeeeeeeeeeeeeeeeeeeeeeeeeeeeeeeeeeeeeeeeeeeeeeeeeeeeeeeeeeeeeee
[20:35:37] [Server thread/INFO]: [Server] eeeeeeeeeeeeeeeeeeeeeeeeeeeeeeeeeeeeeeeeeeeeeeeeeeeeeeeeeeeeeeeeeeeeeeeeeeeeeeeeeeeeeeeeeee
[20:35:37] [Server thread/INFO]: [Server] eeeeeeeeeeeeeeeeeeeeeeeeeeeeeeeeeeeeeeeeeeeeeeeeeeeeeeeeeeeeeeeeeeeeeeeeeeeeeeeeeeeeeeeeeee
[20:35:37] [Server thread/INFO]: [Server] eeeeeeeeeeeeeeeeeeeeeeeeeeeeeeeeeeeeeeeeeeeeeeeeeeeeeeeeeeeeeeeeeeeeeeeeeeeeeeeeeeeeeeeeeee
[20:35:37] [Server thread/INFO]: [Server] eeeeeeeeeeeeeeeeeeeeeeeeeeeeeeeeeeeeeeeeeeeeeeeeeeeeeeeeeeeeeeeeeeeeeeeeeeeeeeeeeeeeeeeeeee
[20:35:42] [Server thread/INFO]: [Server] eeeeeeeeeeeeeeeeeeeeeeeeeeeeeeeeeeeeeeeeeeeeeeeeeeeeeeeeeeeeeeeeeeeeeeeeeeeeeeeeeeeeeeeeeee
[20:35:46] [Server thread/INFO]: [Server] haefuio9k,lduh9s8k,li voik
[20:35:47] [Server thread/INFO]: [Server] haefuio9k,lduh9s8k,li voikfef
[20:35:48] [Server thread/INFO]: [Server] haefuio9k,lduh9s8k,li voikfefef
[20:35:49] [Server thread/INFO]: [Server] haefuio9k,lduh9s8k,li voikfefefef
[20:35:49] [Server thread/INFO]: [Server] haefuio9k,lduh9s8k,li voikfefefefef
[20:35:52] [Server thread/INFO]: [Server] eeeeeeeeeeeeeeeeeeeeeeeeeeeeeeeeeeeeeeeeeeeeeeeeeeeeeeeeeeeeeeeeeeeeeeeeeeeeeeeeeeeeeeeeeee
[20:35:52] [Server thread/INFO]: [Server] eeeeeeeeeeeeeeeeeeeeeeeeeeeeeeeeeeeeeeeeeeeeeeeeeeeeeeeeeeeeeeeeeeeeeeeeeeeeeeeeeeeeeeeeeee
[20:35:52] [Server thread/INFO]: [Server] eeeeeeeeeeeeeeeeeeeeeeeeeeeeeeeeeeeeeeeeeeeeeeeeeeeeeeeeeeeeeeeeeeeeeeeeeeeeeeeeeeeeeeeeeee
[20:35:52] [Server thread/INFO]: [Server] eeeeeeeeeeeeeeeeeeeeeeeeeeeeeeeeeeeeeeeeeeeeeeeeeeeeeeeeeeeeeeeeeeeeeeeeeeeeeeeeeeeeeeeeeee
[20:35:52] [Server thread/INFO]: [Server] eeeeeeeeeeeeeeeeeeeeeeeeeeeeeeeeeeeeeeeeeeeeeeeeeeeeeeeeeeeeeeeeeeeeeeeeeeeeeeeeeeeeeeeeeee
[20:35:53] [Server thread/INFO]: [Server] eeeeeeeeeeeeeeeeeeeeeeeeeeeeeeeeeeeeeeeeeeeeeeeeeeeeeeeeeeeeeeeeeeeeeeeeeeeeeeeeeeeeeeeeeee
[20:35:53] [Server thread/INFO]: [Server] eeeeeeeeeeeeeeeeeeeeeeeeeeeeeeeeeeeeeeeeeeeeeeeeeeeeeeeeeeeeeeeeeeeeeeeeeeeeeeeeeeeeeeeeeee
[20:35:53] [Server thread/INFO]: [Server] eeeeeeeeeeeeeeeeeeeeeeeeeeeeeeeeeeeeeeeeeeeeeeeeeeeeeeeeeeeeeeeeeeeeeeeeeeeeeeeeeeeeeeeeeee
[20:35:53] [Server thread/INFO]: [Server] eeeeeeeeeeeeeeeeeeeeeeeeeeeeeeeeeeeeeeeeeeeeeeeeeeeeeeeeeeeeeeeeeeeeeeeeeeeeeeeeeeeeeeeeeee
[20:35:53] [Server thread/INFO]: [Server] eeeeeeeeeeeeeeeeeeeeeeeeeeeeeeeeeeeeeeeeeeeeeeeeeeeeeeeeeeeeeeeeeeeeeeeeeeeeeeeeeeeeeeeeeee
[20:35:54] [Server thread/INFO]: [Server] eeeeeeeeeeeeeeeeeeeeeeeeeeeeeeeeeeeeeeeeeeeeeeeeeeeeeeeeeeeeeeeeeeeeeeeeeeeeeeeeeeeeeeeeeee
[20:35:54] [Server thread/INFO]: [Server] eeeeeeeeeeeeeeeeeeeeeeeeeeeeeeeeeeeeeeeeeeeeeeeeeeeeeeeeeeeeeeeeeeeeeeeeeeeeeeeeeeeeeeeeeee
[20:35:54] [Server thread/INFO]: Kicked Azift from the game: 'Server closedsay'
[20:35:54] [Server thread/INFO]: Azift lost connection: TextComponent{text='Server closedsay', siblings=[], style=Style{hasParent=false, color=null, bold=null, italic=null, underlined=null, obfuscated=null, clickEvent=null, hoverEvent=null}}
[20:35:54] [Server thread/INFO]: Azift left the game
[20:35:58] [User Authenticator #17/INFO]: UUID of player Azift is 8283ee29-162f-45f6-9509-6399934e9637
[20:35:58] [Server thread/INFO]: Azift[/172.101.137.86:36908] logged in with entity id 2242027 at (967.8451875543442, 154.47829801160148, 11557.381016244302)
[20:35:58] [Server thread/INFO]: Azift joined the game
[20:36:02] [Server thread/INFO]: [Server] eeeeeeeeeeeeeeeeeeeeeeeeeeeeeeeeeeeeeeeeeeeeeeeeeeeeeeeeeeeeeeeeeeeeeeeeeeeeeeeeeeeeeeeeeee
[20:36:09] [Server thread/WARN]: Can't keep up! Did the system time change, or is the server overloaded? Running 3421ms behind, skipping 68 tick(s)
[20:36:20] [Server thread/INFO]: [Server] haefuio9k,lduh9s8k,li voik
[20:36:22] [Server thread/INFO]: Unknown command. Try /help for a list of commands
[20:36:22] [Server thread/INFO]: Unknown command. Try /help for a list of commands
[20:36:22] [Server thread/INFO]: Unknown command. Try /help for a list of commands
[20:36:23] [Server thread/INFO]: Unknown command. Try /help for a list of commands
[20:36:23] [Server thread/INFO]: Unknown command. Try /help for a list of commands
[20:36:23] [Server thread/INFO]: Unknown command. Try /help for a list of commands
[20:36:23] [Server thread/INFO]: Unknown command. Try /help for a list of commands
[20:36:23] [Server thread/INFO]: Unknown command. Try /help for a list of commands
[20:36:23] [Server thread/INFO]: Unknown command. Try /help for a list of commands
[20:36:23] [Server thread/INFO]: Unknown command. Try /help for a list of commands
[20:36:23] [Server thread/INFO]: Unknown command. Try /help for a list of commands
[20:36:23] [Server thread/INFO]: Unknown command. Try /help for a list of commands
[20:36:23] [Server thread/INFO]: Unknown command. Try /help for a list of commands
[20:36:23] [Server thread/INFO]: Unknown command. Try /help for a list of commands
[20:36:23] [Server thread/INFO]: Unknown command. Try /help for a list of commands
[20:36:23] [Server thread/INFO]: Unknown command. Try /help for a list of commands
[20:36:24] [Server thread/INFO]: Unknown command. Try /help for a list of commands
[20:36:24] [Server thread/INFO]: Unknown command. Try /help for a list of commands
[20:36:24] [Server thread/INFO]: Unknown command. Try /help for a list of commands
[20:36:24] [Server thread/INFO]: Unknown command. Try /help for a list of commands
[20:37:00] [Server thread/INFO]: [Server] 60
[20:37:03] [Server thread/INFO]: [Server] 59
[20:37:04] [Server thread/INFO]: [Server] 8
[20:37:05] [Server thread/INFO]: [Server] 7
[20:37:06] [Server thread/INFO]: [Server] 6
[20:38:42] [Server thread/INFO]: [Server] 7 asdv876cx87dsa v8cx77sd8a9 vc8 78dsa9vvvu8i990sdav09u90u990u 9u90 0u9 sdavu9 0u90 0u9 asvd0u9 9 09u 0svad9u u9u9 vasdu90uu09svadu99u009udvs9au9u0 u90u90sd9au90u9 avsdu90 u90 9su9avd0u89afd8u9 u89 y89afd8v87tya8f dv86y7778adft7878t787878 y7u87u8y7u7uy7u8y7u8 789 y79 y789 y789 y89 y789 8989y89ayyy89y89y89y89y8yy8y8y8y8y89y89y89y89y89y8y88yy8yy88yy8y8y8y8y8y8y8y8y8y8y8y8y8y8y8y8y8y8y8y88yy8y8y8y8y8y8y8y8y8y8y8y8y8789y8y8y8yy8y8y8y8y8yy8y8y8y8y8y8y8y8y8y8y8y8y8y8y8y8y8y8y8y8y8y8y8y8y8y8y8y8y8yy8y8y8yy887 9sfxc98u89 iu9u98u89u89u89u98u89u89u89u8u89u89u89u89u88u98u9u89u89u89ioghsdoiuh oyhgdsiohoihdgioshoihiodghsioiodghsiohiodhgsiohoihoidghoiiohiodshgoihiohiodghsiohoihodigshoihiohdsioghiohiodgshoihiodgshoihoidsghoihiodhsgiohiodhgsioh89dsgh 8i9aa adgsd980 7asdg9 87asdg 98asdgu9idsag isdag9u 9agsd 789 890789sag7d8907987dgsa987878g9dsa798798gdsa9789878gdsa89989adfs 89 798asdf78 u9iu89fadisu 98yu890afsd 09u98oi fuadsp98 uyp90uadfs90pu 0pu09pufapidsuj987u 90 8ui90wa90ds90f 8u89 89asug98du8i9u8i9u89gas9u8u89u8ha89gsd8hy9hy8gasdy89y8y89agdsty78 as78yg d78h78guhasu8dg9hu9agh89sdh89ah89h89ah89ghadstg6vf8ghty67 dstv6bfgrys8gty678dsrt6bfgvy78fgt56789dsty68bfghuvn bghtuyijn79asd vybghijtubfgvhtuy6 aty76dfgs8g67hy89asd ty76g89 a dstyfghj6789asd tyfghjuv678id tvhybfgu68  adtvhbfgijuy6789nghty7j89 thy789ghy7u8gh0yu8
[20:38:58] [Server thread/INFO]: [Azift: Set own game mode to Creative Mode]
[20:39:25] [Server thread/WARN]: Can't keep up! Did the system time change, or is the server overloaded? Running 13179ms behind, skipping 263 tick(s)
[20:39:32] [Server thread/INFO]: [Server] 7 asdv876cx87dsa v8cx77sd8a9 vc8 78dsa9vvvu8i990sdav09u90u990u 9u90 0u9 sdavu9 0u90 0u9 asvd0u9 9 09u 0svad9u u9u9 vasdu90uu09svadu99u009udvs9au9u0 u90u90sd9au90u9 avsdu90 u90 9su9avd0u89afd8u9 u89 y89afd8v87tya8f dv86y7778adft7878t787878 y7u87u8y7u7uy7u8y7u8 789 y79 y789 y789 y89 y789 8989y89ayyy89y89y89y89y8yy8y8y8y8y89y89y89y89y89y8y88yy8yy88yy8y8y8y8y8y8y8y8y8y8y8y8y8y8y8y8y8y8y8y88yy8y8y8y8y8y8y8y8y8y8y8y8y8789y8y8y8yy8y8y8y8y8yy8y8y8y8y8y8y8y8y8y8y8y8y8y8y8y8y8y8y8y8y8y8y8y8y8y8y8y8y8yy8y8y8yy887 9sfxc98u89 iu9u98u89u89u89u98u89u89u89u8u89u89u89u89u88u98u9u89u89u89ioghsdoiuh oyhgdsiohoihdgioshoihiodghsioiodghsiohiodhgsiohoihoidghoiiohiodshgoihiohiodghsiohoihodigshoihiohdsioghiohiodgshoihiodgshoihoidsghoihiodhsgiohiodhgsioh89dsgh 8i9aa adgsd980 7asdg9 87asdg 98asdgu9idsag isdag9u 9agsd 789 890789sag7d8907987dgsa987878g9dsa798798gdsa9789878gdsa89989adfs 89 798asdf78 u9iu89fadisu 98yu890afsd 09u98oi fuadsp98 uyp90uadfs90pu 0pu09pufapidsuj987u 90 8ui90wa90ds90f 8u89 89asug98du8i9u8i9u89gas9u8u89u8ha89gsd8hy9hy8gasdy89y8y89agdsty78 as78yg d78h78guhasu8dg9hu9agh89sdh89ah89h89ah89ghadstg6vf8ghty67 dstv6bfgrys8gty678dsrt6bfgvy78fgt56789dsty68bfghuvn bghtuyijn79asd vybghijtubfgvhtuy6 aty76dfgs8g67hy89asd ty76g89 a dstyfghj6789asd tyfghjuv678id tvhybfgu68  adtvhbfgijuy6789nghty7j89 thy789ghy7u8gh0yu8 678guydAY8qfwo= azuft ogay azift gay azift penis azift penis 8a9gsduiy89gasd8y780yagsd08y09uy9034qgawr4q3gawr4e356qt4ea3tq4ega3t4q231tq432qt4agredvfz3q4ytreagdfzv34qtergadfsvcx3y5qewrgasfdv4q3twaergszdfv4qtweafsd425twerfsdae4rgfdargsdfwre4afds
[20:40:13] [Server thread/WARN]: Can't keep up! Did the system time change, or is the server overloaded? Running 8448ms behind, skipping 168 tick(s)
[20:40:19] [Server thread/INFO]: [Server] 6
[20:40:22] [Server thread/INFO]: <Azift> wait
[20:40:22] [Server thread/INFO]: <Azift> sir
[20:40:24] [Server thread/INFO]: /me <action ...>
[20:40:27] [Server thread/INFO]: <Azift> let me find one more cloud
[20:40:27] [Server thread/INFO]: <Azift> let me find one more cloud
[20:40:28] [Server thread/INFO]: <Azift> let me find one more cloud
[20:40:28] [Server thread/INFO]: <Azift> let me find one more cloud
[20:40:37] [Server thread/INFO]: * Server /kick Azift Server closed
[20:40:49] [Server thread/INFO]: <Azift> I FOUND IT
[20:40:57] [Server thread/INFO]: [Azift: Banned player CreeperZ585]
[20:40:58] [Server thread/INFO]: <Azift> idiot
[20:42:52] [Server thread/INFO]: * Server unban me or i will abuse your children
[20:42:59] [Server thread/INFO]: * Server unban me or i will abuse your children
[20:42:59] [Server thread/INFO]: * Server unban me or i will abuse your children
[20:43:00] [Server thread/INFO]: * Server unban me or i will abuse your children
[20:43:00] [Server thread/INFO]: * Server unban me or i will abuse your children
[20:43:00] [Server thread/INFO]: * Server unban me or i will abuse your children
[20:43:00] [Server thread/INFO]: * Server unban me or i will abuse your children
[20:43:01] [Server thread/INFO]: * Server /kick Azift Server closed
[20:43:01] [Server thread/INFO]: * Server /kick Azift Server closed
[20:43:08] [Server thread/INFO]: * Server yes
[20:43:15] [Server thread/INFO]: * Server dragon lore
[20:43:26] [Server thread/INFO]: * Server dragon lore
[20:43:36] [Server thread/INFO]: * Server grandpo big noise
[20:43:50] [Server thread/INFO]: * Server in africa
[20:44:23] [Server thread/INFO]: [Server] when you're done, you can do the honors
[20:44:27] [Server thread/INFO]: [Server] of /stop
[20:45:09] [Server thread/INFO]: * Server no
[20:45:13] [Server thread/INFO]: * Server go to uruanus
[20:45:18] [Server thread/INFO]: * Server go to uranus
[20:45:54] [Server thread/WARN]: Can't keep up! Did the system time change, or is the server overloaded? Running 3496ms behind, skipping 69 tick(s)
[20:46:22] [Server thread/INFO]: * Server i have a couple in  mmy ches   t
[20:46:35] [Server thread/INFO]: * Server i have aids
[20:46:37] [Server thread/INFO]: Unknown command. Try /help for a list of commands
[20:46:37] [Server thread/INFO]: Unknown command. Try /help for a list of commands
[20:46:37] [Server thread/INFO]: Unknown command. Try /help for a list of commands
[20:46:37] [Server thread/INFO]: Unknown command. Try /help for a list of commands
[20:46:38] [Server thread/INFO]: Unknown command. Try /help for a list of commands
[20:46:38] [Server thread/INFO]: Unknown command. Try /help for a list of commands
[20:46:38] [Server thread/INFO]: Unknown command. Try /help for a list of commands
[20:46:38] [Server thread/INFO]: Unknown command. Try /help for a list of commands
[20:46:38] [Server thread/INFO]: Unknown command. Try /help for a list of commands
[20:46:38] [Server thread/INFO]: Unknown command. Try /help for a list of commands
[20:46:38] [Server thread/INFO]: Unknown command. Try /help for a list of commands
[20:46:38] [Server thread/INFO]: Unknown command. Try /help for a list of commands
[20:46:38] [Server thread/INFO]: Unknown command. Try /help for a list of commands
[20:46:38] [Server thread/INFO]: Unknown command. Try /help for a list of commands
[20:46:38] [Server thread/INFO]: Unknown command. Try /help for a list of commands
[20:46:38] [Server thread/INFO]: Unknown command. Try /help for a list of commands
[20:46:38] [Server thread/INFO]: Unknown command. Try /help for a list of commands
[20:46:38] [Server thread/INFO]: Unknown command. Try /help for a list of commands
[20:46:38] [Server thread/INFO]: Unknown command. Try /help for a list of commands
[20:46:38] [Server thread/INFO]: Unknown command. Try /help for a list of commands
[20:46:38] [Server thread/INFO]: Unknown command. Try /help for a list of commands
[20:46:38] [Server thread/INFO]: Unknown command. Try /help for a list of commands
[20:46:38] [Server thread/INFO]: Unknown command. Try /help for a list of commands
[20:46:38] [Server thread/INFO]: Unknown command. Try /help for a list of commands
[20:46:38] [Server thread/INFO]: Unknown command. Try /help for a list of commands
[20:46:38] [Server thread/INFO]: Unknown command. Try /help for a list of commands
[20:46:38] [Server thread/INFO]: Unknown command. Try /help for a list of commands
[20:46:38] [Server thread/INFO]: Unknown command. Try /help for a list of commands
[20:46:38] [Server thread/INFO]: Unknown command. Try /help for a list of commands
[20:46:38] [Server thread/INFO]: Unknown command. Try /help for a list of commands
[20:46:38] [Server thread/INFO]: Unknown command. Try /help for a list of commands
[20:46:38] [Server thread/INFO]: Unknown command. Try /help for a list of commands
[20:46:38] [Server thread/INFO]: Unknown command. Try /help for a list of commands
[20:46:38] [Server thread/INFO]: Unknown command. Try /help for a list of commands
[20:46:39] [Server thread/INFO]: Unknown command. Try /help for a list of commands
[20:46:39] [Server thread/INFO]: Unknown command. Try /help for a list of commands
[20:46:39] [Server thread/INFO]: Unknown command. Try /help for a list of commands
[20:46:39] [Server thread/INFO]: Unknown command. Try /help for a list of commands
[20:46:39] [Server thread/INFO]: Unknown command. Try /help for a list of commands
[20:46:39] [Server thread/INFO]: Unknown command. Try /help for a list of commands
[20:46:39] [Server thread/INFO]: Unknown command. Try /help for a list of commands
[20:46:39] [Server thread/INFO]: Unknown command. Try /help for a list of commands
[20:46:39] [Server thread/INFO]: Unknown command. Try /help for a list of commands
[20:46:39] [Server thread/INFO]: Unknown command. Try /help for a list of commands
[20:46:39] [Server thread/INFO]: Unknown command. Try /help for a list of commands
[20:46:39] [Server thread/INFO]: Unknown command. Try /help for a list of commands
[20:46:39] [Server thread/INFO]: Unknown command. Try /help for a list of commands
[20:46:39] [Server thread/INFO]: Unknown command. Try /help for a list of commands
[20:47:11] [Server thread/INFO]: [Azift: Stopping the server]
[20:47:12] [Server thread/INFO]: Stopping server
[20:47:12] [Server thread/INFO]: Saving players
[20:47:12] [Server thread/INFO]: Saving worlds
[20:47:12] [Server thread/INFO]: Saving chunks for level 'world'/Overworld
[20:47:12] [Server thread/INFO]: Saving chunks for level 'world'/Nether
[20:47:12] [Server thread/INFO]: Saving chunks for level 'world'/Asteroids
[20:47:12] [Server thread/INFO]: Saving chunks for level 'world'/The Last Millenium
[20:47:12] [Server thread/INFO]: Saving chunks for level 'world'/Moon
[20:47:12] [Server thread/INFO]: Saving chunks for level 'world'/Mars
