[21:08:29] [Server thread/INFO]: Starting minecraft server version 1.8.8
[21:08:29] [Server thread/INFO]: Loading properties
[21:08:29] [Server thread/INFO]: Default game type: SURVIVAL
[21:08:29] [Server thread/INFO]: This server is running CraftBukkit version git-Spigot-db6de12-18fbb24 (MC: 1.8.8) (Implementing API version 1.8.8-R0.1-SNAPSHOT)
[21:08:30] [Server thread/INFO]: Debug logging is disabled
[21:08:30] [Server thread/INFO]: Server Ping Player Sample Count: 12
[21:08:30] [Server thread/INFO]: Using 4 threads for Netty based IO
[21:08:30] [Server thread/INFO]: Generating keypair
[21:08:30] [Server thread/INFO]: Starting Minecraft server on *:42069
[21:08:30] [Server thread/INFO]: Using default channel type
[21:08:30] [Server thread/INFO]: Set PluginClassLoader as parallel capable
[21:08:30] [Server thread/ERROR]: ebean.properties not found
[21:08:30] [Server thread/INFO]: DataSourcePool [LoginSecurity] autoCommit[false] transIsolation[SERIALIZABLE] min[2] max[20]
[21:08:30] [Server thread/INFO]: SubClassFactory parent ClassLoader [org.bukkit.plugin.java.PluginClassLoader]
[21:08:31] [Server thread/INFO]: Explicit Identity on com.lenis0012.bukkit.loginsecurity.storage.Migration but not supported by DB Platform - ignored
[21:08:31] [Server thread/INFO]: Explicit Identity on com.lenis0012.bukkit.loginsecurity.storage.PlayerLocation but not supported by DB Platform - ignored
[21:08:31] [Server thread/INFO]: Explicit Identity on com.lenis0012.bukkit.loginsecurity.storage.PlayerInventory but not supported by DB Platform - ignored
[21:08:31] [Server thread/INFO]: Explicit Identity on com.lenis0012.bukkit.loginsecurity.storage.PlayerProfile but not supported by DB Platform - ignored
[21:08:31] [Server thread/INFO]: Explicit Identity on com.lenis0012.bukkit.loginsecurity.storage.ActionEntry but not supported by DB Platform - ignored
[21:08:31] [Server thread/INFO]: Entities enhanced[0] subclassed[5]
[21:08:31] [Server thread/ERROR]: Could not load 'plugins\EssentialsXChat-2.0.1.jar' in folder 'plugins'
org.bukkit.plugin.UnknownDependencyException: Essentials
	at org.bukkit.plugin.SimplePluginManager.loadPlugins(SimplePluginManager.java:219) [server.jar:git-Spigot-db6de12-18fbb24]
	at org.bukkit.craftbukkit.v1_8_R3.CraftServer.loadPlugins(CraftServer.java:292) [server.jar:git-Spigot-db6de12-18fbb24]
	at net.minecraft.server.v1_8_R3.DedicatedServer.init(DedicatedServer.java:198) [server.jar:git-Spigot-db6de12-18fbb24]
	at net.minecraft.server.v1_8_R3.MinecraftServer.run(MinecraftServer.java:525) [server.jar:git-Spigot-db6de12-18fbb24]
	at java.lang.Thread.run(Unknown Source) [?:1.8.0_181]
[21:08:31] [Server thread/INFO]: [mcMMO] Loading mcMMO v1.5.04-SNAPSHOT-b${BUILD_NUMBER}
[21:08:31] [Server thread/INFO]: [ViaVersion] Loading ViaVersion v1.3.0
[21:08:31] [Server thread/INFO]: [ViaVersion] ViaVersion 1.3.0 is now loaded, injecting!
[21:08:31] [Server thread/INFO]: [LockettePro] Loading LockettePro v2.9.0
[21:08:31] [Server thread/INFO]: [LoginSecurity] Loading LoginSecurity v2.1.7
[21:08:31] [Server thread/INFO]: [mcMMO] Enabling mcMMO v1.5.04-SNAPSHOT-b${BUILD_NUMBER}
[21:08:31] [Server thread/WARN]: **** SERVER IS RUNNING IN OFFLINE/INSECURE MODE!
[21:08:31] [Server thread/WARN]: The server will make no attempt to authenticate usernames. Beware.
[21:08:31] [Server thread/WARN]: While this makes the game possible to play without internet access, it also opens up the ability for hackers to connect with any username they choose.
[21:08:31] [Server thread/WARN]: To change this, set "online-mode" to "true" in the server.properties file.
[21:08:31] [Server thread/INFO]: **** Beginning UUID conversion, this may take A LONG time ****
[21:08:31] [Server thread/INFO]: Preparing level "world"
[21:08:32] [Server thread/INFO]: -------- World Settings For [world] --------
[21:08:32] [Server thread/INFO]: View Distance: 10
[21:08:32] [Server thread/INFO]: Item Despawn Rate: 6000
[21:08:32] [Server thread/INFO]: Item Merge Radius: 2.5
[21:08:32] [Server thread/INFO]: Allow Zombie Pigmen to spawn from portal blocks: true
[21:08:32] [Server thread/INFO]: Arrow Despawn Rate: 1200
[21:08:32] [Server thread/INFO]: Experience Merge Radius: 3.0
[21:08:32] [Server thread/INFO]: Zombie Aggressive Towards Villager: true
[21:08:32] [Server thread/INFO]: Chunks to Grow per Tick: 650
[21:08:32] [Server thread/INFO]: Clear tick list: false
[21:08:32] [Server thread/INFO]: Max Entity Collisions: 8
[21:08:32] [Server thread/INFO]: Custom Map Seeds:  Village: 10387312 Feature: 14357617
[21:08:32] [Server thread/INFO]: Anti X-Ray: true
[21:08:32] [Server thread/INFO]: 	Engine Mode: 1
[21:08:32] [Server thread/INFO]: 	Hidden Blocks: [14, 15, 16, 21, 48, 49, 54, 56, 73, 74, 82, 129, 130]
[21:08:32] [Server thread/INFO]: 	Replace Blocks: [1, 5]
[21:08:32] [Server thread/INFO]: Hopper Transfer: 8 Hopper Check: 8 Hopper Amount: 1
[21:08:32] [Server thread/INFO]: Mob Spawn Range: 4
[21:08:32] [Server thread/INFO]: Nerfing mobs spawned from spawners: false
[21:08:32] [Server thread/INFO]: Sending up to 10 chunks per packet
[21:08:32] [Server thread/INFO]: Entity Tracking Range: Pl 48 / An 48 / Mo 48 / Mi 32 / Other 64
[21:08:32] [Server thread/INFO]: Random Lighting Updates: false
[21:08:32] [Server thread/INFO]: Cactus Growth Modifier: 100%
[21:08:32] [Server thread/INFO]: Cane Growth Modifier: 100%
[21:08:32] [Server thread/INFO]: Melon Growth Modifier: 100%
[21:08:32] [Server thread/INFO]: Mushroom Growth Modifier: 100%
[21:08:32] [Server thread/INFO]: Pumpkin Growth Modifier: 100%
[21:08:32] [Server thread/INFO]: Sapling Growth Modifier: 100%
[21:08:32] [Server thread/INFO]: Wheat Growth Modifier: 100%
[21:08:32] [Server thread/INFO]: NetherWart Growth Modifier: 100%
[21:08:32] [Server thread/INFO]: Entity Activation Range: An 32 / Mo 32 / Mi 16
[21:08:32] [Server thread/INFO]: Structure Info Saving: true
[21:08:32] [Server thread/INFO]: Max TNT Explosions: 100
[21:08:32] [Server thread/INFO]: Tile Max Tick Time: 50ms Entity max Tick Time: 50ms
[21:08:33] [Server thread/INFO]: -------- World Settings For [world_nether] --------
[21:08:33] [Server thread/INFO]: View Distance: 10
[21:08:33] [Server thread/INFO]: Item Despawn Rate: 6000
[21:08:33] [Server thread/INFO]: Item Merge Radius: 2.5
[21:08:33] [Server thread/INFO]: Allow Zombie Pigmen to spawn from portal blocks: true
[21:08:33] [Server thread/INFO]: Arrow Despawn Rate: 1200
[21:08:33] [Server thread/INFO]: Experience Merge Radius: 3.0
[21:08:33] [Server thread/INFO]: Zombie Aggressive Towards Villager: true
[21:08:33] [Server thread/INFO]: Chunks to Grow per Tick: 650
[21:08:33] [Server thread/INFO]: Clear tick list: false
[21:08:33] [Server thread/INFO]: Max Entity Collisions: 8
[21:08:33] [Server thread/INFO]: Custom Map Seeds:  Village: 10387312 Feature: 14357617
[21:08:33] [Server thread/INFO]: Anti X-Ray: true
[21:08:33] [Server thread/INFO]: 	Engine Mode: 1
[21:08:33] [Server thread/INFO]: 	Hidden Blocks: [14, 15, 16, 21, 48, 49, 54, 56, 73, 74, 82, 129, 130]
[21:08:33] [Server thread/INFO]: 	Replace Blocks: [1, 5]
[21:08:33] [Server thread/INFO]: Hopper Transfer: 8 Hopper Check: 8 Hopper Amount: 1
[21:08:33] [Server thread/INFO]: Mob Spawn Range: 4
[21:08:33] [Server thread/INFO]: Nerfing mobs spawned from spawners: false
[21:08:33] [Server thread/INFO]: Sending up to 10 chunks per packet
[21:08:33] [Server thread/INFO]: Entity Tracking Range: Pl 48 / An 48 / Mo 48 / Mi 32 / Other 64
[21:08:33] [Server thread/INFO]: Random Lighting Updates: false
[21:08:33] [Server thread/INFO]: Cactus Growth Modifier: 100%
[21:08:33] [Server thread/INFO]: Cane Growth Modifier: 100%
[21:08:33] [Server thread/INFO]: Melon Growth Modifier: 100%
[21:08:33] [Server thread/INFO]: Mushroom Growth Modifier: 100%
[21:08:33] [Server thread/INFO]: Pumpkin Growth Modifier: 100%
[21:08:33] [Server thread/INFO]: Sapling Growth Modifier: 100%
[21:08:33] [Server thread/INFO]: Wheat Growth Modifier: 100%
[21:08:33] [Server thread/INFO]: NetherWart Growth Modifier: 100%
[21:08:33] [Server thread/INFO]: Entity Activation Range: An 32 / Mo 32 / Mi 16
[21:08:33] [Server thread/INFO]: Structure Info Saving: true
[21:08:33] [Server thread/INFO]: Max TNT Explosions: 100
[21:08:33] [Server thread/INFO]: Tile Max Tick Time: 50ms Entity max Tick Time: 50ms
[21:08:33] [Server thread/INFO]: -------- World Settings For [world_the_end] --------
[21:08:33] [Server thread/INFO]: View Distance: 10
[21:08:33] [Server thread/INFO]: Item Despawn Rate: 6000
[21:08:33] [Server thread/INFO]: Item Merge Radius: 2.5
[21:08:33] [Server thread/INFO]: Allow Zombie Pigmen to spawn from portal blocks: true
[21:08:33] [Server thread/INFO]: Arrow Despawn Rate: 1200
[21:08:33] [Server thread/INFO]: Experience Merge Radius: 3.0
[21:08:33] [Server thread/INFO]: Zombie Aggressive Towards Villager: true
[21:08:33] [Server thread/INFO]: Chunks to Grow per Tick: 650
[21:08:33] [Server thread/INFO]: Clear tick list: false
[21:08:33] [Server thread/INFO]: Max Entity Collisions: 8
[21:08:33] [Server thread/INFO]: Custom Map Seeds:  Village: 10387312 Feature: 14357617
[21:08:33] [Server thread/INFO]: Anti X-Ray: true
[21:08:33] [Server thread/INFO]: 	Engine Mode: 1
[21:08:33] [Server thread/INFO]: 	Hidden Blocks: [14, 15, 16, 21, 48, 49, 54, 56, 73, 74, 82, 129, 130]
[21:08:33] [Server thread/INFO]: 	Replace Blocks: [1, 5]
[21:08:33] [Server thread/INFO]: Hopper Transfer: 8 Hopper Check: 8 Hopper Amount: 1
[21:08:33] [Server thread/INFO]: Mob Spawn Range: 4
[21:08:33] [Server thread/INFO]: Nerfing mobs spawned from spawners: false
[21:08:33] [Server thread/INFO]: Sending up to 10 chunks per packet
[21:08:33] [Server thread/INFO]: Entity Tracking Range: Pl 48 / An 48 / Mo 48 / Mi 32 / Other 64
[21:08:33] [Server thread/INFO]: Random Lighting Updates: false
[21:08:33] [Server thread/INFO]: Cactus Growth Modifier: 100%
[21:08:33] [Server thread/INFO]: Cane Growth Modifier: 100%
[21:08:33] [Server thread/INFO]: Melon Growth Modifier: 100%
[21:08:33] [Server thread/INFO]: Mushroom Growth Modifier: 100%
[21:08:33] [Server thread/INFO]: Pumpkin Growth Modifier: 100%
[21:08:33] [Server thread/INFO]: Sapling Growth Modifier: 100%
[21:08:33] [Server thread/INFO]: Wheat Growth Modifier: 100%
[21:08:33] [Server thread/INFO]: NetherWart Growth Modifier: 100%
[21:08:33] [Server thread/INFO]: Entity Activation Range: An 32 / Mo 32 / Mi 16
[21:08:33] [Server thread/INFO]: Structure Info Saving: true
[21:08:33] [Server thread/INFO]: Max TNT Explosions: 100
[21:08:33] [Server thread/INFO]: Tile Max Tick Time: 50ms Entity max Tick Time: 50ms
[21:08:33] [Server thread/INFO]: Preparing start region for level 0 (Seed: 135431023)
[21:08:34] [Server thread/INFO]: Preparing spawn area: 0%
[21:08:35] [Server thread/INFO]: Preparing spawn area: 19%
[21:08:37] [Server thread/INFO]: Preparing spawn area: 28%
[21:08:37] [Server thread/INFO]: Preparing start region for level 1 (Seed: 6753013346186038773)
[21:08:38] [Server thread/INFO]: Preparing spawn area: 90%
[21:08:39] [Server thread/INFO]: Preparing start region for level 2 (Seed: 6753013346186038773)
[21:08:39] [Server thread/INFO]: [ViaVersion] Enabling ViaVersion v1.3.0
[21:08:39] [Server thread/INFO]: [LockettePro] Enabling LockettePro v2.9.0
[21:08:39] [Server thread/INFO]: [LoginSecurity] Enabling LoginSecurity v2.1.7
[21:08:39] [Server thread/INFO]: [LoginSecurity] Loading base translations from "en_us"
[21:08:39] [Server thread/INFO]: [LoginSecurity] Loading specified translations from "en_us"
[21:08:39] [Server thread/INFO]: [LoginSecurity] Connection to database....
[21:08:39] [Server thread/INFO]: DataSourcePool [LoginSecurityDB] autoCommit[false] transIsolation[SERIALIZABLE] min[2] max[20]
[21:08:39] [Server thread/INFO]: SubClassFactory parent ClassLoader [org.bukkit.plugin.java.PluginClassLoader]
[21:08:39] [Server thread/INFO]: Explicit Identity on com.lenis0012.bukkit.loginsecurity.storage.Migration but not supported by DB Platform - ignored
[21:08:39] [Server thread/INFO]: Explicit Identity on com.lenis0012.bukkit.loginsecurity.storage.PlayerLocation but not supported by DB Platform - ignored
[21:08:39] [Server thread/INFO]: Explicit Identity on com.lenis0012.bukkit.loginsecurity.storage.PlayerInventory but not supported by DB Platform - ignored
[21:08:39] [Server thread/INFO]: Explicit Identity on com.lenis0012.bukkit.loginsecurity.storage.PlayerProfile but not supported by DB Platform - ignored
[21:08:39] [Server thread/INFO]: Explicit Identity on com.lenis0012.bukkit.loginsecurity.storage.ActionEntry but not supported by DB Platform - ignored
[21:08:39] [Server thread/INFO]: Entities enhanced[0] subclassed[5]
[21:08:39] [Server thread/INFO]: [LoginSecurity] Checking database version...
[21:08:39] [Server thread/INFO]: [LoginSecurity] Applied 0 missing database upgrades.
[21:08:39] [Server thread/INFO]: [LoginSecurity] Registering commands...
[21:08:39] [Server thread/INFO]: [LoginSecurity] Registering listeners...
[21:08:39] [Server thread/INFO]: Server permissions file permissions.yml is empty, ignoring it
[21:08:39] [Server thread/INFO]: Done (7.952s)! For help, type "help" or "?"
[21:08:39] [Server thread/INFO]: Starting remote control listener
[21:08:39] [RCON Listener #1/INFO]: RCON running on 0.0.0.0:42079
[21:08:39] [Server thread/INFO]: [ViaVersion] ViaVersion detected server version: 1.8.x(47)
[21:08:40] [Server thread/WARN]: [ViaVersion] There is a newer version available: 1.5.2, you're on: 1.3.0
[21:08:45] [Thread-15/INFO]: UUID of player CreeperZ585 is ea89974b-77ad-3c41-8273-6072be99af20
[21:08:45] [Server thread/INFO]: CreeperZ585[/127.0.0.1:53108] logged in with entity id 336 at ([world]-404.197896023432, 64.0, 1352.6437180688336)
[21:08:48] [Server thread/INFO]: CreeperZ585 lost connection: Disconnected
[21:08:48] [Server thread/INFO]: CreeperZ585 left the game.
[21:09:31] [Thread-16/INFO]: UUID of player CreeperZ585 is ea89974b-77ad-3c41-8273-6072be99af20
[21:09:31] [Server thread/INFO]: CreeperZ585[/127.0.0.1:53225] logged in with entity id 349 at ([world]-404.197896023432, 64.0, 1352.6437180688336)
[21:09:37] [Server thread/INFO]: CreeperZ585 lost connection: Disconnected
[21:09:37] [Server thread/INFO]: CreeperZ585 left the game.
