[19-08-29 13:02:07] [INFO] [DEBUG] onEnable start -> 1567098127328

[19-08-29 13:02:08] [INFO] [DEBUG] Starting load of Config at 1567098128061
[19-08-29 13:02:08] [INFO] [DEBUG] Config has been loaded. (took 64ms)
[19-08-29 13:02:08] [INFO] [DEBUG] Starting load of Lang at 1567098128125
[19-08-29 13:02:08] [INFO] [DEBUG] Lang has been loaded. (took 76ms)
[19-08-29 13:02:08] [INFO] [DEBUG] Starting load of UserManager at 1567098128202
[19-08-29 13:02:08] [INFO] [DEBUG] UserManager has been loaded. (took 59ms)
[19-08-29 13:02:08] [INFO] [DEBUG] Starting load of GuiListener at 1567098128277
[19-08-29 13:02:08] [INFO] [DEBUG] GuiListener has been loaded. (took 1ms)
[19-08-29 13:02:08] [INFO] [DEBUG] Starting load of ArenaManager at 1567098128278
[19-08-29 13:02:08] [INFO] ArenaManager: Loaded 0 arena(s).
[19-08-29 13:02:08] [INFO] [DEBUG] ArenaManager has been loaded. (took 85ms)
[19-08-29 13:02:08] [INFO] [DEBUG] Starting load of KitManager at 1567098128365
[19-08-29 13:02:08] [INFO] KitManager: Loaded 0 kit(s).
[19-08-29 13:02:08] [INFO] [DEBUG] KitManager has been loaded. (took 149ms)
[19-08-29 13:02:08] [INFO] [DEBUG] Starting load of SettingsManager at 1567098128515
[19-08-29 13:02:08] [INFO] [DEBUG] SettingsManager has been loaded. (took 1ms)
[19-08-29 13:02:08] [INFO] [DEBUG] Starting load of PlayerInfoManager at 1567098128516
[19-08-29 13:02:08] [INFO] PlayerInfoManager: Lobby location was not set, using world's spawn location as default. Use the command /duels setlobby in-game to set the lobby location.
[19-08-29 13:02:08] [INFO] [DEBUG] PlayerInfoManager has been loaded. (took 3ms)
[19-08-29 13:02:08] [INFO] [DEBUG] Starting load of SpectateManager at 1567098128520
[19-08-29 13:02:08] [INFO] [DEBUG] SpectateManager has been loaded. (took 0ms)
[19-08-29 13:02:08] [INFO] [DEBUG] Starting load of BettingManager at 1567098128523
[19-08-29 13:02:08] [INFO] [DEBUG] BettingManager has been loaded. (took 1ms)
[19-08-29 13:02:08] [INFO] [DEBUG] Starting load of InventoryManager at 1567098128524
[19-08-29 13:02:08] [INFO] [DEBUG] InventoryManager has been loaded. (took 1ms)
[19-08-29 13:02:08] [INFO] [DEBUG] Starting load of DuelManager at 1567098128526
[19-08-29 13:02:08] [INFO] [DEBUG] DuelManager has been loaded. (took 0ms)
[19-08-29 13:02:08] [INFO] [DEBUG] Starting load of QueueManager at 1567098128527
[19-08-29 13:02:08] [INFO] QueueManager: Loaded 0 queue(s).
[19-08-29 13:02:08] [INFO] [DEBUG] QueueManager has been loaded. (took 8ms)
[19-08-29 13:02:08] [INFO] [DEBUG] Starting load of QueueSignManager at 1567098128536
[19-08-29 13:02:08] [INFO] QueueSignManager: Loaded 0 queue sign(s).
[19-08-29 13:02:08] [INFO] [DEBUG] QueueSignManager has been loaded. (took 7ms)
[19-08-29 13:02:08] [INFO] [DEBUG] Starting load of RequestManager at 1567098128544
[19-08-29 13:02:08] [INFO] [DEBUG] RequestManager has been loaded. (took 1ms)
[19-08-29 13:02:08] [INFO] [DEBUG] Starting load of Teleport at 1567098128545
[19-08-29 13:02:08] [INFO] [DEBUG] Teleport has been loaded. (took 1ms)
[19-08-29 13:02:08] [INFO] [DEBUG] Starting load of ExtensionManager at 1567098128546
[19-08-29 13:02:08] [INFO] [DEBUG] ExtensionManager has been loaded. (took 2ms)
[19-08-29 13:02:14] [INFO] No updates were available. You are on the latest version!
[19-08-29 13:45:08] [INFO] [DEBUG] onDisable start -> 1567100708028

[19-08-29 13:45:08] [INFO] [DEBUG] Starting unload of ExtensionManager at 1567100708036
[19-08-29 13:45:08] [INFO] [DEBUG] ExtensionManager has been unloaded. (took 1ms)
[19-08-29 13:45:08] [INFO] [DEBUG] Starting unload of Teleport at 1567100708037
[19-08-29 13:45:08] [INFO] [DEBUG] Teleport has been unloaded. (took 0ms)
[19-08-29 13:45:08] [INFO] [DEBUG] Starting unload of RequestManager at 1567100708037
[19-08-29 13:45:08] [INFO] [DEBUG] RequestManager has been unloaded. (took 0ms)
[19-08-29 13:45:08] [INFO] [DEBUG] Starting unload of QueueSignManager at 1567100708037
[19-08-29 13:45:08] [INFO] [DEBUG] QueueSignManager has been unloaded. (took 1ms)
[19-08-29 13:45:08] [INFO] [DEBUG] Starting unload of QueueManager at 1567100708039
[19-08-29 13:45:08] [INFO] [DEBUG] QueueManager has been unloaded. (took 0ms)
[19-08-29 13:45:08] [INFO] [DEBUG] Starting unload of DuelManager at 1567100708039
[19-08-29 13:45:08] [INFO] [DEBUG] DuelManager has been unloaded. (took 1ms)
[19-08-29 13:45:08] [INFO] [DEBUG] Starting unload of InventoryManager at 1567100708040
[19-08-29 13:45:08] [INFO] [DEBUG] InventoryManager has been unloaded. (took 0ms)
[19-08-29 13:45:08] [INFO] [DEBUG] Starting unload of BettingManager at 1567100708040
[19-08-29 13:45:08] [INFO] [DEBUG] BettingManager has been unloaded. (took 1ms)
[19-08-29 13:45:08] [INFO] [DEBUG] Starting unload of SpectateManager at 1567100708041
[19-08-29 13:45:08] [INFO] [DEBUG] SpectateManager has been unloaded. (took 0ms)
[19-08-29 13:45:08] [INFO] [DEBUG] Starting unload of PlayerInfoManager at 1567100708041
[19-08-29 13:45:08] [INFO] [DEBUG] PlayerInfoManager has been unloaded. (took 0ms)
[19-08-29 13:45:08] [INFO] [DEBUG] Starting unload of SettingsManager at 1567100708041
[19-08-29 13:45:08] [INFO] [DEBUG] SettingsManager has been unloaded. (took 0ms)
[19-08-29 13:45:08] [INFO] [DEBUG] Starting unload of KitManager at 1567100708041
[19-08-29 13:45:08] [INFO] [DEBUG] KitManager has been unloaded. (took 0ms)
[19-08-29 13:45:08] [INFO] [DEBUG] Starting unload of ArenaManager at 1567100708041
[19-08-29 13:45:08] [INFO] [DEBUG] ArenaManager has been unloaded. (took 1ms)
[19-08-29 13:45:08] [INFO] [DEBUG] Starting unload of GuiListener at 1567100708042
[19-08-29 13:45:08] [INFO] [DEBUG] GuiListener has been unloaded. (took 0ms)
[19-08-29 13:45:08] [INFO] [DEBUG] Starting unload of UserManager at 1567100708042
[19-08-29 13:45:08] [INFO] [DEBUG] UserManager has been unloaded. (took 0ms)
[19-08-29 13:45:08] [INFO] [DEBUG] Starting unload of Lang at 1567100708042
[19-08-29 13:45:08] [INFO] [DEBUG] Lang has been unloaded. (took 0ms)
[19-08-29 13:45:08] [INFO] [DEBUG] Starting unload of Config at 1567100708042
[19-08-29 13:45:08] [INFO] [DEBUG] Config has been unloaded. (took 0ms)
[19-08-29 13:45:08] [INFO] [DEBUG] unload done (took 14ms)
[19-08-29 13:45:08] [INFO] [DEBUG] Log#clearSources done (took 1ms)
[19-08-29 13:45:39] [INFO] [DEBUG] onEnable start -> 1567100739760

[19-08-29 13:45:39] [INFO] [DEBUG] Starting load of Config at 1567100739976
[19-08-29 13:45:40] [INFO] [DEBUG] Config has been loaded. (took 29ms)
[19-08-29 13:45:40] [INFO] [DEBUG] Starting load of Lang at 1567100740006
[19-08-29 13:45:40] [INFO] [DEBUG] Lang has been loaded. (took 45ms)
[19-08-29 13:45:40] [INFO] [DEBUG] Starting load of UserManager at 1567100740051
[19-08-29 13:45:40] [INFO] [DEBUG] UserManager has been loaded. (took 3ms)
[19-08-29 13:45:40] [INFO] [DEBUG] Starting load of GuiListener at 1567100740054
[19-08-29 13:45:40] [INFO] [DEBUG] GuiListener has been loaded. (took 0ms)
[19-08-29 13:45:40] [INFO] [DEBUG] Starting load of ArenaManager at 1567100740054
[19-08-29 13:45:40] [INFO] ArenaManager: Loaded 0 arena(s).
[19-08-29 13:45:40] [INFO] [DEBUG] ArenaManager has been loaded. (took 56ms)
[19-08-29 13:45:40] [INFO] [DEBUG] Starting load of KitManager at 1567100740110
[19-08-29 13:45:40] [INFO] KitManager: Loaded 0 kit(s).
[19-08-29 13:45:40] [INFO] [DEBUG] KitManager has been loaded. (took 21ms)
[19-08-29 13:45:40] [INFO] [DEBUG] Starting load of SettingsManager at 1567100740131
[19-08-29 13:45:40] [INFO] [DEBUG] SettingsManager has been loaded. (took 0ms)
[19-08-29 13:45:40] [INFO] [DEBUG] Starting load of PlayerInfoManager at 1567100740131
[19-08-29 13:45:40] [INFO] PlayerInfoManager: Lobby location was not set, using world's spawn location as default. Use the command /duels setlobby in-game to set the lobby location.
[19-08-29 13:45:40] [INFO] [DEBUG] PlayerInfoManager has been loaded. (took 1ms)
[19-08-29 13:45:40] [INFO] [DEBUG] Starting load of SpectateManager at 1567100740133
[19-08-29 13:45:40] [INFO] [DEBUG] SpectateManager has been loaded. (took 0ms)
[19-08-29 13:45:40] [INFO] [DEBUG] Starting load of BettingManager at 1567100740133
[19-08-29 13:45:40] [INFO] [DEBUG] BettingManager has been loaded. (took 0ms)
[19-08-29 13:45:40] [INFO] [DEBUG] Starting load of InventoryManager at 1567100740133
[19-08-29 13:45:40] [INFO] [DEBUG] InventoryManager has been loaded. (took 0ms)
[19-08-29 13:45:40] [INFO] [DEBUG] Starting load of DuelManager at 1567100740133
[19-08-29 13:45:40] [INFO] [DEBUG] DuelManager has been loaded. (took 1ms)
[19-08-29 13:45:40] [INFO] [DEBUG] Starting load of QueueManager at 1567100740134
[19-08-29 13:45:40] [INFO] QueueManager: Loaded 0 queue(s).
[19-08-29 13:45:40] [INFO] [DEBUG] QueueManager has been loaded. (took 6ms)
[19-08-29 13:45:40] [INFO] [DEBUG] Starting load of QueueSignManager at 1567100740140
[19-08-29 13:45:40] [INFO] QueueSignManager: Loaded 0 queue sign(s).
[19-08-29 13:45:40] [INFO] [DEBUG] QueueSignManager has been loaded. (took 4ms)
[19-08-29 13:45:40] [INFO] [DEBUG] Starting load of RequestManager at 1567100740144
[19-08-29 13:45:40] [INFO] [DEBUG] RequestManager has been loaded. (took 0ms)
[19-08-29 13:45:40] [INFO] [DEBUG] Starting load of Teleport at 1567100740144
[19-08-29 13:45:40] [INFO] [DEBUG] Teleport has been loaded. (took 0ms)
[19-08-29 13:45:40] [INFO] [DEBUG] Starting load of ExtensionManager at 1567100740144
[19-08-29 13:45:40] [INFO] [DEBUG] ExtensionManager has been loaded. (took 12ms)
[19-08-29 13:45:42] [INFO] No updates were available. You are on the latest version!
[19-08-29 17:55:38] [INFO] [DEBUG] onDisable start -> 1567115738938

[19-08-29 17:55:38] [INFO] [DEBUG] Starting unload of ExtensionManager at 1567115738981
[19-08-29 17:55:38] [INFO] [DEBUG] ExtensionManager has been unloaded. (took 1ms)
[19-08-29 17:55:38] [INFO] [DEBUG] Starting unload of Teleport at 1567115738982
[19-08-29 17:55:38] [INFO] [DEBUG] Teleport has been unloaded. (took 1ms)
[19-08-29 17:55:38] [INFO] [DEBUG] Starting unload of RequestManager at 1567115738983
[19-08-29 17:55:38] [INFO] [DEBUG] RequestManager has been unloaded. (took 0ms)
[19-08-29 17:55:38] [INFO] [DEBUG] Starting unload of QueueSignManager at 1567115738983
[19-08-29 17:55:38] [INFO] [DEBUG] QueueSignManager has been unloaded. (took 0ms)
[19-08-29 17:55:38] [INFO] [DEBUG] Starting unload of QueueManager at 1567115738983
[19-08-29 17:55:38] [INFO] [DEBUG] QueueManager has been unloaded. (took 1ms)
[19-08-29 17:55:38] [INFO] [DEBUG] Starting unload of DuelManager at 1567115738984
[19-08-29 17:55:38] [INFO] [DEBUG] DuelManager has been unloaded. (took 3ms)
[19-08-29 17:55:38] [INFO] [DEBUG] Starting unload of InventoryManager at 1567115738987
[19-08-29 17:55:38] [INFO] [DEBUG] InventoryManager has been unloaded. (took 0ms)
[19-08-29 17:55:38] [INFO] [DEBUG] Starting unload of BettingManager at 1567115738987
[19-08-29 17:55:38] [INFO] [DEBUG] BettingManager has been unloaded. (took 0ms)
[19-08-29 17:55:38] [INFO] [DEBUG] Starting unload of SpectateManager at 1567115738988
[19-08-29 17:55:38] [INFO] [DEBUG] SpectateManager has been unloaded. (took 0ms)
[19-08-29 17:55:38] [INFO] [DEBUG] Starting unload of PlayerInfoManager at 1567115738988
[19-08-29 17:55:38] [INFO] [DEBUG] PlayerInfoManager has been unloaded. (took 0ms)
[19-08-29 17:55:38] [INFO] [DEBUG] Starting unload of SettingsManager at 1567115738988
[19-08-29 17:55:38] [INFO] [DEBUG] SettingsManager has been unloaded. (took 0ms)
[19-08-29 17:55:38] [INFO] [DEBUG] Starting unload of KitManager at 1567115738988
[19-08-29 17:55:38] [INFO] [DEBUG] KitManager has been unloaded. (took 0ms)
[19-08-29 17:55:38] [INFO] [DEBUG] Starting unload of ArenaManager at 1567115738988
[19-08-29 17:55:38] [INFO] [DEBUG] ArenaManager has been unloaded. (took 1ms)
[19-08-29 17:55:38] [INFO] [DEBUG] Starting unload of GuiListener at 1567115738989
[19-08-29 17:55:38] [INFO] [DEBUG] GuiListener has been unloaded. (took 0ms)
[19-08-29 17:55:38] [INFO] [DEBUG] Starting unload of UserManager at 1567115738990
[19-08-29 17:55:39] [INFO] [DEBUG] UserManager has been unloaded. (took 13ms)
[19-08-29 17:55:39] [INFO] [DEBUG] Starting unload of Lang at 1567115739003
[19-08-29 17:55:39] [INFO] [DEBUG] Lang has been unloaded. (took 0ms)
[19-08-29 17:55:39] [INFO] [DEBUG] Starting unload of Config at 1567115739003
[19-08-29 17:55:39] [INFO] [DEBUG] Config has been unloaded. (took 0ms)
[19-08-29 17:55:39] [INFO] [DEBUG] unload done (took 65ms)
[19-08-29 17:55:39] [INFO] [DEBUG] Log#clearSources done (took 0ms)
[19-08-29 17:56:43] [INFO] [DEBUG] onEnable start -> 1567115803298

[19-08-29 17:56:43] [INFO] [DEBUG] Starting load of Config at 1567115803657
[19-08-29 17:56:43] [INFO] [DEBUG] Config has been loaded. (took 93ms)
[19-08-29 17:56:43] [INFO] [DEBUG] Starting load of Lang at 1567115803750
[19-08-29 17:56:43] [INFO] [DEBUG] Lang has been loaded. (took 100ms)
[19-08-29 17:56:43] [INFO] [DEBUG] Starting load of UserManager at 1567115803852
[19-08-29 17:56:43] [INFO] [DEBUG] UserManager has been loaded. (took 3ms)
[19-08-29 17:56:43] [INFO] [DEBUG] Starting load of GuiListener at 1567115803855
[19-08-29 17:56:43] [INFO] [DEBUG] GuiListener has been loaded. (took 0ms)
[19-08-29 17:56:43] [INFO] [DEBUG] Starting load of ArenaManager at 1567115803855
[19-08-29 17:56:43] [INFO] ArenaManager: Loaded 0 arena(s).
[19-08-29 17:56:43] [INFO] [DEBUG] ArenaManager has been loaded. (took 120ms)
[19-08-29 17:56:43] [INFO] [DEBUG] Starting load of KitManager at 1567115803975
[19-08-29 17:56:43] [INFO] KitManager: Loaded 0 kit(s).
[19-08-29 17:56:44] [INFO] [DEBUG] KitManager has been loaded. (took 26ms)
[19-08-29 17:56:44] [INFO] [DEBUG] Starting load of SettingsManager at 1567115804002
[19-08-29 17:56:44] [INFO] [DEBUG] SettingsManager has been loaded. (took 0ms)
[19-08-29 17:56:44] [INFO] [DEBUG] Starting load of PlayerInfoManager at 1567115804002
[19-08-29 17:56:44] [INFO] PlayerInfoManager: Lobby location was not set, using world's spawn location as default. Use the command /duels setlobby in-game to set the lobby location.
[19-08-29 17:56:44] [INFO] [DEBUG] PlayerInfoManager has been loaded. (took 1ms)
[19-08-29 17:56:44] [INFO] [DEBUG] Starting load of SpectateManager at 1567115804003
[19-08-29 17:56:44] [INFO] [DEBUG] SpectateManager has been loaded. (took 0ms)
[19-08-29 17:56:44] [INFO] [DEBUG] Starting load of BettingManager at 1567115804003
[19-08-29 17:56:44] [INFO] [DEBUG] BettingManager has been loaded. (took 0ms)
[19-08-29 17:56:44] [INFO] [DEBUG] Starting load of InventoryManager at 1567115804003
[19-08-29 17:56:44] [INFO] [DEBUG] InventoryManager has been loaded. (took 1ms)
[19-08-29 17:56:44] [INFO] [DEBUG] Starting load of DuelManager at 1567115804004
[19-08-29 17:56:44] [INFO] [DEBUG] DuelManager has been loaded. (took 0ms)
[19-08-29 17:56:44] [INFO] [DEBUG] Starting load of QueueManager at 1567115804004
[19-08-29 17:56:44] [INFO] QueueManager: Loaded 0 queue(s).
[19-08-29 17:56:44] [INFO] [DEBUG] QueueManager has been loaded. (took 6ms)
[19-08-29 17:56:44] [INFO] [DEBUG] Starting load of QueueSignManager at 1567115804010
[19-08-29 17:56:44] [INFO] QueueSignManager: Loaded 0 queue sign(s).
[19-08-29 17:56:44] [INFO] [DEBUG] QueueSignManager has been loaded. (took 7ms)
[19-08-29 17:56:44] [INFO] [DEBUG] Starting load of RequestManager at 1567115804017
[19-08-29 17:56:44] [INFO] [DEBUG] RequestManager has been loaded. (took 0ms)
[19-08-29 17:56:44] [INFO] [DEBUG] Starting load of Teleport at 1567115804017
[19-08-29 17:56:44] [INFO] [DEBUG] Teleport has been loaded. (took 1ms)
[19-08-29 17:56:44] [INFO] [DEBUG] Starting load of ExtensionManager at 1567115804018
[19-08-29 17:56:44] [INFO] [DEBUG] ExtensionManager has been loaded. (took 2ms)
[19-08-29 17:56:48] [INFO] No updates were available. You are on the latest version!
[19-08-29 18:05:00] [INFO] [DEBUG] onEnable start -> 1567116300241

[19-08-29 18:05:00] [INFO] [DEBUG] Starting load of Config at 1567116300397
[19-08-29 18:05:00] [INFO] [DEBUG] Config has been loaded. (took 52ms)
[19-08-29 18:05:00] [INFO] [DEBUG] Starting load of Lang at 1567116300449
[19-08-29 18:05:00] [INFO] [DEBUG] Lang has been loaded. (took 25ms)
[19-08-29 18:05:00] [INFO] [DEBUG] Starting load of UserManager at 1567116300474
[19-08-29 18:05:00] [INFO] [DEBUG] UserManager has been loaded. (took 2ms)
[19-08-29 18:05:00] [INFO] [DEBUG] Starting load of GuiListener at 1567116300476
[19-08-29 18:05:00] [INFO] [DEBUG] GuiListener has been loaded. (took 0ms)
[19-08-29 18:05:00] [INFO] [DEBUG] Starting load of ArenaManager at 1567116300476
[19-08-29 18:05:00] [INFO] ArenaManager: Loaded 0 arena(s).
[19-08-29 18:05:00] [INFO] [DEBUG] ArenaManager has been loaded. (took 60ms)
[19-08-29 18:05:00] [INFO] [DEBUG] Starting load of KitManager at 1567116300541
[19-08-29 18:05:00] [INFO] KitManager: Loaded 0 kit(s).
[19-08-29 18:05:00] [INFO] [DEBUG] KitManager has been loaded. (took 15ms)
[19-08-29 18:05:00] [INFO] [DEBUG] Starting load of SettingsManager at 1567116300556
[19-08-29 18:05:00] [INFO] [DEBUG] SettingsManager has been loaded. (took 0ms)
[19-08-29 18:05:00] [INFO] [DEBUG] Starting load of PlayerInfoManager at 1567116300556
[19-08-29 18:05:00] [INFO] PlayerInfoManager: Lobby location was not set, using world's spawn location as default. Use the command /duels setlobby in-game to set the lobby location.
[19-08-29 18:05:00] [INFO] [DEBUG] PlayerInfoManager has been loaded. (took 0ms)
[19-08-29 18:05:00] [INFO] [DEBUG] Starting load of SpectateManager at 1567116300569
[19-08-29 18:05:00] [INFO] [DEBUG] SpectateManager has been loaded. (took 0ms)
[19-08-29 18:05:00] [INFO] [DEBUG] Starting load of BettingManager at 1567116300569
[19-08-29 18:05:00] [INFO] [DEBUG] BettingManager has been loaded. (took 0ms)
[19-08-29 18:05:00] [INFO] [DEBUG] Starting load of InventoryManager at 1567116300569
[19-08-29 18:05:00] [INFO] [DEBUG] InventoryManager has been loaded. (took 2ms)
[19-08-29 18:05:00] [INFO] [DEBUG] Starting load of DuelManager at 1567116300571
[19-08-29 18:05:00] [INFO] [DEBUG] DuelManager has been loaded. (took 0ms)
[19-08-29 18:05:00] [INFO] [DEBUG] Starting load of QueueManager at 1567116300571
[19-08-29 18:05:00] [INFO] QueueManager: Loaded 0 queue(s).
[19-08-29 18:05:00] [INFO] [DEBUG] QueueManager has been loaded. (took 10ms)
[19-08-29 18:05:00] [INFO] [DEBUG] Starting load of QueueSignManager at 1567116300582
[19-08-29 18:05:00] [INFO] QueueSignManager: Loaded 0 queue sign(s).
[19-08-29 18:05:00] [INFO] [DEBUG] QueueSignManager has been loaded. (took 3ms)
[19-08-29 18:05:00] [INFO] [DEBUG] Starting load of RequestManager at 1567116300585
[19-08-29 18:05:00] [INFO] [DEBUG] RequestManager has been loaded. (took 0ms)
[19-08-29 18:05:00] [INFO] [DEBUG] Starting load of Teleport at 1567116300585
[19-08-29 18:05:00] [INFO] [DEBUG] Teleport has been loaded. (took 1ms)
[19-08-29 18:05:00] [INFO] [DEBUG] Starting load of ExtensionManager at 1567116300586
[19-08-29 18:05:00] [INFO] [DEBUG] ExtensionManager has been loaded. (took 1ms)
[19-08-29 18:05:03] [INFO] No updates were available. You are on the latest version!
[19-08-29 18:10:07] [INFO] [DEBUG] onEnable start -> 1567116607157

[19-08-29 18:10:07] [INFO] [DEBUG] Starting load of Config at 1567116607313
[19-08-29 18:10:07] [INFO] [DEBUG] Config has been loaded. (took 14ms)
[19-08-29 18:10:07] [INFO] [DEBUG] Starting load of Lang at 1567116607327
[19-08-29 18:10:07] [INFO] [DEBUG] Lang has been loaded. (took 25ms)
[19-08-29 18:10:07] [INFO] [DEBUG] Starting load of UserManager at 1567116607352
[19-08-29 18:10:07] [INFO] [DEBUG] UserManager has been loaded. (took 2ms)
[19-08-29 18:10:07] [INFO] [DEBUG] Starting load of GuiListener at 1567116607354
[19-08-29 18:10:07] [INFO] [DEBUG] GuiListener has been loaded. (took 0ms)
[19-08-29 18:10:07] [INFO] [DEBUG] Starting load of ArenaManager at 1567116607354
[19-08-29 18:10:07] [INFO] ArenaManager: Loaded 0 arena(s).
[19-08-29 18:10:07] [INFO] [DEBUG] ArenaManager has been loaded. (took 42ms)
[19-08-29 18:10:07] [INFO] [DEBUG] Starting load of KitManager at 1567116607396
[19-08-29 18:10:07] [INFO] KitManager: Loaded 0 kit(s).
[19-08-29 18:10:07] [INFO] [DEBUG] KitManager has been loaded. (took 20ms)
[19-08-29 18:10:07] [INFO] [DEBUG] Starting load of SettingsManager at 1567116607416
[19-08-29 18:10:07] [INFO] [DEBUG] SettingsManager has been loaded. (took 0ms)
[19-08-29 18:10:07] [INFO] [DEBUG] Starting load of PlayerInfoManager at 1567116607416
[19-08-29 18:10:07] [INFO] PlayerInfoManager: Lobby location was not set, using world's spawn location as default. Use the command /duels setlobby in-game to set the lobby location.
[19-08-29 18:10:07] [INFO] [DEBUG] PlayerInfoManager has been loaded. (took 1ms)
[19-08-29 18:10:07] [INFO] [DEBUG] Starting load of SpectateManager at 1567116607417
[19-08-29 18:10:07] [INFO] [DEBUG] SpectateManager has been loaded. (took 0ms)
[19-08-29 18:10:07] [INFO] [DEBUG] Starting load of BettingManager at 1567116607417
[19-08-29 18:10:07] [INFO] [DEBUG] BettingManager has been loaded. (took 0ms)
[19-08-29 18:10:07] [INFO] [DEBUG] Starting load of InventoryManager at 1567116607417
[19-08-29 18:10:07] [INFO] [DEBUG] InventoryManager has been loaded. (took 0ms)
[19-08-29 18:10:07] [INFO] [DEBUG] Starting load of DuelManager at 1567116607417
[19-08-29 18:10:07] [INFO] [DEBUG] DuelManager has been loaded. (took 0ms)
[19-08-29 18:10:07] [INFO] [DEBUG] Starting load of QueueManager at 1567116607417
[19-08-29 18:10:07] [INFO] QueueManager: Loaded 0 queue(s).
[19-08-29 18:10:07] [INFO] [DEBUG] QueueManager has been loaded. (took 5ms)
[19-08-29 18:10:07] [INFO] [DEBUG] Starting load of QueueSignManager at 1567116607422
[19-08-29 18:10:07] [INFO] QueueSignManager: Loaded 0 queue sign(s).
[19-08-29 18:10:07] [INFO] [DEBUG] QueueSignManager has been loaded. (took 3ms)
[19-08-29 18:10:07] [INFO] [DEBUG] Starting load of RequestManager at 1567116607425
[19-08-29 18:10:07] [INFO] [DEBUG] RequestManager has been loaded. (took 0ms)
[19-08-29 18:10:07] [INFO] [DEBUG] Starting load of Teleport at 1567116607425
[19-08-29 18:10:07] [INFO] [DEBUG] Teleport has been loaded. (took 1ms)
[19-08-29 18:10:07] [INFO] [DEBUG] Starting load of ExtensionManager at 1567116607426
[19-08-29 18:10:07] [INFO] [DEBUG] ExtensionManager has been loaded. (took 2ms)
[19-08-29 18:10:10] [INFO] No updates were available. You are on the latest version!
[19-08-29 18:47:46] [INFO] [DEBUG] onDisable start -> 1567118866834

[19-08-29 18:47:46] [INFO] [DEBUG] Starting unload of ExtensionManager at 1567118866844
[19-08-29 18:47:46] [INFO] [DEBUG] ExtensionManager has been unloaded. (took 2ms)
[19-08-29 18:47:50] [INFO] [DEBUG] Starting unload of Teleport at 1567118870263
[19-08-29 18:47:50] [INFO] [DEBUG] Teleport has been unloaded. (took 1ms)
[19-08-29 18:47:50] [INFO] [DEBUG] Starting unload of RequestManager at 1567118870264
[19-08-29 18:47:50] [INFO] [DEBUG] RequestManager has been unloaded. (took 0ms)
[19-08-29 18:47:50] [INFO] [DEBUG] Starting unload of QueueSignManager at 1567118870264
[19-08-29 18:47:50] [INFO] [DEBUG] QueueSignManager has been unloaded. (took 1ms)
[19-08-29 18:47:50] [INFO] [DEBUG] Starting unload of QueueManager at 1567118870265
[19-08-29 18:47:50] [INFO] [DEBUG] QueueManager has been unloaded. (took 1ms)
[19-08-29 18:47:50] [INFO] [DEBUG] Starting unload of DuelManager at 1567118870266
[19-08-29 18:47:50] [INFO] [DEBUG] DuelManager has been unloaded. (took 5ms)
[19-08-29 18:47:50] [INFO] [DEBUG] Starting unload of InventoryManager at 1567118870272
[19-08-29 18:47:50] [INFO] [DEBUG] InventoryManager has been unloaded. (took 0ms)
[19-08-29 18:47:50] [INFO] [DEBUG] Starting unload of BettingManager at 1567118870272
[19-08-29 18:47:50] [INFO] [DEBUG] BettingManager has been unloaded. (took 0ms)
[19-08-29 18:47:50] [INFO] [DEBUG] Starting unload of SpectateManager at 1567118870272
[19-08-29 18:47:50] [INFO] [DEBUG] SpectateManager has been unloaded. (took 0ms)
[19-08-29 18:47:50] [INFO] [DEBUG] Starting unload of PlayerInfoManager at 1567118870272
[19-08-29 18:47:50] [INFO] [DEBUG] PlayerInfoManager has been unloaded. (took 0ms)
[19-08-29 18:47:50] [INFO] [DEBUG] Starting unload of SettingsManager at 1567118870272
[19-08-29 18:47:50] [INFO] [DEBUG] SettingsManager has been unloaded. (took 0ms)
[19-08-29 18:47:50] [INFO] [DEBUG] Starting unload of KitManager at 1567118870272
[19-08-29 18:47:50] [INFO] [DEBUG] KitManager has been unloaded. (took 1ms)
[19-08-29 18:47:50] [INFO] [DEBUG] Starting unload of ArenaManager at 1567118870273
[19-08-29 18:47:50] [INFO] [DEBUG] ArenaManager has been unloaded. (took 0ms)
[19-08-29 18:47:50] [INFO] [DEBUG] Starting unload of GuiListener at 1567118870273
[19-08-29 18:47:50] [INFO] [DEBUG] GuiListener has been unloaded. (took 1ms)
[19-08-29 18:47:50] [INFO] [DEBUG] Starting unload of UserManager at 1567118870274
[19-08-29 18:47:50] [INFO] [DEBUG] UserManager has been unloaded. (took 0ms)
[19-08-29 18:47:50] [INFO] [DEBUG] Starting unload of Lang at 1567118870274
[19-08-29 18:47:50] [INFO] [DEBUG] Lang has been unloaded. (took 0ms)
[19-08-29 18:47:50] [INFO] [DEBUG] Starting unload of Config at 1567118870274
[19-08-29 18:47:50] [INFO] [DEBUG] Config has been unloaded. (took 0ms)
[19-08-29 18:47:50] [INFO] [DEBUG] unload done (took 3440ms)
[19-08-29 18:47:50] [INFO] [DEBUG] Log#clearSources done (took 0ms)
[19-08-29 18:50:17] [INFO] [DEBUG] onEnable start -> 1567119017785

[19-08-29 18:50:17] [INFO] [DEBUG] Starting load of Config at 1567119017944
[19-08-29 18:50:17] [INFO] [DEBUG] Config has been loaded. (took 13ms)
[19-08-29 18:50:17] [INFO] [DEBUG] Starting load of Lang at 1567119017958
[19-08-29 18:50:17] [INFO] [DEBUG] Lang has been loaded. (took 18ms)
[19-08-29 18:50:17] [INFO] [DEBUG] Starting load of UserManager at 1567119017976
[19-08-29 18:50:17] [INFO] [DEBUG] UserManager has been loaded. (took 1ms)
[19-08-29 18:50:17] [INFO] [DEBUG] Starting load of GuiListener at 1567119017977
[19-08-29 18:50:17] [INFO] [DEBUG] GuiListener has been loaded. (took 1ms)
[19-08-29 18:50:17] [INFO] [DEBUG] Starting load of ArenaManager at 1567119017978
[19-08-29 18:50:18] [INFO] ArenaManager: Loaded 0 arena(s).
[19-08-29 18:50:18] [INFO] [DEBUG] ArenaManager has been loaded. (took 68ms)
[19-08-29 18:50:18] [INFO] [DEBUG] Starting load of KitManager at 1567119018046
[19-08-29 18:50:18] [INFO] KitManager: Loaded 0 kit(s).
[19-08-29 18:50:18] [INFO] [DEBUG] KitManager has been loaded. (took 16ms)
[19-08-29 18:50:18] [INFO] [DEBUG] Starting load of SettingsManager at 1567119018063
[19-08-29 18:50:18] [INFO] [DEBUG] SettingsManager has been loaded. (took 0ms)
[19-08-29 18:50:18] [INFO] [DEBUG] Starting load of PlayerInfoManager at 1567119018063
[19-08-29 18:50:18] [INFO] PlayerInfoManager: Lobby location was not set, using world's spawn location as default. Use the command /duels setlobby in-game to set the lobby location.
[19-08-29 18:50:18] [INFO] [DEBUG] PlayerInfoManager has been loaded. (took 0ms)
[19-08-29 18:50:18] [INFO] [DEBUG] Starting load of SpectateManager at 1567119018063
[19-08-29 18:50:18] [INFO] [DEBUG] SpectateManager has been loaded. (took 0ms)
[19-08-29 18:50:18] [INFO] [DEBUG] Starting load of BettingManager at 1567119018063
[19-08-29 18:50:18] [INFO] [DEBUG] BettingManager has been loaded. (took 0ms)
[19-08-29 18:50:18] [INFO] [DEBUG] Starting load of InventoryManager at 1567119018063
[19-08-29 18:50:18] [INFO] [DEBUG] InventoryManager has been loaded. (took 1ms)
[19-08-29 18:50:18] [INFO] [DEBUG] Starting load of DuelManager at 1567119018064
[19-08-29 18:50:18] [INFO] [DEBUG] DuelManager has been loaded. (took 0ms)
[19-08-29 18:50:18] [INFO] [DEBUG] Starting load of QueueManager at 1567119018064
[19-08-29 18:50:18] [INFO] QueueManager: Loaded 0 queue(s).
[19-08-29 18:50:18] [INFO] [DEBUG] QueueManager has been loaded. (took 5ms)
[19-08-29 18:50:18] [INFO] [DEBUG] Starting load of QueueSignManager at 1567119018069
[19-08-29 18:50:18] [INFO] QueueSignManager: Loaded 0 queue sign(s).
[19-08-29 18:50:18] [INFO] [DEBUG] QueueSignManager has been loaded. (took 3ms)
[19-08-29 18:50:18] [INFO] [DEBUG] Starting load of RequestManager at 1567119018072
[19-08-29 18:50:18] [INFO] [DEBUG] RequestManager has been loaded. (took 0ms)
[19-08-29 18:50:18] [INFO] [DEBUG] Starting load of Teleport at 1567119018072
[19-08-29 18:50:18] [INFO] [DEBUG] Teleport has been loaded. (took 1ms)
[19-08-29 18:50:18] [INFO] [DEBUG] Starting load of ExtensionManager at 1567119018073
[19-08-29 18:50:18] [INFO] [DEBUG] ExtensionManager has been loaded. (took 1ms)
[19-08-29 18:50:20] [INFO] No updates were available. You are on the latest version!
[19-08-29 18:55:51] [INFO] [DEBUG] onDisable start -> 1567119351036

[19-08-29 18:55:51] [INFO] [DEBUG] Starting unload of ExtensionManager at 1567119351046
[19-08-29 18:55:51] [INFO] [DEBUG] ExtensionManager has been unloaded. (took 1ms)
[19-08-29 18:55:51] [INFO] [DEBUG] Starting unload of Teleport at 1567119351047
[19-08-29 18:55:51] [INFO] [DEBUG] Teleport has been unloaded. (took 0ms)
[19-08-29 18:55:51] [INFO] [DEBUG] Starting unload of RequestManager at 1567119351047
[19-08-29 18:55:51] [INFO] [DEBUG] RequestManager has been unloaded. (took 0ms)
[19-08-29 18:55:51] [INFO] [DEBUG] Starting unload of QueueSignManager at 1567119351048
[19-08-29 18:55:51] [INFO] [DEBUG] QueueSignManager has been unloaded. (took 5ms)
[19-08-29 18:55:51] [INFO] [DEBUG] Starting unload of QueueManager at 1567119351054
[19-08-29 18:55:51] [INFO] [DEBUG] QueueManager has been unloaded. (took 1ms)
[19-08-29 18:55:51] [INFO] [DEBUG] Starting unload of DuelManager at 1567119351055
[19-08-29 18:55:51] [INFO] [DEBUG] DuelManager has been unloaded. (took 2ms)
[19-08-29 18:55:51] [INFO] [DEBUG] Starting unload of InventoryManager at 1567119351057
[19-08-29 18:55:51] [INFO] [DEBUG] InventoryManager has been unloaded. (took 0ms)
[19-08-29 18:55:51] [INFO] [DEBUG] Starting unload of BettingManager at 1567119351057
[19-08-29 18:55:51] [INFO] [DEBUG] BettingManager has been unloaded. (took 0ms)
[19-08-29 18:55:51] [INFO] [DEBUG] Starting unload of SpectateManager at 1567119351057
[19-08-29 18:55:51] [INFO] [DEBUG] SpectateManager has been unloaded. (took 0ms)
[19-08-29 18:55:51] [INFO] [DEBUG] Starting unload of PlayerInfoManager at 1567119351057
[19-08-29 18:55:51] [INFO] [DEBUG] PlayerInfoManager has been unloaded. (took 0ms)
[19-08-29 18:55:51] [INFO] [DEBUG] Starting unload of SettingsManager at 1567119351057
[19-08-29 18:55:51] [INFO] [DEBUG] SettingsManager has been unloaded. (took 0ms)
[19-08-29 18:55:51] [INFO] [DEBUG] Starting unload of KitManager at 1567119351057
[19-08-29 18:55:51] [INFO] [DEBUG] KitManager has been unloaded. (took 2ms)
[19-08-29 18:55:51] [INFO] [DEBUG] Starting unload of ArenaManager at 1567119351059
[19-08-29 18:55:51] [INFO] [DEBUG] ArenaManager has been unloaded. (took 1ms)
[19-08-29 18:55:51] [INFO] [DEBUG] Starting unload of GuiListener at 1567119351060
[19-08-29 18:55:51] [INFO] [DEBUG] GuiListener has been unloaded. (took 0ms)
[19-08-29 18:55:51] [INFO] [DEBUG] Starting unload of UserManager at 1567119351060
[19-08-29 18:55:51] [INFO] [DEBUG] UserManager has been unloaded. (took 0ms)
[19-08-29 18:55:51] [INFO] [DEBUG] Starting unload of Lang at 1567119351060
[19-08-29 18:55:51] [INFO] [DEBUG] Lang has been unloaded. (took 0ms)
[19-08-29 18:55:51] [INFO] [DEBUG] Starting unload of Config at 1567119351060
[19-08-29 18:55:51] [INFO] [DEBUG] Config has been unloaded. (took 0ms)
[19-08-29 18:55:51] [INFO] [DEBUG] unload done (took 24ms)
[19-08-29 18:55:51] [INFO] [DEBUG] Log#clearSources done (took 0ms)
[19-08-29 18:56:20] [INFO] [DEBUG] onEnable start -> 1567119380948

[19-08-29 18:56:21] [INFO] [DEBUG] Starting load of Config at 1567119381095
[19-08-29 18:56:21] [INFO] [DEBUG] Config has been loaded. (took 14ms)
[19-08-29 18:56:21] [INFO] [DEBUG] Starting load of Lang at 1567119381109
[19-08-29 18:56:21] [INFO] [DEBUG] Lang has been loaded. (took 20ms)
[19-08-29 18:56:21] [INFO] [DEBUG] Starting load of UserManager at 1567119381129
[19-08-29 18:56:21] [INFO] [DEBUG] UserManager has been loaded. (took 1ms)
[19-08-29 18:56:21] [INFO] [DEBUG] Starting load of GuiListener at 1567119381130
[19-08-29 18:56:21] [INFO] [DEBUG] GuiListener has been loaded. (took 0ms)
[19-08-29 18:56:21] [INFO] [DEBUG] Starting load of ArenaManager at 1567119381130
[19-08-29 18:56:21] [INFO] ArenaManager: Loaded 0 arena(s).
[19-08-29 18:56:21] [INFO] [DEBUG] ArenaManager has been loaded. (took 33ms)
[19-08-29 18:56:21] [INFO] [DEBUG] Starting load of KitManager at 1567119381163
[19-08-29 18:56:21] [INFO] KitManager: Loaded 0 kit(s).
[19-08-29 18:56:21] [INFO] [DEBUG] KitManager has been loaded. (took 23ms)
[19-08-29 18:56:21] [INFO] [DEBUG] Starting load of SettingsManager at 1567119381186
[19-08-29 18:56:21] [INFO] [DEBUG] SettingsManager has been loaded. (took 0ms)
[19-08-29 18:56:21] [INFO] [DEBUG] Starting load of PlayerInfoManager at 1567119381186
[19-08-29 18:56:21] [INFO] PlayerInfoManager: Lobby location was not set, using world's spawn location as default. Use the command /duels setlobby in-game to set the lobby location.
[19-08-29 18:56:21] [INFO] [DEBUG] PlayerInfoManager has been loaded. (took 1ms)
[19-08-29 18:56:21] [INFO] [DEBUG] Starting load of SpectateManager at 1567119381187
[19-08-29 18:56:21] [INFO] [DEBUG] SpectateManager has been loaded. (took 0ms)
[19-08-29 18:56:21] [INFO] [DEBUG] Starting load of BettingManager at 1567119381187
[19-08-29 18:56:21] [INFO] [DEBUG] BettingManager has been loaded. (took 0ms)
[19-08-29 18:56:21] [INFO] [DEBUG] Starting load of InventoryManager at 1567119381187
[19-08-29 18:56:21] [INFO] [DEBUG] InventoryManager has been loaded. (took 1ms)
[19-08-29 18:56:21] [INFO] [DEBUG] Starting load of DuelManager at 1567119381189
[19-08-29 18:56:21] [INFO] [DEBUG] DuelManager has been loaded. (took 0ms)
[19-08-29 18:56:21] [INFO] [DEBUG] Starting load of QueueManager at 1567119381189
[19-08-29 18:56:21] [INFO] QueueManager: Loaded 0 queue(s).
[19-08-29 18:56:21] [INFO] [DEBUG] QueueManager has been loaded. (took 6ms)
[19-08-29 18:56:21] [INFO] [DEBUG] Starting load of QueueSignManager at 1567119381195
[19-08-29 18:56:21] [INFO] QueueSignManager: Loaded 0 queue sign(s).
[19-08-29 18:56:21] [INFO] [DEBUG] QueueSignManager has been loaded. (took 5ms)
[19-08-29 18:56:21] [INFO] [DEBUG] Starting load of RequestManager at 1567119381200
[19-08-29 18:56:21] [INFO] [DEBUG] RequestManager has been loaded. (took 0ms)
[19-08-29 18:56:21] [INFO] [DEBUG] Starting load of Teleport at 1567119381200
[19-08-29 18:56:21] [INFO] [DEBUG] Teleport has been loaded. (took 0ms)
[19-08-29 18:56:21] [INFO] [DEBUG] Starting load of ExtensionManager at 1567119381200
[19-08-29 18:56:21] [INFO] [DEBUG] ExtensionManager has been loaded. (took 1ms)
[19-08-29 18:56:23] [INFO] No updates were available. You are on the latest version!
[19-08-29 19:09:51] [INFO] [DEBUG] onDisable start -> 1567120191996

[19-08-29 19:09:52] [INFO] [DEBUG] Starting unload of ExtensionManager at 1567120192027
[19-08-29 19:09:52] [INFO] [DEBUG] ExtensionManager has been unloaded. (took 1ms)
[19-08-29 19:09:52] [INFO] [DEBUG] Starting unload of Teleport at 1567120192028
[19-08-29 19:09:52] [INFO] [DEBUG] Teleport has been unloaded. (took 8ms)
[19-08-29 19:09:52] [INFO] [DEBUG] Starting unload of RequestManager at 1567120192036
[19-08-29 19:09:52] [INFO] [DEBUG] RequestManager has been unloaded. (took 0ms)
[19-08-29 19:09:52] [INFO] [DEBUG] Starting unload of QueueSignManager at 1567120192036
[19-08-29 19:09:52] [INFO] [DEBUG] QueueSignManager has been unloaded. (took 1ms)
[19-08-29 19:09:52] [INFO] [DEBUG] Starting unload of QueueManager at 1567120192037
[19-08-29 19:09:52] [INFO] [DEBUG] QueueManager has been unloaded. (took 1ms)
[19-08-29 19:09:52] [INFO] [DEBUG] Starting unload of DuelManager at 1567120192038
[19-08-29 19:09:52] [INFO] [DEBUG] DuelManager has been unloaded. (took 2ms)
[19-08-29 19:09:52] [INFO] [DEBUG] Starting unload of InventoryManager at 1567120192040
[19-08-29 19:09:52] [INFO] [DEBUG] InventoryManager has been unloaded. (took 0ms)
[19-08-29 19:09:52] [INFO] [DEBUG] Starting unload of BettingManager at 1567120192040
[19-08-29 19:09:52] [INFO] [DEBUG] BettingManager has been unloaded. (took 0ms)
[19-08-29 19:09:52] [INFO] [DEBUG] Starting unload of SpectateManager at 1567120192040
[19-08-29 19:09:52] [INFO] [DEBUG] SpectateManager has been unloaded. (took 0ms)
[19-08-29 19:09:52] [INFO] [DEBUG] Starting unload of PlayerInfoManager at 1567120192040
[19-08-29 19:09:52] [INFO] [DEBUG] PlayerInfoManager has been unloaded. (took 0ms)
[19-08-29 19:09:52] [INFO] [DEBUG] Starting unload of SettingsManager at 1567120192040
[19-08-29 19:09:52] [INFO] [DEBUG] SettingsManager has been unloaded. (took 2ms)
[19-08-29 19:09:52] [INFO] [DEBUG] Starting unload of KitManager at 1567120192042
[19-08-29 19:09:52] [INFO] [DEBUG] KitManager has been unloaded. (took 2ms)
[19-08-29 19:09:52] [INFO] [DEBUG] Starting unload of ArenaManager at 1567120192044
[19-08-29 19:09:52] [INFO] [DEBUG] ArenaManager has been unloaded. (took 0ms)
[19-08-29 19:09:52] [INFO] [DEBUG] Starting unload of GuiListener at 1567120192044
[19-08-29 19:09:52] [INFO] [DEBUG] GuiListener has been unloaded. (took 1ms)
[19-08-29 19:09:52] [INFO] [DEBUG] Starting unload of UserManager at 1567120192045
[19-08-29 19:09:52] [INFO] [DEBUG] UserManager has been unloaded. (took 1ms)
[19-08-29 19:09:52] [INFO] [DEBUG] Starting unload of Lang at 1567120192046
[19-08-29 19:09:52] [INFO] [DEBUG] Lang has been unloaded. (took 0ms)
[19-08-29 19:09:52] [INFO] [DEBUG] Starting unload of Config at 1567120192046
[19-08-29 19:09:52] [INFO] [DEBUG] Config has been unloaded. (took 0ms)
[19-08-29 19:09:52] [INFO] [DEBUG] unload done (took 50ms)
[19-08-29 19:09:52] [INFO] [DEBUG] Log#clearSources done (took 0ms)
[19-08-29 19:11:25] [INFO] [DEBUG] onEnable start -> 1567120285615

[19-08-29 19:11:25] [INFO] [DEBUG] Starting load of Config at 1567120285784
[19-08-29 19:11:25] [INFO] [DEBUG] Config has been loaded. (took 12ms)
[19-08-29 19:11:25] [INFO] [DEBUG] Starting load of Lang at 1567120285796
[19-08-29 19:11:25] [INFO] [DEBUG] Lang has been loaded. (took 21ms)
[19-08-29 19:11:25] [INFO] [DEBUG] Starting load of UserManager at 1567120285818
[19-08-29 19:11:25] [INFO] [DEBUG] UserManager has been loaded. (took 1ms)
[19-08-29 19:11:25] [INFO] [DEBUG] Starting load of GuiListener at 1567120285820
[19-08-29 19:11:25] [INFO] [DEBUG] GuiListener has been loaded. (took 0ms)
[19-08-29 19:11:25] [INFO] [DEBUG] Starting load of ArenaManager at 1567120285820
[19-08-29 19:11:25] [INFO] ArenaManager: Loaded 0 arena(s).
[19-08-29 19:11:25] [INFO] [DEBUG] ArenaManager has been loaded. (took 84ms)
[19-08-29 19:11:25] [INFO] [DEBUG] Starting load of KitManager at 1567120285904
[19-08-29 19:11:25] [INFO] KitManager: Loaded 0 kit(s).
[19-08-29 19:11:25] [INFO] [DEBUG] KitManager has been loaded. (took 14ms)
[19-08-29 19:11:25] [INFO] [DEBUG] Starting load of SettingsManager at 1567120285918
[19-08-29 19:11:25] [INFO] [DEBUG] SettingsManager has been loaded. (took 0ms)
[19-08-29 19:11:25] [INFO] [DEBUG] Starting load of PlayerInfoManager at 1567120285918
[19-08-29 19:11:25] [INFO] PlayerInfoManager: Lobby location was not set, using world's spawn location as default. Use the command /duels setlobby in-game to set the lobby location.
[19-08-29 19:11:25] [INFO] [DEBUG] PlayerInfoManager has been loaded. (took 0ms)
[19-08-29 19:11:25] [INFO] [DEBUG] Starting load of SpectateManager at 1567120285918
[19-08-29 19:11:25] [INFO] [DEBUG] SpectateManager has been loaded. (took 0ms)
[19-08-29 19:11:25] [INFO] [DEBUG] Starting load of BettingManager at 1567120285918
[19-08-29 19:11:25] [INFO] [DEBUG] BettingManager has been loaded. (took 0ms)
[19-08-29 19:11:25] [INFO] [DEBUG] Starting load of InventoryManager at 1567120285918
[19-08-29 19:11:25] [INFO] [DEBUG] InventoryManager has been loaded. (took 1ms)
[19-08-29 19:11:25] [INFO] [DEBUG] Starting load of DuelManager at 1567120285919
[19-08-29 19:11:25] [INFO] [DEBUG] DuelManager has been loaded. (took 0ms)
[19-08-29 19:11:25] [INFO] [DEBUG] Starting load of QueueManager at 1567120285919
[19-08-29 19:11:25] [INFO] QueueManager: Loaded 0 queue(s).
[19-08-29 19:11:25] [INFO] [DEBUG] QueueManager has been loaded. (took 5ms)
[19-08-29 19:11:25] [INFO] [DEBUG] Starting load of QueueSignManager at 1567120285924
[19-08-29 19:11:25] [INFO] QueueSignManager: Loaded 0 queue sign(s).
[19-08-29 19:11:25] [INFO] [DEBUG] QueueSignManager has been loaded. (took 5ms)
[19-08-29 19:11:25] [INFO] [DEBUG] Starting load of RequestManager at 1567120285929
[19-08-29 19:11:25] [INFO] [DEBUG] RequestManager has been loaded. (took 0ms)
[19-08-29 19:11:25] [INFO] [DEBUG] Starting load of Teleport at 1567120285929
[19-08-29 19:11:25] [INFO] [DEBUG] Teleport has been loaded. (took 0ms)
[19-08-29 19:11:25] [INFO] [DEBUG] Starting load of ExtensionManager at 1567120285929
[19-08-29 19:11:25] [INFO] [DEBUG] ExtensionManager has been loaded. (took 1ms)
[19-08-29 19:11:28] [INFO] No updates were available. You are on the latest version!
[19-08-29 19:14:23] [INFO] [DEBUG] onEnable start -> 1567120463054

[19-08-29 19:14:23] [INFO] [DEBUG] Starting load of Config at 1567120463194
[19-08-29 19:14:23] [INFO] [DEBUG] Config has been loaded. (took 10ms)
[19-08-29 19:14:23] [INFO] [DEBUG] Starting load of Lang at 1567120463205
[19-08-29 19:14:23] [INFO] [DEBUG] Lang has been loaded. (took 12ms)
[19-08-29 19:14:23] [INFO] [DEBUG] Starting load of UserManager at 1567120463218
[19-08-29 19:14:23] [INFO] [DEBUG] UserManager has been loaded. (took 1ms)
[19-08-29 19:14:23] [INFO] [DEBUG] Starting load of GuiListener at 1567120463219
[19-08-29 19:14:23] [INFO] [DEBUG] GuiListener has been loaded. (took 0ms)
[19-08-29 19:14:23] [INFO] [DEBUG] Starting load of ArenaManager at 1567120463219
[19-08-29 19:14:23] [INFO] ArenaManager: Loaded 0 arena(s).
[19-08-29 19:14:23] [INFO] [DEBUG] ArenaManager has been loaded. (took 39ms)
[19-08-29 19:14:23] [INFO] [DEBUG] Starting load of KitManager at 1567120463258
[19-08-29 19:14:23] [INFO] KitManager: Loaded 0 kit(s).
[19-08-29 19:14:23] [INFO] [DEBUG] KitManager has been loaded. (took 16ms)
[19-08-29 19:14:23] [INFO] [DEBUG] Starting load of SettingsManager at 1567120463274
[19-08-29 19:14:23] [INFO] [DEBUG] SettingsManager has been loaded. (took 0ms)
[19-08-29 19:14:23] [INFO] [DEBUG] Starting load of PlayerInfoManager at 1567120463274
[19-08-29 19:14:23] [INFO] PlayerInfoManager: Lobby location was not set, using world's spawn location as default. Use the command /duels setlobby in-game to set the lobby location.
[19-08-29 19:14:23] [INFO] [DEBUG] PlayerInfoManager has been loaded. (took 1ms)
[19-08-29 19:14:23] [INFO] [DEBUG] Starting load of SpectateManager at 1567120463275
[19-08-29 19:14:23] [INFO] [DEBUG] SpectateManager has been loaded. (took 0ms)
[19-08-29 19:14:23] [INFO] [DEBUG] Starting load of BettingManager at 1567120463275
[19-08-29 19:14:23] [INFO] [DEBUG] BettingManager has been loaded. (took 0ms)
[19-08-29 19:14:23] [INFO] [DEBUG] Starting load of InventoryManager at 1567120463275
[19-08-29 19:14:23] [INFO] [DEBUG] InventoryManager has been loaded. (took 1ms)
[19-08-29 19:14:23] [INFO] [DEBUG] Starting load of DuelManager at 1567120463276
[19-08-29 19:14:23] [INFO] [DEBUG] DuelManager has been loaded. (took 0ms)
[19-08-29 19:14:23] [INFO] [DEBUG] Starting load of QueueManager at 1567120463276
[19-08-29 19:14:23] [INFO] QueueManager: Loaded 0 queue(s).
[19-08-29 19:14:23] [INFO] [DEBUG] QueueManager has been loaded. (took 13ms)
[19-08-29 19:14:23] [INFO] [DEBUG] Starting load of QueueSignManager at 1567120463289
[19-08-29 19:14:23] [INFO] QueueSignManager: Loaded 0 queue sign(s).
[19-08-29 19:14:23] [INFO] [DEBUG] QueueSignManager has been loaded. (took 8ms)
[19-08-29 19:14:23] [INFO] [DEBUG] Starting load of RequestManager at 1567120463297
[19-08-29 19:14:23] [INFO] [DEBUG] RequestManager has been loaded. (took 0ms)
[19-08-29 19:14:23] [INFO] [DEBUG] Starting load of Teleport at 1567120463297
[19-08-29 19:14:23] [INFO] [DEBUG] Teleport has been loaded. (took 1ms)
[19-08-29 19:14:23] [INFO] [DEBUG] Starting load of ExtensionManager at 1567120463298
[19-08-29 19:14:23] [INFO] [DEBUG] ExtensionManager has been loaded. (took 1ms)
[19-08-29 19:14:25] [INFO] No updates were available. You are on the latest version!
[19-08-29 19:16:05] [INFO] [DEBUG] onDisable start -> 1567120565549

[19-08-29 19:16:05] [INFO] [DEBUG] Starting unload of ExtensionManager at 1567120565559
[19-08-29 19:16:05] [INFO] [DEBUG] ExtensionManager has been unloaded. (took 0ms)
[19-08-29 19:16:05] [INFO] [DEBUG] Starting unload of Teleport at 1567120565559
[19-08-29 19:16:05] [INFO] [DEBUG] Teleport has been unloaded. (took 0ms)
[19-08-29 19:16:05] [INFO] [DEBUG] Starting unload of RequestManager at 1567120565559
[19-08-29 19:16:05] [INFO] [DEBUG] RequestManager has been unloaded. (took 1ms)
[19-08-29 19:16:05] [INFO] [DEBUG] Starting unload of QueueSignManager at 1567120565560
[19-08-29 19:16:05] [INFO] [DEBUG] QueueSignManager has been unloaded. (took 1ms)
[19-08-29 19:16:05] [INFO] [DEBUG] Starting unload of QueueManager at 1567120565561
[19-08-29 19:16:05] [INFO] [DEBUG] QueueManager has been unloaded. (took 1ms)
[19-08-29 19:16:05] [INFO] [DEBUG] Starting unload of DuelManager at 1567120565562
[19-08-29 19:16:05] [INFO] [DEBUG] DuelManager has been unloaded. (took 2ms)
[19-08-29 19:16:05] [INFO] [DEBUG] Starting unload of InventoryManager at 1567120565564
[19-08-29 19:16:05] [INFO] [DEBUG] InventoryManager has been unloaded. (took 0ms)
[19-08-29 19:16:05] [INFO] [DEBUG] Starting unload of BettingManager at 1567120565564
[19-08-29 19:16:05] [INFO] [DEBUG] BettingManager has been unloaded. (took 0ms)
[19-08-29 19:16:05] [INFO] [DEBUG] Starting unload of SpectateManager at 1567120565564
[19-08-29 19:16:05] [INFO] [DEBUG] SpectateManager has been unloaded. (took 0ms)
[19-08-29 19:16:05] [INFO] [DEBUG] Starting unload of PlayerInfoManager at 1567120565564
[19-08-29 19:16:05] [INFO] [DEBUG] PlayerInfoManager has been unloaded. (took 0ms)
[19-08-29 19:16:05] [INFO] [DEBUG] Starting unload of SettingsManager at 1567120565564
[19-08-29 19:16:05] [INFO] [DEBUG] SettingsManager has been unloaded. (took 0ms)
[19-08-29 19:16:05] [INFO] [DEBUG] Starting unload of KitManager at 1567120565565
[19-08-29 19:16:05] [INFO] [DEBUG] KitManager has been unloaded. (took 1ms)
[19-08-29 19:16:05] [INFO] [DEBUG] Starting unload of ArenaManager at 1567120565566
[19-08-29 19:16:05] [INFO] [DEBUG] ArenaManager has been unloaded. (took 1ms)
[19-08-29 19:16:05] [INFO] [DEBUG] Starting unload of GuiListener at 1567120565567
[19-08-29 19:16:05] [INFO] [DEBUG] GuiListener has been unloaded. (took 0ms)
[19-08-29 19:16:05] [INFO] [DEBUG] Starting unload of UserManager at 1567120565567
[19-08-29 19:16:05] [INFO] [DEBUG] UserManager has been unloaded. (took 0ms)
[19-08-29 19:16:05] [INFO] [DEBUG] Starting unload of Lang at 1567120565568
[19-08-29 19:16:05] [INFO] [DEBUG] Lang has been unloaded. (took 0ms)
[19-08-29 19:16:05] [INFO] [DEBUG] Starting unload of Config at 1567120565568
[19-08-29 19:16:05] [INFO] [DEBUG] Config has been unloaded. (took 0ms)
[19-08-29 19:16:05] [INFO] [DEBUG] unload done (took 19ms)
[19-08-29 19:16:05] [INFO] [DEBUG] Log#clearSources done (took 0ms)
[19-08-29 19:16:51] [INFO] [DEBUG] onEnable start -> 1567120611134

[19-08-29 19:16:51] [INFO] [DEBUG] Starting load of Config at 1567120611266
[19-08-29 19:16:51] [INFO] [DEBUG] Config has been loaded. (took 12ms)
[19-08-29 19:16:51] [INFO] [DEBUG] Starting load of Lang at 1567120611278
[19-08-29 19:16:51] [INFO] [DEBUG] Lang has been loaded. (took 19ms)
[19-08-29 19:16:51] [INFO] [DEBUG] Starting load of UserManager at 1567120611297
[19-08-29 19:16:51] [INFO] [DEBUG] UserManager has been loaded. (took 1ms)
[19-08-29 19:16:51] [INFO] [DEBUG] Starting load of GuiListener at 1567120611298
[19-08-29 19:16:51] [INFO] [DEBUG] GuiListener has been loaded. (took 0ms)
[19-08-29 19:16:51] [INFO] [DEBUG] Starting load of ArenaManager at 1567120611298
[19-08-29 19:16:51] [INFO] ArenaManager: Loaded 0 arena(s).
[19-08-29 19:16:51] [INFO] [DEBUG] ArenaManager has been loaded. (took 36ms)
[19-08-29 19:16:51] [INFO] [DEBUG] Starting load of KitManager at 1567120611334
[19-08-29 19:16:51] [INFO] KitManager: Loaded 0 kit(s).
[19-08-29 19:16:51] [INFO] [DEBUG] KitManager has been loaded. (took 16ms)
[19-08-29 19:16:51] [INFO] [DEBUG] Starting load of SettingsManager at 1567120611350
[19-08-29 19:16:51] [INFO] [DEBUG] SettingsManager has been loaded. (took 1ms)
[19-08-29 19:16:51] [INFO] [DEBUG] Starting load of PlayerInfoManager at 1567120611351
[19-08-29 19:16:51] [INFO] PlayerInfoManager: Lobby location was not set, using world's spawn location as default. Use the command /duels setlobby in-game to set the lobby location.
[19-08-29 19:16:51] [INFO] [DEBUG] PlayerInfoManager has been loaded. (took 0ms)
[19-08-29 19:16:51] [INFO] [DEBUG] Starting load of SpectateManager at 1567120611351
[19-08-29 19:16:51] [INFO] [DEBUG] SpectateManager has been loaded. (took 0ms)
[19-08-29 19:16:51] [INFO] [DEBUG] Starting load of BettingManager at 1567120611351
[19-08-29 19:16:51] [INFO] [DEBUG] BettingManager has been loaded. (took 0ms)
[19-08-29 19:16:51] [INFO] [DEBUG] Starting load of InventoryManager at 1567120611352
[19-08-29 19:16:51] [INFO] [DEBUG] InventoryManager has been loaded. (took 0ms)
[19-08-29 19:16:51] [INFO] [DEBUG] Starting load of DuelManager at 1567120611352
[19-08-29 19:16:51] [INFO] [DEBUG] DuelManager has been loaded. (took 1ms)
[19-08-29 19:16:51] [INFO] [DEBUG] Starting load of QueueManager at 1567120611353
[19-08-29 19:16:51] [INFO] QueueManager: Loaded 0 queue(s).
[19-08-29 19:16:51] [INFO] [DEBUG] QueueManager has been loaded. (took 3ms)
[19-08-29 19:16:51] [INFO] [DEBUG] Starting load of QueueSignManager at 1567120611356
[19-08-29 19:16:51] [INFO] QueueSignManager: Loaded 0 queue sign(s).
[19-08-29 19:16:51] [INFO] [DEBUG] QueueSignManager has been loaded. (took 3ms)
[19-08-29 19:16:51] [INFO] [DEBUG] Starting load of RequestManager at 1567120611359
[19-08-29 19:16:51] [INFO] [DEBUG] RequestManager has been loaded. (took 0ms)
[19-08-29 19:16:51] [INFO] [DEBUG] Starting load of Teleport at 1567120611359
[19-08-29 19:16:51] [INFO] [DEBUG] Teleport has been loaded. (took 0ms)
[19-08-29 19:16:51] [INFO] [DEBUG] Starting load of ExtensionManager at 1567120611359
[19-08-29 19:16:51] [INFO] [DEBUG] ExtensionManager has been loaded. (took 5ms)
[19-08-29 19:16:53] [INFO] No updates were available. You are on the latest version!
[19-08-29 19:19:34] [INFO] [DEBUG] onDisable start -> 1567120774682

[19-08-29 19:19:34] [INFO] [DEBUG] Starting unload of ExtensionManager at 1567120774689
[19-08-29 19:19:34] [INFO] [DEBUG] ExtensionManager has been unloaded. (took 0ms)
[19-08-29 19:19:34] [INFO] [DEBUG] Starting unload of Teleport at 1567120774689
[19-08-29 19:19:34] [INFO] [DEBUG] Teleport has been unloaded. (took 1ms)
[19-08-29 19:19:34] [INFO] [DEBUG] Starting unload of RequestManager at 1567120774690
[19-08-29 19:19:34] [INFO] [DEBUG] RequestManager has been unloaded. (took 0ms)
[19-08-29 19:19:34] [INFO] [DEBUG] Starting unload of QueueSignManager at 1567120774690
[19-08-29 19:19:34] [INFO] [DEBUG] QueueSignManager has been unloaded. (took 3ms)
[19-08-29 19:19:34] [INFO] [DEBUG] Starting unload of QueueManager at 1567120774693
[19-08-29 19:19:34] [INFO] [DEBUG] QueueManager has been unloaded. (took 1ms)
[19-08-29 19:19:34] [INFO] [DEBUG] Starting unload of DuelManager at 1567120774694
[19-08-29 19:19:34] [INFO] [DEBUG] DuelManager has been unloaded. (took 2ms)
[19-08-29 19:19:34] [INFO] [DEBUG] Starting unload of InventoryManager at 1567120774696
[19-08-29 19:19:34] [INFO] [DEBUG] InventoryManager has been unloaded. (took 0ms)
[19-08-29 19:19:34] [INFO] [DEBUG] Starting unload of BettingManager at 1567120774696
[19-08-29 19:19:34] [INFO] [DEBUG] BettingManager has been unloaded. (took 0ms)
[19-08-29 19:19:34] [INFO] [DEBUG] Starting unload of SpectateManager at 1567120774696
[19-08-29 19:19:34] [INFO] [DEBUG] SpectateManager has been unloaded. (took 0ms)
[19-08-29 19:19:34] [INFO] [DEBUG] Starting unload of PlayerInfoManager at 1567120774696
[19-08-29 19:19:34] [INFO] [DEBUG] PlayerInfoManager has been unloaded. (took 0ms)
[19-08-29 19:19:34] [INFO] [DEBUG] Starting unload of SettingsManager at 1567120774696
[19-08-29 19:19:34] [INFO] [DEBUG] SettingsManager has been unloaded. (took 0ms)
[19-08-29 19:19:34] [INFO] [DEBUG] Starting unload of KitManager at 1567120774697
[19-08-29 19:19:34] [INFO] [DEBUG] KitManager has been unloaded. (took 1ms)
[19-08-29 19:19:34] [INFO] [DEBUG] Starting unload of ArenaManager at 1567120774698
[19-08-29 19:19:34] [INFO] [DEBUG] ArenaManager has been unloaded. (took 1ms)
[19-08-29 19:19:34] [INFO] [DEBUG] Starting unload of GuiListener at 1567120774699
[19-08-29 19:19:34] [INFO] [DEBUG] GuiListener has been unloaded. (took 0ms)
[19-08-29 19:19:34] [INFO] [DEBUG] Starting unload of UserManager at 1567120774699
[19-08-29 19:19:34] [INFO] [DEBUG] UserManager has been unloaded. (took 0ms)
[19-08-29 19:19:34] [INFO] [DEBUG] Starting unload of Lang at 1567120774699
[19-08-29 19:19:34] [INFO] [DEBUG] Lang has been unloaded. (took 1ms)
[19-08-29 19:19:34] [INFO] [DEBUG] Starting unload of Config at 1567120774700
[19-08-29 19:19:34] [INFO] [DEBUG] Config has been unloaded. (took 0ms)
[19-08-29 19:19:34] [INFO] [DEBUG] unload done (took 18ms)
[19-08-29 19:19:34] [INFO] [DEBUG] Log#clearSources done (took 0ms)
[19-08-29 19:25:09] [INFO] [DEBUG] onEnable start -> 1567121109425

[19-08-29 19:25:09] [INFO] [DEBUG] Starting load of Config at 1567121109599
[19-08-29 19:25:09] [INFO] [DEBUG] Config has been loaded. (took 39ms)
[19-08-29 19:25:09] [INFO] [DEBUG] Starting load of Lang at 1567121109638
[19-08-29 19:25:09] [INFO] [DEBUG] Lang has been loaded. (took 24ms)
[19-08-29 19:25:09] [INFO] [DEBUG] Starting load of UserManager at 1567121109662
[19-08-29 19:25:09] [INFO] [DEBUG] UserManager has been loaded. (took 1ms)
[19-08-29 19:25:09] [INFO] [DEBUG] Starting load of GuiListener at 1567121109663
[19-08-29 19:25:09] [INFO] [DEBUG] GuiListener has been loaded. (took 0ms)
[19-08-29 19:25:09] [INFO] [DEBUG] Starting load of ArenaManager at 1567121109663
[19-08-29 19:25:09] [INFO] ArenaManager: Loaded 0 arena(s).
[19-08-29 19:25:09] [INFO] [DEBUG] ArenaManager has been loaded. (took 46ms)
[19-08-29 19:25:09] [INFO] [DEBUG] Starting load of KitManager at 1567121109709
[19-08-29 19:25:09] [INFO] KitManager: Loaded 0 kit(s).
[19-08-29 19:25:09] [INFO] [DEBUG] KitManager has been loaded. (took 21ms)
[19-08-29 19:25:09] [INFO] [DEBUG] Starting load of SettingsManager at 1567121109730
[19-08-29 19:25:09] [INFO] [DEBUG] SettingsManager has been loaded. (took 0ms)
[19-08-29 19:25:09] [INFO] [DEBUG] Starting load of PlayerInfoManager at 1567121109730
[19-08-29 19:25:09] [INFO] PlayerInfoManager: Lobby location was not set, using world's spawn location as default. Use the command /duels setlobby in-game to set the lobby location.
[19-08-29 19:25:09] [INFO] [DEBUG] PlayerInfoManager has been loaded. (took 1ms)
[19-08-29 19:25:09] [INFO] [DEBUG] Starting load of SpectateManager at 1567121109731
[19-08-29 19:25:09] [INFO] [DEBUG] SpectateManager has been loaded. (took 0ms)
[19-08-29 19:25:09] [INFO] [DEBUG] Starting load of BettingManager at 1567121109731
[19-08-29 19:25:09] [INFO] [DEBUG] BettingManager has been loaded. (took 0ms)
[19-08-29 19:25:09] [INFO] [DEBUG] Starting load of InventoryManager at 1567121109731
[19-08-29 19:25:09] [INFO] [DEBUG] InventoryManager has been loaded. (took 1ms)
[19-08-29 19:25:09] [INFO] [DEBUG] Starting load of DuelManager at 1567121109732
[19-08-29 19:25:09] [INFO] [DEBUG] DuelManager has been loaded. (took 0ms)
[19-08-29 19:25:09] [INFO] [DEBUG] Starting load of QueueManager at 1567121109732
[19-08-29 19:25:09] [INFO] QueueManager: Loaded 0 queue(s).
[19-08-29 19:25:09] [INFO] [DEBUG] QueueManager has been loaded. (took 5ms)
[19-08-29 19:25:09] [INFO] [DEBUG] Starting load of QueueSignManager at 1567121109738
[19-08-29 19:25:09] [INFO] QueueSignManager: Loaded 0 queue sign(s).
[19-08-29 19:25:09] [INFO] [DEBUG] QueueSignManager has been loaded. (took 3ms)
[19-08-29 19:25:09] [INFO] [DEBUG] Starting load of RequestManager at 1567121109741
[19-08-29 19:25:09] [INFO] [DEBUG] RequestManager has been loaded. (took 0ms)
[19-08-29 19:25:09] [INFO] [DEBUG] Starting load of Teleport at 1567121109741
[19-08-29 19:25:09] [INFO] [DEBUG] Teleport has been loaded. (took 1ms)
[19-08-29 19:25:09] [INFO] [DEBUG] Starting load of ExtensionManager at 1567121109742
[19-08-29 19:25:09] [INFO] [DEBUG] ExtensionManager has been loaded. (took 1ms)
[19-08-29 19:25:12] [INFO] No updates were available. You are on the latest version!
[19-08-29 19:28:19] [INFO] [DEBUG] onEnable start -> 1567121299280

[19-08-29 19:28:19] [INFO] [DEBUG] Starting load of Config at 1567121299488
[19-08-29 19:28:19] [INFO] [DEBUG] Config has been loaded. (took 40ms)
[19-08-29 19:28:19] [INFO] [DEBUG] Starting load of Lang at 1567121299528
[19-08-29 19:28:19] [INFO] [DEBUG] Lang has been loaded. (took 18ms)
[19-08-29 19:28:19] [INFO] [DEBUG] Starting load of UserManager at 1567121299546
[19-08-29 19:28:19] [INFO] [DEBUG] UserManager has been loaded. (took 2ms)
[19-08-29 19:28:19] [INFO] [DEBUG] Starting load of GuiListener at 1567121299548
[19-08-29 19:28:19] [INFO] [DEBUG] GuiListener has been loaded. (took 0ms)
[19-08-29 19:28:19] [INFO] [DEBUG] Starting load of ArenaManager at 1567121299548
[19-08-29 19:28:19] [INFO] ArenaManager: Loaded 0 arena(s).
[19-08-29 19:28:19] [INFO] [DEBUG] ArenaManager has been loaded. (took 60ms)
[19-08-29 19:28:19] [INFO] [DEBUG] Starting load of KitManager at 1567121299608
[19-08-29 19:28:19] [INFO] KitManager: Loaded 0 kit(s).
[19-08-29 19:28:19] [INFO] [DEBUG] KitManager has been loaded. (took 20ms)
[19-08-29 19:28:19] [INFO] [DEBUG] Starting load of SettingsManager at 1567121299628
[19-08-29 19:28:19] [INFO] [DEBUG] SettingsManager has been loaded. (took 0ms)
[19-08-29 19:28:19] [INFO] [DEBUG] Starting load of PlayerInfoManager at 1567121299628
[19-08-29 19:28:19] [INFO] PlayerInfoManager: Lobby location was not set, using world's spawn location as default. Use the command /duels setlobby in-game to set the lobby location.
[19-08-29 19:28:19] [INFO] [DEBUG] PlayerInfoManager has been loaded. (took 1ms)
[19-08-29 19:28:19] [INFO] [DEBUG] Starting load of SpectateManager at 1567121299629
[19-08-29 19:28:19] [INFO] [DEBUG] SpectateManager has been loaded. (took 0ms)
[19-08-29 19:28:19] [INFO] [DEBUG] Starting load of BettingManager at 1567121299629
[19-08-29 19:28:19] [INFO] [DEBUG] BettingManager has been loaded. (took 0ms)
[19-08-29 19:28:19] [INFO] [DEBUG] Starting load of InventoryManager at 1567121299629
[19-08-29 19:28:19] [INFO] [DEBUG] InventoryManager has been loaded. (took 2ms)
[19-08-29 19:28:19] [INFO] [DEBUG] Starting load of DuelManager at 1567121299631
[19-08-29 19:28:19] [INFO] [DEBUG] DuelManager has been loaded. (took 0ms)
[19-08-29 19:28:19] [INFO] [DEBUG] Starting load of QueueManager at 1567121299632
[19-08-29 19:28:19] [INFO] QueueManager: Loaded 0 queue(s).
[19-08-29 19:28:19] [INFO] [DEBUG] QueueManager has been loaded. (took 11ms)
[19-08-29 19:28:19] [INFO] [DEBUG] Starting load of QueueSignManager at 1567121299643
[19-08-29 19:28:19] [INFO] QueueSignManager: Loaded 0 queue sign(s).
[19-08-29 19:28:19] [INFO] [DEBUG] QueueSignManager has been loaded. (took 5ms)
[19-08-29 19:28:19] [INFO] [DEBUG] Starting load of RequestManager at 1567121299649
[19-08-29 19:28:19] [INFO] [DEBUG] RequestManager has been loaded. (took 0ms)
[19-08-29 19:28:19] [INFO] [DEBUG] Starting load of Teleport at 1567121299649
[19-08-29 19:28:19] [INFO] [DEBUG] Teleport has been loaded. (took 0ms)
[19-08-29 19:28:19] [INFO] [DEBUG] Starting load of ExtensionManager at 1567121299649
[19-08-29 19:28:19] [INFO] [DEBUG] ExtensionManager has been loaded. (took 2ms)
[19-08-29 19:28:22] [INFO] No updates were available. You are on the latest version!
[19-08-29 21:25:19] [INFO] [DEBUG] onDisable start -> 1567128319002

[19-08-29 21:25:19] [INFO] [DEBUG] Starting unload of ExtensionManager at 1567128319016
[19-08-29 21:25:19] [INFO] [DEBUG] ExtensionManager has been unloaded. (took 1ms)
[19-08-29 21:25:19] [INFO] [DEBUG] Starting unload of Teleport at 1567128319017
[19-08-29 21:25:19] [INFO] [DEBUG] Teleport has been unloaded. (took 0ms)
[19-08-29 21:25:19] [INFO] [DEBUG] Starting unload of RequestManager at 1567128319017
[19-08-29 21:25:19] [INFO] [DEBUG] RequestManager has been unloaded. (took 0ms)
[19-08-29 21:25:19] [INFO] [DEBUG] Starting unload of QueueSignManager at 1567128319018
[19-08-29 21:25:19] [INFO] [DEBUG] QueueSignManager has been unloaded. (took 0ms)
[19-08-29 21:25:19] [INFO] [DEBUG] Starting unload of QueueManager at 1567128319018
[19-08-29 21:25:19] [INFO] [DEBUG] QueueManager has been unloaded. (took 1ms)
[19-08-29 21:25:19] [INFO] [DEBUG] Starting unload of DuelManager at 1567128319019
[19-08-29 21:25:19] [INFO] [DEBUG] DuelManager has been unloaded. (took 2ms)
[19-08-29 21:25:19] [INFO] [DEBUG] Starting unload of InventoryManager at 1567128319021
[19-08-29 21:25:19] [INFO] [DEBUG] InventoryManager has been unloaded. (took 0ms)
[19-08-29 21:25:19] [INFO] [DEBUG] Starting unload of BettingManager at 1567128319021
[19-08-29 21:25:19] [INFO] [DEBUG] BettingManager has been unloaded. (took 0ms)
[19-08-29 21:25:19] [INFO] [DEBUG] Starting unload of SpectateManager at 1567128319021
[19-08-29 21:25:19] [INFO] [DEBUG] SpectateManager has been unloaded. (took 0ms)
[19-08-29 21:25:19] [INFO] [DEBUG] Starting unload of PlayerInfoManager at 1567128319021
[19-08-29 21:25:19] [INFO] [DEBUG] PlayerInfoManager has been unloaded. (took 0ms)
[19-08-29 21:25:19] [INFO] [DEBUG] Starting unload of SettingsManager at 1567128319021
[19-08-29 21:25:19] [INFO] [DEBUG] SettingsManager has been unloaded. (took 0ms)
[19-08-29 21:25:19] [INFO] [DEBUG] Starting unload of KitManager at 1567128319022
[19-08-29 21:25:19] [INFO] [DEBUG] KitManager has been unloaded. (took 3ms)
[19-08-29 21:25:19] [INFO] [DEBUG] Starting unload of ArenaManager at 1567128319025
[19-08-29 21:25:19] [INFO] [DEBUG] ArenaManager has been unloaded. (took 1ms)
[19-08-29 21:25:19] [INFO] [DEBUG] Starting unload of GuiListener at 1567128319026
[19-08-29 21:25:19] [INFO] [DEBUG] GuiListener has been unloaded. (took 0ms)
[19-08-29 21:25:19] [INFO] [DEBUG] Starting unload of UserManager at 1567128319026
[19-08-29 21:25:19] [INFO] [DEBUG] UserManager has been unloaded. (took 1ms)
[19-08-29 21:25:19] [INFO] [DEBUG] Starting unload of Lang at 1567128319027
[19-08-29 21:25:19] [INFO] [DEBUG] Lang has been unloaded. (took 0ms)
[19-08-29 21:25:19] [INFO] [DEBUG] Starting unload of Config at 1567128319027
[19-08-29 21:25:19] [INFO] [DEBUG] Config has been unloaded. (took 0ms)
[19-08-29 21:25:19] [INFO] [DEBUG] unload done (took 25ms)
[19-08-29 21:25:19] [INFO] [DEBUG] Log#clearSources done (took 0ms)
[19-08-29 22:03:46] [INFO] [DEBUG] onEnable start -> 1567130626227

[19-08-29 22:03:46] [INFO] [DEBUG] Starting load of Config at 1567130626411
[19-08-29 22:03:46] [INFO] [DEBUG] Config has been loaded. (took 39ms)
[19-08-29 22:03:46] [INFO] [DEBUG] Starting load of Lang at 1567130626450
[19-08-29 22:03:46] [INFO] [DEBUG] Lang has been loaded. (took 25ms)
[19-08-29 22:03:46] [INFO] [DEBUG] Starting load of UserManager at 1567130626475
[19-08-29 22:03:46] [INFO] [DEBUG] UserManager has been loaded. (took 2ms)
[19-08-29 22:03:46] [INFO] [DEBUG] Starting load of GuiListener at 1567130626477
[19-08-29 22:03:46] [INFO] [DEBUG] GuiListener has been loaded. (took 1ms)
[19-08-29 22:03:46] [INFO] [DEBUG] Starting load of ArenaManager at 1567130626478
[19-08-29 22:03:46] [INFO] ArenaManager: Loaded 0 arena(s).
[19-08-29 22:03:46] [INFO] [DEBUG] ArenaManager has been loaded. (took 30ms)
[19-08-29 22:03:46] [INFO] [DEBUG] Starting load of KitManager at 1567130626508
[19-08-29 22:03:46] [INFO] KitManager: Loaded 0 kit(s).
[19-08-29 22:03:46] [INFO] [DEBUG] KitManager has been loaded. (took 13ms)
[19-08-29 22:03:46] [INFO] [DEBUG] Starting load of SettingsManager at 1567130626521
[19-08-29 22:03:46] [INFO] [DEBUG] SettingsManager has been loaded. (took 0ms)
[19-08-29 22:03:46] [INFO] [DEBUG] Starting load of PlayerInfoManager at 1567130626521
[19-08-29 22:03:46] [INFO] PlayerInfoManager: Lobby location was not set, using world's spawn location as default. Use the command /duels setlobby in-game to set the lobby location.
[19-08-29 22:03:46] [INFO] [DEBUG] PlayerInfoManager has been loaded. (took 1ms)
[19-08-29 22:03:46] [INFO] [DEBUG] Starting load of SpectateManager at 1567130626523
[19-08-29 22:03:46] [INFO] [DEBUG] SpectateManager has been loaded. (took 0ms)
[19-08-29 22:03:46] [INFO] [DEBUG] Starting load of BettingManager at 1567130626523
[19-08-29 22:03:46] [INFO] [DEBUG] BettingManager has been loaded. (took 0ms)
[19-08-29 22:03:46] [INFO] [DEBUG] Starting load of InventoryManager at 1567130626523
[19-08-29 22:03:46] [INFO] [DEBUG] InventoryManager has been loaded. (took 0ms)
[19-08-29 22:03:46] [INFO] [DEBUG] Starting load of DuelManager at 1567130626524
[19-08-29 22:03:46] [INFO] [DEBUG] DuelManager has been loaded. (took 0ms)
[19-08-29 22:03:46] [INFO] [DEBUG] Starting load of QueueManager at 1567130626524
[19-08-29 22:03:46] [INFO] QueueManager: Loaded 0 queue(s).
[19-08-29 22:03:46] [INFO] [DEBUG] QueueManager has been loaded. (took 3ms)
[19-08-29 22:03:46] [INFO] [DEBUG] Starting load of QueueSignManager at 1567130626528
[19-08-29 22:03:46] [INFO] QueueSignManager: Loaded 0 queue sign(s).
[19-08-29 22:03:46] [INFO] [DEBUG] QueueSignManager has been loaded. (took 3ms)
[19-08-29 22:03:46] [INFO] [DEBUG] Starting load of RequestManager at 1567130626531
[19-08-29 22:03:46] [INFO] [DEBUG] RequestManager has been loaded. (took 0ms)
[19-08-29 22:03:46] [INFO] [DEBUG] Starting load of Teleport at 1567130626531
[19-08-29 22:03:46] [INFO] [DEBUG] Teleport has been loaded. (took 0ms)
[19-08-29 22:03:46] [INFO] [DEBUG] Starting load of ExtensionManager at 1567130626532
[19-08-29 22:03:46] [INFO] [DEBUG] ExtensionManager has been loaded. (took 1ms)
[19-08-29 22:03:49] [INFO] No updates were available. You are on the latest version!
[19-08-29 22:06:01] [INFO] [DEBUG] onDisable start -> 1567130761129

[19-08-29 22:06:01] [INFO] [DEBUG] Starting unload of ExtensionManager at 1567130761138
[19-08-29 22:06:01] [INFO] [DEBUG] ExtensionManager has been unloaded. (took 1ms)
[19-08-29 22:06:01] [INFO] [DEBUG] Starting unload of Teleport at 1567130761139
[19-08-29 22:06:01] [INFO] [DEBUG] Teleport has been unloaded. (took 0ms)
[19-08-29 22:06:01] [INFO] [DEBUG] Starting unload of RequestManager at 1567130761139
[19-08-29 22:06:01] [INFO] [DEBUG] RequestManager has been unloaded. (took 0ms)
[19-08-29 22:06:01] [INFO] [DEBUG] Starting unload of QueueSignManager at 1567130761139
[19-08-29 22:06:01] [INFO] [DEBUG] QueueSignManager has been unloaded. (took 1ms)
[19-08-29 22:06:01] [INFO] [DEBUG] Starting unload of QueueManager at 1567130761140
[19-08-29 22:06:01] [INFO] [DEBUG] QueueManager has been unloaded. (took 2ms)
[19-08-29 22:06:01] [INFO] [DEBUG] Starting unload of DuelManager at 1567130761142
[19-08-29 22:06:01] [INFO] [DEBUG] DuelManager has been unloaded. (took 5ms)
[19-08-29 22:06:01] [INFO] [DEBUG] Starting unload of InventoryManager at 1567130761147
[19-08-29 22:06:01] [INFO] [DEBUG] InventoryManager has been unloaded. (took 0ms)
[19-08-29 22:06:01] [INFO] [DEBUG] Starting unload of BettingManager at 1567130761147
[19-08-29 22:06:01] [INFO] [DEBUG] BettingManager has been unloaded. (took 1ms)
[19-08-29 22:06:01] [INFO] [DEBUG] Starting unload of SpectateManager at 1567130761148
[19-08-29 22:06:01] [INFO] [DEBUG] SpectateManager has been unloaded. (took 0ms)
[19-08-29 22:06:01] [INFO] [DEBUG] Starting unload of PlayerInfoManager at 1567130761148
[19-08-29 22:06:01] [INFO] [DEBUG] PlayerInfoManager has been unloaded. (took 0ms)
[19-08-29 22:06:01] [INFO] [DEBUG] Starting unload of SettingsManager at 1567130761148
[19-08-29 22:06:01] [INFO] [DEBUG] SettingsManager has been unloaded. (took 0ms)
[19-08-29 22:06:01] [INFO] [DEBUG] Starting unload of KitManager at 1567130761148
[19-08-29 22:06:01] [INFO] [DEBUG] KitManager has been unloaded. (took 1ms)
[19-08-29 22:06:01] [INFO] [DEBUG] Starting unload of ArenaManager at 1567130761149
[19-08-29 22:06:01] [INFO] [DEBUG] ArenaManager has been unloaded. (took 0ms)
[19-08-29 22:06:01] [INFO] [DEBUG] Starting unload of GuiListener at 1567130761149
[19-08-29 22:06:01] [INFO] [DEBUG] GuiListener has been unloaded. (took 0ms)
[19-08-29 22:06:01] [INFO] [DEBUG] Starting unload of UserManager at 1567130761149
[19-08-29 22:06:01] [INFO] [DEBUG] UserManager has been unloaded. (took 1ms)
[19-08-29 22:06:01] [INFO] [DEBUG] Starting unload of Lang at 1567130761150
[19-08-29 22:06:01] [INFO] [DEBUG] Lang has been unloaded. (took 0ms)
[19-08-29 22:06:01] [INFO] [DEBUG] Starting unload of Config at 1567130761150
[19-08-29 22:06:01] [INFO] [DEBUG] Config has been unloaded. (took 0ms)
[19-08-29 22:06:01] [INFO] [DEBUG] unload done (took 21ms)
[19-08-29 22:06:01] [INFO] [DEBUG] Log#clearSources done (took 0ms)
