[18:55:53] [Server thread/INFO]: Starting minecraft server version 1.8.8
[18:55:53] [Server thread/INFO]: Loading properties
[18:55:53] [Server thread/INFO]: Default game type: SURVIVAL
[18:55:53] [Server thread/INFO]: This server is running CraftBukkit version git-Spigot-db6de12-18fbb24 (MC: 1.8.8) (Implementing API version 1.8.8-R0.1-SNAPSHOT)
[18:55:54] [Server thread/INFO]: Debug logging is disabled
[18:55:54] [Server thread/INFO]: Server Ping Player Sample Count: 12
[18:55:54] [Server thread/INFO]: Using 4 threads for Netty based IO
[18:55:54] [Server thread/INFO]: Generating keypair
[18:55:54] [Server thread/INFO]: Starting Minecraft server on *:42069
[18:55:54] [Server thread/INFO]: Using default channel type
[18:55:54] [Server thread/INFO]: Set PluginClassLoader as parallel capable
[18:55:55] [Server thread/ERROR]: ebean.properties not found
[18:55:55] [Server thread/INFO]: DataSourcePool [LoginSecurity] autoCommit[false] transIsolation[SERIALIZABLE] min[2] max[20]
[18:55:55] [Server thread/INFO]: SubClassFactory parent ClassLoader [org.bukkit.plugin.java.PluginClassLoader]
[18:55:55] [Server thread/INFO]: Explicit Identity on com.lenis0012.bukkit.loginsecurity.storage.Migration but not supported by DB Platform - ignored
[18:55:56] [Server thread/INFO]: Explicit Identity on com.lenis0012.bukkit.loginsecurity.storage.ActionEntry but not supported by DB Platform - ignored
[18:55:56] [Server thread/INFO]: Explicit Identity on com.lenis0012.bukkit.loginsecurity.storage.PlayerInventory but not supported by DB Platform - ignored
[18:55:56] [Server thread/INFO]: Explicit Identity on com.lenis0012.bukkit.loginsecurity.storage.PlayerProfile but not supported by DB Platform - ignored
[18:55:56] [Server thread/INFO]: Explicit Identity on com.lenis0012.bukkit.loginsecurity.storage.PlayerLocation but not supported by DB Platform - ignored
[18:55:56] [Server thread/INFO]: Entities enhanced[0] subclassed[5]
[18:55:56] [Server thread/INFO]: [WorldEdit] Loading WorldEdit v6.1;no_git_id
[18:55:56] [Server thread/INFO]: [Essentials] Loading Essentials v2.0.1-b496
[18:55:56] [Server thread/INFO]: [EssentialsProtect] Loading EssentialsProtect v2.0.1-b496
[18:55:56] [Server thread/INFO]: [LoginSecurity] Loading LoginSecurity v2.1.7
[18:55:56] [Server thread/INFO]: [EssentialsChat] Loading EssentialsChat v2.0.1-b496
[18:55:56] [Server thread/INFO]: [EssentialsGeoIP] Loading EssentialsGeoIP v2.0.1-b496
[18:55:56] [Server thread/INFO]: [mcMMO] Loading mcMMO v1.5.04-SNAPSHOT-b${BUILD_NUMBER}
[18:55:56] [Server thread/INFO]: [ViaVersion] Loading ViaVersion v1.3.0
[18:55:56] [Server thread/INFO]: [ViaVersion] ViaVersion 1.3.0 is now loaded, injecting!
[18:55:56] [Server thread/INFO]: [SuperVanish] Loading SuperVanish v5.4.1
[18:55:56] [Server thread/INFO]: [EasyBackup] Loading EasyBackup v1.1.4
[18:55:56] [Server thread/INFO]: [EssentialsSpawn] Loading EssentialsSpawn v2.0.1-b496
[18:55:56] [Server thread/INFO]: [WorldGuard] Loading WorldGuard v6.1
[18:55:56] [Server thread/INFO]: [EssentialsXMPP] Loading EssentialsXMPP v2.0.1-b496
[18:55:56] [Server thread/INFO]: [LockettePro] Loading LockettePro v2.9.0
[18:55:56] [Server thread/INFO]: [mcMMO] Enabling mcMMO v1.5.04-SNAPSHOT-b${BUILD_NUMBER}
[18:55:57] [Server thread/WARN]: **** SERVER IS RUNNING IN OFFLINE/INSECURE MODE!
[18:55:57] [Server thread/WARN]: The server will make no attempt to authenticate usernames. Beware.
[18:55:57] [Server thread/WARN]: While this makes the game possible to play without internet access, it also opens up the ability for hackers to connect with any username they choose.
[18:55:57] [Server thread/WARN]: To change this, set "online-mode" to "true" in the server.properties file.
[18:55:57] [Server thread/INFO]: **** Beginning UUID conversion, this may take A LONG time ****
[18:55:58] [Server thread/INFO]: Preparing level "world"
[18:55:58] [Server thread/INFO]: -------- World Settings For [world] --------
[18:55:58] [Server thread/INFO]: Allow Zombie Pigmen to spawn from portal blocks: true
[18:55:58] [Server thread/INFO]: Item Merge Radius: 2.5
[18:55:58] [Server thread/INFO]: Item Despawn Rate: 6000
[18:55:58] [Server thread/INFO]: View Distance: 10
[18:55:58] [Server thread/INFO]: Arrow Despawn Rate: 1200
[18:55:58] [Server thread/INFO]: Experience Merge Radius: 3.0
[18:55:58] [Server thread/INFO]: Zombie Aggressive Towards Villager: true
[18:55:58] [Server thread/INFO]: Chunks to Grow per Tick: 650
[18:55:58] [Server thread/INFO]: Clear tick list: false
[18:55:58] [Server thread/INFO]: Mob Spawn Range: 4
[18:55:58] [Server thread/INFO]: Nerfing mobs spawned from spawners: false
[18:55:58] [Server thread/INFO]: Cactus Growth Modifier: 100%
[18:55:58] [Server thread/INFO]: Cane Growth Modifier: 100%
[18:55:58] [Server thread/INFO]: Melon Growth Modifier: 100%
[18:55:58] [Server thread/INFO]: Mushroom Growth Modifier: 100%
[18:55:58] [Server thread/INFO]: Pumpkin Growth Modifier: 100%
[18:55:58] [Server thread/INFO]: Sapling Growth Modifier: 100%
[18:55:58] [Server thread/INFO]: Wheat Growth Modifier: 100%
[18:55:58] [Server thread/INFO]: NetherWart Growth Modifier: 100%
[18:55:58] [Server thread/INFO]: Entity Tracking Range: Pl 48 / An 48 / Mo 48 / Mi 32 / Other 64
[18:55:58] [Server thread/INFO]: Random Lighting Updates: false
[18:55:58] [Server thread/INFO]: Entity Activation Range: An 32 / Mo 32 / Mi 16
[18:55:58] [Server thread/INFO]: Structure Info Saving: true
[18:55:58] [Server thread/INFO]: Max TNT Explosions: 100
[18:55:58] [Server thread/INFO]: Sending up to 10 chunks per packet
[18:55:58] [Server thread/INFO]: Tile Max Tick Time: 50ms Entity max Tick Time: 50ms
[18:55:58] [Server thread/INFO]: Custom Map Seeds:  Village: 10387312 Feature: 14357617
[18:55:58] [Server thread/INFO]: Max Entity Collisions: 8
[18:55:58] [Server thread/INFO]: Hopper Transfer: 8 Hopper Check: 8 Hopper Amount: 1
[18:55:58] [Server thread/INFO]: Anti X-Ray: true
[18:55:58] [Server thread/INFO]: 	Engine Mode: 1
[18:55:58] [Server thread/INFO]: 	Hidden Blocks: [14, 15, 16, 21, 48, 49, 54, 56, 73, 74, 82, 129, 130]
[18:55:58] [Server thread/INFO]: 	Replace Blocks: [1, 5]
[18:55:58] [Server thread/INFO]: -------- World Settings For [world_nether] --------
[18:55:58] [Server thread/INFO]: Allow Zombie Pigmen to spawn from portal blocks: true
[18:55:58] [Server thread/INFO]: Item Merge Radius: 2.5
[18:55:58] [Server thread/INFO]: Item Despawn Rate: 6000
[18:55:58] [Server thread/INFO]: View Distance: 10
[18:55:58] [Server thread/INFO]: Arrow Despawn Rate: 1200
[18:55:58] [Server thread/INFO]: Experience Merge Radius: 3.0
[18:55:58] [Server thread/INFO]: Zombie Aggressive Towards Villager: true
[18:55:58] [Server thread/INFO]: Chunks to Grow per Tick: 650
[18:55:58] [Server thread/INFO]: Clear tick list: false
[18:55:58] [Server thread/INFO]: Mob Spawn Range: 4
[18:55:58] [Server thread/INFO]: Nerfing mobs spawned from spawners: false
[18:55:58] [Server thread/INFO]: Cactus Growth Modifier: 100%
[18:55:58] [Server thread/INFO]: Cane Growth Modifier: 100%
[18:55:58] [Server thread/INFO]: Melon Growth Modifier: 100%
[18:55:58] [Server thread/INFO]: Mushroom Growth Modifier: 100%
[18:55:58] [Server thread/INFO]: Pumpkin Growth Modifier: 100%
[18:55:58] [Server thread/INFO]: Sapling Growth Modifier: 100%
[18:55:58] [Server thread/INFO]: Wheat Growth Modifier: 100%
[18:55:58] [Server thread/INFO]: NetherWart Growth Modifier: 100%
[18:55:58] [Server thread/INFO]: Entity Tracking Range: Pl 48 / An 48 / Mo 48 / Mi 32 / Other 64
[18:55:58] [Server thread/INFO]: Random Lighting Updates: false
[18:55:58] [Server thread/INFO]: Entity Activation Range: An 32 / Mo 32 / Mi 16
[18:55:58] [Server thread/INFO]: Structure Info Saving: true
[18:55:58] [Server thread/INFO]: Max TNT Explosions: 100
[18:55:58] [Server thread/INFO]: Sending up to 10 chunks per packet
[18:55:58] [Server thread/INFO]: Tile Max Tick Time: 50ms Entity max Tick Time: 50ms
[18:55:58] [Server thread/INFO]: Custom Map Seeds:  Village: 10387312 Feature: 14357617
[18:55:58] [Server thread/INFO]: Max Entity Collisions: 8
[18:55:58] [Server thread/INFO]: Hopper Transfer: 8 Hopper Check: 8 Hopper Amount: 1
[18:55:58] [Server thread/INFO]: Anti X-Ray: true
[18:55:58] [Server thread/INFO]: 	Engine Mode: 1
[18:55:58] [Server thread/INFO]: 	Hidden Blocks: [14, 15, 16, 21, 48, 49, 54, 56, 73, 74, 82, 129, 130]
[18:55:58] [Server thread/INFO]: 	Replace Blocks: [1, 5]
[18:55:58] [Server thread/INFO]: -------- World Settings For [world_the_end] --------
[18:55:58] [Server thread/INFO]: Allow Zombie Pigmen to spawn from portal blocks: true
[18:55:58] [Server thread/INFO]: Item Merge Radius: 2.5
[18:55:58] [Server thread/INFO]: Item Despawn Rate: 6000
[18:55:58] [Server thread/INFO]: View Distance: 10
[18:55:58] [Server thread/INFO]: Arrow Despawn Rate: 1200
[18:55:58] [Server thread/INFO]: Experience Merge Radius: 3.0
[18:55:58] [Server thread/INFO]: Zombie Aggressive Towards Villager: true
[18:55:58] [Server thread/INFO]: Chunks to Grow per Tick: 650
[18:55:58] [Server thread/INFO]: Clear tick list: false
[18:55:58] [Server thread/INFO]: Mob Spawn Range: 4
[18:55:58] [Server thread/INFO]: Nerfing mobs spawned from spawners: false
[18:55:58] [Server thread/INFO]: Cactus Growth Modifier: 100%
[18:55:58] [Server thread/INFO]: Cane Growth Modifier: 100%
[18:55:58] [Server thread/INFO]: Melon Growth Modifier: 100%
[18:55:58] [Server thread/INFO]: Mushroom Growth Modifier: 100%
[18:55:58] [Server thread/INFO]: Pumpkin Growth Modifier: 100%
[18:55:58] [Server thread/INFO]: Sapling Growth Modifier: 100%
[18:55:58] [Server thread/INFO]: Wheat Growth Modifier: 100%
[18:55:58] [Server thread/INFO]: NetherWart Growth Modifier: 100%
[18:55:58] [Server thread/INFO]: Entity Tracking Range: Pl 48 / An 48 / Mo 48 / Mi 32 / Other 64
[18:55:58] [Server thread/INFO]: Random Lighting Updates: false
[18:55:58] [Server thread/INFO]: Entity Activation Range: An 32 / Mo 32 / Mi 16
[18:55:58] [Server thread/INFO]: Structure Info Saving: true
[18:55:58] [Server thread/INFO]: Max TNT Explosions: 100
[18:55:58] [Server thread/INFO]: Sending up to 10 chunks per packet
[18:55:58] [Server thread/INFO]: Tile Max Tick Time: 50ms Entity max Tick Time: 50ms
[18:55:58] [Server thread/INFO]: Custom Map Seeds:  Village: 10387312 Feature: 14357617
[18:55:58] [Server thread/INFO]: Max Entity Collisions: 8
[18:55:58] [Server thread/INFO]: Hopper Transfer: 8 Hopper Check: 8 Hopper Amount: 1
[18:55:58] [Server thread/INFO]: Anti X-Ray: true
[18:55:58] [Server thread/INFO]: 	Engine Mode: 1
[18:55:58] [Server thread/INFO]: 	Hidden Blocks: [14, 15, 16, 21, 48, 49, 54, 56, 73, 74, 82, 129, 130]
[18:55:58] [Server thread/INFO]: 	Replace Blocks: [1, 5]
[18:55:58] [Server thread/INFO]: Preparing start region for level 0 (Seed: 376786508)
[18:55:59] [Server thread/INFO]: Preparing spawn area: 32%
[18:56:00] [Server thread/INFO]: Preparing spawn area: 83%
[18:56:00] [Server thread/INFO]: Preparing start region for level 1 (Seed: 4664712093828578505)
[18:56:01] [Server thread/INFO]: Preparing spawn area: 48%
[18:56:02] [Server thread/INFO]: Preparing spawn area: 98%
[18:56:02] [Server thread/INFO]: Preparing start region for level 2 (Seed: 4664712093828578505)
[18:56:03] [Server thread/INFO]: [WorldEdit] Enabling WorldEdit v6.1;no_git_id
[18:56:03] [Server thread/INFO]: WEPIF: Using the Bukkit Permissions API.
[18:56:03] [Server thread/INFO]: [WorldEdit] Using com.sk89q.worldedit.bukkit.adapter.impl.Spigot_v1_8_R3 as the Bukkit adapter
[18:56:04] [Server thread/INFO]: [Essentials] Enabling Essentials v2.0.1-b496
[18:56:04] [Server thread/INFO]: [Essentials] Using 1.8.3+ BlockStateMeta provider as mob spawner provider.
[18:56:04] [Server thread/INFO]: [Essentials] Using legacy item data provider as spawn egg provider.
[18:56:04] [Server thread/INFO]: [Essentials] Using legacy potion meta provider as potion meta provider.
[18:56:04] [Server thread/INFO]: Using locale en_US
[18:56:04] [Server thread/INFO]: [Essentials] Starting Metrics. Opt-out using the global bStats config.
[18:56:04] [Server thread/INFO]: [Essentials] Using superperms-based permissions.
[18:56:04] [Server thread/INFO]: [EssentialsProtect] Enabling EssentialsProtect v2.0.1-b496
[18:56:04] [Server thread/INFO]: [LoginSecurity] Enabling LoginSecurity v2.1.7
[18:56:04] [Server thread/INFO]: [LoginSecurity] Loading base translations from "en_us"
[18:56:04] [Server thread/INFO]: [LoginSecurity] Loading specified translations from "en_us"
[18:56:04] [Server thread/INFO]: [LoginSecurity] Connection to database....
[18:56:04] [Server thread/INFO]: DataSourcePool [LoginSecurityDB] autoCommit[false] transIsolation[SERIALIZABLE] min[2] max[20]
[18:56:04] [Server thread/INFO]: SubClassFactory parent ClassLoader [org.bukkit.plugin.java.PluginClassLoader]
[18:56:04] [Server thread/INFO]: Explicit Identity on com.lenis0012.bukkit.loginsecurity.storage.Migration but not supported by DB Platform - ignored
[18:56:04] [Server thread/INFO]: Explicit Identity on com.lenis0012.bukkit.loginsecurity.storage.ActionEntry but not supported by DB Platform - ignored
[18:56:04] [Server thread/INFO]: Explicit Identity on com.lenis0012.bukkit.loginsecurity.storage.PlayerInventory but not supported by DB Platform - ignored
[18:56:04] [Server thread/INFO]: Explicit Identity on com.lenis0012.bukkit.loginsecurity.storage.PlayerProfile but not supported by DB Platform - ignored
[18:56:04] [Server thread/INFO]: Explicit Identity on com.lenis0012.bukkit.loginsecurity.storage.PlayerLocation but not supported by DB Platform - ignored
[18:56:04] [Server thread/INFO]: Entities enhanced[0] subclassed[5]
[18:56:04] [Server thread/INFO]: [LoginSecurity] Checking database version...
[18:56:04] [Server thread/INFO]: [LoginSecurity] Applied 0 missing database upgrades.
[18:56:04] [Server thread/INFO]: [LoginSecurity] Registering commands...
[18:56:04] [Server thread/INFO]: [LoginSecurity] Registering listeners...
[18:56:04] [Server thread/INFO]: [EssentialsChat] Enabling EssentialsChat v2.0.1-b496
[18:56:05] [Server thread/INFO]: [EssentialsGeoIP] Enabling EssentialsGeoIP v2.0.1-b496
[18:56:05] [Server thread/INFO]: [EssentialsGeoIP] This product includes GeoLite data created by MaxMind, available from http://www.maxmind.com/.
[18:56:05] [Server thread/INFO]: [ViaVersion] Enabling ViaVersion v1.3.0
[18:56:05] [Server thread/INFO]: [SuperVanish] Enabling SuperVanish v5.4.1
[18:56:05] [Server thread/INFO]: [EasyBackup] Enabling EasyBackup v1.1.4
[18:56:05] [Server thread/INFO]: [EssentialsSpawn] Enabling EssentialsSpawn v2.0.1-b496
[18:56:05] [Server thread/INFO]: [WorldGuard] Enabling WorldGuard v6.1
[18:56:05] [Server thread/INFO]: [WorldGuard] (world) TNT ignition is PERMITTED.
[18:56:05] [Server thread/INFO]: [WorldGuard] (world) Lighters are PERMITTED.
[18:56:05] [Server thread/INFO]: [WorldGuard] (world) Lava fire is blocked.
[18:56:05] [Server thread/INFO]: [WorldGuard] (world) Fire spread is UNRESTRICTED.
[18:56:05] [Server thread/INFO]: [WorldGuard] Loaded configuration for world 'world'
[18:56:05] [Server thread/INFO]: [WorldGuard] (world_nether) TNT ignition is PERMITTED.
[18:56:05] [Server thread/INFO]: [WorldGuard] (world_nether) Lighters are PERMITTED.
[18:56:05] [Server thread/INFO]: [WorldGuard] (world_nether) Lava fire is blocked.
[18:56:05] [Server thread/INFO]: [WorldGuard] (world_nether) Fire spread is UNRESTRICTED.
[18:56:05] [Server thread/INFO]: [WorldGuard] Loaded configuration for world 'world_nether'
[18:56:05] [Server thread/INFO]: [WorldGuard] (world_the_end) TNT ignition is PERMITTED.
[18:56:05] [Server thread/INFO]: [WorldGuard] (world_the_end) Lighters are PERMITTED.
[18:56:05] [Server thread/INFO]: [WorldGuard] (world_the_end) Lava fire is blocked.
[18:56:05] [Server thread/INFO]: [WorldGuard] (world_the_end) Fire spread is UNRESTRICTED.
[18:56:05] [Server thread/INFO]: [WorldGuard] Loaded configuration for world 'world_the_end'
[18:56:05] [Server thread/INFO]: [WorldGuard] Loading region data...
[18:56:05] [Server thread/INFO]: [EssentialsXMPP] Enabling EssentialsXMPP v2.0.1-b496
[18:56:05] [Server thread/WARN]: config broken for xmpp
[18:56:05] [Server thread/INFO]: [LockettePro] Enabling LockettePro v2.9.0
[18:56:05] [Server thread/INFO]: Server permissions file permissions.yml is empty, ignoring it
[18:56:06] [Server thread/INFO]: Done (8.288s)! For help, type "help" or "?"
[18:56:06] [Server thread/INFO]: Starting remote control listener
[18:56:06] [RCON Listener #1/INFO]: RCON running on 0.0.0.0:42079
[18:56:06] [Server thread/INFO]: [ViaVersion] ViaVersion detected server version: 1.8.x(47)
[18:56:07] [Thread-17/WARN]: [mcMMO] The updater could not contact dev.bukkit.org for updating.
[18:56:07] [Thread-17/WARN]: [mcMMO] If you have not recently modified your configuration and this is the first time you are seeing this message, the site may be experiencing temporary downtime.
[18:56:07] [Server thread/WARN]: [ViaVersion] There is a newer version available: 1.6.0, you're on: 1.3.0
[19:39:23] [Server thread/INFO]: Starting minecraft server version 1.8.8
[19:39:23] [Server thread/INFO]: Loading properties
[19:39:23] [Server thread/INFO]: Default game type: SURVIVAL
[19:39:23] [Server thread/INFO]: This server is running CraftBukkit version git-Spigot-db6de12-18fbb24 (MC: 1.8.8) (Implementing API version 1.8.8-R0.1-SNAPSHOT)
[19:39:24] [Server thread/INFO]: Debug logging is disabled
[19:39:24] [Server thread/INFO]: Server Ping Player Sample Count: 12
[19:39:24] [Server thread/INFO]: Using 4 threads for Netty based IO
[19:39:24] [Server thread/INFO]: Generating keypair
[19:39:24] [Server thread/INFO]: Starting Minecraft server on *:42069
[19:39:24] [Server thread/INFO]: Using default channel type
[19:39:25] [Server thread/WARN]: **** FAILED TO BIND TO PORT!
[19:39:25] [Server thread/WARN]: The exception was: java.net.BindException: Address already in use: bind
[19:39:25] [Server thread/WARN]: Perhaps a server is already running on that port?
[19:39:25] [Server thread/INFO]: Stopping server
[19:39:25] [Server thread/INFO]: Saving players
