[14:29:28] [Server thread/INFO]: Starting minecraft server version 1.8.8
[14:29:29] [Server thread/INFO]: Loading properties
[14:29:29] [Server thread/INFO]: Default game type: SURVIVAL
[14:29:30] [Server thread/INFO]: This server is running CraftBukkit version git-Spigot-db6de12-18fbb24 (MC: 1.8.8) (Implementing API version 1.8.8-R0.1-SNAPSHOT)
[14:29:32] [Server thread/INFO]: Debug logging is disabled
[14:29:32] [Server thread/INFO]: Server Ping Player Sample Count: 12
[14:29:32] [Server thread/INFO]: Using 4 threads for Netty based IO
[14:29:32] [Server thread/INFO]: Generating keypair
[14:29:34] [Server thread/INFO]: Starting Minecraft server on *:42069
[14:29:34] [Server thread/INFO]: Using default channel type
[14:29:37] [Server thread/INFO]: Set PluginClassLoader as parallel capable
[14:29:37] [Server thread/ERROR]: ebean.properties not found
[14:29:38] [Server thread/INFO]: DataSourcePool [LoginSecurity] autoCommit[false] transIsolation[SERIALIZABLE] min[2] max[20]
[14:29:39] [Server thread/INFO]: SubClassFactory parent ClassLoader [org.bukkit.plugin.java.PluginClassLoader]
[14:29:41] [Server thread/INFO]: Explicit Identity on com.lenis0012.bukkit.loginsecurity.storage.Migration but not supported by DB Platform - ignored
[14:29:41] [Server thread/INFO]: Explicit Identity on com.lenis0012.bukkit.loginsecurity.storage.ActionEntry but not supported by DB Platform - ignored
[14:29:41] [Server thread/INFO]: Explicit Identity on com.lenis0012.bukkit.loginsecurity.storage.PlayerInventory but not supported by DB Platform - ignored
[14:29:41] [Server thread/INFO]: Explicit Identity on com.lenis0012.bukkit.loginsecurity.storage.PlayerLocation but not supported by DB Platform - ignored
[14:29:41] [Server thread/INFO]: Explicit Identity on com.lenis0012.bukkit.loginsecurity.storage.PlayerProfile but not supported by DB Platform - ignored
[14:29:42] [Server thread/INFO]: Entities enhanced[0] subclassed[5]
[14:29:42] [Server thread/ERROR]: Could not load 'plugins\EssentialsXChat-2.0.1.jar' in folder 'plugins'
org.bukkit.plugin.UnknownDependencyException: Essentials
	at org.bukkit.plugin.SimplePluginManager.loadPlugins(SimplePluginManager.java:219) [server.jar:git-Spigot-db6de12-18fbb24]
	at org.bukkit.craftbukkit.v1_8_R3.CraftServer.loadPlugins(CraftServer.java:292) [server.jar:git-Spigot-db6de12-18fbb24]
	at net.minecraft.server.v1_8_R3.DedicatedServer.init(DedicatedServer.java:198) [server.jar:git-Spigot-db6de12-18fbb24]
	at net.minecraft.server.v1_8_R3.MinecraftServer.run(MinecraftServer.java:525) [server.jar:git-Spigot-db6de12-18fbb24]
	at java.lang.Thread.run(Unknown Source) [?:1.8.0_191]
[14:29:42] [Server thread/INFO]: [mcMMO] Loading mcMMO v1.5.04-SNAPSHOT-b${BUILD_NUMBER}
[14:29:42] [Server thread/INFO]: [ViaVersion] Loading ViaVersion v1.3.0
[14:29:42] [Server thread/INFO]: [ViaVersion] ViaVersion 1.3.0 is now loaded, injecting!
[14:29:44] [Server thread/INFO]: [LockettePro] Loading LockettePro v2.9.0
[14:29:44] [Server thread/INFO]: [EasyBackup] Loading EasyBackup v1.1.4
[14:29:44] [Server thread/INFO]: [LoginSecurity] Loading LoginSecurity v2.1.7
[14:29:44] [Server thread/INFO]: [mcMMO] Enabling mcMMO v1.5.04-SNAPSHOT-b${BUILD_NUMBER}
[14:29:49] [Server thread/WARN]: **** SERVER IS RUNNING IN OFFLINE/INSECURE MODE!
[14:29:49] [Server thread/WARN]: The server will make no attempt to authenticate usernames. Beware.
[14:29:49] [Server thread/WARN]: While this makes the game possible to play without internet access, it also opens up the ability for hackers to connect with any username they choose.
[14:29:49] [Server thread/WARN]: To change this, set "online-mode" to "true" in the server.properties file.
[14:29:49] [Server thread/INFO]: **** Beginning UUID conversion, this may take A LONG time ****
[14:29:49] [Server thread/INFO]: Preparing level "world"
[14:29:50] [Server thread/INFO]: -------- World Settings For [world] --------
[14:29:50] [Server thread/INFO]: View Distance: 10
[14:29:50] [Server thread/INFO]: Item Despawn Rate: 6000
[14:29:50] [Server thread/INFO]: Item Merge Radius: 2.5
[14:29:50] [Server thread/INFO]: Arrow Despawn Rate: 1200
[14:29:50] [Server thread/INFO]: Allow Zombie Pigmen to spawn from portal blocks: true
[14:29:50] [Server thread/INFO]: Zombie Aggressive Towards Villager: true
[14:29:50] [Server thread/INFO]: Experience Merge Radius: 3.0
[14:29:50] [Server thread/INFO]: Chunks to Grow per Tick: 650
[14:29:50] [Server thread/INFO]: Clear tick list: false
[14:29:50] [Server thread/INFO]: Anti X-Ray: true
[14:29:50] [Server thread/INFO]: 	Engine Mode: 1
[14:29:50] [Server thread/INFO]: 	Hidden Blocks: [14, 15, 16, 21, 48, 49, 54, 56, 73, 74, 82, 129, 130]
[14:29:50] [Server thread/INFO]: 	Replace Blocks: [1, 5]
[14:29:50] [Server thread/INFO]: Hopper Transfer: 8 Hopper Check: 8 Hopper Amount: 1
[14:29:50] [Server thread/INFO]: Nerfing mobs spawned from spawners: false
[14:29:50] [Server thread/INFO]: Cactus Growth Modifier: 100%
[14:29:50] [Server thread/INFO]: Cane Growth Modifier: 100%
[14:29:50] [Server thread/INFO]: Melon Growth Modifier: 100%
[14:29:50] [Server thread/INFO]: Mushroom Growth Modifier: 100%
[14:29:50] [Server thread/INFO]: Pumpkin Growth Modifier: 100%
[14:29:50] [Server thread/INFO]: Sapling Growth Modifier: 100%
[14:29:50] [Server thread/INFO]: Wheat Growth Modifier: 100%
[14:29:50] [Server thread/INFO]: NetherWart Growth Modifier: 100%
[14:29:50] [Server thread/INFO]: Mob Spawn Range: 4
[14:29:50] [Server thread/INFO]: Structure Info Saving: true
[14:29:50] [Server thread/INFO]: Entity Tracking Range: Pl 48 / An 48 / Mo 48 / Mi 32 / Other 64
[14:29:50] [Server thread/INFO]: Sending up to 10 chunks per packet
[14:29:50] [Server thread/INFO]: Random Lighting Updates: false
[14:29:50] [Server thread/INFO]: Entity Activation Range: An 32 / Mo 32 / Mi 16
[14:29:50] [Server thread/INFO]: Tile Max Tick Time: 50ms Entity max Tick Time: 50ms
[14:29:50] [Server thread/INFO]: Max TNT Explosions: 100
[14:29:50] [Server thread/INFO]: Max Entity Collisions: 8
[14:29:50] [Server thread/INFO]: Custom Map Seeds:  Village: 10387312 Feature: 14357617
[14:29:51] [Server thread/INFO]: -------- World Settings For [world_nether] --------
[14:29:51] [Server thread/INFO]: View Distance: 10
[14:29:51] [Server thread/INFO]: Item Despawn Rate: 6000
[14:29:51] [Server thread/INFO]: Item Merge Radius: 2.5
[14:29:51] [Server thread/INFO]: Arrow Despawn Rate: 1200
[14:29:51] [Server thread/INFO]: Allow Zombie Pigmen to spawn from portal blocks: true
[14:29:51] [Server thread/INFO]: Zombie Aggressive Towards Villager: true
[14:29:51] [Server thread/INFO]: Experience Merge Radius: 3.0
[14:29:51] [Server thread/INFO]: Chunks to Grow per Tick: 650
[14:29:51] [Server thread/INFO]: Clear tick list: false
[14:29:51] [Server thread/INFO]: Anti X-Ray: true
[14:29:51] [Server thread/INFO]: 	Engine Mode: 1
[14:29:51] [Server thread/INFO]: 	Hidden Blocks: [14, 15, 16, 21, 48, 49, 54, 56, 73, 74, 82, 129, 130]
[14:29:51] [Server thread/INFO]: 	Replace Blocks: [1, 5]
[14:29:51] [Server thread/INFO]: Hopper Transfer: 8 Hopper Check: 8 Hopper Amount: 1
[14:29:51] [Server thread/INFO]: Nerfing mobs spawned from spawners: false
[14:29:51] [Server thread/INFO]: Cactus Growth Modifier: 100%
[14:29:51] [Server thread/INFO]: Cane Growth Modifier: 100%
[14:29:51] [Server thread/INFO]: Melon Growth Modifier: 100%
[14:29:51] [Server thread/INFO]: Mushroom Growth Modifier: 100%
[14:29:51] [Server thread/INFO]: Pumpkin Growth Modifier: 100%
[14:29:51] [Server thread/INFO]: Sapling Growth Modifier: 100%
[14:29:51] [Server thread/INFO]: Wheat Growth Modifier: 100%
[14:29:51] [Server thread/INFO]: NetherWart Growth Modifier: 100%
[14:29:51] [Server thread/INFO]: Mob Spawn Range: 4
[14:29:51] [Server thread/INFO]: Structure Info Saving: true
[14:29:51] [Server thread/INFO]: Entity Tracking Range: Pl 48 / An 48 / Mo 48 / Mi 32 / Other 64
[14:29:51] [Server thread/INFO]: Sending up to 10 chunks per packet
[14:29:51] [Server thread/INFO]: Random Lighting Updates: false
[14:29:51] [Server thread/INFO]: Entity Activation Range: An 32 / Mo 32 / Mi 16
[14:29:51] [Server thread/INFO]: Tile Max Tick Time: 50ms Entity max Tick Time: 50ms
[14:29:51] [Server thread/INFO]: Max TNT Explosions: 100
[14:29:51] [Server thread/INFO]: Max Entity Collisions: 8
[14:29:51] [Server thread/INFO]: Custom Map Seeds:  Village: 10387312 Feature: 14357617
[14:29:51] [Server thread/INFO]: -------- World Settings For [world_the_end] --------
[14:29:51] [Server thread/INFO]: View Distance: 10
[14:29:51] [Server thread/INFO]: Item Despawn Rate: 6000
[14:29:51] [Server thread/INFO]: Item Merge Radius: 2.5
[14:29:51] [Server thread/INFO]: Arrow Despawn Rate: 1200
[14:29:51] [Server thread/INFO]: Allow Zombie Pigmen to spawn from portal blocks: true
[14:29:51] [Server thread/INFO]: Zombie Aggressive Towards Villager: true
[14:29:51] [Server thread/INFO]: Experience Merge Radius: 3.0
[14:29:51] [Server thread/INFO]: Chunks to Grow per Tick: 650
[14:29:51] [Server thread/INFO]: Clear tick list: false
[14:29:51] [Server thread/INFO]: Anti X-Ray: true
[14:29:51] [Server thread/INFO]: 	Engine Mode: 1
[14:29:51] [Server thread/INFO]: 	Hidden Blocks: [14, 15, 16, 21, 48, 49, 54, 56, 73, 74, 82, 129, 130]
[14:29:51] [Server thread/INFO]: 	Replace Blocks: [1, 5]
[14:29:51] [Server thread/INFO]: Hopper Transfer: 8 Hopper Check: 8 Hopper Amount: 1
[14:29:51] [Server thread/INFO]: Nerfing mobs spawned from spawners: false
[14:29:51] [Server thread/INFO]: Cactus Growth Modifier: 100%
[14:29:51] [Server thread/INFO]: Cane Growth Modifier: 100%
[14:29:51] [Server thread/INFO]: Melon Growth Modifier: 100%
[14:29:51] [Server thread/INFO]: Mushroom Growth Modifier: 100%
[14:29:51] [Server thread/INFO]: Pumpkin Growth Modifier: 100%
[14:29:51] [Server thread/INFO]: Sapling Growth Modifier: 100%
[14:29:51] [Server thread/INFO]: Wheat Growth Modifier: 100%
[14:29:51] [Server thread/INFO]: NetherWart Growth Modifier: 100%
[14:29:51] [Server thread/INFO]: Mob Spawn Range: 4
[14:29:51] [Server thread/INFO]: Structure Info Saving: true
[14:29:51] [Server thread/INFO]: Entity Tracking Range: Pl 48 / An 48 / Mo 48 / Mi 32 / Other 64
[14:29:51] [Server thread/INFO]: Sending up to 10 chunks per packet
[14:29:51] [Server thread/INFO]: Random Lighting Updates: false
[14:29:51] [Server thread/INFO]: Entity Activation Range: An 32 / Mo 32 / Mi 16
[14:29:51] [Server thread/INFO]: Tile Max Tick Time: 50ms Entity max Tick Time: 50ms
[14:29:51] [Server thread/INFO]: Max TNT Explosions: 100
[14:29:51] [Server thread/INFO]: Max Entity Collisions: 8
[14:29:51] [Server thread/INFO]: Custom Map Seeds:  Village: 10387312 Feature: 14357617
[14:29:51] [Server thread/INFO]: Preparing start region for level 0 (Seed: 376786508)
[14:29:52] [Server thread/INFO]: Preparing spawn area: 0%
[14:29:53] [Server thread/INFO]: Preparing spawn area: 13%
[14:29:54] [Server thread/INFO]: Preparing spawn area: 30%
[14:29:56] [Server thread/INFO]: Preparing spawn area: 44%
[14:29:57] [Server thread/INFO]: Preparing spawn area: 57%
[14:29:58] [Server thread/INFO]: Preparing spawn area: 72%
[14:29:59] [Server thread/INFO]: Preparing spawn area: 86%
[14:29:59] [Server thread/INFO]: Preparing start region for level 1 (Seed: 4664712093828578505)
[14:30:00] [Server thread/INFO]: Preparing spawn area: 4%
[14:30:01] [Server thread/INFO]: Preparing spawn area: 20%
[14:30:02] [Server thread/INFO]: Preparing spawn area: 36%
[14:30:04] [Server thread/INFO]: Preparing spawn area: 48%
[14:30:05] [Server thread/INFO]: Preparing spawn area: 51%
[14:30:06] [Server thread/INFO]: Preparing spawn area: 58%
[14:30:07] [Server thread/INFO]: Preparing spawn area: 66%
[14:30:08] [Server thread/INFO]: Preparing spawn area: 79%
[14:30:09] [Server thread/INFO]: Preparing spawn area: 92%
[14:30:09] [Server thread/INFO]: Preparing start region for level 2 (Seed: 4664712093828578505)
[14:30:10] [Server thread/INFO]: Preparing spawn area: 29%
[14:30:11] [Server thread/INFO]: Preparing spawn area: 49%
[14:30:12] [Server thread/INFO]: [ViaVersion] Enabling ViaVersion v1.3.0
[14:30:12] [Server thread/INFO]: [LockettePro] Enabling LockettePro v2.9.0
[14:30:12] [Server thread/INFO]: [EasyBackup] Enabling EasyBackup v1.1.4
[14:30:13] [Server thread/INFO]: [LoginSecurity] Enabling LoginSecurity v2.1.7
[14:30:13] [Server thread/INFO]: [LoginSecurity] Loading base translations from "en_us"
[14:30:13] [Server thread/INFO]: [LoginSecurity] Loading specified translations from "en_us"
[14:30:13] [Server thread/INFO]: [LoginSecurity] Connection to database....
[14:30:13] [Server thread/INFO]: DataSourcePool [LoginSecurityDB] autoCommit[false] transIsolation[SERIALIZABLE] min[2] max[20]
[14:30:13] [Server thread/INFO]: SubClassFactory parent ClassLoader [org.bukkit.plugin.java.PluginClassLoader]
[14:30:13] [Server thread/INFO]: Explicit Identity on com.lenis0012.bukkit.loginsecurity.storage.Migration but not supported by DB Platform - ignored
[14:30:13] [Server thread/INFO]: Explicit Identity on com.lenis0012.bukkit.loginsecurity.storage.ActionEntry but not supported by DB Platform - ignored
[14:30:13] [Server thread/INFO]: Explicit Identity on com.lenis0012.bukkit.loginsecurity.storage.PlayerInventory but not supported by DB Platform - ignored
[14:30:13] [Server thread/INFO]: Explicit Identity on com.lenis0012.bukkit.loginsecurity.storage.PlayerLocation but not supported by DB Platform - ignored
[14:30:13] [Server thread/INFO]: Explicit Identity on com.lenis0012.bukkit.loginsecurity.storage.PlayerProfile but not supported by DB Platform - ignored
[14:30:13] [Server thread/INFO]: Entities enhanced[0] subclassed[5]
[14:30:13] [Server thread/INFO]: [LoginSecurity] Checking database version...
[14:30:14] [Server thread/INFO]: [LoginSecurity] Applied 0 missing database upgrades.
[14:30:14] [Server thread/INFO]: [LoginSecurity] Registering commands...
[14:30:14] [Server thread/INFO]: [LoginSecurity] Registering listeners...
[14:30:14] [Server thread/INFO]: Server permissions file permissions.yml is empty, ignoring it
[14:30:14] [Server thread/INFO]: Done (25.212s)! For help, type "help" or "?"
[14:30:14] [Server thread/INFO]: Starting remote control listener
[14:30:14] [RCON Listener #1/INFO]: RCON running on 0.0.0.0:42079
[14:30:15] [Server thread/INFO]: [ViaVersion] ViaVersion detected server version: 1.8.x(47)
[14:30:15] [Server thread/WARN]: [ViaVersion] There is a newer version available: 1.6.0, you're on: 1.3.0
[14:30:17] [Thread-14/WARN]: [mcMMO] The updater could not contact dev.bukkit.org for updating.
[14:30:17] [Thread-14/WARN]: [mcMMO] If you have not recently modified your configuration and this is the first time you are seeing this message, the site may be experiencing temporary downtime.
[15:31:16] [Thread-15/INFO]: [0;32;1m[EasyBackup] Starting server backup from: C:\Users\qthuynh\OneDrive - Gates Chili CSD\STUFFIZZLES\Zoinks\.[m
[15:31:16] [Thread-15/INFO]: [0;32;1m[EasyBackup] Backup: 0% 0/57 MB Saved.[m
[15:31:17] [Thread-15/INFO]: [0;32;1m[EasyBackup] Backup: 3% 1/57 MB Saved.[m
[15:31:17] [Thread-15/INFO]: [0;32;1m[EasyBackup] Backup: 12% 7/57 MB Saved.[m
[15:31:19] [Thread-15/INFO]: [0;32;1m[EasyBackup] Backup: 13% 7/57 MB Saved.[m
[15:31:19] [Thread-15/INFO]: [0;32;1m[EasyBackup] Backup: 15% 8/57 MB Saved.[m
[15:31:20] [Thread-15/INFO]: [0;32;1m[EasyBackup] Backup: 18% 10/57 MB Saved.[m
[15:31:20] [Thread-15/INFO]: [0;32;1m[EasyBackup] Backup: 51% 29/57 MB Saved.[m
[15:31:27] [Thread-15/INFO]: [0;32;1m[EasyBackup] Backup: 52% 30/57 MB Saved.[m
[15:31:27] [Thread-15/INFO]: [0;32;1m[EasyBackup] Backup: 58% 33/57 MB Saved.[m
[15:31:28] [Thread-15/INFO]: [0;32;1m[EasyBackup] Backup: 63% 36/57 MB Saved.[m
[15:31:29] [Thread-15/INFO]: [0;32;1m[EasyBackup] Backup: 64% 37/57 MB Saved.[m
[15:31:29] [Thread-15/INFO]: [0;32;1m[EasyBackup] Backup: 65% 37/57 MB Saved.[m
[15:31:29] [Thread-15/INFO]: [0;32;1m[EasyBackup] Backup: 73% 42/57 MB Saved.[m
[15:31:31] [Thread-15/INFO]: [0;32;1m[EasyBackup] Backup: 82% 47/57 MB Saved.[m
[15:31:32] [Thread-15/INFO]: [0;32;1m[EasyBackup] Backup: 83% 47/57 MB Saved.[m
[15:31:32] [Thread-15/INFO]: [0;32;1m[EasyBackup] Backup: 84% 48/57 MB Saved.[m
[15:31:33] [Thread-15/INFO]: [0;32;1m[EasyBackup] Backup: 85% 49/57 MB Saved.[m
[15:31:33] [Thread-15/INFO]: [0;32;1m[EasyBackup] Backup: 86% 49/57 MB Saved.[m
[15:31:33] [Thread-15/INFO]: [0;32;1m[EasyBackup] Backup: 87% 50/57 MB Saved.[m
[15:31:33] [Thread-15/INFO]: [0;32;1m[EasyBackup] Backup: 88% 51/57 MB Saved.[m
[15:31:33] [Thread-15/INFO]: [0;32;1m[EasyBackup] Backup: 89% 51/57 MB Saved.[m
[15:31:33] [Thread-15/INFO]: [0;32;1m[EasyBackup] Backup: 90% 52/57 MB Saved.[m
[15:31:33] [Thread-15/INFO]: [0;32;1m[EasyBackup] Backup: 91% 52/57 MB Saved.[m
[15:31:34] [Thread-15/INFO]: [0;32;1m[EasyBackup] Backup: 92% 53/57 MB Saved.[m
[15:31:34] [Thread-15/INFO]: [0;32;1m[EasyBackup] Backup: 93% 54/57 MB Saved.[m
[15:31:34] [Thread-15/INFO]: [0;32;1m[EasyBackup] Backup: 94% 54/57 MB Saved.[m
[15:31:34] [Thread-15/INFO]: [0;32;1m[EasyBackup] Backup: 95% 55/57 MB Saved.[m
[15:31:34] [Thread-15/INFO]: [0;32;1m[EasyBackup] Backup: 97% 56/57 MB Saved.[m
[15:31:34] [Thread-15/INFO]: [0;32;1m[EasyBackup] Backup: 98% 56/57 MB Saved.[m
[15:31:34] [Thread-15/INFO]: [0;32;1m[EasyBackup] Backup: 99% 57/57 MB Saved.[m
[15:31:34] [Thread-15/INFO]: [0;32;1m[EasyBackup] Backup: 100% 57/57 MB Saved.[m
[15:31:35] [Thread-15/INFO]: [0;32;1m[EasyBackup] Backup saved![m
[16:31:37] [Thread-16/INFO]: [0;32;1m[EasyBackup] Starting server backup from: C:\Users\qthuynh\OneDrive - Gates Chili CSD\STUFFIZZLES\Zoinks\.[m
[16:31:37] [Thread-16/INFO]: [0;32;1m[EasyBackup] Backup: 0% 0/57 MB Saved.[m
[16:31:38] [Thread-16/INFO]: [0;32;1m[EasyBackup] Backup: 3% 1/57 MB Saved.[m
[16:31:38] [Thread-16/INFO]: [0;32;1m[EasyBackup] Backup: 12% 7/57 MB Saved.[m
[16:31:40] [Thread-16/INFO]: [0;32;1m[EasyBackup] Backup: 13% 7/57 MB Saved.[m
[16:31:40] [Thread-16/INFO]: [0;32;1m[EasyBackup] Backup: 15% 8/57 MB Saved.[m
[16:31:41] [Thread-16/INFO]: [0;32;1m[EasyBackup] Backup: 18% 10/57 MB Saved.[m
[16:31:41] [Thread-16/INFO]: [0;32;1m[EasyBackup] Backup: 51% 29/57 MB Saved.[m
[16:31:48] [Thread-16/INFO]: [0;32;1m[EasyBackup] Backup: 52% 30/57 MB Saved.[m
[16:31:48] [Thread-16/INFO]: [0;32;1m[EasyBackup] Backup: 58% 33/57 MB Saved.[m
[16:31:49] [Thread-16/INFO]: [0;32;1m[EasyBackup] Backup: 63% 36/57 MB Saved.[m
[16:31:50] [Thread-16/INFO]: [0;32;1m[EasyBackup] Backup: 64% 37/57 MB Saved.[m
[16:31:50] [Thread-16/INFO]: [0;32;1m[EasyBackup] Backup: 65% 37/57 MB Saved.[m
[16:31:50] [Thread-16/INFO]: [0;32;1m[EasyBackup] Backup: 73% 42/57 MB Saved.[m
[16:31:52] [Thread-16/INFO]: [0;32;1m[EasyBackup] Backup: 82% 47/57 MB Saved.[m
[16:31:53] [Thread-16/INFO]: [0;32;1m[EasyBackup] Backup: 83% 47/57 MB Saved.[m
[16:31:53] [Thread-16/INFO]: [0;32;1m[EasyBackup] Backup: 84% 48/57 MB Saved.[m
[16:31:53] [Thread-16/INFO]: [0;32;1m[EasyBackup] Backup: 85% 49/57 MB Saved.[m
[16:31:54] [Thread-16/INFO]: [0;32;1m[EasyBackup] Backup: 86% 49/57 MB Saved.[m
[16:31:54] [Thread-16/INFO]: [0;32;1m[EasyBackup] Backup: 87% 50/57 MB Saved.[m
[16:31:54] [Thread-16/INFO]: [0;32;1m[EasyBackup] Backup: 88% 51/57 MB Saved.[m
[16:31:54] [Thread-16/INFO]: [0;32;1m[EasyBackup] Backup: 89% 51/57 MB Saved.[m
[16:31:54] [Thread-16/INFO]: [0;32;1m[EasyBackup] Backup: 90% 52/57 MB Saved.[m
[16:31:54] [Thread-16/INFO]: [0;32;1m[EasyBackup] Backup: 91% 53/57 MB Saved.[m
[16:31:55] [Thread-16/INFO]: [0;32;1m[EasyBackup] Backup: 92% 53/57 MB Saved.[m
[16:31:55] [Thread-16/INFO]: [0;32;1m[EasyBackup] Backup: 93% 54/57 MB Saved.[m
[16:31:55] [Thread-16/INFO]: [0;32;1m[EasyBackup] Backup: 94% 54/57 MB Saved.[m
[16:31:55] [Thread-16/INFO]: [0;32;1m[EasyBackup] Backup: 95% 55/57 MB Saved.[m
[16:31:55] [Thread-16/INFO]: [0;32;1m[EasyBackup] Backup: 97% 56/57 MB Saved.[m
[16:31:55] [Thread-16/INFO]: [0;32;1m[EasyBackup] Backup: 98% 56/57 MB Saved.[m
[16:31:55] [Thread-16/INFO]: [0;32;1m[EasyBackup] Backup: 99% 57/57 MB Saved.[m
[16:31:55] [Thread-16/INFO]: [0;32;1m[EasyBackup] Backup: 100% 57/57 MB Saved.[m
[16:31:56] [Thread-16/INFO]: [0;32;1m[EasyBackup] Backup saved![m
[17:31:58] [Thread-17/INFO]: [0;32;1m[EasyBackup] Starting server backup from: C:\Users\qthuynh\OneDrive - Gates Chili CSD\STUFFIZZLES\Zoinks\.[m
[17:31:58] [Thread-17/INFO]: [0;32;1m[EasyBackup] Backup: 0% 0/57 MB Saved.[m
[17:31:58] [Thread-17/INFO]: [0;32;1m[EasyBackup] Backup: 3% 1/57 MB Saved.[m
[17:31:59] [Thread-17/INFO]: [0;32;1m[EasyBackup] Backup: 4% 2/57 MB Saved.[m
[17:31:59] [Thread-17/INFO]: [0;32;1m[EasyBackup] Backup: 12% 7/57 MB Saved.[m
[17:32:01] [Thread-17/INFO]: [0;32;1m[EasyBackup] Backup: 13% 7/57 MB Saved.[m
[17:32:01] [Thread-17/INFO]: [0;32;1m[EasyBackup] Backup: 15% 8/57 MB Saved.[m
[17:32:01] [Thread-17/INFO]: [0;32;1m[EasyBackup] Backup: 18% 10/57 MB Saved.[m
[17:32:02] [Thread-17/INFO]: [0;32;1m[EasyBackup] Backup: 51% 29/57 MB Saved.[m
[17:32:08] [Thread-17/INFO]: [0;32;1m[EasyBackup] Backup: 52% 30/57 MB Saved.[m
[17:32:08] [Thread-17/INFO]: [0;32;1m[EasyBackup] Backup: 58% 33/57 MB Saved.[m
[17:32:09] [Thread-17/INFO]: [0;32;1m[EasyBackup] Backup: 63% 36/57 MB Saved.[m
[17:32:10] [Thread-17/INFO]: [0;32;1m[EasyBackup] Backup: 64% 37/57 MB Saved.[m
[17:32:10] [Thread-17/INFO]: [0;32;1m[EasyBackup] Backup: 65% 37/57 MB Saved.[m
[17:32:11] [Thread-17/INFO]: [0;32;1m[EasyBackup] Backup: 73% 42/57 MB Saved.[m
[17:32:12] [Thread-17/INFO]: [0;32;1m[EasyBackup] Backup: 82% 47/57 MB Saved.[m
[17:32:13] [Thread-17/INFO]: [0;32;1m[EasyBackup] Backup: 83% 47/57 MB Saved.[m
[17:32:14] [Thread-17/INFO]: [0;32;1m[EasyBackup] Backup: 84% 48/57 MB Saved.[m
[17:32:14] [Thread-17/INFO]: [0;32;1m[EasyBackup] Backup: 85% 49/57 MB Saved.[m
[17:32:14] [Thread-17/INFO]: [0;32;1m[EasyBackup] Backup: 86% 49/57 MB Saved.[m
[17:32:14] [Thread-17/INFO]: [0;32;1m[EasyBackup] Backup: 87% 50/57 MB Saved.[m
[17:32:14] [Thread-17/INFO]: [0;32;1m[EasyBackup] Backup: 88% 51/57 MB Saved.[m
[17:32:14] [Thread-17/INFO]: [0;32;1m[EasyBackup] Backup: 89% 51/57 MB Saved.[m
[17:32:14] [Thread-17/INFO]: [0;32;1m[EasyBackup] Backup: 90% 52/57 MB Saved.[m
[17:32:15] [Thread-17/INFO]: [0;32;1m[EasyBackup] Backup: 91% 53/57 MB Saved.[m
[17:32:15] [Thread-17/INFO]: [0;32;1m[EasyBackup] Backup: 92% 53/57 MB Saved.[m
[17:32:15] [Thread-17/INFO]: [0;32;1m[EasyBackup] Backup: 93% 54/57 MB Saved.[m
[17:32:15] [Thread-17/INFO]: [0;32;1m[EasyBackup] Backup: 94% 54/57 MB Saved.[m
[17:32:15] [Thread-17/INFO]: [0;32;1m[EasyBackup] Backup: 95% 55/57 MB Saved.[m
[17:32:15] [Thread-17/INFO]: [0;32;1m[EasyBackup] Backup: 97% 56/57 MB Saved.[m
[17:32:15] [Thread-17/INFO]: [0;32;1m[EasyBackup] Backup: 98% 56/57 MB Saved.[m
[17:32:15] [Thread-17/INFO]: [0;32;1m[EasyBackup] Backup: 99% 57/57 MB Saved.[m
[17:32:15] [Thread-17/INFO]: [0;32;1m[EasyBackup] Backup: 100% 57/57 MB Saved.[m
[17:32:16] [Thread-17/INFO]: [0;32;1m[EasyBackup] Backup saved![m
[18:32:19] [Thread-18/INFO]: [0;32;1m[EasyBackup] Starting server backup from: C:\Users\qthuynh\OneDrive - Gates Chili CSD\STUFFIZZLES\Zoinks\.[m
[18:32:19] [Thread-18/INFO]: [0;32;1m[EasyBackup] Backup: 0% 0/57 MB Saved.[m
[18:32:19] [Thread-18/INFO]: [0;32;1m[EasyBackup] Backup: 3% 1/57 MB Saved.[m
[18:32:20] [Thread-18/INFO]: [0;32;1m[EasyBackup] Backup: 4% 2/57 MB Saved.[m
[18:32:20] [Thread-18/INFO]: [0;32;1m[EasyBackup] Backup: 12% 7/57 MB Saved.[m
[18:32:22] [Thread-18/INFO]: [0;32;1m[EasyBackup] Backup: 13% 7/57 MB Saved.[m
[18:32:22] [Thread-18/INFO]: [0;32;1m[EasyBackup] Backup: 15% 8/57 MB Saved.[m
[18:32:22] [Thread-18/INFO]: [0;32;1m[EasyBackup] Backup: 18% 10/57 MB Saved.[m
[18:32:23] [Thread-18/INFO]: [0;32;1m[EasyBackup] Backup: 51% 29/57 MB Saved.[m
[18:32:29] [Thread-18/INFO]: [0;32;1m[EasyBackup] Backup: 52% 30/57 MB Saved.[m
[18:32:30] [Thread-18/INFO]: [0;32;1m[EasyBackup] Backup: 58% 33/57 MB Saved.[m
[18:32:30] [Thread-18/INFO]: [0;32;1m[EasyBackup] Backup: 63% 36/57 MB Saved.[m
[18:32:31] [Thread-18/INFO]: [0;32;1m[EasyBackup] Backup: 64% 37/57 MB Saved.[m
[18:32:32] [Thread-18/INFO]: [0;32;1m[EasyBackup] Backup: 65% 37/57 MB Saved.[m
[18:32:32] [Thread-18/INFO]: [0;32;1m[EasyBackup] Backup: 73% 42/57 MB Saved.[m
[18:32:33] [Thread-18/INFO]: [0;32;1m[EasyBackup] Backup: 82% 47/57 MB Saved.[m
[18:32:34] [Thread-18/INFO]: [0;32;1m[EasyBackup] Backup: 83% 47/57 MB Saved.[m
[18:32:35] [Thread-18/INFO]: [0;32;1m[EasyBackup] Backup: 84% 48/57 MB Saved.[m
[18:32:35] [Thread-18/INFO]: [0;32;1m[EasyBackup] Backup: 85% 49/57 MB Saved.[m
[18:32:35] [Thread-18/INFO]: [0;32;1m[EasyBackup] Backup: 86% 49/57 MB Saved.[m
[18:32:35] [Thread-18/INFO]: [0;32;1m[EasyBackup] Backup: 87% 50/57 MB Saved.[m
[18:32:35] [Thread-18/INFO]: [0;32;1m[EasyBackup] Backup: 88% 51/57 MB Saved.[m
[18:32:35] [Thread-18/INFO]: [0;32;1m[EasyBackup] Backup: 89% 51/57 MB Saved.[m
[18:32:36] [Thread-18/INFO]: [0;32;1m[EasyBackup] Backup: 90% 52/57 MB Saved.[m
[18:32:36] [Thread-18/INFO]: [0;32;1m[EasyBackup] Backup: 91% 53/57 MB Saved.[m
[18:32:36] [Thread-18/INFO]: [0;32;1m[EasyBackup] Backup: 92% 53/57 MB Saved.[m
[18:32:36] [Thread-18/INFO]: [0;32;1m[EasyBackup] Backup: 93% 54/57 MB Saved.[m
[18:32:36] [Thread-18/INFO]: [0;32;1m[EasyBackup] Backup: 94% 54/57 MB Saved.[m
[18:32:36] [Thread-18/INFO]: [0;32;1m[EasyBackup] Backup: 95% 55/57 MB Saved.[m
[18:32:36] [Thread-18/INFO]: [0;32;1m[EasyBackup] Backup: 97% 56/57 MB Saved.[m
[18:32:36] [Thread-18/INFO]: [0;32;1m[EasyBackup] Backup: 98% 56/57 MB Saved.[m
[18:32:36] [Thread-18/INFO]: [0;32;1m[EasyBackup] Backup: 99% 57/57 MB Saved.[m
[18:32:36] [Thread-18/INFO]: [0;32;1m[EasyBackup] Backup: 100% 57/57 MB Saved.[m
[18:32:37] [Thread-18/INFO]: [0;32;1m[EasyBackup] Backup saved![m
[19:32:39] [Thread-19/INFO]: [0;32;1m[EasyBackup] Starting server backup from: C:\Users\qthuynh\OneDrive - Gates Chili CSD\STUFFIZZLES\Zoinks\.[m
[19:32:40] [Thread-19/INFO]: [0;32;1m[EasyBackup] Backup: 0% 0/57 MB Saved.[m
[19:32:40] [Thread-19/INFO]: [0;32;1m[EasyBackup] Backup: 3% 1/57 MB Saved.[m
[19:32:41] [Thread-19/INFO]: [0;32;1m[EasyBackup] Backup: 4% 2/57 MB Saved.[m
[19:32:41] [Thread-19/INFO]: [0;32;1m[EasyBackup] Backup: 12% 7/57 MB Saved.[m
[19:32:43] [Thread-19/INFO]: [0;32;1m[EasyBackup] Backup: 13% 7/57 MB Saved.[m
[19:32:43] [Thread-19/INFO]: [0;32;1m[EasyBackup] Backup: 15% 8/57 MB Saved.[m
[19:32:43] [Thread-19/INFO]: [0;32;1m[EasyBackup] Backup: 18% 10/57 MB Saved.[m
[19:32:44] [Thread-19/INFO]: [0;32;1m[EasyBackup] Backup: 51% 29/57 MB Saved.[m
[19:32:50] [Thread-19/INFO]: [0;32;1m[EasyBackup] Backup: 52% 30/57 MB Saved.[m
[19:32:51] [Thread-19/INFO]: [0;32;1m[EasyBackup] Backup: 58% 33/57 MB Saved.[m
[19:32:51] [Thread-19/INFO]: [0;32;1m[EasyBackup] Backup: 63% 36/57 MB Saved.[m
[19:32:52] [Thread-19/INFO]: [0;32;1m[EasyBackup] Backup: 64% 37/57 MB Saved.[m
[19:32:53] [Thread-19/INFO]: [0;32;1m[EasyBackup] Backup: 65% 37/57 MB Saved.[m
[19:32:53] [Thread-19/INFO]: [0;32;1m[EasyBackup] Backup: 73% 42/57 MB Saved.[m
[19:32:54] [Thread-19/INFO]: [0;32;1m[EasyBackup] Backup: 82% 47/57 MB Saved.[m
[19:32:55] [Thread-19/INFO]: [0;32;1m[EasyBackup] Backup: 83% 47/57 MB Saved.[m
[19:32:56] [Thread-19/INFO]: [0;32;1m[EasyBackup] Backup: 84% 48/57 MB Saved.[m
[19:32:56] [Thread-19/INFO]: [0;32;1m[EasyBackup] Backup: 85% 49/57 MB Saved.[m
[19:32:56] [Thread-19/INFO]: [0;32;1m[EasyBackup] Backup: 86% 49/57 MB Saved.[m
[19:32:56] [Thread-19/INFO]: [0;32;1m[EasyBackup] Backup: 87% 50/57 MB Saved.[m
[19:32:56] [Thread-19/INFO]: [0;32;1m[EasyBackup] Backup: 88% 51/57 MB Saved.[m
[19:32:56] [Thread-19/INFO]: [0;32;1m[EasyBackup] Backup: 89% 51/57 MB Saved.[m
[19:32:57] [Thread-19/INFO]: [0;32;1m[EasyBackup] Backup: 90% 52/57 MB Saved.[m
[19:32:57] [Thread-19/INFO]: [0;32;1m[EasyBackup] Backup: 91% 53/57 MB Saved.[m
[19:32:57] [Thread-19/INFO]: [0;32;1m[EasyBackup] Backup: 92% 53/57 MB Saved.[m
[19:32:57] [Thread-19/INFO]: [0;32;1m[EasyBackup] Backup: 93% 54/57 MB Saved.[m
[19:32:57] [Thread-19/INFO]: [0;32;1m[EasyBackup] Backup: 94% 54/57 MB Saved.[m
[19:32:57] [Thread-19/INFO]: [0;32;1m[EasyBackup] Backup: 95% 55/57 MB Saved.[m
[19:32:57] [Thread-19/INFO]: [0;32;1m[EasyBackup] Backup: 97% 56/57 MB Saved.[m
[19:32:57] [Thread-19/INFO]: [0;32;1m[EasyBackup] Backup: 98% 56/57 MB Saved.[m
[19:32:57] [Thread-19/INFO]: [0;32;1m[EasyBackup] Backup: 99% 57/57 MB Saved.[m
[19:32:57] [Thread-19/INFO]: [0;32;1m[EasyBackup] Backup: 100% 57/57 MB Saved.[m
[19:32:58] [Thread-19/INFO]: [0;32;1m[EasyBackup] Backup saved![m
