[20:30:50] [Server thread/INFO]: Starting minecraft server version 1.8.8
[20:30:50] [Server thread/INFO]: Loading properties
[20:30:50] [Server thread/INFO]: Default game type: SURVIVAL
[20:30:50] [Server thread/INFO]: This server is running CraftBukkit version git-Spigot-db6de12-18fbb24 (MC: 1.8.8) (Implementing API version 1.8.8-R0.1-SNAPSHOT)
[20:30:51] [Server thread/INFO]: Debug logging is disabled
[20:30:51] [Server thread/INFO]: Using 4 threads for Netty based IO
[20:30:51] [Server thread/INFO]: Server Ping Player Sample Count: 12
[20:30:51] [Server thread/INFO]: Generating keypair
[20:30:51] [Server thread/INFO]: Starting Minecraft server on *:42069
[20:30:51] [Server thread/INFO]: Using default channel type
[20:30:51] [Server thread/INFO]: Set PluginClassLoader as parallel capable
[20:30:51] [Server thread/ERROR]: ebean.properties not found
[20:30:52] [Server thread/INFO]: DataSourcePool [LoginSecurity] autoCommit[false] transIsolation[SERIALIZABLE] min[2] max[20]
[20:30:52] [Server thread/INFO]: SubClassFactory parent ClassLoader [org.bukkit.plugin.java.PluginClassLoader]
[20:30:53] [Server thread/INFO]: Explicit Identity on com.lenis0012.bukkit.loginsecurity.storage.PlayerLocation but not supported by DB Platform - ignored
[20:30:53] [Server thread/INFO]: Explicit Identity on com.lenis0012.bukkit.loginsecurity.storage.ActionEntry but not supported by DB Platform - ignored
[20:30:53] [Server thread/INFO]: Explicit Identity on com.lenis0012.bukkit.loginsecurity.storage.PlayerInventory but not supported by DB Platform - ignored
[20:30:53] [Server thread/INFO]: Explicit Identity on com.lenis0012.bukkit.loginsecurity.storage.Migration but not supported by DB Platform - ignored
[20:30:53] [Server thread/INFO]: Explicit Identity on com.lenis0012.bukkit.loginsecurity.storage.PlayerProfile but not supported by DB Platform - ignored
[20:30:53] [Server thread/INFO]: Entities enhanced[0] subclassed[5]
[20:30:53] [Server thread/ERROR]: Could not load 'plugins\EssentialsXChat-2.0.1.jar' in folder 'plugins'
org.bukkit.plugin.UnknownDependencyException: Essentials
	at org.bukkit.plugin.SimplePluginManager.loadPlugins(SimplePluginManager.java:219) [server.jar:git-Spigot-db6de12-18fbb24]
	at org.bukkit.craftbukkit.v1_8_R3.CraftServer.loadPlugins(CraftServer.java:292) [server.jar:git-Spigot-db6de12-18fbb24]
	at net.minecraft.server.v1_8_R3.DedicatedServer.init(DedicatedServer.java:198) [server.jar:git-Spigot-db6de12-18fbb24]
	at net.minecraft.server.v1_8_R3.MinecraftServer.run(MinecraftServer.java:525) [server.jar:git-Spigot-db6de12-18fbb24]
	at java.lang.Thread.run(Unknown Source) [?:1.8.0_181]
[20:30:53] [Server thread/INFO]: [mcMMO] Loading mcMMO v1.5.04-SNAPSHOT-b${BUILD_NUMBER}
[20:30:53] [Server thread/INFO]: [ViaVersion] Loading ViaVersion v1.3.0
[20:30:53] [Server thread/INFO]: [ViaVersion] ViaVersion 1.3.0 is now loaded, injecting!
[20:30:53] [Server thread/INFO]: [LockettePro] Loading LockettePro v2.9.0
[20:30:53] [Server thread/INFO]: [LoginSecurity] Loading LoginSecurity v2.1.7
[20:30:53] [Server thread/INFO]: [mcMMO] Enabling mcMMO v1.5.04-SNAPSHOT-b${BUILD_NUMBER}
[20:30:54] [Server thread/WARN]: **** SERVER IS RUNNING IN OFFLINE/INSECURE MODE!
[20:30:54] [Server thread/WARN]: The server will make no attempt to authenticate usernames. Beware.
[20:30:54] [Server thread/WARN]: While this makes the game possible to play without internet access, it also opens up the ability for hackers to connect with any username they choose.
[20:30:54] [Server thread/WARN]: To change this, set "online-mode" to "true" in the server.properties file.
[20:30:54] [Server thread/INFO]: **** Beginning UUID conversion, this may take A LONG time ****
[20:30:54] [Server thread/INFO]: Preparing level "world"
[20:30:54] [Server thread/INFO]: -------- World Settings For [world] --------
[20:30:54] [Server thread/INFO]: Chunks to Grow per Tick: 650
[20:30:54] [Server thread/INFO]: Clear tick list: false
[20:30:54] [Server thread/INFO]: Experience Merge Radius: 3.0
[20:30:54] [Server thread/INFO]: Arrow Despawn Rate: 1200
[20:30:54] [Server thread/INFO]: Zombie Aggressive Towards Villager: true
[20:30:54] [Server thread/INFO]: Allow Zombie Pigmen to spawn from portal blocks: true
[20:30:54] [Server thread/INFO]: Item Despawn Rate: 6000
[20:30:54] [Server thread/INFO]: Item Merge Radius: 2.5
[20:30:54] [Server thread/INFO]: View Distance: 10
[20:30:54] [Server thread/INFO]: Custom Map Seeds:  Village: 10387312 Feature: 14357617
[20:30:54] [Server thread/INFO]: Max Entity Collisions: 8
[20:30:54] [Server thread/INFO]: Mob Spawn Range: 4
[20:30:54] [Server thread/INFO]: Entity Activation Range: An 32 / Mo 32 / Mi 16
[20:30:54] [Server thread/INFO]: Nerfing mobs spawned from spawners: false
[20:30:54] [Server thread/INFO]: Anti X-Ray: true
[20:30:54] [Server thread/INFO]: 	Engine Mode: 1
[20:30:54] [Server thread/INFO]: 	Hidden Blocks: [14, 15, 16, 21, 48, 49, 54, 56, 73, 74, 82, 129, 130]
[20:30:54] [Server thread/INFO]: 	Replace Blocks: [1, 5]
[20:30:54] [Server thread/INFO]: Cactus Growth Modifier: 100%
[20:30:54] [Server thread/INFO]: Cane Growth Modifier: 100%
[20:30:54] [Server thread/INFO]: Melon Growth Modifier: 100%
[20:30:54] [Server thread/INFO]: Mushroom Growth Modifier: 100%
[20:30:54] [Server thread/INFO]: Pumpkin Growth Modifier: 100%
[20:30:54] [Server thread/INFO]: Sapling Growth Modifier: 100%
[20:30:54] [Server thread/INFO]: Wheat Growth Modifier: 100%
[20:30:54] [Server thread/INFO]: NetherWart Growth Modifier: 100%
[20:30:54] [Server thread/INFO]: Entity Tracking Range: Pl 48 / An 48 / Mo 48 / Mi 32 / Other 64
[20:30:54] [Server thread/INFO]: Structure Info Saving: true
[20:30:54] [Server thread/INFO]: Random Lighting Updates: false
[20:30:54] [Server thread/INFO]: Tile Max Tick Time: 50ms Entity max Tick Time: 50ms
[20:30:54] [Server thread/INFO]: Max TNT Explosions: 100
[20:30:54] [Server thread/INFO]: Sending up to 10 chunks per packet
[20:30:54] [Server thread/INFO]: Hopper Transfer: 8 Hopper Check: 8 Hopper Amount: 1
[20:30:54] [Server thread/INFO]: -------- World Settings For [world_nether] --------
[20:30:54] [Server thread/INFO]: Chunks to Grow per Tick: 650
[20:30:54] [Server thread/INFO]: Clear tick list: false
[20:30:54] [Server thread/INFO]: Experience Merge Radius: 3.0
[20:30:54] [Server thread/INFO]: Arrow Despawn Rate: 1200
[20:30:54] [Server thread/INFO]: Zombie Aggressive Towards Villager: true
[20:30:54] [Server thread/INFO]: Allow Zombie Pigmen to spawn from portal blocks: true
[20:30:54] [Server thread/INFO]: Item Despawn Rate: 6000
[20:30:54] [Server thread/INFO]: Item Merge Radius: 2.5
[20:30:54] [Server thread/INFO]: View Distance: 10
[20:30:54] [Server thread/INFO]: Custom Map Seeds:  Village: 10387312 Feature: 14357617
[20:30:54] [Server thread/INFO]: Max Entity Collisions: 8
[20:30:54] [Server thread/INFO]: Mob Spawn Range: 4
[20:30:54] [Server thread/INFO]: Entity Activation Range: An 32 / Mo 32 / Mi 16
[20:30:54] [Server thread/INFO]: Nerfing mobs spawned from spawners: false
[20:30:54] [Server thread/INFO]: Anti X-Ray: true
[20:30:54] [Server thread/INFO]: 	Engine Mode: 1
[20:30:54] [Server thread/INFO]: 	Hidden Blocks: [14, 15, 16, 21, 48, 49, 54, 56, 73, 74, 82, 129, 130]
[20:30:54] [Server thread/INFO]: 	Replace Blocks: [1, 5]
[20:30:54] [Server thread/INFO]: Cactus Growth Modifier: 100%
[20:30:54] [Server thread/INFO]: Cane Growth Modifier: 100%
[20:30:54] [Server thread/INFO]: Melon Growth Modifier: 100%
[20:30:54] [Server thread/INFO]: Mushroom Growth Modifier: 100%
[20:30:54] [Server thread/INFO]: Pumpkin Growth Modifier: 100%
[20:30:54] [Server thread/INFO]: Sapling Growth Modifier: 100%
[20:30:54] [Server thread/INFO]: Wheat Growth Modifier: 100%
[20:30:54] [Server thread/INFO]: NetherWart Growth Modifier: 100%
[20:30:54] [Server thread/INFO]: Entity Tracking Range: Pl 48 / An 48 / Mo 48 / Mi 32 / Other 64
[20:30:54] [Server thread/INFO]: Structure Info Saving: true
[20:30:54] [Server thread/INFO]: Random Lighting Updates: false
[20:30:54] [Server thread/INFO]: Tile Max Tick Time: 50ms Entity max Tick Time: 50ms
[20:30:54] [Server thread/INFO]: Max TNT Explosions: 100
[20:30:54] [Server thread/INFO]: Sending up to 10 chunks per packet
[20:30:54] [Server thread/INFO]: Hopper Transfer: 8 Hopper Check: 8 Hopper Amount: 1
[20:30:54] [Server thread/INFO]: -------- World Settings For [world_the_end] --------
[20:30:54] [Server thread/INFO]: Chunks to Grow per Tick: 650
[20:30:54] [Server thread/INFO]: Clear tick list: false
[20:30:54] [Server thread/INFO]: Experience Merge Radius: 3.0
[20:30:54] [Server thread/INFO]: Arrow Despawn Rate: 1200
[20:30:54] [Server thread/INFO]: Zombie Aggressive Towards Villager: true
[20:30:54] [Server thread/INFO]: Allow Zombie Pigmen to spawn from portal blocks: true
[20:30:54] [Server thread/INFO]: Item Despawn Rate: 6000
[20:30:54] [Server thread/INFO]: Item Merge Radius: 2.5
[20:30:54] [Server thread/INFO]: View Distance: 10
[20:30:54] [Server thread/INFO]: Custom Map Seeds:  Village: 10387312 Feature: 14357617
[20:30:54] [Server thread/INFO]: Max Entity Collisions: 8
[20:30:54] [Server thread/INFO]: Mob Spawn Range: 4
[20:30:54] [Server thread/INFO]: Entity Activation Range: An 32 / Mo 32 / Mi 16
[20:30:54] [Server thread/INFO]: Nerfing mobs spawned from spawners: false
[20:30:54] [Server thread/INFO]: Anti X-Ray: true
[20:30:54] [Server thread/INFO]: 	Engine Mode: 1
[20:30:54] [Server thread/INFO]: 	Hidden Blocks: [14, 15, 16, 21, 48, 49, 54, 56, 73, 74, 82, 129, 130]
[20:30:54] [Server thread/INFO]: 	Replace Blocks: [1, 5]
[20:30:54] [Server thread/INFO]: Cactus Growth Modifier: 100%
[20:30:54] [Server thread/INFO]: Cane Growth Modifier: 100%
[20:30:54] [Server thread/INFO]: Melon Growth Modifier: 100%
[20:30:54] [Server thread/INFO]: Mushroom Growth Modifier: 100%
[20:30:54] [Server thread/INFO]: Pumpkin Growth Modifier: 100%
[20:30:54] [Server thread/INFO]: Sapling Growth Modifier: 100%
[20:30:54] [Server thread/INFO]: Wheat Growth Modifier: 100%
[20:30:54] [Server thread/INFO]: NetherWart Growth Modifier: 100%
[20:30:54] [Server thread/INFO]: Entity Tracking Range: Pl 48 / An 48 / Mo 48 / Mi 32 / Other 64
[20:30:54] [Server thread/INFO]: Structure Info Saving: true
[20:30:54] [Server thread/INFO]: Random Lighting Updates: false
[20:30:54] [Server thread/INFO]: Tile Max Tick Time: 50ms Entity max Tick Time: 50ms
[20:30:54] [Server thread/INFO]: Max TNT Explosions: 100
[20:30:54] [Server thread/INFO]: Sending up to 10 chunks per packet
[20:30:54] [Server thread/INFO]: Hopper Transfer: 8 Hopper Check: 8 Hopper Amount: 1
[20:30:54] [Server thread/INFO]: Preparing start region for level 0 (Seed: 135431023)
[20:30:56] [Server thread/INFO]: Preparing spawn area: 28%
[20:30:56] [Server thread/INFO]: Preparing start region for level 1 (Seed: 6753013346186038773)
[20:30:56] [Thread-12/INFO]: UUID of player CreeperZ585 is ea89974b-77ad-3c41-8273-6072be99af20
[20:30:57] [Server thread/INFO]: Preparing start region for level 2 (Seed: 6753013346186038773)
[20:30:57] [Server thread/INFO]: [ViaVersion] Enabling ViaVersion v1.3.0
[20:30:57] [Server thread/INFO]: [LockettePro] Enabling LockettePro v2.9.0
[20:30:57] [Server thread/INFO]: [LoginSecurity] Enabling LoginSecurity v2.1.7
[20:30:57] [Server thread/INFO]: [LoginSecurity] Loading base translations from "en_us"
[20:30:57] [Server thread/INFO]: [LoginSecurity] Loading specified translations from "en_us"
[20:30:57] [Server thread/INFO]: [LoginSecurity] Connection to database....
[20:30:57] [Server thread/INFO]: DataSourcePool [LoginSecurityDB] autoCommit[false] transIsolation[SERIALIZABLE] min[2] max[20]
[20:30:57] [Server thread/INFO]: SubClassFactory parent ClassLoader [org.bukkit.plugin.java.PluginClassLoader]
[20:30:57] [Server thread/INFO]: Explicit Identity on com.lenis0012.bukkit.loginsecurity.storage.PlayerLocation but not supported by DB Platform - ignored
[20:30:57] [Server thread/INFO]: Explicit Identity on com.lenis0012.bukkit.loginsecurity.storage.ActionEntry but not supported by DB Platform - ignored
[20:30:57] [Server thread/INFO]: Explicit Identity on com.lenis0012.bukkit.loginsecurity.storage.PlayerInventory but not supported by DB Platform - ignored
[20:30:57] [Server thread/INFO]: Explicit Identity on com.lenis0012.bukkit.loginsecurity.storage.Migration but not supported by DB Platform - ignored
[20:30:57] [Server thread/INFO]: Explicit Identity on com.lenis0012.bukkit.loginsecurity.storage.PlayerProfile but not supported by DB Platform - ignored
[20:30:57] [Server thread/INFO]: Entities enhanced[0] subclassed[5]
[20:30:57] [Server thread/INFO]: [LoginSecurity] Checking database version...
[20:30:57] [Server thread/INFO]: [LoginSecurity] Applied 0 missing database upgrades.
[20:30:57] [Server thread/INFO]: [LoginSecurity] Registering commands...
[20:30:58] [Server thread/INFO]: [LoginSecurity] Registering listeners...
[20:30:58] [Server thread/INFO]: Server permissions file permissions.yml is empty, ignoring it
[20:30:58] [Server thread/INFO]: Done (3.486s)! For help, type "help" or "?"
[20:30:58] [Server thread/INFO]: Starting remote control listener
[20:30:58] [RCON Listener #1/INFO]: RCON running on 0.0.0.0:42079
[20:30:58] [Server thread/INFO]: [ViaVersion] ViaVersion detected server version: 1.8.x(47)
[20:30:58] [Server thread/INFO]: CreeperZ585[/127.0.0.1:55820] logged in with entity id 338 at ([world]-407.89113942271143, 65.0, 1363.958444614016)
[20:30:58] [Server thread/WARN]: [ViaVersion] There is a newer version available: 1.5.2, you're on: 1.3.0
[20:31:00] [Server thread/INFO]: CreeperZ585 lost connection: Internal Exception: java.io.IOException: An established connection was aborted by the software in your host machine
[20:31:00] [Server thread/INFO]: CreeperZ585 left the game.
