[19:44:37] [Server thread/INFO]: Starting minecraft server version 1.8.8
[19:44:37] [Server thread/INFO]: Loading properties
[19:44:38] [Server thread/INFO]: Default game type: SURVIVAL
[19:44:39] [Server thread/INFO]: This server is running CraftBukkit version git-Spigot-db6de12-18fbb24 (MC: 1.8.8) (Implementing API version 1.8.8-R0.1-SNAPSHOT)
[19:44:41] [Server thread/INFO]: Debug logging is disabled
[19:44:41] [Server thread/INFO]: Using 4 threads for Netty based IO
[19:44:41] [Server thread/INFO]: Server Ping Player Sample Count: 12
[19:44:41] [Server thread/INFO]: Generating keypair
[19:44:42] [Server thread/INFO]: Starting Minecraft server on *:42069
[19:44:42] [Server thread/INFO]: Using default channel type
[19:44:43] [Server thread/INFO]: Set PluginClassLoader as parallel capable
[19:44:43] [Server thread/ERROR]: ebean.properties not found
[19:44:44] [Server thread/INFO]: DataSourcePool [LoginSecurity] autoCommit[false] transIsolation[SERIALIZABLE] min[2] max[20]
[19:44:45] [Server thread/INFO]: SubClassFactory parent ClassLoader [org.bukkit.plugin.java.PluginClassLoader]
[19:44:46] [Server thread/INFO]: Explicit Identity on com.lenis0012.bukkit.loginsecurity.storage.Migration but not supported by DB Platform - ignored
[19:44:46] [Server thread/INFO]: Explicit Identity on com.lenis0012.bukkit.loginsecurity.storage.PlayerProfile but not supported by DB Platform - ignored
[19:44:46] [Server thread/INFO]: Explicit Identity on com.lenis0012.bukkit.loginsecurity.storage.PlayerInventory but not supported by DB Platform - ignored
[19:44:46] [Server thread/INFO]: Explicit Identity on com.lenis0012.bukkit.loginsecurity.storage.PlayerLocation but not supported by DB Platform - ignored
[19:44:46] [Server thread/INFO]: Explicit Identity on com.lenis0012.bukkit.loginsecurity.storage.ActionEntry but not supported by DB Platform - ignored
[19:44:46] [Server thread/INFO]: Entities enhanced[0] subclassed[5]
[19:44:47] [Server thread/ERROR]: Could not load 'plugins\EssentialsXChat-2.0.1.jar' in folder 'plugins'
org.bukkit.plugin.UnknownDependencyException: Essentials
	at org.bukkit.plugin.SimplePluginManager.loadPlugins(SimplePluginManager.java:219) [server.jar:git-Spigot-db6de12-18fbb24]
	at org.bukkit.craftbukkit.v1_8_R3.CraftServer.loadPlugins(CraftServer.java:292) [server.jar:git-Spigot-db6de12-18fbb24]
	at net.minecraft.server.v1_8_R3.DedicatedServer.init(DedicatedServer.java:198) [server.jar:git-Spigot-db6de12-18fbb24]
	at net.minecraft.server.v1_8_R3.MinecraftServer.run(MinecraftServer.java:525) [server.jar:git-Spigot-db6de12-18fbb24]
	at java.lang.Thread.run(Unknown Source) [?:1.8.0_191]
[19:44:47] [Server thread/INFO]: [mcMMO] Loading mcMMO v1.5.04-SNAPSHOT-b${BUILD_NUMBER}
[19:44:47] [Server thread/INFO]: [ViaVersion] Loading ViaVersion v1.3.0
[19:44:47] [Server thread/INFO]: [ViaVersion] ViaVersion 1.3.0 is now loaded, injecting!
[19:44:47] [Server thread/INFO]: [LockettePro] Loading LockettePro v2.9.0
[19:44:47] [Server thread/INFO]: [EasyBackup] Loading EasyBackup v1.1.4
[19:44:47] [Server thread/INFO]: [LoginSecurity] Loading LoginSecurity v2.1.7
[19:44:47] [Server thread/INFO]: [mcMMO] Enabling mcMMO v1.5.04-SNAPSHOT-b${BUILD_NUMBER}
[19:44:52] [Server thread/WARN]: **** SERVER IS RUNNING IN OFFLINE/INSECURE MODE!
[19:44:52] [Server thread/WARN]: The server will make no attempt to authenticate usernames. Beware.
[19:44:52] [Server thread/WARN]: While this makes the game possible to play without internet access, it also opens up the ability for hackers to connect with any username they choose.
[19:44:52] [Server thread/WARN]: To change this, set "online-mode" to "true" in the server.properties file.
[19:44:52] [Server thread/INFO]: **** Beginning UUID conversion, this may take A LONG time ****
[19:44:52] [Server thread/INFO]: Preparing level "world"
[19:44:52] [Server thread/INFO]: -------- World Settings For [world] --------
[19:44:52] [Server thread/INFO]: View Distance: 10
[19:44:52] [Server thread/INFO]: Allow Zombie Pigmen to spawn from portal blocks: true
[19:44:52] [Server thread/INFO]: Item Merge Radius: 2.5
[19:44:52] [Server thread/INFO]: Item Despawn Rate: 6000
[19:44:52] [Server thread/INFO]: Arrow Despawn Rate: 1200
[19:44:52] [Server thread/INFO]: Zombie Aggressive Towards Villager: true
[19:44:52] [Server thread/INFO]: Experience Merge Radius: 3.0
[19:44:52] [Server thread/INFO]: Chunks to Grow per Tick: 650
[19:44:52] [Server thread/INFO]: Clear tick list: false
[19:44:52] [Server thread/INFO]: Mob Spawn Range: 4
[19:44:52] [Server thread/INFO]: Nerfing mobs spawned from spawners: false
[19:44:52] [Server thread/INFO]: Cactus Growth Modifier: 100%
[19:44:52] [Server thread/INFO]: Cane Growth Modifier: 100%
[19:44:52] [Server thread/INFO]: Melon Growth Modifier: 100%
[19:44:52] [Server thread/INFO]: Mushroom Growth Modifier: 100%
[19:44:52] [Server thread/INFO]: Pumpkin Growth Modifier: 100%
[19:44:52] [Server thread/INFO]: Sapling Growth Modifier: 100%
[19:44:52] [Server thread/INFO]: Wheat Growth Modifier: 100%
[19:44:52] [Server thread/INFO]: NetherWart Growth Modifier: 100%
[19:44:52] [Server thread/INFO]: Tile Max Tick Time: 50ms Entity max Tick Time: 50ms
[19:44:52] [Server thread/INFO]: Structure Info Saving: true
[19:44:52] [Server thread/INFO]: Sending up to 10 chunks per packet
[19:44:52] [Server thread/INFO]: Entity Tracking Range: Pl 48 / An 48 / Mo 48 / Mi 32 / Other 64
[19:44:52] [Server thread/INFO]: Max TNT Explosions: 100
[19:44:52] [Server thread/INFO]: Random Lighting Updates: false
[19:44:52] [Server thread/INFO]: Entity Activation Range: An 32 / Mo 32 / Mi 16
[19:44:52] [Server thread/INFO]: Anti X-Ray: true
[19:44:52] [Server thread/INFO]: 	Engine Mode: 1
[19:44:52] [Server thread/INFO]: 	Hidden Blocks: [14, 15, 16, 21, 48, 49, 54, 56, 73, 74, 82, 129, 130]
[19:44:52] [Server thread/INFO]: 	Replace Blocks: [1, 5]
[19:44:52] [Server thread/INFO]: Hopper Transfer: 8 Hopper Check: 8 Hopper Amount: 1
[19:44:52] [Server thread/INFO]: Custom Map Seeds:  Village: 10387312 Feature: 14357617
[19:44:52] [Server thread/INFO]: Max Entity Collisions: 8
[19:44:56] [Server thread/INFO]: -------- World Settings For [world_nether] --------
[19:44:56] [Server thread/INFO]: View Distance: 10
[19:44:56] [Server thread/INFO]: Allow Zombie Pigmen to spawn from portal blocks: true
[19:44:56] [Server thread/INFO]: Item Merge Radius: 2.5
[19:44:56] [Server thread/INFO]: Item Despawn Rate: 6000
[19:44:56] [Server thread/INFO]: Arrow Despawn Rate: 1200
[19:44:56] [Server thread/INFO]: Zombie Aggressive Towards Villager: true
[19:44:56] [Server thread/INFO]: Experience Merge Radius: 3.0
[19:44:56] [Server thread/INFO]: Chunks to Grow per Tick: 650
[19:44:56] [Server thread/INFO]: Clear tick list: false
[19:44:56] [Server thread/INFO]: Mob Spawn Range: 4
[19:44:56] [Server thread/INFO]: Nerfing mobs spawned from spawners: false
[19:44:56] [Server thread/INFO]: Cactus Growth Modifier: 100%
[19:44:56] [Server thread/INFO]: Cane Growth Modifier: 100%
[19:44:56] [Server thread/INFO]: Melon Growth Modifier: 100%
[19:44:56] [Server thread/INFO]: Mushroom Growth Modifier: 100%
[19:44:56] [Server thread/INFO]: Pumpkin Growth Modifier: 100%
[19:44:56] [Server thread/INFO]: Sapling Growth Modifier: 100%
[19:44:56] [Server thread/INFO]: Wheat Growth Modifier: 100%
[19:44:56] [Server thread/INFO]: NetherWart Growth Modifier: 100%
[19:44:56] [Server thread/INFO]: Tile Max Tick Time: 50ms Entity max Tick Time: 50ms
[19:44:56] [Server thread/INFO]: Structure Info Saving: true
[19:44:56] [Server thread/INFO]: Sending up to 10 chunks per packet
[19:44:56] [Server thread/INFO]: Entity Tracking Range: Pl 48 / An 48 / Mo 48 / Mi 32 / Other 64
[19:44:56] [Server thread/INFO]: Max TNT Explosions: 100
[19:44:56] [Server thread/INFO]: Random Lighting Updates: false
[19:44:56] [Server thread/INFO]: Entity Activation Range: An 32 / Mo 32 / Mi 16
[19:44:56] [Server thread/INFO]: Anti X-Ray: true
[19:44:56] [Server thread/INFO]: 	Engine Mode: 1
[19:44:56] [Server thread/INFO]: 	Hidden Blocks: [14, 15, 16, 21, 48, 49, 54, 56, 73, 74, 82, 129, 130]
[19:44:56] [Server thread/INFO]: 	Replace Blocks: [1, 5]
[19:44:56] [Server thread/INFO]: Hopper Transfer: 8 Hopper Check: 8 Hopper Amount: 1
[19:44:56] [Server thread/INFO]: Custom Map Seeds:  Village: 10387312 Feature: 14357617
[19:44:56] [Server thread/INFO]: Max Entity Collisions: 8
[19:44:57] [Server thread/INFO]: -------- World Settings For [world_the_end] --------
[19:44:57] [Server thread/INFO]: View Distance: 10
[19:44:57] [Server thread/INFO]: Allow Zombie Pigmen to spawn from portal blocks: true
[19:44:57] [Server thread/INFO]: Item Merge Radius: 2.5
[19:44:57] [Server thread/INFO]: Item Despawn Rate: 6000
[19:44:57] [Server thread/INFO]: Arrow Despawn Rate: 1200
[19:44:57] [Server thread/INFO]: Zombie Aggressive Towards Villager: true
[19:44:57] [Server thread/INFO]: Experience Merge Radius: 3.0
[19:44:57] [Server thread/INFO]: Chunks to Grow per Tick: 650
[19:44:57] [Server thread/INFO]: Clear tick list: false
[19:44:57] [Server thread/INFO]: Mob Spawn Range: 4
[19:44:57] [Server thread/INFO]: Nerfing mobs spawned from spawners: false
[19:44:57] [Server thread/INFO]: Cactus Growth Modifier: 100%
[19:44:57] [Server thread/INFO]: Cane Growth Modifier: 100%
[19:44:57] [Server thread/INFO]: Melon Growth Modifier: 100%
[19:44:57] [Server thread/INFO]: Mushroom Growth Modifier: 100%
[19:44:57] [Server thread/INFO]: Pumpkin Growth Modifier: 100%
[19:44:57] [Server thread/INFO]: Sapling Growth Modifier: 100%
[19:44:57] [Server thread/INFO]: Wheat Growth Modifier: 100%
[19:44:57] [Server thread/INFO]: NetherWart Growth Modifier: 100%
[19:44:57] [Server thread/INFO]: Tile Max Tick Time: 50ms Entity max Tick Time: 50ms
[19:44:57] [Server thread/INFO]: Structure Info Saving: true
[19:44:57] [Server thread/INFO]: Sending up to 10 chunks per packet
[19:44:57] [Server thread/INFO]: Entity Tracking Range: Pl 48 / An 48 / Mo 48 / Mi 32 / Other 64
[19:44:57] [Server thread/INFO]: Max TNT Explosions: 100
[19:44:57] [Server thread/INFO]: Random Lighting Updates: false
[19:44:57] [Server thread/INFO]: Entity Activation Range: An 32 / Mo 32 / Mi 16
[19:44:57] [Server thread/INFO]: Anti X-Ray: true
[19:44:57] [Server thread/INFO]: 	Engine Mode: 1
[19:44:57] [Server thread/INFO]: 	Hidden Blocks: [14, 15, 16, 21, 48, 49, 54, 56, 73, 74, 82, 129, 130]
[19:44:57] [Server thread/INFO]: 	Replace Blocks: [1, 5]
[19:44:57] [Server thread/INFO]: Hopper Transfer: 8 Hopper Check: 8 Hopper Amount: 1
[19:44:57] [Server thread/INFO]: Custom Map Seeds:  Village: 10387312 Feature: 14357617
[19:44:57] [Server thread/INFO]: Max Entity Collisions: 8
[19:44:57] [Server thread/INFO]: Preparing start region for level 0 (Seed: 376786508)
[19:45:00] [Server thread/INFO]: Preparing spawn area: 0%
[19:45:01] [Server thread/INFO]: Preparing spawn area: 18%
[19:45:02] [Server thread/INFO]: Preparing spawn area: 37%
[19:45:03] [Server thread/INFO]: Preparing spawn area: 50%
[19:45:04] [Server thread/INFO]: Preparing spawn area: 68%
[19:45:05] [Server thread/INFO]: Preparing spawn area: 86%
[19:45:06] [Server thread/INFO]: Preparing start region for level 1 (Seed: 4664712093828578505)
[19:45:07] [Server thread/INFO]: Preparing spawn area: 2%
[19:45:08] [Server thread/INFO]: Preparing spawn area: 15%
[19:45:09] [Server thread/INFO]: Preparing spawn area: 27%
[19:45:10] [Server thread/INFO]: Preparing spawn area: 44%
[19:45:11] [Server thread/INFO]: Preparing spawn area: 51%
[19:45:12] [Server thread/INFO]: Preparing spawn area: 67%
[19:45:13] [Server thread/INFO]: Preparing spawn area: 88%
[19:45:13] [Server thread/INFO]: Preparing start region for level 2 (Seed: 4664712093828578505)
[19:45:15] [Server thread/INFO]: Preparing spawn area: 2%
[19:45:17] [Server thread/INFO]: Preparing spawn area: 48%
[19:45:18] [Server thread/INFO]: [ViaVersion] Enabling ViaVersion v1.3.0
[19:45:18] [Server thread/INFO]: [LockettePro] Enabling LockettePro v2.9.0
[19:45:18] [Server thread/INFO]: [EasyBackup] Enabling EasyBackup v1.1.4
[19:45:20] [Server thread/INFO]: [LoginSecurity] Enabling LoginSecurity v2.1.7
[19:45:20] [Server thread/INFO]: [LoginSecurity] Loading base translations from "en_us"
[19:45:20] [Server thread/INFO]: [LoginSecurity] Loading specified translations from "en_us"
[19:45:20] [Server thread/INFO]: [LoginSecurity] Connection to database....
[19:45:20] [Server thread/INFO]: DataSourcePool [LoginSecurityDB] autoCommit[false] transIsolation[SERIALIZABLE] min[2] max[20]
[19:45:20] [Server thread/INFO]: SubClassFactory parent ClassLoader [org.bukkit.plugin.java.PluginClassLoader]
[19:45:20] [Server thread/INFO]: Explicit Identity on com.lenis0012.bukkit.loginsecurity.storage.Migration but not supported by DB Platform - ignored
[19:45:20] [Server thread/INFO]: Explicit Identity on com.lenis0012.bukkit.loginsecurity.storage.PlayerProfile but not supported by DB Platform - ignored
[19:45:20] [Server thread/INFO]: Explicit Identity on com.lenis0012.bukkit.loginsecurity.storage.PlayerInventory but not supported by DB Platform - ignored
[19:45:20] [Server thread/INFO]: Explicit Identity on com.lenis0012.bukkit.loginsecurity.storage.PlayerLocation but not supported by DB Platform - ignored
[19:45:20] [Server thread/INFO]: Explicit Identity on com.lenis0012.bukkit.loginsecurity.storage.ActionEntry but not supported by DB Platform - ignored
[19:45:20] [Server thread/INFO]: Entities enhanced[0] subclassed[5]
[19:45:21] [Server thread/INFO]: [LoginSecurity] Checking database version...
[19:45:21] [Server thread/INFO]: [LoginSecurity] Applied 0 missing database upgrades.
[19:45:21] [Server thread/INFO]: [LoginSecurity] Registering commands...
[19:45:21] [Server thread/INFO]: [LoginSecurity] Registering listeners...
[19:45:21] [Server thread/INFO]: Server permissions file permissions.yml is empty, ignoring it
[19:45:22] [Server thread/INFO]: Done (29.789s)! For help, type "help" or "?"
[19:45:22] [Server thread/INFO]: Starting remote control listener
[19:45:22] [RCON Listener #1/INFO]: RCON running on 0.0.0.0:42079
[19:45:22] [Server thread/INFO]: [ViaVersion] ViaVersion detected server version: 1.8.x(47)
[19:45:23] [Server thread/WARN]: [ViaVersion] There is a newer version available: 1.6.0, you're on: 1.3.0
[19:45:24] [Thread-14/WARN]: [mcMMO] The updater could not contact dev.bukkit.org for updating.
[19:45:24] [Thread-14/WARN]: [mcMMO] If you have not recently modified your configuration and this is the first time you are seeing this message, the site may be experiencing temporary downtime.
[19:45:48] [Thread-15/INFO]: [0;32;1m[EasyBackup] Starting server backup from: C:\Users\qthuynh\OneDrive - Gates Chili CSD\STUFFIZZLES\Zoinks\.[m
[19:45:48] [Thread-15/INFO]: [0;32;1m[EasyBackup] Backup: 0% 0/70 MB Saved.[m
[19:45:50] [Thread-15/INFO]: [0;32;1m[EasyBackup] Backup: 2% 1/70 MB Saved.[m
[19:45:51] [Thread-15/INFO]: [0;32;1m[EasyBackup] Backup: 3% 2/70 MB Saved.[m
[19:45:51] [Thread-15/INFO]: [0;32;1m[EasyBackup] Backup: 10% 7/70 MB Saved.[m
[19:45:55] [Thread-15/INFO]: [0;32;1m[EasyBackup] Backup: 11% 7/70 MB Saved.[m
[19:45:55] [Thread-15/INFO]: [0;32;1m[EasyBackup] Backup: 12% 9/70 MB Saved.[m
[19:45:55] [Thread-15/INFO]: [0;32;1m[EasyBackup] Backup: 15% 10/70 MB Saved.[m
[19:45:56] [Thread-15/INFO]: [0;32;1m[EasyBackup] Backup: 42% 29/70 MB Saved.[m
[19:46:03] [Thread-15/INFO]: [0;32;1m[EasyBackup] Backup: 43% 30/70 MB Saved.[m
[19:46:03] [Thread-15/INFO]: [0;32;1m[EasyBackup] Backup: 48% 34/70 MB Saved.[m
[19:46:04] [Thread-15/INFO]: [0;32;1m[EasyBackup] Backup: 52% 37/70 MB Saved.[m
[19:46:05] [Thread-15/INFO]: [0;32;1m[EasyBackup] Backup: 56% 40/70 MB Saved.[m
[19:46:06] [Thread-15/INFO]: [0;32;1m[EasyBackup] Backup: 57% 40/70 MB Saved.[m
[19:46:07] [Thread-15/INFO]: [0;32;1m[EasyBackup] Backup: 58% 41/70 MB Saved.[m
[19:46:07] [Thread-15/INFO]: [0;32;1m[EasyBackup] Backup: 65% 46/70 MB Saved.[m
[19:46:08] [Thread-15/INFO]: [0;32;1m[EasyBackup] Backup: 71% 50/70 MB Saved.[m
[19:46:09] [Thread-15/INFO]: [0;32;1m[EasyBackup] Backup: 78% 55/70 MB Saved.[m
[19:46:11] [Thread-15/INFO]: [0;32;1m[EasyBackup] Backup: 79% 56/70 MB Saved.[m
[19:46:11] [Thread-15/INFO]: [0;32;1m[EasyBackup] Backup: 80% 56/70 MB Saved.[m
[19:46:11] [Thread-15/INFO]: [0;32;1m[EasyBackup] Backup: 81% 57/70 MB Saved.[m
[19:46:11] [Thread-15/INFO]: [0;32;1m[EasyBackup] Backup: 82% 58/70 MB Saved.[m
[19:46:12] [Thread-15/INFO]: [0;32;1m[EasyBackup] Backup: 83% 59/70 MB Saved.[m
[19:46:12] [Thread-15/INFO]: [0;32;1m[EasyBackup] Backup: 84% 59/70 MB Saved.[m
[19:46:12] [Thread-15/INFO]: [0;32;1m[EasyBackup] Backup: 85% 60/70 MB Saved.[m
[19:46:12] [Thread-15/INFO]: [0;32;1m[EasyBackup] Backup: 86% 60/70 MB Saved.[m
[19:46:12] [Thread-15/INFO]: [0;32;1m[EasyBackup] Backup: 87% 62/70 MB Saved.[m
[19:46:13] [Thread-15/INFO]: [0;32;1m[EasyBackup] Backup: 88% 62/70 MB Saved.[m
[19:46:13] [Thread-15/INFO]: [0;32;1m[EasyBackup] Backup: 89% 63/70 MB Saved.[m
[19:46:14] [Thread-15/INFO]: [0;32;1m[EasyBackup] Backup: 90% 64/70 MB Saved.[m
[19:46:14] [Thread-15/INFO]: [0;32;1m[EasyBackup] Backup: 91% 64/70 MB Saved.[m
[19:46:14] [Thread-15/INFO]: [0;32;1m[EasyBackup] Backup: 92% 65/70 MB Saved.[m
[19:46:14] [Thread-15/INFO]: [0;32;1m[EasyBackup] Backup: 93% 65/70 MB Saved.[m
[19:46:14] [Thread-15/INFO]: [0;32;1m[EasyBackup] Backup: 94% 66/70 MB Saved.[m
[19:46:14] [Thread-15/INFO]: [0;32;1m[EasyBackup] Backup: 95% 67/70 MB Saved.[m
[19:46:14] [Thread-15/INFO]: [0;32;1m[EasyBackup] Backup: 96% 68/70 MB Saved.[m
[19:46:14] [Thread-15/INFO]: [0;32;1m[EasyBackup] Backup: 97% 69/70 MB Saved.[m
[19:46:14] [Thread-15/INFO]: [0;32;1m[EasyBackup] Backup: 98% 69/70 MB Saved.[m
[19:46:15] [Thread-15/INFO]: [0;32;1m[EasyBackup] Backup: 99% 70/70 MB Saved.[m
[19:46:15] [Thread-15/INFO]: [0;32;1m[EasyBackup] Backup: 100% 71/70 MB Saved.[m
[19:46:16] [Thread-15/INFO]: [0;32;1m[EasyBackup] Backup saved![m
[19:50:24] [Server thread/WARN]: net.minecraft.server.v1_8_R3.ExceptionWorldConflict: The save for world located at .\world is being accessed from another location, aborting
[19:50:24] [Server thread/WARN]: 	at net.minecraft.server.v1_8_R3.WorldNBTStorage.checkSession(WorldNBTStorage.java:72)
[19:50:24] [Server thread/WARN]: 	at net.minecraft.server.v1_8_R3.World.checkSession(World.java:2824)
[19:50:24] [Server thread/WARN]: 	at net.minecraft.server.v1_8_R3.WorldServer.a(WorldServer.java:951)
[19:50:24] [Server thread/WARN]: 	at net.minecraft.server.v1_8_R3.WorldServer.save(WorldServer.java:923)
[19:50:24] [Server thread/WARN]: 	at org.bukkit.craftbukkit.v1_8_R3.CraftWorld.save(CraftWorld.java:753)
[19:50:24] [Server thread/WARN]: 	at net.minecraft.server.v1_8_R3.MinecraftServer.A(MinecraftServer.java:679)
[19:50:24] [Server thread/WARN]: 	at net.minecraft.server.v1_8_R3.MinecraftServer.run(MinecraftServer.java:557)
[19:50:24] [Server thread/WARN]: 	at java.lang.Thread.run(Unknown Source)
[19:50:24] [Server thread/WARN]: net.minecraft.server.v1_8_R3.ExceptionWorldConflict: The save for world located at .\world_nether is being accessed from another location, aborting
[19:50:24] [Server thread/WARN]: 	at net.minecraft.server.v1_8_R3.WorldNBTStorage.checkSession(WorldNBTStorage.java:72)
[19:50:24] [Server thread/WARN]: 	at net.minecraft.server.v1_8_R3.World.checkSession(World.java:2824)
[19:50:24] [Server thread/WARN]: 	at net.minecraft.server.v1_8_R3.WorldServer.a(WorldServer.java:951)
[19:50:24] [Server thread/WARN]: 	at net.minecraft.server.v1_8_R3.WorldServer.save(WorldServer.java:923)
[19:50:24] [Server thread/WARN]: 	at org.bukkit.craftbukkit.v1_8_R3.CraftWorld.save(CraftWorld.java:753)
[19:50:24] [Server thread/WARN]: 	at net.minecraft.server.v1_8_R3.MinecraftServer.A(MinecraftServer.java:679)
[19:50:24] [Server thread/WARN]: 	at net.minecraft.server.v1_8_R3.MinecraftServer.run(MinecraftServer.java:557)
[19:50:24] [Server thread/WARN]: 	at java.lang.Thread.run(Unknown Source)
[19:50:24] [Server thread/WARN]: net.minecraft.server.v1_8_R3.ExceptionWorldConflict: The save for world located at .\world_the_end is being accessed from another location, aborting
[19:50:24] [Server thread/WARN]: 	at net.minecraft.server.v1_8_R3.WorldNBTStorage.checkSession(WorldNBTStorage.java:72)
[19:50:24] [Server thread/WARN]: 	at net.minecraft.server.v1_8_R3.World.checkSession(World.java:2824)
[19:50:24] [Server thread/WARN]: 	at net.minecraft.server.v1_8_R3.WorldServer.a(WorldServer.java:951)
[19:50:24] [Server thread/WARN]: 	at net.minecraft.server.v1_8_R3.WorldServer.save(WorldServer.java:923)
[19:50:24] [Server thread/WARN]: 	at org.bukkit.craftbukkit.v1_8_R3.CraftWorld.save(CraftWorld.java:753)
[19:50:24] [Server thread/WARN]: 	at net.minecraft.server.v1_8_R3.MinecraftServer.A(MinecraftServer.java:679)
[19:50:24] [Server thread/WARN]: 	at net.minecraft.server.v1_8_R3.MinecraftServer.run(MinecraftServer.java:557)
[19:50:24] [Server thread/WARN]: 	at java.lang.Thread.run(Unknown Source)
[19:55:25] [Server thread/WARN]: net.minecraft.server.v1_8_R3.ExceptionWorldConflict: The save for world located at .\world is being accessed from another location, aborting
[19:55:25] [Server thread/WARN]: 	at net.minecraft.server.v1_8_R3.WorldNBTStorage.checkSession(WorldNBTStorage.java:72)
[19:55:25] [Server thread/WARN]: 	at net.minecraft.server.v1_8_R3.World.checkSession(World.java:2824)
[19:55:25] [Server thread/WARN]: 	at net.minecraft.server.v1_8_R3.WorldServer.a(WorldServer.java:951)
[19:55:25] [Server thread/WARN]: 	at net.minecraft.server.v1_8_R3.WorldServer.save(WorldServer.java:923)
[19:55:25] [Server thread/WARN]: 	at org.bukkit.craftbukkit.v1_8_R3.CraftWorld.save(CraftWorld.java:753)
[19:55:25] [Server thread/WARN]: 	at net.minecraft.server.v1_8_R3.MinecraftServer.A(MinecraftServer.java:679)
[19:55:25] [Server thread/WARN]: 	at net.minecraft.server.v1_8_R3.MinecraftServer.run(MinecraftServer.java:557)
[19:55:25] [Server thread/WARN]: 	at java.lang.Thread.run(Unknown Source)
[19:55:25] [Server thread/WARN]: net.minecraft.server.v1_8_R3.ExceptionWorldConflict: The save for world located at .\world_nether is being accessed from another location, aborting
[19:55:25] [Server thread/WARN]: 	at net.minecraft.server.v1_8_R3.WorldNBTStorage.checkSession(WorldNBTStorage.java:72)
[19:55:25] [Server thread/WARN]: 	at net.minecraft.server.v1_8_R3.World.checkSession(World.java:2824)
[19:55:25] [Server thread/WARN]: 	at net.minecraft.server.v1_8_R3.WorldServer.a(WorldServer.java:951)
[19:55:25] [Server thread/WARN]: 	at net.minecraft.server.v1_8_R3.WorldServer.save(WorldServer.java:923)
[19:55:25] [Server thread/WARN]: 	at org.bukkit.craftbukkit.v1_8_R3.CraftWorld.save(CraftWorld.java:753)
[19:55:25] [Server thread/WARN]: 	at net.minecraft.server.v1_8_R3.MinecraftServer.A(MinecraftServer.java:679)
[19:55:25] [Server thread/WARN]: 	at net.minecraft.server.v1_8_R3.MinecraftServer.run(MinecraftServer.java:557)
[19:55:25] [Server thread/WARN]: 	at java.lang.Thread.run(Unknown Source)
[19:55:25] [Server thread/WARN]: net.minecraft.server.v1_8_R3.ExceptionWorldConflict: The save for world located at .\world_the_end is being accessed from another location, aborting
[19:55:25] [Server thread/WARN]: 	at net.minecraft.server.v1_8_R3.WorldNBTStorage.checkSession(WorldNBTStorage.java:72)
[19:55:25] [Server thread/WARN]: 	at net.minecraft.server.v1_8_R3.World.checkSession(World.java:2824)
[19:55:25] [Server thread/WARN]: 	at net.minecraft.server.v1_8_R3.WorldServer.a(WorldServer.java:951)
[19:55:25] [Server thread/WARN]: 	at net.minecraft.server.v1_8_R3.WorldServer.save(WorldServer.java:923)
[19:55:25] [Server thread/WARN]: 	at org.bukkit.craftbukkit.v1_8_R3.CraftWorld.save(CraftWorld.java:753)
[19:55:25] [Server thread/WARN]: 	at net.minecraft.server.v1_8_R3.MinecraftServer.A(MinecraftServer.java:679)
[19:55:25] [Server thread/WARN]: 	at net.minecraft.server.v1_8_R3.MinecraftServer.run(MinecraftServer.java:557)
[19:55:25] [Server thread/WARN]: 	at java.lang.Thread.run(Unknown Source)
