[12:26:33] [main/WARN]: Ambiguity between arguments [teleport, location] and [teleport, destination] with inputs: [0.1 -0.5 .9, 0 0 0]
[12:26:33] [main/WARN]: Ambiguity between arguments [teleport, location] and [teleport, targets] with inputs: [0.1 -0.5 .9, 0 0 0]
[12:26:33] [main/WARN]: Ambiguity between arguments [teleport, targets] and [teleport, destination] with inputs: [Player, 0123, dd12be42-52a9-4a91-a8a1-11c01849e498]
[12:26:33] [main/WARN]: Ambiguity between arguments [teleport, targets, location] and [teleport, targets, destination] with inputs: [0.1 -0.5 .9, 0 0 0]
[12:26:33] [main/INFO]: Loaded 0 recipes
[12:26:33] [Server thread/INFO]: Starting minecraft server version 1.13.1
[12:26:33] [Server thread/INFO]: Loading properties
[12:26:33] [Server thread/INFO]: Default game type: SURVIVAL
[12:26:34] [Server thread/INFO]: This server is running CraftBukkit version git-Spigot-2440e18-4228a56 (MC: 1.13.1) (Implementing API version 1.13.1-R0.1-SNAPSHOT)
[12:26:34] [Server thread/INFO]: Debug logging is disabled
[12:26:34] [Server thread/INFO]: Server Ping Player Sample Count: 12
[12:26:34] [Server thread/INFO]: Using 4 threads for Netty based IO
[12:26:34] [Server thread/INFO]: Generating keypair
[12:26:35] [Server thread/INFO]: Starting Minecraft server on *:25565
[12:26:35] [Server thread/INFO]: Using default channel type
[12:26:36] [Server thread/WARN]: **** SERVER IS RUNNING IN OFFLINE/INSECURE MODE!
[12:26:36] [Server thread/WARN]: The server will make no attempt to authenticate usernames. Beware.
[12:26:36] [Server thread/WARN]: While this makes the game possible to play without internet access, it also opens up the ability for hackers to connect with any username they choose.
[12:26:36] [Server thread/WARN]: To change this, set "online-mode" to "true" in the server.properties file.
[12:26:36] [Server thread/INFO]: **** Beginning UUID conversion, this may take A LONG time ****
[12:26:36] [Server thread/INFO]: Preparing level "world"
[12:26:36] [Server thread/INFO]: Reloading ResourceManager: Default, bukkit
[12:26:45] [Server thread/INFO]: Loaded 524 recipes
[12:26:56] [Server thread/INFO]: -------- World Settings For [world] --------
[12:26:56] [Server thread/INFO]: Experience Merge Radius: 3.0
[12:26:56] [Server thread/INFO]: View Distance: 10
[12:26:56] [Server thread/INFO]: Allow Zombie Pigmen to spawn from portal blocks: true
[12:26:56] [Server thread/INFO]: Item Despawn Rate: 6000
[12:26:56] [Server thread/INFO]: Item Merge Radius: 2.5
[12:26:56] [Server thread/INFO]: Arrow Despawn Rate: 1200
[12:26:56] [Server thread/INFO]: Nerfing mobs spawned from spawners: false
[12:26:56] [Server thread/INFO]: Zombie Aggressive Towards Villager: true
[12:26:56] [Server thread/INFO]: Hopper Transfer: 8 Hopper Check: 1 Hopper Amount: 1
[12:26:56] [Server thread/INFO]: Custom Map Seeds:  Village: 10387312 Desert: 14357617 Igloo: 14357618 Jungle: 14357619 Swamp: 14357620 Monument: 10387313Ocean: 14357621 Shipwreck: 165745295 Slime: 987234911
[12:26:56] [Server thread/INFO]: Random Lighting Updates: false
[12:26:56] [Server thread/INFO]: Mob Spawn Range: 6
[12:26:56] [Server thread/INFO]: Entity Activation Range: An 32 / Mo 32 / Mi 16 / Tiv true
[12:26:56] [Server thread/INFO]: Entity Tracking Range: Pl 48 / An 48 / Mo 48 / Mi 32 / Other 64
[12:26:56] [Server thread/INFO]: Cactus Growth Modifier: 100%
[12:26:56] [Server thread/INFO]: Cane Growth Modifier: 100%
[12:26:56] [Server thread/INFO]: Melon Growth Modifier: 100%
[12:26:56] [Server thread/INFO]: Mushroom Growth Modifier: 100%
[12:26:56] [Server thread/INFO]: Pumpkin Growth Modifier: 100%
[12:26:56] [Server thread/INFO]: Sapling Growth Modifier: 100%
[12:26:56] [Server thread/INFO]: Wheat Growth Modifier: 100%
[12:26:56] [Server thread/INFO]: NetherWart Growth Modifier: 100%
[12:26:56] [Server thread/INFO]: Vine Growth Modifier: 100%
[12:26:56] [Server thread/INFO]: Cocoa Growth Modifier: 100%
[12:26:56] [Server thread/INFO]: Max TNT Explosions: 100
[12:26:56] [Server thread/INFO]: Tile Max Tick Time: 50ms Entity max Tick Time: 50ms
[12:26:57] [Server thread/INFO]: -------- World Settings For [world_nether] --------
[12:26:57] [Server thread/INFO]: Experience Merge Radius: 3.0
[12:26:57] [Server thread/INFO]: View Distance: 10
[12:26:57] [Server thread/INFO]: Allow Zombie Pigmen to spawn from portal blocks: true
[12:26:57] [Server thread/INFO]: Item Despawn Rate: 6000
[12:26:57] [Server thread/INFO]: Item Merge Radius: 2.5
[12:26:57] [Server thread/INFO]: Arrow Despawn Rate: 1200
[12:26:57] [Server thread/INFO]: Nerfing mobs spawned from spawners: false
[12:26:57] [Server thread/INFO]: Zombie Aggressive Towards Villager: true
[12:26:57] [Server thread/INFO]: Hopper Transfer: 8 Hopper Check: 1 Hopper Amount: 1
[12:26:57] [Server thread/INFO]: Custom Map Seeds:  Village: 10387312 Desert: 14357617 Igloo: 14357618 Jungle: 14357619 Swamp: 14357620 Monument: 10387313Ocean: 14357621 Shipwreck: 165745295 Slime: 987234911
[12:26:57] [Server thread/INFO]: Random Lighting Updates: false
[12:26:57] [Server thread/INFO]: Mob Spawn Range: 6
[12:26:57] [Server thread/INFO]: Entity Activation Range: An 32 / Mo 32 / Mi 16 / Tiv true
[12:26:57] [Server thread/INFO]: Entity Tracking Range: Pl 48 / An 48 / Mo 48 / Mi 32 / Other 64
[12:26:57] [Server thread/INFO]: Cactus Growth Modifier: 100%
[12:26:57] [Server thread/INFO]: Cane Growth Modifier: 100%
[12:26:57] [Server thread/INFO]: Melon Growth Modifier: 100%
[12:26:57] [Server thread/INFO]: Mushroom Growth Modifier: 100%
[12:26:57] [Server thread/INFO]: Pumpkin Growth Modifier: 100%
[12:26:57] [Server thread/INFO]: Sapling Growth Modifier: 100%
[12:26:57] [Server thread/INFO]: Wheat Growth Modifier: 100%
[12:26:57] [Server thread/INFO]: NetherWart Growth Modifier: 100%
[12:26:57] [Server thread/INFO]: Vine Growth Modifier: 100%
[12:26:57] [Server thread/INFO]: Cocoa Growth Modifier: 100%
[12:26:57] [Server thread/INFO]: Max TNT Explosions: 100
[12:26:57] [Server thread/INFO]: Tile Max Tick Time: 50ms Entity max Tick Time: 50ms
[12:26:57] [Server thread/INFO]: -------- World Settings For [world_the_end] --------
[12:26:57] [Server thread/INFO]: Experience Merge Radius: 3.0
[12:26:57] [Server thread/INFO]: View Distance: 10
[12:26:57] [Server thread/INFO]: Allow Zombie Pigmen to spawn from portal blocks: true
[12:26:57] [Server thread/INFO]: Item Despawn Rate: 6000
[12:26:57] [Server thread/INFO]: Item Merge Radius: 2.5
[12:26:57] [Server thread/INFO]: Arrow Despawn Rate: 1200
[12:26:57] [Server thread/INFO]: Nerfing mobs spawned from spawners: false
[12:26:57] [Server thread/INFO]: Zombie Aggressive Towards Villager: true
[12:26:57] [Server thread/INFO]: Hopper Transfer: 8 Hopper Check: 1 Hopper Amount: 1
[12:26:57] [Server thread/INFO]: Custom Map Seeds:  Village: 10387312 Desert: 14357617 Igloo: 14357618 Jungle: 14357619 Swamp: 14357620 Monument: 10387313Ocean: 14357621 Shipwreck: 165745295 Slime: 987234911
[12:26:57] [Server thread/INFO]: Random Lighting Updates: false
[12:26:57] [Server thread/INFO]: Mob Spawn Range: 6
[12:26:57] [Server thread/INFO]: Entity Activation Range: An 32 / Mo 32 / Mi 16 / Tiv true
[12:26:57] [Server thread/INFO]: Entity Tracking Range: Pl 48 / An 48 / Mo 48 / Mi 32 / Other 64
[12:26:57] [Server thread/INFO]: Cactus Growth Modifier: 100%
[12:26:57] [Server thread/INFO]: Cane Growth Modifier: 100%
[12:26:57] [Server thread/INFO]: Melon Growth Modifier: 100%
[12:26:57] [Server thread/INFO]: Mushroom Growth Modifier: 100%
[12:26:57] [Server thread/INFO]: Pumpkin Growth Modifier: 100%
[12:26:57] [Server thread/INFO]: Sapling Growth Modifier: 100%
[12:26:57] [Server thread/INFO]: Wheat Growth Modifier: 100%
[12:26:57] [Server thread/INFO]: NetherWart Growth Modifier: 100%
[12:26:57] [Server thread/INFO]: Vine Growth Modifier: 100%
[12:26:57] [Server thread/INFO]: Cocoa Growth Modifier: 100%
[12:26:57] [Server thread/INFO]: Max TNT Explosions: 100
[12:26:57] [Server thread/INFO]: Tile Max Tick Time: 50ms Entity max Tick Time: 50ms
[12:26:57] [Server thread/INFO]: Preparing start region for level minecraft:overworld (Seed: 202961)
[12:26:58] [Server thread/INFO]: Preparing spawn area: 4%
[12:26:58] [Server thread/INFO]: Preparing spawn area: 8%
[12:26:58] [Server thread/INFO]: Preparing spawn area: 12%
[12:26:59] [Server thread/INFO]: Preparing spawn area: 16%
[12:26:59] [Server thread/INFO]: Preparing spawn area: 20%
[12:26:59] [Server thread/INFO]: Preparing spawn area: 24%
[12:26:59] [Server thread/INFO]: Preparing spawn area: 28%
[12:27:00] [Server thread/INFO]: Preparing spawn area: 32%
[12:27:00] [Server thread/INFO]: Preparing spawn area: 36%
[12:27:00] [Server thread/INFO]: Preparing spawn area: 40%
[12:27:00] [Server thread/INFO]: Preparing spawn area: 44%
[12:27:00] [Server thread/INFO]: Preparing spawn area: 48%
[12:27:01] [Server thread/INFO]: Preparing spawn area: 52%
[12:27:01] [Server thread/INFO]: Preparing spawn area: 56%
[12:27:01] [Server thread/INFO]: Preparing spawn area: 60%
[12:27:02] [Server thread/INFO]: Preparing spawn area: 64%
[12:27:02] [Server thread/INFO]: Preparing spawn area: 68%
[12:27:02] [Server thread/INFO]: Preparing spawn area: 72%
[12:27:02] [Server thread/INFO]: Preparing spawn area: 76%
[12:27:02] [Server thread/INFO]: Preparing spawn area: 80%
[12:27:02] [Server thread/INFO]: Preparing spawn area: 84%
[12:27:03] [Server thread/INFO]: Preparing spawn area: 88%
[12:27:04] [Server thread/INFO]: Preparing spawn area: 92%
[12:27:04] [Server thread/INFO]: Preparing spawn area: 96%
[12:27:04] [Server thread/INFO]: Preparing spawn area: 100%
[12:27:04] [Server thread/INFO]: Preparing start region for level minecraft:the_end (Seed: -3961169345096387563)
[12:27:05] [Server thread/INFO]: Preparing spawn area: 4%
[12:27:05] [Server thread/INFO]: Preparing spawn area: 8%
[12:27:05] [Server thread/INFO]: Preparing spawn area: 12%
[12:27:05] [Server thread/INFO]: Preparing spawn area: 16%
[12:27:05] [Server thread/INFO]: Preparing spawn area: 20%
[12:27:05] [Server thread/INFO]: Preparing spawn area: 24%
[12:27:05] [Server thread/INFO]: Preparing spawn area: 28%
[12:27:05] [Server thread/INFO]: Preparing spawn area: 32%
[12:27:05] [Server thread/INFO]: Preparing spawn area: 36%
[12:27:05] [Server thread/INFO]: Preparing spawn area: 40%
[12:27:05] [Server thread/INFO]: Preparing spawn area: 44%
[12:27:06] [Server thread/INFO]: Preparing spawn area: 48%
[12:27:06] [Server thread/INFO]: Preparing spawn area: 52%
[12:27:06] [Server thread/INFO]: Preparing spawn area: 56%
[12:27:06] [Server thread/INFO]: Preparing spawn area: 60%
[12:27:06] [Server thread/INFO]: Preparing spawn area: 64%
[12:27:06] [Server thread/INFO]: Preparing spawn area: 68%
[12:27:07] [Server thread/INFO]: Preparing spawn area: 72%
[12:27:07] [Server thread/INFO]: Preparing spawn area: 76%
[12:27:07] [Server thread/INFO]: Preparing spawn area: 80%
[12:27:07] [Server thread/INFO]: Preparing spawn area: 84%
[12:27:07] [Server thread/INFO]: Preparing spawn area: 88%
[12:27:07] [Server thread/INFO]: Preparing spawn area: 92%
[12:27:07] [Server thread/INFO]: Preparing spawn area: 96%
[12:27:07] [Server thread/INFO]: Preparing spawn area: 100%
[12:27:07] [Server thread/INFO]: Preparing start region for level minecraft:the_nether (Seed: -3961169345096387563)
[12:27:07] [Server thread/INFO]: Preparing spawn area: 4%
[12:27:08] [Server thread/INFO]: Preparing spawn area: 8%
[12:27:08] [Server thread/INFO]: Preparing spawn area: 12%
[12:27:08] [Server thread/INFO]: Preparing spawn area: 16%
[12:27:09] [Server thread/INFO]: Preparing spawn area: 20%
[12:27:09] [Server thread/INFO]: Preparing spawn area: 24%
[12:27:09] [Server thread/INFO]: Preparing spawn area: 28%
[12:27:10] [Server thread/INFO]: Preparing spawn area: 32%
[12:27:10] [Server thread/INFO]: Preparing spawn area: 36%
[12:27:10] [Server thread/INFO]: Preparing spawn area: 40%
[12:27:10] [Server thread/INFO]: Preparing spawn area: 44%
[12:27:10] [Server thread/INFO]: Preparing spawn area: 48%
[12:27:11] [Server thread/INFO]: Preparing spawn area: 52%
[12:27:11] [Server thread/INFO]: Preparing spawn area: 56%
[12:27:11] [Server thread/INFO]: Preparing spawn area: 60%
[12:27:11] [Server thread/INFO]: Preparing spawn area: 64%
[12:27:12] [Server thread/INFO]: Preparing spawn area: 68%
[12:27:12] [Server thread/INFO]: Preparing spawn area: 72%
[12:27:12] [Server thread/INFO]: Preparing spawn area: 76%
[12:27:12] [Server thread/INFO]: Preparing spawn area: 80%
[12:27:13] [Server thread/INFO]: Preparing spawn area: 84%
[12:27:13] [Server thread/INFO]: Preparing spawn area: 88%
[12:27:13] [Server thread/INFO]: Preparing spawn area: 92%
[12:27:13] [Server thread/INFO]: Preparing spawn area: 96%
[12:27:14] [Server thread/INFO]: Preparing spawn area: 100%
[12:27:14] [Server thread/INFO]: Time elapsed: 16452 ms
[12:27:14] [Server thread/INFO]: Server permissions file permissions.yml is empty, ignoring it
[12:27:14] [Server thread/INFO]: Done (37.847s)! For help, type "help"
[12:27:59] [User Authenticator #1/INFO]: UUID of player GoodBoiNo1 is 46ee552d-b7dc-3500-bf99-0a9f809c1a71
[12:28:08] [Server thread/INFO]: GoodBoiNo1[/10.146.65.170:54945] logged in with entity id 11 at ([world]-508.2196057376293, 196.79114808538995, -448.1822191336774)
[12:28:37] [Server thread/WARN]: GoodBoiNo1 moved too quickly! 1.1293974242687455,0.0,10.953491530438953
[12:28:57] [Server thread/WARN]: GoodBoiNo1 moved too quickly! -6.306336921223647,-11.488500466181762,17.768995526015374
[12:29:08] [User Authenticator #2/INFO]: UUID of player SirElbow420 is 6c846a0f-b552-3771-a161-b9d315ff38b7
[12:29:10] [Server thread/INFO]: SirElbow420[/10.146.65.229:53194] logged in with entity id 1893 at ([world]1510.5, 81.0, -397.5)
[12:29:10] [Server thread/WARN]: GoodBoiNo1 moved too quickly! 2.3225258840267884,0.0,31.339733725098682
[12:29:12] [Server thread/WARN]: GoodBoiNo1 moved too quickly! -0.18313772672360074,0.0,23.043417650845328
[12:29:31] [Server thread/WARN]: GoodBoiNo1 moved too quickly! 53.44114482771886,-6.1442097195228484,27.75665042378221
[12:29:34] [Server thread/WARN]: GoodBoiNo1 moved too quickly! 23.130840636405367,16.12976117741718,4.633461439891732
[12:29:36] [Server thread/WARN]: GoodBoiNo1 moved too quickly! 42.837737561253135,1.7159071995353372,6.421551358935957
[12:29:42] [Server thread/WARN]: GoodBoiNo1 moved too quickly! 13.299546114420167,-5.15145016269696,16.878488660093794
[12:29:47] [Server thread/WARN]: GoodBoiNo1 moved too quickly! 49.213163828626065,7.184868481432233,-8.284421804977967
[12:29:50] [Server thread/WARN]: GoodBoiNo1 moved too quickly! 46.043900213728165,1.096495452747007,-14.08249441591559
[12:29:51] [Server thread/WARN]: GoodBoiNo1 moved too quickly! 33.01192437838839,-2.083634506562049,-10.069382220820472
[12:29:52] [Server thread/INFO]: GoodBoiNo1 lost connection: Disconnected
[12:29:52] [Server thread/INFO]: GoodBoiNo1 left the game
[12:30:30] [Server thread/INFO]: SirElbow420 drowned
[12:30:39] [Server thread/INFO]: SirElbow420 lost connection: Disconnected
[12:30:39] [Server thread/INFO]: SirElbow420 left the game
